[ 2017-07-26T06:51:38+08:00 ] 127.0.0.1 /
INFO: [ app_init ] --START--
INFO: Run Behavior\BuildLiteBehavior [ RunTime:0.000026s ]
INFO: [ app_init ] --END-- [ RunTime:0.000930s ]

[ 2017-07-26T06:54:15+08:00 ] 127.0.0.1 /index.php/Home/Seckill/SeckillList.html
INFO: [ app_init ] --START--
INFO: Run Behavior\BuildLiteBehavior [ RunTime:0.000015s ]
INFO: [ app_init ] --END-- [ RunTime:0.000399s ]

[ 2017-07-26T06:54:18+08:00 ] 127.0.0.1 /index.php/Home/Seckill/seckillGoods
INFO: [ app_init ] --START--
INFO: Run Behavior\BuildLiteBehavior [ RunTime:0.000016s ]
INFO: [ app_init ] --END-- [ RunTime:0.000350s ]
INFO: [ app_begin ] --START--
INFO: Run Behavior\ReadHtmlCacheBehavior [ RunTime:0.000397s ]
INFO: [ app_begin ] --END-- [ RunTime:0.000458s ]

[ 2017-07-26T06:54:21+08:00 ] 127.0.0.1 /index.php/Home/User/login
INFO: [ app_init ] --START--
INFO: Run Behavior\BuildLiteBehavior [ RunTime:0.000013s ]
INFO: [ app_init ] --END-- [ RunTime:0.000296s ]

[ 2017-07-26T06:54:28+08:00 ] 127.0.0.1 /index.php/Home/User/login
INFO: [ app_init ] --START--
INFO: Run Behavior\BuildLiteBehavior [ RunTime:0.000012s ]
INFO: [ app_init ] --END-- [ RunTime:0.000296s ]

[ 2017-07-26T06:54:29+08:00 ] 127.0.0.1 /index.php/Home/Seckill/seckillList.html
INFO: [ app_init ] --START--
INFO: Run Behavior\BuildLiteBehavior [ RunTime:0.000014s ]
INFO: [ app_init ] --END-- [ RunTime:0.000310s ]

[ 2017-07-26T06:54:32+08:00 ] 127.0.0.1 /index.php/Home/Seckill/seckillGoods
INFO: [ app_init ] --START--
INFO: Run Behavior\BuildLiteBehavior [ RunTime:0.000016s ]
INFO: [ app_init ] --END-- [ RunTime:0.000363s ]
INFO: [ app_begin ] --START--
INFO: Run Behavior\ReadHtmlCacheBehavior [ RunTime:0.000437s ]
INFO: [ app_begin ] --END-- [ RunTime:0.000500s ]
SQL: SHOW COLUMNS FROM `sp_seckill_goods` [ RunTime:0.0097s ]
SQL: SELECT * FROM `sp_seckill_goods` WHERE `goods_id` = 59 AND `flag` = 0 LIMIT 1   [ RunTime:0.0003s ]

[ 2017-07-26T07:14:40+08:00 ] 127.0.0.1 /index.php/Home/Seckill/seckillGoods
INFO: [ app_init ] --START--
INFO: Run Behavior\BuildLiteBehavior [ RunTime:0.000039s ]
INFO: [ app_init ] --END-- [ RunTime:0.000666s ]
INFO: [ app_begin ] --START--
INFO: Run Behavior\ReadHtmlCacheBehavior [ RunTime:0.000621s ]
INFO: [ app_begin ] --END-- [ RunTime:0.000681s ]
SQL: SHOW COLUMNS FROM `sp_seckill_goods` [ RunTime:0.0089s ]
SQL: SELECT * FROM `sp_seckill_goods` WHERE `goods_id` = 59 AND `flag` = 0 LIMIT 1   [ RunTime:0.0003s ]
NOTIC: [8] Use of undefined constant userId - assumed 'userId' D:\web\tpshop\App\Home\Controller\SeckillController.class.php 第 45 行.
SQL: SHOW COLUMNS FROM `sp_goods` [ RunTime:0.0044s ]
SQL: SELECT `goods_price`,`goods_members_price` FROM `sp_goods` WHERE `goods_id` = 59 LIMIT 1   [ RunTime:0.0003s ]
SQL: SHOW COLUMNS FROM `sp_user` [ RunTime:0.0046s ]
SQL: SELECT `jifen` FROM `sp_user` WHERE `user_id` = 224 LIMIT 1   [ RunTime:0.0004s ]
SQL: SHOW COLUMNS FROM `sp_member_level` [ RunTime:0.0040s ]
SQL: SELECT `id`,`level_rate` FROM `sp_member_level` WHERE `jifen_bottom` <= '130590' AND `jifen_top` >= '130590' LIMIT 1   [ RunTime:0.0003s ]
SQL: SHOW COLUMNS FROM `sp_member_price` [ RunTime:0.0040s ]
SQL: SELECT `price` FROM `sp_member_price` WHERE `goods_id` = '59' AND `level_id` = '12' LIMIT 1   [ RunTime:0.0004s ]

[ 2017-07-26T07:14:42+08:00 ] 127.0.0.1 /index.php/Home/Seckill/seckillGoods
INFO: [ app_init ] --START--
INFO: Run Behavior\BuildLiteBehavior [ RunTime:0.000016s ]
INFO: [ app_init ] --END-- [ RunTime:0.000358s ]
INFO: [ app_begin ] --START--
INFO: Run Behavior\ReadHtmlCacheBehavior [ RunTime:0.000442s ]
INFO: [ app_begin ] --END-- [ RunTime:0.000503s ]
SQL: SHOW COLUMNS FROM `sp_seckill_goods` [ RunTime:0.0126s ]
SQL: SELECT * FROM `sp_seckill_goods` WHERE `goods_id` = 59 AND `flag` = 0 LIMIT 1   [ RunTime:0.0007s ]
NOTIC: [8] Use of undefined constant userId - assumed 'userId' D:\web\tpshop\App\Home\Controller\SeckillController.class.php 第 45 行.
SQL: SHOW COLUMNS FROM `sp_goods` [ RunTime:0.0109s ]
SQL: SELECT `goods_price`,`goods_members_price` FROM `sp_goods` WHERE `goods_id` = 59 LIMIT 1   [ RunTime:0.0004s ]
SQL: SHOW COLUMNS FROM `sp_user` [ RunTime:0.0073s ]
SQL: SELECT `jifen` FROM `sp_user` WHERE `user_id` = 224 LIMIT 1   [ RunTime:0.0003s ]
SQL: SHOW COLUMNS FROM `sp_member_level` [ RunTime:0.0052s ]
SQL: SELECT `id`,`level_rate` FROM `sp_member_level` WHERE `jifen_bottom` <= '130590' AND `jifen_top` >= '130590' LIMIT 1   [ RunTime:0.0003s ]
SQL: SHOW COLUMNS FROM `sp_member_price` [ RunTime:0.0042s ]
SQL: SELECT `price` FROM `sp_member_price` WHERE `goods_id` = '59' AND `level_id` = '12' LIMIT 1   [ RunTime:0.0003s ]

[ 2017-07-26T07:14:44+08:00 ] 127.0.0.1 /index.php/Home/Seckill/seckillGoods
INFO: [ app_init ] --START--
INFO: Run Behavior\BuildLiteBehavior [ RunTime:0.000012s ]
INFO: [ app_init ] --END-- [ RunTime:0.000294s ]
INFO: [ app_begin ] --START--
INFO: Run Behavior\ReadHtmlCacheBehavior [ RunTime:0.000322s ]
INFO: [ app_begin ] --END-- [ RunTime:0.000370s ]
SQL: SHOW COLUMNS FROM `sp_seckill_goods` [ RunTime:0.0066s ]
SQL: SELECT * FROM `sp_seckill_goods` WHERE `goods_id` = 59 AND `flag` = 0 LIMIT 1   [ RunTime:0.0004s ]
NOTIC: [8] Use of undefined constant userId - assumed 'userId' D:\web\tpshop\App\Home\Controller\SeckillController.class.php 第 45 行.
SQL: SHOW COLUMNS FROM `sp_goods` [ RunTime:0.0063s ]
SQL: SELECT `goods_price`,`goods_members_price` FROM `sp_goods` WHERE `goods_id` = 59 LIMIT 1   [ RunTime:0.0003s ]
SQL: SHOW COLUMNS FROM `sp_user` [ RunTime:0.0057s ]
SQL: SELECT `jifen` FROM `sp_user` WHERE `user_id` = 224 LIMIT 1   [ RunTime:0.0002s ]
SQL: SHOW COLUMNS FROM `sp_member_level` [ RunTime:0.0047s ]
SQL: SELECT `id`,`level_rate` FROM `sp_member_level` WHERE `jifen_bottom` <= '130590' AND `jifen_top` >= '130590' LIMIT 1   [ RunTime:0.0003s ]
SQL: SHOW COLUMNS FROM `sp_member_price` [ RunTime:0.0038s ]
SQL: SELECT `price` FROM `sp_member_price` WHERE `goods_id` = '59' AND `level_id` = '12' LIMIT 1   [ RunTime:0.0003s ]

[ 2017-07-26T07:14:45+08:00 ] 127.0.0.1 /index.php/Home/Seckill/seckillGoods
INFO: [ app_init ] --START--
INFO: Run Behavior\BuildLiteBehavior [ RunTime:0.000015s ]
INFO: [ app_init ] --END-- [ RunTime:0.000319s ]
INFO: [ app_begin ] --START--
INFO: Run Behavior\ReadHtmlCacheBehavior [ RunTime:0.000332s ]
INFO: [ app_begin ] --END-- [ RunTime:0.000380s ]
SQL: SHOW COLUMNS FROM `sp_seckill_goods` [ RunTime:0.0078s ]
SQL: SELECT * FROM `sp_seckill_goods` WHERE `goods_id` = 59 AND `flag` = 0 LIMIT 1   [ RunTime:0.0003s ]
NOTIC: [8] Use of undefined constant userId - assumed 'userId' D:\web\tpshop\App\Home\Controller\SeckillController.class.php 第 45 行.
SQL: SHOW COLUMNS FROM `sp_goods` [ RunTime:0.0041s ]
SQL: SELECT `goods_price`,`goods_members_price` FROM `sp_goods` WHERE `goods_id` = 59 LIMIT 1   [ RunTime:0.0003s ]
SQL: SHOW COLUMNS FROM `sp_user` [ RunTime:0.0040s ]
SQL: SELECT `jifen` FROM `sp_user` WHERE `user_id` = 224 LIMIT 1   [ RunTime:0.0003s ]
SQL: SHOW COLUMNS FROM `sp_member_level` [ RunTime:0.0040s ]
SQL: SELECT `id`,`level_rate` FROM `sp_member_level` WHERE `jifen_bottom` <= '130590' AND `jifen_top` >= '130590' LIMIT 1   [ RunTime:0.0003s ]
SQL: SHOW COLUMNS FROM `sp_member_price` [ RunTime:0.0039s ]
SQL: SELECT `price` FROM `sp_member_price` WHERE `goods_id` = '59' AND `level_id` = '12' LIMIT 1   [ RunTime:0.0002s ]

[ 2017-07-26T07:14:47+08:00 ] 127.0.0.1 /index.php/Home/Seckill/seckillGoods
INFO: [ app_init ] --START--
INFO: Run Behavior\BuildLiteBehavior [ RunTime:0.000015s ]
INFO: [ app_init ] --END-- [ RunTime:0.000347s ]
INFO: [ app_begin ] --START--
INFO: Run Behavior\ReadHtmlCacheBehavior [ RunTime:0.000423s ]
INFO: [ app_begin ] --END-- [ RunTime:0.000485s ]
SQL: SHOW COLUMNS FROM `sp_seckill_goods` [ RunTime:0.0135s ]
SQL: SELECT * FROM `sp_seckill_goods` WHERE `goods_id` = 59 AND `flag` = 0 LIMIT 1   [ RunTime:0.0007s ]
NOTIC: [8] Use of undefined constant userId - assumed 'userId' D:\web\tpshop\App\Home\Controller\SeckillController.class.php 第 45 行.
SQL: SHOW COLUMNS FROM `sp_goods` [ RunTime:0.0078s ]
SQL: SELECT `goods_price`,`goods_members_price` FROM `sp_goods` WHERE `goods_id` = 59 LIMIT 1   [ RunTime:0.0004s ]
SQL: SHOW COLUMNS FROM `sp_user` [ RunTime:0.0057s ]
SQL: SELECT `jifen` FROM `sp_user` WHERE `user_id` = 224 LIMIT 1   [ RunTime:0.0003s ]
SQL: SHOW COLUMNS FROM `sp_member_level` [ RunTime:0.0046s ]
SQL: SELECT `id`,`level_rate` FROM `sp_member_level` WHERE `jifen_bottom` <= '130590' AND `jifen_top` >= '130590' LIMIT 1   [ RunTime:0.0002s ]
SQL: SHOW COLUMNS FROM `sp_member_price` [ RunTime:0.0039s ]
SQL: SELECT `price` FROM `sp_member_price` WHERE `goods_id` = '59' AND `level_id` = '12' LIMIT 1   [ RunTime:0.0003s ]

[ 2017-07-26T07:15:18+08:00 ] 127.0.0.1 /index.php/Home/Seckill/seckillGoods
INFO: [ app_init ] --START--
INFO: Run Behavior\BuildLiteBehavior [ RunTime:0.000016s ]
INFO: [ app_init ] --END-- [ RunTime:0.000363s ]
INFO: [ app_begin ] --START--
INFO: Run Behavior\ReadHtmlCacheBehavior [ RunTime:0.000393s ]
INFO: [ app_begin ] --END-- [ RunTime:0.000451s ]
SQL: SHOW COLUMNS FROM `sp_seckill_goods` [ RunTime:0.0139s ]
SQL: SELECT * FROM `sp_seckill_goods` WHERE `goods_id` = 59 AND `flag` = 0 LIMIT 1   [ RunTime:0.0007s ]
NOTIC: [8] Use of undefined constant userId - assumed 'userId' D:\web\tpshop\App\Home\Controller\SeckillController.class.php 第 45 行.
SQL: SHOW COLUMNS FROM `sp_goods` [ RunTime:0.0084s ]
SQL: SELECT `goods_price`,`goods_members_price` FROM `sp_goods` WHERE `goods_id` = 59 LIMIT 1   [ RunTime:0.0004s ]
SQL: SHOW COLUMNS FROM `sp_user` [ RunTime:0.0059s ]
SQL: SELECT `jifen` FROM `sp_user` WHERE `user_id` = 224 LIMIT 1   [ RunTime:0.0003s ]
SQL: SHOW COLUMNS FROM `sp_member_level` [ RunTime:0.0047s ]
SQL: SELECT `id`,`level_rate` FROM `sp_member_level` WHERE `jifen_bottom` <= '130590' AND `jifen_top` >= '130590' LIMIT 1   [ RunTime:0.0003s ]
SQL: SHOW COLUMNS FROM `sp_member_price` [ RunTime:0.0040s ]
SQL: SELECT `price` FROM `sp_member_price` WHERE `goods_id` = '59' AND `level_id` = '12' LIMIT 1   [ RunTime:0.0003s ]
SQL: UPDATE `sp_seckill_goods` SET `flag`='1' WHERE `id` = 1 [ RunTime:0.0042s ]

[ 2017-07-26T07:15:19+08:00 ] 127.0.0.1 /index.php/Home/Seckill/seckillGoods
INFO: [ app_init ] --START--
INFO: Run Behavior\BuildLiteBehavior [ RunTime:0.000015s ]
INFO: [ app_init ] --END-- [ RunTime:0.000349s ]
INFO: [ app_begin ] --START--
INFO: Run Behavior\ReadHtmlCacheBehavior [ RunTime:0.000399s ]
INFO: [ app_begin ] --END-- [ RunTime:0.000458s ]
SQL: SHOW COLUMNS FROM `sp_seckill_goods` [ RunTime:0.0044s ]
SQL: SELECT * FROM `sp_seckill_goods` WHERE `goods_id` = 59 AND `flag` = 0 LIMIT 1   [ RunTime:0.0003s ]

[ 2017-07-26T07:15:20+08:00 ] 127.0.0.1 /index.php/Home/Seckill/seckillGoods
INFO: [ app_init ] --START--
INFO: Run Behavior\BuildLiteBehavior [ RunTime:0.000022s ]
INFO: [ app_init ] --END-- [ RunTime:0.000510s ]
INFO: [ app_begin ] --START--
INFO: Run Behavior\ReadHtmlCacheBehavior [ RunTime:0.000610s ]
INFO: [ app_begin ] --END-- [ RunTime:0.000699s ]
SQL: SHOW COLUMNS FROM `sp_seckill_goods` [ RunTime:0.0114s ]
SQL: SELECT * FROM `sp_seckill_goods` WHERE `goods_id` = 59 AND `flag` = 0 LIMIT 1   [ RunTime:0.0007s ]

[ 2017-07-26T07:15:21+08:00 ] 127.0.0.1 /index.php/Home/Seckill/seckillGoods
INFO: [ app_init ] --START--
INFO: Run Behavior\BuildLiteBehavior [ RunTime:0.000024s ]
INFO: [ app_init ] --END-- [ RunTime:0.000886s ]
INFO: [ app_begin ] --START--
INFO: Run Behavior\ReadHtmlCacheBehavior [ RunTime:0.000796s ]
INFO: [ app_begin ] --END-- [ RunTime:0.000917s ]
SQL: SHOW COLUMNS FROM `sp_seckill_goods` [ RunTime:0.0041s ]
SQL: SELECT * FROM `sp_seckill_goods` WHERE `goods_id` = 59 AND `flag` = 0 LIMIT 1   [ RunTime:0.0003s ]

[ 2017-07-26T07:15:22+08:00 ] 127.0.0.1 /index.php/Home/Seckill/seckillGoods
INFO: [ app_init ] --START--
INFO: Run Behavior\BuildLiteBehavior [ RunTime:0.000013s ]
INFO: [ app_init ] --END-- [ RunTime:0.000291s ]
INFO: [ app_begin ] --START--
INFO: Run Behavior\ReadHtmlCacheBehavior [ RunTime:0.000383s ]
INFO: [ app_begin ] --END-- [ RunTime:0.000443s ]
SQL: SHOW COLUMNS FROM `sp_seckill_goods` [ RunTime:0.0176s ]
SQL: SELECT * FROM `sp_seckill_goods` WHERE `goods_id` = 59 AND `flag` = 0 LIMIT 1   [ RunTime:0.0006s ]

[ 2017-07-26T07:15:23+08:00 ] 127.0.0.1 /index.php/Home/Seckill/seckillGoods
INFO: [ app_init ] --START--
INFO: Run Behavior\BuildLiteBehavior [ RunTime:0.000017s ]
INFO: [ app_init ] --END-- [ RunTime:0.000446s ]
INFO: [ app_begin ] --START--
INFO: Run Behavior\ReadHtmlCacheBehavior [ RunTime:0.000571s ]
INFO: [ app_begin ] --END-- [ RunTime:0.000662s ]
SQL: SHOW COLUMNS FROM `sp_seckill_goods` [ RunTime:0.0045s ]
SQL: SELECT * FROM `sp_seckill_goods` WHERE `goods_id` = 59 AND `flag` = 0 LIMIT 1   [ RunTime:0.0003s ]

[ 2017-07-26T07:15:23+08:00 ] 127.0.0.1 /index.php/Home/Seckill/seckillGoods
INFO: [ app_init ] --START--
INFO: Run Behavior\BuildLiteBehavior [ RunTime:0.000017s ]
INFO: [ app_init ] --END-- [ RunTime:0.000513s ]
INFO: [ app_begin ] --START--
INFO: Run Behavior\ReadHtmlCacheBehavior [ RunTime:0.000385s ]
INFO: [ app_begin ] --END-- [ RunTime:0.000443s ]
ERR: syntax error, unexpected 'public' (T_PUBLIC), expecting end of file

[ 2017-07-26T07:15:23+08:00 ] 127.0.0.1 /index.php/Home/Seckill/seckillGoods
INFO: [ app_init ] --START--
INFO: Run Behavior\BuildLiteBehavior [ RunTime:0.000013s ]
INFO: [ app_init ] --END-- [ RunTime:0.000290s ]
INFO: [ app_begin ] --START--
INFO: Run Behavior\ReadHtmlCacheBehavior [ RunTime:0.000467s ]
INFO: [ app_begin ] --END-- [ RunTime:0.000553s ]
ERR: syntax error, unexpected 'public' (T_PUBLIC), expecting end of file

[ 2017-07-26T07:15:23+08:00 ] 127.0.0.1 /index.php/Home/Seckill/seckillGoods
INFO: [ app_init ] --START--
INFO: Run Behavior\BuildLiteBehavior [ RunTime:0.000013s ]
INFO: [ app_init ] --END-- [ RunTime:0.000292s ]
INFO: [ app_begin ] --START--
INFO: Run Behavior\ReadHtmlCacheBehavior [ RunTime:0.000322s ]
INFO: [ app_begin ] --END-- [ RunTime:0.000369s ]
ERR: syntax error, unexpected 'public' (T_PUBLIC), expecting end of file

[ 2017-07-26T07:16:13+08:00 ] 127.0.0.1 /index.php/Home/Seckill/seckillGoods
INFO: [ app_init ] --START--
INFO: Run Behavior\BuildLiteBehavior [ RunTime:0.000017s ]
INFO: [ app_init ] --END-- [ RunTime:0.000376s ]
INFO: [ app_begin ] --START--
INFO: Run Behavior\ReadHtmlCacheBehavior [ RunTime:0.000372s ]
INFO: [ app_begin ] --END-- [ RunTime:0.000428s ]
ERR: syntax error, unexpected 'public' (T_PUBLIC), expecting end of file

[ 2017-07-26T07:16:17+08:00 ] 127.0.0.1 /index.php/Home/Seckill/seckillList.html
INFO: [ app_init ] --START--
INFO: Run Behavior\BuildLiteBehavior [ RunTime:0.000015s ]
INFO: [ app_init ] --END-- [ RunTime:0.000420s ]
ERR: syntax error, unexpected 'public' (T_PUBLIC), expecting end of file

[ 2017-07-26T07:17:16+08:00 ] 127.0.0.1 /index.php/Home/Seckill/seckillList.html
INFO: [ app_init ] --START--
INFO: Run Behavior\BuildLiteBehavior [ RunTime:0.000013s ]
INFO: [ app_init ] --END-- [ RunTime:0.000352s ]

[ 2017-07-26T07:17:19+08:00 ] 127.0.0.1 /index.php/Home/Seckill/seckillGoods
INFO: [ app_init ] --START--
INFO: Run Behavior\BuildLiteBehavior [ RunTime:0.000016s ]
INFO: [ app_init ] --END-- [ RunTime:0.000382s ]
INFO: [ app_begin ] --START--
INFO: Run Behavior\ReadHtmlCacheBehavior [ RunTime:0.000351s ]
INFO: [ app_begin ] --END-- [ RunTime:0.000401s ]
SQL: SHOW COLUMNS FROM `sp_seckill_goods` [ RunTime:0.0074s ]
SQL: SELECT * FROM `sp_seckill_goods` WHERE `goods_id` = 59 AND `flag` = 0 LIMIT 1   [ RunTime:0.0005s ]
NOTIC: [8] Use of undefined constant userId - assumed 'userId' D:\web\tpshop\App\Home\Controller\SeckillController.class.php 第 45 行.
SQL: SHOW COLUMNS FROM `sp_goods` [ RunTime:0.0078s ]
SQL: SELECT `goods_price`,`goods_members_price` FROM `sp_goods` WHERE `goods_id` = 59 LIMIT 1   [ RunTime:0.0004s ]
SQL: SHOW COLUMNS FROM `sp_user` [ RunTime:0.0070s ]
SQL: SELECT `jifen` FROM `sp_user` WHERE `user_id` = 224 LIMIT 1   [ RunTime:0.0003s ]
SQL: SHOW COLUMNS FROM `sp_member_level` [ RunTime:0.0053s ]
SQL: SELECT `id`,`level_rate` FROM `sp_member_level` WHERE `jifen_bottom` <= '130590' AND `jifen_top` >= '130590' LIMIT 1   [ RunTime:0.0003s ]
SQL: SHOW COLUMNS FROM `sp_member_price` [ RunTime:0.0041s ]
SQL: SELECT `price` FROM `sp_member_price` WHERE `goods_id` = '59' AND `level_id` = '12' LIMIT 1   [ RunTime:0.0003s ]

[ 2017-07-26T07:17:21+08:00 ] 127.0.0.1 /index.php/Home/Seckill/seckillGoods
INFO: [ app_init ] --START--
INFO: Run Behavior\BuildLiteBehavior [ RunTime:0.000015s ]
INFO: [ app_init ] --END-- [ RunTime:0.000346s ]
INFO: [ app_begin ] --START--
INFO: Run Behavior\ReadHtmlCacheBehavior [ RunTime:0.000388s ]
INFO: [ app_begin ] --END-- [ RunTime:0.000448s ]
SQL: SHOW COLUMNS FROM `sp_seckill_goods` [ RunTime:0.0069s ]
SQL: SELECT * FROM `sp_seckill_goods` WHERE `goods_id` = 59 AND `flag` = 0 LIMIT 1   [ RunTime:0.0003s ]
NOTIC: [8] Use of undefined constant userId - assumed 'userId' D:\web\tpshop\App\Home\Controller\SeckillController.class.php 第 45 行.
SQL: SHOW COLUMNS FROM `sp_goods` [ RunTime:0.0040s ]
SQL: SELECT `goods_price`,`goods_members_price` FROM `sp_goods` WHERE `goods_id` = 59 LIMIT 1   [ RunTime:0.0002s ]
SQL: SHOW COLUMNS FROM `sp_user` [ RunTime:0.0040s ]
SQL: SELECT `jifen` FROM `sp_user` WHERE `user_id` = 224 LIMIT 1   [ RunTime:0.0002s ]
SQL: SHOW COLUMNS FROM `sp_member_level` [ RunTime:0.0040s ]
SQL: SELECT `id`,`level_rate` FROM `sp_member_level` WHERE `jifen_bottom` <= '130590' AND `jifen_top` >= '130590' LIMIT 1   [ RunTime:0.0002s ]
SQL: SHOW COLUMNS FROM `sp_member_price` [ RunTime:0.0038s ]
SQL: SELECT `price` FROM `sp_member_price` WHERE `goods_id` = '59' AND `level_id` = '12' LIMIT 1   [ RunTime:0.0002s ]

[ 2017-07-26T07:17:23+08:00 ] 127.0.0.1 /index.php/Home/Seckill/seckillGoods
INFO: [ app_init ] --START--
INFO: Run Behavior\BuildLiteBehavior [ RunTime:0.000015s ]
INFO: [ app_init ] --END-- [ RunTime:0.000354s ]
INFO: [ app_begin ] --START--
INFO: Run Behavior\ReadHtmlCacheBehavior [ RunTime:0.000407s ]
INFO: [ app_begin ] --END-- [ RunTime:0.000465s ]
SQL: SHOW COLUMNS FROM `sp_seckill_goods` [ RunTime:0.0125s ]
SQL: SELECT * FROM `sp_seckill_goods` WHERE `goods_id` = 59 AND `flag` = 0 LIMIT 1   [ RunTime:0.0007s ]
NOTIC: [8] Use of undefined constant userId - assumed 'userId' D:\web\tpshop\App\Home\Controller\SeckillController.class.php 第 45 行.
SQL: SHOW COLUMNS FROM `sp_goods` [ RunTime:0.0114s ]
SQL: SELECT `goods_price`,`goods_members_price` FROM `sp_goods` WHERE `goods_id` = 59 LIMIT 1   [ RunTime:0.0005s ]
SQL: SHOW COLUMNS FROM `sp_user` [ RunTime:0.0073s ]
SQL: SELECT `jifen` FROM `sp_user` WHERE `user_id` = 224 LIMIT 1   [ RunTime:0.0003s ]
SQL: SHOW COLUMNS FROM `sp_member_level` [ RunTime:0.0055s ]
SQL: SELECT `id`,`level_rate` FROM `sp_member_level` WHERE `jifen_bottom` <= '130590' AND `jifen_top` >= '130590' LIMIT 1   [ RunTime:0.0003s ]
SQL: SHOW COLUMNS FROM `sp_member_price` [ RunTime:0.0044s ]
SQL: SELECT `price` FROM `sp_member_price` WHERE `goods_id` = '59' AND `level_id` = '12' LIMIT 1   [ RunTime:0.0003s ]

[ 2017-07-26T07:17:25+08:00 ] 127.0.0.1 /index.php/Home/Seckill/seckillGoods
INFO: [ app_init ] --START--
INFO: Run Behavior\BuildLiteBehavior [ RunTime:0.000014s ]
INFO: [ app_init ] --END-- [ RunTime:0.000292s ]
INFO: [ app_begin ] --START--
INFO: Run Behavior\ReadHtmlCacheBehavior [ RunTime:0.000320s ]
INFO: [ app_begin ] --END-- [ RunTime:0.000367s ]
SQL: SHOW COLUMNS FROM `sp_seckill_goods` [ RunTime:0.0107s ]
SQL: SELECT * FROM `sp_seckill_goods` WHERE `goods_id` = 59 AND `flag` = 0 LIMIT 1   [ RunTime:0.0006s ]
NOTIC: [8] Use of undefined constant userId - assumed 'userId' D:\web\tpshop\App\Home\Controller\SeckillController.class.php 第 45 行.
SQL: SHOW COLUMNS FROM `sp_goods` [ RunTime:0.0116s ]
SQL: SELECT `goods_price`,`goods_members_price` FROM `sp_goods` WHERE `goods_id` = 59 LIMIT 1   [ RunTime:0.0004s ]
SQL: SHOW COLUMNS FROM `sp_user` [ RunTime:0.0067s ]
SQL: SELECT `jifen` FROM `sp_user` WHERE `user_id` = 224 LIMIT 1   [ RunTime:0.0003s ]
SQL: SHOW COLUMNS FROM `sp_member_level` [ RunTime:0.0052s ]
SQL: SELECT `id`,`level_rate` FROM `sp_member_level` WHERE `jifen_bottom` <= '130590' AND `jifen_top` >= '130590' LIMIT 1   [ RunTime:0.0003s ]
SQL: SHOW COLUMNS FROM `sp_member_price` [ RunTime:0.0041s ]
SQL: SELECT `price` FROM `sp_member_price` WHERE `goods_id` = '59' AND `level_id` = '12' LIMIT 1   [ RunTime:0.0003s ]

[ 2017-07-26T07:17:26+08:00 ] 127.0.0.1 /index.php/Home/Seckill/seckillGoods
INFO: [ app_init ] --START--
INFO: Run Behavior\BuildLiteBehavior [ RunTime:0.000013s ]
INFO: [ app_init ] --END-- [ RunTime:0.000285s ]
INFO: [ app_begin ] --START--
INFO: Run Behavior\ReadHtmlCacheBehavior [ RunTime:0.000316s ]
INFO: [ app_begin ] --END-- [ RunTime:0.000365s ]
SQL: SHOW COLUMNS FROM `sp_seckill_goods` [ RunTime:0.0124s ]
SQL: SELECT * FROM `sp_seckill_goods` WHERE `goods_id` = 59 AND `flag` = 0 LIMIT 1   [ RunTime:0.0006s ]
NOTIC: [8] Use of undefined constant userId - assumed 'userId' D:\web\tpshop\App\Home\Controller\SeckillController.class.php 第 45 行.
SQL: SHOW COLUMNS FROM `sp_goods` [ RunTime:0.0070s ]
SQL: SELECT `goods_price`,`goods_members_price` FROM `sp_goods` WHERE `goods_id` = 59 LIMIT 1   [ RunTime:0.0002s ]
SQL: SHOW COLUMNS FROM `sp_user` [ RunTime:0.0041s ]
SQL: SELECT `jifen` FROM `sp_user` WHERE `user_id` = 224 LIMIT 1   [ RunTime:0.0002s ]
SQL: SHOW COLUMNS FROM `sp_member_level` [ RunTime:0.0041s ]
SQL: SELECT `id`,`level_rate` FROM `sp_member_level` WHERE `jifen_bottom` <= '130590' AND `jifen_top` >= '130590' LIMIT 1   [ RunTime:0.0002s ]
SQL: SHOW COLUMNS FROM `sp_member_price` [ RunTime:0.0038s ]
SQL: SELECT `price` FROM `sp_member_price` WHERE `goods_id` = '59' AND `level_id` = '12' LIMIT 1   [ RunTime:0.0003s ]

[ 2017-07-26T07:17:28+08:00 ] 127.0.0.1 /index.php/Home/Seckill/seckillGoods
INFO: [ app_init ] --START--
INFO: Run Behavior\BuildLiteBehavior [ RunTime:0.000013s ]
INFO: [ app_init ] --END-- [ RunTime:0.000305s ]
INFO: [ app_begin ] --START--
INFO: Run Behavior\ReadHtmlCacheBehavior [ RunTime:0.000341s ]
INFO: [ app_begin ] --END-- [ RunTime:0.000392s ]
SQL: SHOW COLUMNS FROM `sp_seckill_goods` [ RunTime:0.0120s ]
SQL: SELECT * FROM `sp_seckill_goods` WHERE `goods_id` = 59 AND `flag` = 0 LIMIT 1   [ RunTime:0.0008s ]
NOTIC: [8] Use of undefined constant userId - assumed 'userId' D:\web\tpshop\App\Home\Controller\SeckillController.class.php 第 45 行.
SQL: SHOW COLUMNS FROM `sp_goods` [ RunTime:0.0094s ]
SQL: SELECT `goods_price`,`goods_members_price` FROM `sp_goods` WHERE `goods_id` = 59 LIMIT 1   [ RunTime:0.0003s ]
SQL: SHOW COLUMNS FROM `sp_user` [ RunTime:0.0058s ]
SQL: SELECT `jifen` FROM `sp_user` WHERE `user_id` = 224 LIMIT 1   [ RunTime:0.0003s ]
SQL: SHOW COLUMNS FROM `sp_member_level` [ RunTime:0.0047s ]
SQL: SELECT `id`,`level_rate` FROM `sp_member_level` WHERE `jifen_bottom` <= '130590' AND `jifen_top` >= '130590' LIMIT 1   [ RunTime:0.0003s ]
SQL: SHOW COLUMNS FROM `sp_member_price` [ RunTime:0.0039s ]
SQL: SELECT `price` FROM `sp_member_price` WHERE `goods_id` = '59' AND `level_id` = '12' LIMIT 1   [ RunTime:0.0002s ]

[ 2017-07-26T07:17:30+08:00 ] 127.0.0.1 /index.php/Home/Seckill/seckillGoods
INFO: [ app_init ] --START--
INFO: Run Behavior\BuildLiteBehavior [ RunTime:0.000016s ]
INFO: [ app_init ] --END-- [ RunTime:0.000348s ]
INFO: [ app_begin ] --START--
INFO: Run Behavior\ReadHtmlCacheBehavior [ RunTime:0.000428s ]
INFO: [ app_begin ] --END-- [ RunTime:0.000487s ]
SQL: SHOW COLUMNS FROM `sp_seckill_goods` [ RunTime:0.0078s ]
SQL: SELECT * FROM `sp_seckill_goods` WHERE `goods_id` = 59 AND `flag` = 0 LIMIT 1   [ RunTime:0.0003s ]
NOTIC: [8] Use of undefined constant userId - assumed 'userId' D:\web\tpshop\App\Home\Controller\SeckillController.class.php 第 45 行.
SQL: SHOW COLUMNS FROM `sp_goods` [ RunTime:0.0041s ]
SQL: SELECT `goods_price`,`goods_members_price` FROM `sp_goods` WHERE `goods_id` = 59 LIMIT 1   [ RunTime:0.0002s ]
SQL: SHOW COLUMNS FROM `sp_user` [ RunTime:0.0042s ]
SQL: SELECT `jifen` FROM `sp_user` WHERE `user_id` = 224 LIMIT 1   [ RunTime:0.0002s ]
SQL: SHOW COLUMNS FROM `sp_member_level` [ RunTime:0.0039s ]
SQL: SELECT `id`,`level_rate` FROM `sp_member_level` WHERE `jifen_bottom` <= '130590' AND `jifen_top` >= '130590' LIMIT 1   [ RunTime:0.0002s ]
SQL: SHOW COLUMNS FROM `sp_member_price` [ RunTime:0.0039s ]
SQL: SELECT `price` FROM `sp_member_price` WHERE `goods_id` = '59' AND `level_id` = '12' LIMIT 1   [ RunTime:0.0002s ]

[ 2017-07-26T07:17:31+08:00 ] 127.0.0.1 /index.php/Home/Seckill/seckillGoods
INFO: [ app_init ] --START--
INFO: Run Behavior\BuildLiteBehavior [ RunTime:0.000013s ]
INFO: [ app_init ] --END-- [ RunTime:0.000313s ]
INFO: [ app_begin ] --START--
INFO: Run Behavior\ReadHtmlCacheBehavior [ RunTime:0.000347s ]
INFO: [ app_begin ] --END-- [ RunTime:0.000400s ]
SQL: SHOW COLUMNS FROM `sp_seckill_goods` [ RunTime:0.0110s ]
SQL: SELECT * FROM `sp_seckill_goods` WHERE `goods_id` = 59 AND `flag` = 0 LIMIT 1   [ RunTime:0.0006s ]
NOTIC: [8] Use of undefined constant userId - assumed 'userId' D:\web\tpshop\App\Home\Controller\SeckillController.class.php 第 45 行.
SQL: SHOW COLUMNS FROM `sp_goods` [ RunTime:0.0094s ]
SQL: SELECT `goods_price`,`goods_members_price` FROM `sp_goods` WHERE `goods_id` = 59 LIMIT 1   [ RunTime:0.0004s ]
SQL: SHOW COLUMNS FROM `sp_user` [ RunTime:0.0062s ]
SQL: SELECT `jifen` FROM `sp_user` WHERE `user_id` = 224 LIMIT 1   [ RunTime:0.0003s ]
SQL: SHOW COLUMNS FROM `sp_member_level` [ RunTime:0.0061s ]
SQL: SELECT `id`,`level_rate` FROM `sp_member_level` WHERE `jifen_bottom` <= '130590' AND `jifen_top` >= '130590' LIMIT 1   [ RunTime:0.0003s ]
SQL: SHOW COLUMNS FROM `sp_member_price` [ RunTime:0.0038s ]
SQL: SELECT `price` FROM `sp_member_price` WHERE `goods_id` = '59' AND `level_id` = '12' LIMIT 1   [ RunTime:0.0002s ]

[ 2017-07-26T07:19:02+08:00 ] 127.0.0.1 /index.php/Home/Seckill/seckillGoods
INFO: [ app_init ] --START--
INFO: Run Behavior\BuildLiteBehavior [ RunTime:0.000013s ]
INFO: [ app_init ] --END-- [ RunTime:0.000307s ]
INFO: [ app_begin ] --START--
INFO: Run Behavior\ReadHtmlCacheBehavior [ RunTime:0.000348s ]
INFO: [ app_begin ] --END-- [ RunTime:0.000400s ]
SQL: SHOW COLUMNS FROM `sp_seckill_goods` [ RunTime:0.0138s ]
SQL: SELECT * FROM `sp_seckill_goods` WHERE `goods_id` = 59 AND `flag` = 0 LIMIT 1   [ RunTime:0.0007s ]
NOTIC: [8] Use of undefined constant userId - assumed 'userId' D:\web\tpshop\App\Home\Controller\SeckillController.class.php 第 45 行.
SQL: SHOW COLUMNS FROM `sp_goods` [ RunTime:0.0113s ]
SQL: SELECT `goods_price`,`goods_members_price` FROM `sp_goods` WHERE `goods_id` = 59 LIMIT 1   [ RunTime:0.0004s ]
SQL: SHOW COLUMNS FROM `sp_user` [ RunTime:0.0067s ]
SQL: SELECT `jifen` FROM `sp_user` WHERE `user_id` = 224 LIMIT 1   [ RunTime:0.0003s ]
SQL: SHOW COLUMNS FROM `sp_member_level` [ RunTime:0.0058s ]
SQL: SELECT `id`,`level_rate` FROM `sp_member_level` WHERE `jifen_bottom` <= '130590' AND `jifen_top` >= '130590' LIMIT 1   [ RunTime:0.0003s ]
SQL: SHOW COLUMNS FROM `sp_member_price` [ RunTime:0.0041s ]
SQL: SELECT `price` FROM `sp_member_price` WHERE `goods_id` = '59' AND `level_id` = '12' LIMIT 1   [ RunTime:0.0003s ]
SQL: UPDATE `sp_seckill_goods` SET `flag`='1' WHERE `id` = 1 [ RunTime:0.0041s ]

[ 2017-07-26T07:19:03+08:00 ] 127.0.0.1 /index.php/Home/Seckill/seckillGoods
INFO: [ app_init ] --START--
INFO: Run Behavior\BuildLiteBehavior [ RunTime:0.000016s ]
INFO: [ app_init ] --END-- [ RunTime:0.000428s ]
INFO: [ app_begin ] --START--
INFO: Run Behavior\ReadHtmlCacheBehavior [ RunTime:0.000418s ]
INFO: [ app_begin ] --END-- [ RunTime:0.000481s ]
SQL: SHOW COLUMNS FROM `sp_seckill_goods` [ RunTime:0.0135s ]
SQL: SELECT * FROM `sp_seckill_goods` WHERE `goods_id` = 59 AND `flag` = 0 LIMIT 1   [ RunTime:0.0005s ]

[ 2017-07-26T07:19:04+08:00 ] 127.0.0.1 /index.php/Home/Seckill/seckillList.html
INFO: [ app_init ] --START--
INFO: Run Behavior\BuildLiteBehavior [ RunTime:0.000016s ]
INFO: [ app_init ] --END-- [ RunTime:0.000352s ]

[ 2017-07-26T07:19:36+08:00 ] 127.0.0.1 /index.php/Home/Seckill/seckillGoods
INFO: [ app_init ] --START--
INFO: Run Behavior\BuildLiteBehavior [ RunTime:0.000014s ]
INFO: [ app_init ] --END-- [ RunTime:0.000382s ]
INFO: [ app_begin ] --START--
INFO: Run Behavior\ReadHtmlCacheBehavior [ RunTime:0.000581s ]
INFO: [ app_begin ] --END-- [ RunTime:0.000663s ]
SQL: SHOW COLUMNS FROM `sp_seckill_goods` [ RunTime:0.0080s ]
SQL: SELECT * FROM `sp_seckill_goods` WHERE `goods_id` = 59 AND `flag` = 0 LIMIT 1   [ RunTime:0.0003s ]

[ 2017-07-26T07:19:49+08:00 ] 127.0.0.1 /index.php/Home/Seckill/seckillList.html
INFO: [ app_init ] --START--
INFO: Run Behavior\BuildLiteBehavior [ RunTime:0.000015s ]
INFO: [ app_init ] --END-- [ RunTime:0.000347s ]

[ 2017-07-26T07:19:52+08:00 ] 127.0.0.1 /index.php/Home/Seckill/seckillGoods
INFO: [ app_init ] --START--
INFO: Run Behavior\BuildLiteBehavior [ RunTime:0.000014s ]
INFO: [ app_init ] --END-- [ RunTime:0.000319s ]
INFO: [ app_begin ] --START--
INFO: Run Behavior\ReadHtmlCacheBehavior [ RunTime:0.000345s ]
INFO: [ app_begin ] --END-- [ RunTime:0.000397s ]
SQL: SHOW COLUMNS FROM `sp_seckill_goods` [ RunTime:0.0043s ]
SQL: SELECT * FROM `sp_seckill_goods` WHERE `goods_id` = 59 AND `flag` = 0 LIMIT 1   [ RunTime:0.0003s ]
NOTIC: [8] Use of undefined constant userId - assumed 'userId' D:\web\tpshop\App\Home\Controller\SeckillController.class.php 第 45 行.
SQL: SHOW COLUMNS FROM `sp_goods` [ RunTime:0.0040s ]
SQL: SELECT `goods_price`,`goods_members_price` FROM `sp_goods` WHERE `goods_id` = 59 LIMIT 1   [ RunTime:0.0003s ]
SQL: SHOW COLUMNS FROM `sp_user` [ RunTime:0.0041s ]
SQL: SELECT `jifen` FROM `sp_user` WHERE `user_id` = 224 LIMIT 1   [ RunTime:0.0002s ]
SQL: SHOW COLUMNS FROM `sp_member_level` [ RunTime:0.0040s ]
SQL: SELECT `id`,`level_rate` FROM `sp_member_level` WHERE `jifen_bottom` <= '130590' AND `jifen_top` >= '130590' LIMIT 1   [ RunTime:0.0002s ]
SQL: SHOW COLUMNS FROM `sp_member_price` [ RunTime:0.0038s ]
SQL: SELECT `price` FROM `sp_member_price` WHERE `goods_id` = '59' AND `level_id` = '12' LIMIT 1   [ RunTime:0.0002s ]

[ 2017-07-26T07:19:53+08:00 ] 127.0.0.1 /index.php/Home/Seckill/seckillGoods
INFO: [ app_init ] --START--
INFO: Run Behavior\BuildLiteBehavior [ RunTime:0.000016s ]
INFO: [ app_init ] --END-- [ RunTime:0.000350s ]
INFO: [ app_begin ] --START--
INFO: Run Behavior\ReadHtmlCacheBehavior [ RunTime:0.000392s ]
INFO: [ app_begin ] --END-- [ RunTime:0.000449s ]
SQL: SHOW COLUMNS FROM `sp_seckill_goods` [ RunTime:0.0109s ]
SQL: SELECT * FROM `sp_seckill_goods` WHERE `goods_id` = 59 AND `flag` = 0 LIMIT 1   [ RunTime:0.0003s ]
NOTIC: [8] Use of undefined constant userId - assumed 'userId' D:\web\tpshop\App\Home\Controller\SeckillController.class.php 第 45 行.
SQL: SHOW COLUMNS FROM `sp_goods` [ RunTime:0.0041s ]
SQL: SELECT `goods_price`,`goods_members_price` FROM `sp_goods` WHERE `goods_id` = 59 LIMIT 1   [ RunTime:0.0002s ]
SQL: SHOW COLUMNS FROM `sp_user` [ RunTime:0.0040s ]
SQL: SELECT `jifen` FROM `sp_user` WHERE `user_id` = 224 LIMIT 1   [ RunTime:0.0003s ]
SQL: SHOW COLUMNS FROM `sp_member_level` [ RunTime:0.0042s ]
SQL: SELECT `id`,`level_rate` FROM `sp_member_level` WHERE `jifen_bottom` <= '130590' AND `jifen_top` >= '130590' LIMIT 1   [ RunTime:0.0003s ]
SQL: SHOW COLUMNS FROM `sp_member_price` [ RunTime:0.0038s ]
SQL: SELECT `price` FROM `sp_member_price` WHERE `goods_id` = '59' AND `level_id` = '12' LIMIT 1   [ RunTime:0.0002s ]

[ 2017-07-26T07:19:55+08:00 ] 127.0.0.1 /index.php/Home/Seckill/seckillGoods
INFO: [ app_init ] --START--
INFO: Run Behavior\BuildLiteBehavior [ RunTime:0.000013s ]
INFO: [ app_init ] --END-- [ RunTime:0.000291s ]
INFO: [ app_begin ] --START--
INFO: Run Behavior\ReadHtmlCacheBehavior [ RunTime:0.000328s ]
INFO: [ app_begin ] --END-- [ RunTime:0.000375s ]
SQL: SHOW COLUMNS FROM `sp_seckill_goods` [ RunTime:0.0116s ]
SQL: SELECT * FROM `sp_seckill_goods` WHERE `goods_id` = 59 AND `flag` = 0 LIMIT 1   [ RunTime:0.0007s ]
NOTIC: [8] Use of undefined constant userId - assumed 'userId' D:\web\tpshop\App\Home\Controller\SeckillController.class.php 第 45 行.
SQL: SHOW COLUMNS FROM `sp_goods` [ RunTime:0.0095s ]
SQL: SELECT `goods_price`,`goods_members_price` FROM `sp_goods` WHERE `goods_id` = 59 LIMIT 1   [ RunTime:0.0004s ]
SQL: SHOW COLUMNS FROM `sp_user` [ RunTime:0.0063s ]
SQL: SELECT `jifen` FROM `sp_user` WHERE `user_id` = 224 LIMIT 1   [ RunTime:0.0003s ]
SQL: SHOW COLUMNS FROM `sp_member_level` [ RunTime:0.0055s ]
SQL: SELECT `id`,`level_rate` FROM `sp_member_level` WHERE `jifen_bottom` <= '130590' AND `jifen_top` >= '130590' LIMIT 1   [ RunTime:0.0003s ]
SQL: SHOW COLUMNS FROM `sp_member_price` [ RunTime:0.0039s ]
SQL: SELECT `price` FROM `sp_member_price` WHERE `goods_id` = '59' AND `level_id` = '12' LIMIT 1   [ RunTime:0.0002s ]

[ 2017-07-26T07:19:57+08:00 ] 127.0.0.1 /index.php/Home/Seckill/seckillGoods
INFO: [ app_init ] --START--
INFO: Run Behavior\BuildLiteBehavior [ RunTime:0.000013s ]
INFO: [ app_init ] --END-- [ RunTime:0.000306s ]
INFO: [ app_begin ] --START--
INFO: Run Behavior\ReadHtmlCacheBehavior [ RunTime:0.000387s ]
INFO: [ app_begin ] --END-- [ RunTime:0.000466s ]
SQL: SHOW COLUMNS FROM `sp_seckill_goods` [ RunTime:0.0116s ]
SQL: SELECT * FROM `sp_seckill_goods` WHERE `goods_id` = 59 AND `flag` = 0 LIMIT 1   [ RunTime:0.0007s ]
NOTIC: [8] Use of undefined constant userId - assumed 'userId' D:\web\tpshop\App\Home\Controller\SeckillController.class.php 第 45 行.
SQL: SHOW COLUMNS FROM `sp_goods` [ RunTime:0.0041s ]
SQL: SELECT `goods_price`,`goods_members_price` FROM `sp_goods` WHERE `goods_id` = 59 LIMIT 1   [ RunTime:0.0002s ]
SQL: SHOW COLUMNS FROM `sp_user` [ RunTime:0.0041s ]
SQL: SELECT `jifen` FROM `sp_user` WHERE `user_id` = 224 LIMIT 1   [ RunTime:0.0002s ]
SQL: SHOW COLUMNS FROM `sp_member_level` [ RunTime:0.0042s ]
SQL: SELECT `id`,`level_rate` FROM `sp_member_level` WHERE `jifen_bottom` <= '130590' AND `jifen_top` >= '130590' LIMIT 1   [ RunTime:0.0003s ]
SQL: SHOW COLUMNS FROM `sp_member_price` [ RunTime:0.0038s ]
SQL: SELECT `price` FROM `sp_member_price` WHERE `goods_id` = '59' AND `level_id` = '12' LIMIT 1   [ RunTime:0.0003s ]

[ 2017-07-26T07:19:59+08:00 ] 127.0.0.1 /index.php/Home/Seckill/seckillGoods
INFO: [ app_init ] --START--
INFO: Run Behavior\BuildLiteBehavior [ RunTime:0.000013s ]
INFO: [ app_init ] --END-- [ RunTime:0.000298s ]
INFO: [ app_begin ] --START--
INFO: Run Behavior\ReadHtmlCacheBehavior [ RunTime:0.000325s ]
INFO: [ app_begin ] --END-- [ RunTime:0.000372s ]
SQL: SHOW COLUMNS FROM `sp_seckill_goods` [ RunTime:0.0095s ]
SQL: SELECT * FROM `sp_seckill_goods` WHERE `goods_id` = 59 AND `flag` = 0 LIMIT 1   [ RunTime:0.0006s ]
NOTIC: [8] Use of undefined constant userId - assumed 'userId' D:\web\tpshop\App\Home\Controller\SeckillController.class.php 第 45 行.
SQL: SHOW COLUMNS FROM `sp_goods` [ RunTime:0.0091s ]
SQL: SELECT `goods_price`,`goods_members_price` FROM `sp_goods` WHERE `goods_id` = 59 LIMIT 1   [ RunTime:0.0005s ]
SQL: SHOW COLUMNS FROM `sp_user` [ RunTime:0.0094s ]
SQL: SELECT `jifen` FROM `sp_user` WHERE `user_id` = 224 LIMIT 1   [ RunTime:0.0004s ]
SQL: SHOW COLUMNS FROM `sp_member_level` [ RunTime:0.0065s ]
SQL: SELECT `id`,`level_rate` FROM `sp_member_level` WHERE `jifen_bottom` <= '130590' AND `jifen_top` >= '130590' LIMIT 1   [ RunTime:0.0003s ]
SQL: SHOW COLUMNS FROM `sp_member_price` [ RunTime:0.0050s ]
SQL: SELECT `price` FROM `sp_member_price` WHERE `goods_id` = '59' AND `level_id` = '12' LIMIT 1   [ RunTime:0.0003s ]

[ 2017-07-26T07:20:29+08:00 ] 127.0.0.1 /index.php/Home/Seckill/seckillGoods
INFO: [ app_init ] --START--
INFO: Run Behavior\BuildLiteBehavior [ RunTime:0.000013s ]
INFO: [ app_init ] --END-- [ RunTime:0.000290s ]
INFO: [ app_begin ] --START--
INFO: Run Behavior\ReadHtmlCacheBehavior [ RunTime:0.000319s ]
INFO: [ app_begin ] --END-- [ RunTime:0.000367s ]
SQL: SHOW COLUMNS FROM `sp_seckill_goods` [ RunTime:0.0043s ]
SQL: SELECT * FROM `sp_seckill_goods` WHERE `goods_id` = 59 AND `flag` = 0 LIMIT 1   [ RunTime:0.0003s ]
NOTIC: [8] Use of undefined constant userId - assumed 'userId' D:\web\tpshop\App\Home\Controller\SeckillController.class.php 第 45 行.
SQL: SHOW COLUMNS FROM `sp_goods` [ RunTime:0.0041s ]
SQL: SELECT `goods_price`,`goods_members_price` FROM `sp_goods` WHERE `goods_id` = 59 LIMIT 1   [ RunTime:0.0002s ]
SQL: SHOW COLUMNS FROM `sp_user` [ RunTime:0.0041s ]
SQL: SELECT `jifen` FROM `sp_user` WHERE `user_id` = 224 LIMIT 1   [ RunTime:0.0002s ]
SQL: SHOW COLUMNS FROM `sp_member_level` [ RunTime:0.0040s ]
SQL: SELECT `id`,`level_rate` FROM `sp_member_level` WHERE `jifen_bottom` <= '130590' AND `jifen_top` >= '130590' LIMIT 1   [ RunTime:0.0003s ]
SQL: SHOW COLUMNS FROM `sp_member_price` [ RunTime:0.0041s ]
SQL: SELECT `price` FROM `sp_member_price` WHERE `goods_id` = '59' AND `level_id` = '12' LIMIT 1   [ RunTime:0.0002s ]
SQL: UPDATE `sp_seckill_goods` SET `flag`='1' WHERE `id` = 1 [ RunTime:0.0040s ]

[ 2017-07-26T07:20:30+08:00 ] 127.0.0.1 /index.php/Home/Seckill/seckillGoods
INFO: [ app_init ] --START--
INFO: Run Behavior\BuildLiteBehavior [ RunTime:0.000014s ]
INFO: [ app_init ] --END-- [ RunTime:0.000372s ]
INFO: [ app_begin ] --START--
INFO: Run Behavior\ReadHtmlCacheBehavior [ RunTime:0.000340s ]
INFO: [ app_begin ] --END-- [ RunTime:0.000407s ]
SQL: SHOW COLUMNS FROM `sp_seckill_goods` [ RunTime:0.0136s ]
SQL: SELECT * FROM `sp_seckill_goods` WHERE `goods_id` = 59 AND `flag` = 0 LIMIT 1   [ RunTime:0.0007s ]

[ 2017-07-26T07:20:31+08:00 ] 127.0.0.1 /index.php/Home/Seckill/seckillGoods
INFO: [ app_init ] --START--
INFO: Run Behavior\BuildLiteBehavior [ RunTime:0.000014s ]
INFO: [ app_init ] --END-- [ RunTime:0.000358s ]
INFO: [ app_begin ] --START--
INFO: Run Behavior\ReadHtmlCacheBehavior [ RunTime:0.000366s ]
INFO: [ app_begin ] --END-- [ RunTime:0.000429s ]
SQL: SHOW COLUMNS FROM `sp_seckill_goods` [ RunTime:0.0105s ]
SQL: SELECT * FROM `sp_seckill_goods` WHERE `goods_id` = 59 AND `flag` = 0 LIMIT 1   [ RunTime:0.0006s ]

[ 2017-07-26T07:20:32+08:00 ] 127.0.0.1 /index.php/Home/Seckill/seckillGoods
INFO: [ app_init ] --START--
INFO: Run Behavior\BuildLiteBehavior [ RunTime:0.000018s ]
INFO: [ app_init ] --END-- [ RunTime:0.000444s ]
INFO: [ app_begin ] --START--
INFO: Run Behavior\ReadHtmlCacheBehavior [ RunTime:0.000655s ]
INFO: [ app_begin ] --END-- [ RunTime:0.000751s ]
SQL: SHOW COLUMNS FROM `sp_seckill_goods` [ RunTime:0.0152s ]
SQL: SELECT * FROM `sp_seckill_goods` WHERE `goods_id` = 59 AND `flag` = 0 LIMIT 1   [ RunTime:0.0006s ]

[ 2017-07-26T07:20:33+08:00 ] 127.0.0.1 /index.php/Home/Seckill/seckillGoods
INFO: [ app_init ] --START--
INFO: Run Behavior\BuildLiteBehavior [ RunTime:0.000014s ]
INFO: [ app_init ] --END-- [ RunTime:0.000327s ]
INFO: [ app_begin ] --START--
INFO: Run Behavior\ReadHtmlCacheBehavior [ RunTime:0.000349s ]
INFO: [ app_begin ] --END-- [ RunTime:0.000402s ]
SQL: SHOW COLUMNS FROM `sp_seckill_goods` [ RunTime:0.0047s ]
SQL: SELECT * FROM `sp_seckill_goods` WHERE `goods_id` = 59 AND `flag` = 0 LIMIT 1   [ RunTime:0.0003s ]

[ 2017-07-26T07:20:34+08:00 ] 127.0.0.1 /index.php/Home/Seckill/seckillGoods
INFO: [ app_init ] --START--
INFO: Run Behavior\BuildLiteBehavior [ RunTime:0.000014s ]
INFO: [ app_init ] --END-- [ RunTime:0.000292s ]
INFO: [ app_begin ] --START--
INFO: Run Behavior\ReadHtmlCacheBehavior [ RunTime:0.000325s ]
INFO: [ app_begin ] --END-- [ RunTime:0.000373s ]
SQL: SHOW COLUMNS FROM `sp_seckill_goods` [ RunTime:0.0155s ]
SQL: SELECT * FROM `sp_seckill_goods` WHERE `goods_id` = 59 AND `flag` = 0 LIMIT 1   [ RunTime:0.0008s ]

[ 2017-07-26T07:20:36+08:00 ] 127.0.0.1 /index.php/Home/Seckill/seckillGoods
INFO: [ app_init ] --START--
INFO: Run Behavior\BuildLiteBehavior [ RunTime:0.000017s ]
INFO: [ app_init ] --END-- [ RunTime:0.000388s ]
INFO: [ app_begin ] --START--
INFO: Run Behavior\ReadHtmlCacheBehavior [ RunTime:0.000379s ]
INFO: [ app_begin ] --END-- [ RunTime:0.000436s ]
SQL: SHOW COLUMNS FROM `sp_seckill_goods` [ RunTime:0.0081s ]
SQL: SELECT * FROM `sp_seckill_goods` WHERE `goods_id` = 59 AND `flag` = 0 LIMIT 1   [ RunTime:0.0003s ]

[ 2017-07-26T07:20:37+08:00 ] 127.0.0.1 /index.php/Home/Seckill/seckillGoods
INFO: [ app_init ] --START--
INFO: Run Behavior\BuildLiteBehavior [ RunTime:0.000018s ]
INFO: [ app_init ] --END-- [ RunTime:0.000552s ]
INFO: [ app_begin ] --START--
INFO: Run Behavior\ReadHtmlCacheBehavior [ RunTime:0.000467s ]
INFO: [ app_begin ] --END-- [ RunTime:0.000543s ]
SQL: SHOW COLUMNS FROM `sp_seckill_goods` [ RunTime:0.0119s ]
SQL: SELECT * FROM `sp_seckill_goods` WHERE `goods_id` = 59 AND `flag` = 0 LIMIT 1   [ RunTime:0.0008s ]

[ 2017-07-26T10:14:41+08:00 ] 127.0.0.1 /
INFO: [ app_init ] --START--
INFO: Run Behavior\BuildLiteBehavior [ RunTime:0.000035s ]
INFO: [ app_init ] --END-- [ RunTime:0.001684s ]

[ 2017-07-26T10:14:44+08:00 ] 127.0.0.1 /index.php/Home/Seckill/SeckillList.html
INFO: [ app_init ] --START--
INFO: Run Behavior\BuildLiteBehavior [ RunTime:0.000014s ]
INFO: [ app_init ] --END-- [ RunTime:0.000343s ]

[ 2017-07-26T10:15:50+08:00 ] 127.0.0.1 /index.php/Home/Seckill/SeckillList.html
INFO: [ app_init ] --START--
INFO: Run Behavior\BuildLiteBehavior [ RunTime:0.000019s ]
INFO: [ app_init ] --END-- [ RunTime:0.000531s ]

[ 2017-07-26T10:16:46+08:00 ] 127.0.0.1 /index.php/Home/Seckill/SeckillList.html
INFO: [ app_init ] --START--
INFO: Run Behavior\BuildLiteBehavior [ RunTime:0.000024s ]
INFO: [ app_init ] --END-- [ RunTime:0.000690s ]

[ 2017-07-26T10:17:25+08:00 ] 127.0.0.1 /index.php/Home/Seckill/SeckillList.html
INFO: [ app_init ] --START--
INFO: Run Behavior\BuildLiteBehavior [ RunTime:0.000023s ]
INFO: [ app_init ] --END-- [ RunTime:0.000568s ]

[ 2017-07-26T10:21:29+08:00 ] 127.0.0.1 /index.php/Home/Seckill/SeckillList.html
INFO: [ app_init ] --START--
INFO: Run Behavior\BuildLiteBehavior [ RunTime:0.000089s ]
INFO: [ app_init ] --END-- [ RunTime:0.002106s ]

[ 2017-07-26T10:22:00+08:00 ] 127.0.0.1 /index.php/Home/Seckill/SeckillList.html
INFO: [ app_init ] --START--
INFO: Run Behavior\BuildLiteBehavior [ RunTime:0.000018s ]
INFO: [ app_init ] --END-- [ RunTime:0.000617s ]

[ 2017-07-26T10:24:35+08:00 ] 127.0.0.1 /index.php/Home/Seckill/SeckillList.html
INFO: [ app_init ] --START--
INFO: Run Behavior\BuildLiteBehavior [ RunTime:0.000021s ]
INFO: [ app_init ] --END-- [ RunTime:0.000568s ]

[ 2017-07-26T11:15:00+08:00 ] 127.0.0.1 /index.php/Home/Goods/showlist.html
INFO: [ app_init ] --START--
INFO: Run Behavior\BuildLiteBehavior [ RunTime:0.000102s ]
INFO: [ app_init ] --END-- [ RunTime:0.001215s ]

[ 2017-07-26T11:15:18+08:00 ] 127.0.0.1 /index.php/Home/Goods/detail/goods_id/59.html
INFO: [ app_init ] --START--
INFO: Run Behavior\BuildLiteBehavior [ RunTime:0.000046s ]
INFO: [ app_init ] --END-- [ RunTime:0.000723s ]

[ 2017-07-26T11:15:38+08:00 ] 127.0.0.1 /index.php/Home/Goods/detail/goods_id/59.html
INFO: [ app_init ] --START--
INFO: Run Behavior\BuildLiteBehavior [ RunTime:0.000026s ]
INFO: [ app_init ] --END-- [ RunTime:0.000679s ]

[ 2017-07-26T11:16:10+08:00 ] 127.0.0.1 /index.php/Home/Goods/detail/goods_id/58.html
INFO: [ app_init ] --START--
INFO: Run Behavior\BuildLiteBehavior [ RunTime:0.000026s ]
INFO: [ app_init ] --END-- [ RunTime:0.000688s ]

[ 2017-07-26T11:16:12+08:00 ] 127.0.0.1 /index.php/Home/goods/getMemberPrice
INFO: [ app_init ] --START--
INFO: Run Behavior\BuildLiteBehavior [ RunTime:0.000028s ]
INFO: [ app_init ] --END-- [ RunTime:0.000650s ]
INFO: [ app_begin ] --START--
INFO: Run Behavior\ReadHtmlCacheBehavior [ RunTime:0.025651s ]
INFO: [ app_begin ] --END-- [ RunTime:0.025795s ]
SQL: SHOW COLUMNS FROM `sp_goods` [ RunTime:0.0112s ]
SQL: SELECT `goods_price`,`goods_members_price` FROM `sp_goods` WHERE `goods_id` = 58 LIMIT 1   [ RunTime:0.0005s ]

[ 2017-07-26T11:16:46+08:00 ] 127.0.0.1 /index.php/Home/Goods/detail/goods_id/58.html
INFO: [ app_init ] --START--
INFO: Run Behavior\BuildLiteBehavior [ RunTime:0.000022s ]
INFO: [ app_init ] --END-- [ RunTime:0.000515s ]

[ 2017-07-26T11:16:48+08:00 ] 127.0.0.1 /index.php/Home/goods/getMemberPrice
INFO: [ app_init ] --START--
INFO: Run Behavior\BuildLiteBehavior [ RunTime:0.000028s ]
INFO: [ app_init ] --END-- [ RunTime:0.000685s ]
INFO: [ app_begin ] --START--
INFO: Run Behavior\ReadHtmlCacheBehavior [ RunTime:0.001010s ]
INFO: [ app_begin ] --END-- [ RunTime:0.001151s ]
SQL: SHOW COLUMNS FROM `sp_goods` [ RunTime:0.0057s ]
SQL: SELECT `goods_price`,`goods_members_price` FROM `sp_goods` WHERE `goods_id` = 58 LIMIT 1   [ RunTime:0.0003s ]

[ 2017-07-26T11:17:21+08:00 ] 127.0.0.1 /index.php/Home/Goods/detail/goods_id/58.html
INFO: [ app_init ] --START--
INFO: Run Behavior\BuildLiteBehavior [ RunTime:0.000023s ]
INFO: [ app_init ] --END-- [ RunTime:0.001488s ]

[ 2017-07-26T11:17:23+08:00 ] 127.0.0.1 /index.php/Home/goods/getMemberPrice
INFO: [ app_init ] --START--
INFO: Run Behavior\BuildLiteBehavior [ RunTime:0.000027s ]
INFO: [ app_init ] --END-- [ RunTime:0.001106s ]
INFO: [ app_begin ] --START--
INFO: Run Behavior\ReadHtmlCacheBehavior [ RunTime:0.000708s ]
INFO: [ app_begin ] --END-- [ RunTime:0.000820s ]
SQL: SHOW COLUMNS FROM `sp_goods` [ RunTime:0.0092s ]
SQL: SELECT `goods_price`,`goods_members_price` FROM `sp_goods` WHERE `goods_id` = 58 LIMIT 1   [ RunTime:0.0005s ]

[ 2017-07-26T11:22:43+08:00 ] 127.0.0.1 /index.php/Home/Goods/detail/goods_id/59.html
INFO: [ app_init ] --START--
INFO: Run Behavior\BuildLiteBehavior [ RunTime:0.000020s ]
INFO: [ app_init ] --END-- [ RunTime:0.000533s ]

[ 2017-07-26T14:03:27+08:00 ] 127.0.0.1 /index.php/Home/Goods/detail/goods_id/58.html
INFO: [ app_init ] --START--
INFO: Run Behavior\BuildLiteBehavior [ RunTime:0.000041s ]
INFO: [ app_init ] --END-- [ RunTime:0.000897s ]

[ 2017-07-26T14:03:29+08:00 ] 127.0.0.1 /index.php/Home/goods/getMemberPrice
INFO: [ app_init ] --START--
INFO: Run Behavior\BuildLiteBehavior [ RunTime:0.000095s ]
INFO: [ app_init ] --END-- [ RunTime:0.002584s ]
INFO: [ app_begin ] --START--
INFO: Run Behavior\ReadHtmlCacheBehavior [ RunTime:0.001021s ]
INFO: [ app_begin ] --END-- [ RunTime:0.001200s ]
SQL: SHOW COLUMNS FROM `sp_goods` [ RunTime:0.0093s ]
SQL: SELECT `goods_price`,`goods_members_price` FROM `sp_goods` WHERE `goods_id` = 58 LIMIT 1   [ RunTime:0.0005s ]

[ 2017-07-26T16:13:17+08:00 ] 127.0.0.1 /index.php/
INFO: [ app_init ] --START--
INFO: Run Behavior\BuildLiteBehavior [ RunTime:0.000048s ]
INFO: [ app_init ] --END-- [ RunTime:0.002008s ]

[ 2017-07-26T16:13:20+08:00 ] 127.0.0.1 /index.php/Home/Seckill/SeckillList.html
INFO: [ app_init ] --START--
INFO: Run Behavior\BuildLiteBehavior [ RunTime:0.000021s ]
INFO: [ app_init ] --END-- [ RunTime:0.000494s ]

[ 2017-07-26T17:57:32+08:00 ] 127.0.0.1 /index.php
INFO: [ app_init ] --START--
INFO: Run Behavior\BuildLiteBehavior [ RunTime:0.000024s ]
INFO: [ app_init ] --END-- [ RunTime:0.000814s ]

[ 2017-07-26T17:57:35+08:00 ] 127.0.0.1 /index.php/Home/Seckill/SeckillList.html
INFO: [ app_init ] --START--
INFO: Run Behavior\BuildLiteBehavior [ RunTime:0.000037s ]
INFO: [ app_init ] --END-- [ RunTime:0.000763s ]
ERR: syntax error, unexpected 'public' (T_PUBLIC), expecting end of file

[ 2017-07-26T17:58:03+08:00 ] 127.0.0.1 /index.php/Home/Seckill/SeckillList.html
INFO: [ app_init ] --START--
INFO: Run Behavior\BuildLiteBehavior [ RunTime:0.000025s ]
INFO: [ app_init ] --END-- [ RunTime:0.000623s ]

[ 2017-07-26T22:57:47+08:00 ] 127.0.0.1 /
INFO: [ app_init ] --START--
INFO: Run Behavior\BuildLiteBehavior [ RunTime:0.000030s ]
INFO: [ app_init ] --END-- [ RunTime:0.002433s ]

