[ 2017-06-07T15:24:56+08:00 ] 127.0.0.1 /
INFO: [ app_init ] --START--
INFO: Run Behavior\BuildLiteBehavior [ RunTime:0.000020s ]
INFO: [ app_init ] --END-- [ RunTime:0.000705s ]

[ 2017-06-07T15:25:03+08:00 ] 127.0.0.1 /index.php/Home/Goods/showlist.html
INFO: [ app_init ] --START--
INFO: Run Behavior\BuildLiteBehavior [ RunTime:0.000011s ]
INFO: [ app_init ] --END-- [ RunTime:0.000460s ]

[ 2017-06-07T15:30:59+08:00 ] 127.0.0.1 /index.php/Home/shop/viewCart.html
INFO: [ app_init ] --START--
INFO: Run Behavior\BuildLiteBehavior [ RunTime:0.000009s ]
INFO: [ app_init ] --END-- [ RunTime:0.000447s ]

[ 2017-06-07T15:31:08+08:00 ] 127.0.0.1 /index.php/Home/Goods/detail/goods_id/29.html
INFO: [ app_init ] --START--
INFO: Run Behavior\BuildLiteBehavior [ RunTime:0.000010s ]
INFO: [ app_init ] --END-- [ RunTime:0.000336s ]

[ 2017-06-07T15:31:46+08:00 ] 127.0.0.1 /index.php/Home/Shop/addCart
INFO: [ app_init ] --START--
INFO: Run Behavior\BuildLiteBehavior [ RunTime:0.000009s ]
INFO: [ app_init ] --END-- [ RunTime:0.000391s ]
INFO: [ app_begin ] --START--
INFO: Run Behavior\ReadHtmlCacheBehavior [ RunTime:0.000481s ]
INFO: [ app_begin ] --END-- [ RunTime:0.000514s ]
SQL: SHOW COLUMNS FROM `sp_goods` [ RunTime:0.0309s ]
SQL: SELECT * FROM `sp_goods` WHERE `goods_id` = 29 LIMIT 1   [ RunTime:0.0007s ]
NOTIC: [8] A session had already been started - ignoring session_start() D:\web\tpshop\App\Home\Common\Cart.class.php 第 23 行.

[ 2017-06-07T15:31:49+08:00 ] 127.0.0.1 /index.php/Home/Shop/viewCart.html
INFO: [ app_init ] --START--
INFO: Run Behavior\BuildLiteBehavior [ RunTime:0.000007s ]
INFO: [ app_init ] --END-- [ RunTime:0.000270s ]

[ 2017-06-07T15:31:51+08:00 ] 127.0.0.1 /index.php/Home/Shop/goodsOrder.html
INFO: [ app_init ] --START--
INFO: Run Behavior\BuildLiteBehavior [ RunTime:0.000006s ]
INFO: [ app_init ] --END-- [ RunTime:0.000250s ]

[ 2017-06-07T15:31:51+08:00 ] 127.0.0.1 /index.php/Home/Shop/images/cart_goods1.jpg
INFO: [ app_init ] --START--
INFO: Run Behavior\BuildLiteBehavior [ RunTime:0.000009s ]
INFO: [ app_init ] --END-- [ RunTime:0.000371s ]

[ 2017-06-07T15:31:51+08:00 ] 127.0.0.1 /index.php/Home/Shop/images/cart_goods2.jpg
INFO: [ app_init ] --START--
INFO: Run Behavior\BuildLiteBehavior [ RunTime:0.000014s ]
INFO: [ app_init ] --END-- [ RunTime:0.000382s ]

[ 2017-06-07T15:31:52+08:00 ] 127.0.0.1 /index.php/Home/Shop/images/cart_goods1.jpg
INFO: [ app_init ] --START--
INFO: Run Behavior\BuildLiteBehavior [ RunTime:0.000007s ]
INFO: [ app_init ] --END-- [ RunTime:0.000299s ]

[ 2017-06-07T15:31:52+08:00 ] 127.0.0.1 /index.php/Home/Shop/images/cart_goods2.jpg
INFO: [ app_init ] --START--
INFO: Run Behavior\BuildLiteBehavior [ RunTime:0.000031s ]
INFO: [ app_init ] --END-- [ RunTime:0.001264s ]

[ 2017-06-07T15:32:09+08:00 ] 127.0.0.1 /index.php/Home/Shop/goodsOrder.html
INFO: [ app_init ] --START--
INFO: Run Behavior\BuildLiteBehavior [ RunTime:0.000009s ]
INFO: [ app_init ] --END-- [ RunTime:0.000387s ]

[ 2017-06-07T15:32:09+08:00 ] 127.0.0.1 /index.php/Home/Shop/images/cart_goods1.jpg
INFO: [ app_init ] --START--
INFO: Run Behavior\BuildLiteBehavior [ RunTime:0.000009s ]
INFO: [ app_init ] --END-- [ RunTime:0.000407s ]

[ 2017-06-07T15:32:09+08:00 ] 127.0.0.1 /index.php/Home/Shop/images/cart_goods2.jpg
INFO: [ app_init ] --START--
INFO: Run Behavior\BuildLiteBehavior [ RunTime:0.000012s ]
INFO: [ app_init ] --END-- [ RunTime:0.000389s ]

[ 2017-06-07T15:32:09+08:00 ] 127.0.0.1 /index.php/Home/Shop/images/cart_goods1.jpg
INFO: [ app_init ] --START--
INFO: Run Behavior\BuildLiteBehavior [ RunTime:0.000009s ]
INFO: [ app_init ] --END-- [ RunTime:0.000397s ]

[ 2017-06-07T15:32:09+08:00 ] 127.0.0.1 /index.php/Home/Shop/images/cart_goods2.jpg
INFO: [ app_init ] --START--
INFO: Run Behavior\BuildLiteBehavior [ RunTime:0.000012s ]
INFO: [ app_init ] --END-- [ RunTime:0.000459s ]

[ 2017-06-07T15:33:54+08:00 ] 127.0.0.1 /index.php/Home/Shop/goodsOrder.html
INFO: [ app_init ] --START--
INFO: Run Behavior\BuildLiteBehavior [ RunTime:0.000007s ]
INFO: [ app_init ] --END-- [ RunTime:0.000335s ]

[ 2017-06-07T15:33:54+08:00 ] 127.0.0.1 /index.php/Home/Shop/images/cart_goods1.jpg
INFO: [ app_init ] --START--
INFO: Run Behavior\BuildLiteBehavior [ RunTime:0.000008s ]
INFO: [ app_init ] --END-- [ RunTime:0.000313s ]

[ 2017-06-07T15:33:54+08:00 ] 127.0.0.1 /index.php/Home/Shop/images/cart_goods2.jpg
INFO: [ app_init ] --START--
INFO: Run Behavior\BuildLiteBehavior [ RunTime:0.000008s ]
INFO: [ app_init ] --END-- [ RunTime:0.000349s ]

[ 2017-06-07T15:33:54+08:00 ] 127.0.0.1 /index.php/Home/Shop/images/cart_goods1.jpg
INFO: [ app_init ] --START--
INFO: Run Behavior\BuildLiteBehavior [ RunTime:0.000012s ]
INFO: [ app_init ] --END-- [ RunTime:0.000425s ]

[ 2017-06-07T15:33:54+08:00 ] 127.0.0.1 /index.php/Home/Shop/images/cart_goods2.jpg
INFO: [ app_init ] --START--
INFO: Run Behavior\BuildLiteBehavior [ RunTime:0.000013s ]
INFO: [ app_init ] --END-- [ RunTime:0.000477s ]

[ 2017-06-07T15:33:55+08:00 ] 127.0.0.1 /index.php/Home/Shop/goodsOrder.html
INFO: [ app_init ] --START--
INFO: Run Behavior\BuildLiteBehavior [ RunTime:0.000008s ]
INFO: [ app_init ] --END-- [ RunTime:0.000262s ]

[ 2017-06-07T15:33:55+08:00 ] 127.0.0.1 /index.php/Home/Shop/images/cart_goods1.jpg
INFO: [ app_init ] --START--
INFO: Run Behavior\BuildLiteBehavior [ RunTime:0.000008s ]
INFO: [ app_init ] --END-- [ RunTime:0.000291s ]

[ 2017-06-07T15:33:55+08:00 ] 127.0.0.1 /index.php/Home/Shop/images/cart_goods2.jpg
INFO: [ app_init ] --START--
INFO: Run Behavior\BuildLiteBehavior [ RunTime:0.000008s ]
INFO: [ app_init ] --END-- [ RunTime:0.000385s ]

[ 2017-06-07T15:33:56+08:00 ] 127.0.0.1 /index.php/Home/Shop/images/cart_goods1.jpg
INFO: [ app_init ] --START--
INFO: Run Behavior\BuildLiteBehavior [ RunTime:0.000010s ]
INFO: [ app_init ] --END-- [ RunTime:0.000365s ]

[ 2017-06-07T15:33:56+08:00 ] 127.0.0.1 /index.php/Home/Shop/images/cart_goods2.jpg
INFO: [ app_init ] --START--
INFO: Run Behavior\BuildLiteBehavior [ RunTime:0.000007s ]
INFO: [ app_init ] --END-- [ RunTime:0.000289s ]

[ 2017-06-07T15:34:00+08:00 ] 127.0.0.1 /index.php/Home/Shop/goodsOrder.html
INFO: [ app_init ] --START--
INFO: Run Behavior\BuildLiteBehavior [ RunTime:0.000007s ]
INFO: [ app_init ] --END-- [ RunTime:0.000276s ]

[ 2017-06-07T15:34:00+08:00 ] 127.0.0.1 /index.php/Home/Shop/images/cart_goods1.jpg
INFO: [ app_init ] --START--
INFO: Run Behavior\BuildLiteBehavior [ RunTime:0.000017s ]
INFO: [ app_init ] --END-- [ RunTime:0.000486s ]

[ 2017-06-07T15:34:00+08:00 ] 127.0.0.1 /index.php/Home/Shop/images/cart_goods2.jpg
INFO: [ app_init ] --START--
INFO: Run Behavior\BuildLiteBehavior [ RunTime:0.000008s ]
INFO: [ app_init ] --END-- [ RunTime:0.000364s ]

[ 2017-06-07T15:34:00+08:00 ] 127.0.0.1 /index.php/Home/Shop/images/cart_goods1.jpg
INFO: [ app_init ] --START--
INFO: Run Behavior\BuildLiteBehavior [ RunTime:0.000010s ]
INFO: [ app_init ] --END-- [ RunTime:0.000378s ]

[ 2017-06-07T15:34:00+08:00 ] 127.0.0.1 /index.php/Home/Shop/images/cart_goods2.jpg
INFO: [ app_init ] --START--
INFO: Run Behavior\BuildLiteBehavior [ RunTime:0.000010s ]
INFO: [ app_init ] --END-- [ RunTime:0.000406s ]

[ 2017-06-07T15:36:41+08:00 ] 127.0.0.1 /index.php/Home/Shop/goodsOrder.html
INFO: [ app_init ] --START--
INFO: Run Behavior\BuildLiteBehavior [ RunTime:0.000009s ]
INFO: [ app_init ] --END-- [ RunTime:0.000505s ]

[ 2017-06-07T15:36:41+08:00 ] 127.0.0.1 /index.php/Home/Shop/images/cart_goods1.jpg
INFO: [ app_init ] --START--
INFO: Run Behavior\BuildLiteBehavior [ RunTime:0.000017s ]
INFO: [ app_init ] --END-- [ RunTime:0.000394s ]

[ 2017-06-07T15:36:41+08:00 ] 127.0.0.1 /index.php/Home/Shop/images/cart_goods2.jpg
INFO: [ app_init ] --START--
INFO: Run Behavior\BuildLiteBehavior [ RunTime:0.000017s ]
INFO: [ app_init ] --END-- [ RunTime:0.000482s ]

[ 2017-06-07T15:36:42+08:00 ] 127.0.0.1 /index.php/Home/Shop/images/cart_goods1.jpg
INFO: [ app_init ] --START--
INFO: Run Behavior\BuildLiteBehavior [ RunTime:0.000011s ]
INFO: [ app_init ] --END-- [ RunTime:0.000433s ]

[ 2017-06-07T15:36:42+08:00 ] 127.0.0.1 /index.php/Home/Shop/images/cart_goods2.jpg
INFO: [ app_init ] --START--
INFO: Run Behavior\BuildLiteBehavior [ RunTime:0.000014s ]
INFO: [ app_init ] --END-- [ RunTime:0.000440s ]

[ 2017-06-07T15:58:39+08:00 ] 127.0.0.1 /index.php/Home/Shop/goodsOrder.html
INFO: [ app_init ] --START--
INFO: Run Behavior\BuildLiteBehavior [ RunTime:0.000007s ]
INFO: [ app_init ] --END-- [ RunTime:0.000326s ]

[ 2017-06-07T15:58:39+08:00 ] 127.0.0.1 /index.php/Home/User/login.html
INFO: [ app_init ] --START--
INFO: Run Behavior\BuildLiteBehavior [ RunTime:0.000007s ]
INFO: [ app_init ] --END-- [ RunTime:0.000380s ]

[ 2017-06-07T15:58:44+08:00 ] 127.0.0.1 /index.php/Home/User/login.html
INFO: [ app_init ] --START--
INFO: Run Behavior\BuildLiteBehavior [ RunTime:0.000006s ]
INFO: [ app_init ] --END-- [ RunTime:0.000248s ]

[ 2017-06-07T15:58:53+08:00 ] 127.0.0.1 /index.php/Home/User/login.html
INFO: [ app_init ] --START--
INFO: Run Behavior\BuildLiteBehavior [ RunTime:0.000006s ]
INFO: [ app_init ] --END-- [ RunTime:0.000243s ]
ERR: Think\Model:redirect方法不存在！

[ 2017-06-07T16:01:07+08:00 ] 127.0.0.1 /index.php/Home/User/login.html
INFO: [ app_init ] --START--
INFO: Run Behavior\BuildLiteBehavior [ RunTime:0.000012s ]
INFO: [ app_init ] --END-- [ RunTime:0.000419s ]

[ 2017-06-07T16:01:07+08:00 ] 127.0.0.1 /index.php/Home/Index/index.html
INFO: [ app_init ] --START--
INFO: Run Behavior\BuildLiteBehavior [ RunTime:0.000006s ]
INFO: [ app_init ] --END-- [ RunTime:0.000238s ]

[ 2017-06-07T16:01:12+08:00 ] 127.0.0.1 /index.php/Home/shop/viewCart.html
INFO: [ app_init ] --START--
INFO: Run Behavior\BuildLiteBehavior [ RunTime:0.000008s ]
INFO: [ app_init ] --END-- [ RunTime:0.000272s ]

[ 2017-06-07T16:20:01+08:00 ] 127.0.0.1 /index.php/Home/Shop/goodsOrder.html
INFO: [ app_init ] --START--
INFO: Run Behavior\BuildLiteBehavior [ RunTime:0.000008s ]
INFO: [ app_init ] --END-- [ RunTime:0.000343s ]

[ 2017-06-07T16:20:01+08:00 ] 127.0.0.1 /index.php/Home/Shop/images/cart_goods1.jpg
INFO: [ app_init ] --START--
INFO: Run Behavior\BuildLiteBehavior [ RunTime:0.000016s ]
INFO: [ app_init ] --END-- [ RunTime:0.000553s ]

[ 2017-06-07T16:20:01+08:00 ] 127.0.0.1 /index.php/Home/Shop/images/cart_goods2.jpg
INFO: [ app_init ] --START--
INFO: Run Behavior\BuildLiteBehavior [ RunTime:0.000009s ]
INFO: [ app_init ] --END-- [ RunTime:0.000390s ]

[ 2017-06-07T16:20:01+08:00 ] 127.0.0.1 /index.php/Home/Shop/images/cart_goods1.jpg
INFO: [ app_init ] --START--
INFO: Run Behavior\BuildLiteBehavior [ RunTime:0.000010s ]
INFO: [ app_init ] --END-- [ RunTime:0.000416s ]

[ 2017-06-07T16:20:01+08:00 ] 127.0.0.1 /index.php/Home/Shop/images/cart_goods2.jpg
INFO: [ app_init ] --START--
INFO: Run Behavior\BuildLiteBehavior [ RunTime:0.000012s ]
INFO: [ app_init ] --END-- [ RunTime:0.000520s ]

[ 2017-06-07T16:22:43+08:00 ] 127.0.0.1 /index.php/Home/Shop/goodsOrder.html
INFO: [ app_init ] --START--
INFO: Run Behavior\BuildLiteBehavior [ RunTime:0.000011s ]
INFO: [ app_init ] --END-- [ RunTime:0.000499s ]

[ 2017-06-07T16:22:43+08:00 ] 127.0.0.1 /index.php/Home/Shop/images/cart_goods1.jpg
INFO: [ app_init ] --START--
INFO: Run Behavior\BuildLiteBehavior [ RunTime:0.000010s ]
INFO: [ app_init ] --END-- [ RunTime:0.000354s ]

[ 2017-06-07T16:22:43+08:00 ] 127.0.0.1 /index.php/Home/Shop/images/cart_goods2.jpg
INFO: [ app_init ] --START--
INFO: Run Behavior\BuildLiteBehavior [ RunTime:0.000011s ]
INFO: [ app_init ] --END-- [ RunTime:0.000498s ]

[ 2017-06-07T16:22:43+08:00 ] 127.0.0.1 /index.php/Home/Shop/images/cart_goods1.jpg
INFO: [ app_init ] --START--
INFO: Run Behavior\BuildLiteBehavior [ RunTime:0.000010s ]
INFO: [ app_init ] --END-- [ RunTime:0.000382s ]

[ 2017-06-07T16:22:44+08:00 ] 127.0.0.1 /index.php/Home/Shop/images/cart_goods2.jpg
INFO: [ app_init ] --START--
INFO: Run Behavior\BuildLiteBehavior [ RunTime:0.000011s ]
INFO: [ app_init ] --END-- [ RunTime:0.000672s ]

[ 2017-06-07T16:30:34+08:00 ] 127.0.0.1 /index.php/Home/Shop/goodsOrder.html
INFO: [ app_init ] --START--
INFO: Run Behavior\BuildLiteBehavior [ RunTime:0.000018s ]
INFO: [ app_init ] --END-- [ RunTime:0.000637s ]

[ 2017-06-07T16:30:34+08:00 ] 127.0.0.1 /index.php/Home/Shop/images/cart_goods1.jpg
INFO: [ app_init ] --START--
INFO: Run Behavior\BuildLiteBehavior [ RunTime:0.000018s ]
INFO: [ app_init ] --END-- [ RunTime:0.000560s ]

[ 2017-06-07T16:30:34+08:00 ] 127.0.0.1 /index.php/Home/Shop/images/cart_goods2.jpg
INFO: [ app_init ] --START--
INFO: Run Behavior\BuildLiteBehavior [ RunTime:0.000009s ]
INFO: [ app_init ] --END-- [ RunTime:0.000410s ]

[ 2017-06-07T16:30:34+08:00 ] 127.0.0.1 /index.php/Home/Shop/images/cart_goods1.jpg
INFO: [ app_init ] --START--
INFO: Run Behavior\BuildLiteBehavior [ RunTime:0.000010s ]
INFO: [ app_init ] --END-- [ RunTime:0.000457s ]

[ 2017-06-07T16:30:34+08:00 ] 127.0.0.1 /index.php/Home/Shop/images/cart_goods2.jpg
INFO: [ app_init ] --START--
INFO: Run Behavior\BuildLiteBehavior [ RunTime:0.000011s ]
INFO: [ app_init ] --END-- [ RunTime:0.000514s ]

[ 2017-06-07T16:46:14+08:00 ] 127.0.0.1 /index.php/Home/Shop/goodsOrder.html
INFO: [ app_init ] --START--
INFO: Run Behavior\BuildLiteBehavior [ RunTime:0.000007s ]
INFO: [ app_init ] --END-- [ RunTime:0.000333s ]

[ 2017-06-07T16:46:14+08:00 ] 127.0.0.1 /index.php/Home/Shop/images/cart_goods1.jpg
INFO: [ app_init ] --START--
INFO: Run Behavior\BuildLiteBehavior [ RunTime:0.000013s ]
INFO: [ app_init ] --END-- [ RunTime:0.000468s ]

[ 2017-06-07T16:46:14+08:00 ] 127.0.0.1 /index.php/Home/Shop/images/cart_goods2.jpg
INFO: [ app_init ] --START--
INFO: Run Behavior\BuildLiteBehavior [ RunTime:0.000011s ]
INFO: [ app_init ] --END-- [ RunTime:0.001103s ]

[ 2017-06-07T16:46:14+08:00 ] 127.0.0.1 /index.php/Home/Shop/images/cart_goods1.jpg
INFO: [ app_init ] --START--
INFO: Run Behavior\BuildLiteBehavior [ RunTime:0.000009s ]
INFO: [ app_init ] --END-- [ RunTime:0.000378s ]

[ 2017-06-07T16:46:15+08:00 ] 127.0.0.1 /index.php/Home/Shop/images/cart_goods2.jpg
INFO: [ app_init ] --START--
INFO: Run Behavior\BuildLiteBehavior [ RunTime:0.000016s ]
INFO: [ app_init ] --END-- [ RunTime:0.002402s ]

[ 2017-06-07T16:46:19+08:00 ] 127.0.0.1 /index.php/Home/shop/viewCart.html
INFO: [ app_init ] --START--
INFO: Run Behavior\BuildLiteBehavior [ RunTime:0.000007s ]
INFO: [ app_init ] --END-- [ RunTime:0.000244s ]
ERR: Call to a member function getNumberPrice() on null

[ 2017-06-07T16:46:57+08:00 ] 127.0.0.1 /index.php/Home/shop/viewCart.html
INFO: [ app_init ] --START--
INFO: Run Behavior\BuildLiteBehavior [ RunTime:0.000065s ]
INFO: [ app_init ] --END-- [ RunTime:0.000847s ]
ERR: 1146:Table 'tpshop.sp_shop' doesn't exist
 [ SQL语句 ] : SHOW COLUMNS FROM `sp_shop`

[ 2017-06-07T16:50:33+08:00 ] 127.0.0.1 /index.php/Home/shop/viewCart.html
INFO: [ app_init ] --START--
INFO: Run Behavior\BuildLiteBehavior [ RunTime:0.000007s ]
INFO: [ app_init ] --END-- [ RunTime:0.000380s ]

[ 2017-06-07T16:51:37+08:00 ] 127.0.0.1 /index.php/Home/shop/viewCart.html
INFO: [ app_init ] --START--
INFO: Run Behavior\BuildLiteBehavior [ RunTime:0.000006s ]
INFO: [ app_init ] --END-- [ RunTime:0.000244s ]

[ 2017-06-07T16:52:09+08:00 ] 127.0.0.1 /index.php/Home/Shop/goodsOrder.html
INFO: [ app_init ] --START--
INFO: Run Behavior\BuildLiteBehavior [ RunTime:0.000007s ]
INFO: [ app_init ] --END-- [ RunTime:0.000266s ]

[ 2017-06-07T16:52:09+08:00 ] 127.0.0.1 /index.php/Home/Shop/images/cart_goods1.jpg
INFO: [ app_init ] --START--
INFO: Run Behavior\BuildLiteBehavior [ RunTime:0.000011s ]
INFO: [ app_init ] --END-- [ RunTime:0.000448s ]

[ 2017-06-07T16:52:09+08:00 ] 127.0.0.1 /index.php/Home/Shop/images/cart_goods2.jpg
INFO: [ app_init ] --START--
INFO: Run Behavior\BuildLiteBehavior [ RunTime:0.000030s ]
INFO: [ app_init ] --END-- [ RunTime:0.001150s ]

[ 2017-06-07T16:52:09+08:00 ] 127.0.0.1 /index.php/Home/Shop/images/cart_goods1.jpg
INFO: [ app_init ] --START--
INFO: Run Behavior\BuildLiteBehavior [ RunTime:0.000010s ]
INFO: [ app_init ] --END-- [ RunTime:0.000390s ]

[ 2017-06-07T16:52:09+08:00 ] 127.0.0.1 /index.php/Home/Shop/images/cart_goods2.jpg
INFO: [ app_init ] --START--
INFO: Run Behavior\BuildLiteBehavior [ RunTime:0.000011s ]
INFO: [ app_init ] --END-- [ RunTime:0.000390s ]

[ 2017-06-07T16:52:28+08:00 ] 127.0.0.1 /index.php/Home/Shop/goodsOrder.html
INFO: [ app_init ] --START--
INFO: Run Behavior\BuildLiteBehavior [ RunTime:0.000006s ]
INFO: [ app_init ] --END-- [ RunTime:0.000246s ]

[ 2017-06-07T16:52:28+08:00 ] 127.0.0.1 /index.php/Home/Shop/images/cart_goods1.jpg
INFO: [ app_init ] --START--
INFO: Run Behavior\BuildLiteBehavior [ RunTime:0.000028s ]
INFO: [ app_init ] --END-- [ RunTime:0.001043s ]

[ 2017-06-07T16:52:28+08:00 ] 127.0.0.1 /index.php/Home/Shop/images/cart_goods2.jpg
INFO: [ app_init ] --START--
INFO: Run Behavior\BuildLiteBehavior [ RunTime:0.000011s ]
INFO: [ app_init ] --END-- [ RunTime:0.001507s ]

[ 2017-06-07T16:52:28+08:00 ] 127.0.0.1 /index.php/Home/Shop/images/cart_goods1.jpg
INFO: [ app_init ] --START--
INFO: Run Behavior\BuildLiteBehavior [ RunTime:0.000010s ]
INFO: [ app_init ] --END-- [ RunTime:0.000516s ]

[ 2017-06-07T16:52:28+08:00 ] 127.0.0.1 /index.php/Home/Shop/images/cart_goods2.jpg
INFO: [ app_init ] --START--
INFO: Run Behavior\BuildLiteBehavior [ RunTime:0.000010s ]
INFO: [ app_init ] --END-- [ RunTime:0.000408s ]

[ 2017-06-07T17:14:10+08:00 ] 127.0.0.1 /index.php/Home/Shop/goodsOrder.html
INFO: [ app_init ] --START--
INFO: Run Behavior\BuildLiteBehavior [ RunTime:0.000007s ]
INFO: [ app_init ] --END-- [ RunTime:0.000358s ]

[ 2017-06-07T17:14:31+08:00 ] 127.0.0.1 /index.php/Home/Shop/goodsOrder.html
INFO: [ app_init ] --START--
INFO: Run Behavior\BuildLiteBehavior [ RunTime:0.000006s ]
INFO: [ app_init ] --END-- [ RunTime:0.000276s ]

[ 2017-06-07T17:15:07+08:00 ] 127.0.0.1 /index.php/Home/Shop/goodsOrder.html
INFO: [ app_init ] --START--
INFO: Run Behavior\BuildLiteBehavior [ RunTime:0.000009s ]
INFO: [ app_init ] --END-- [ RunTime:0.000298s ]

[ 2017-06-07T17:15:43+08:00 ] 127.0.0.1 /index.php/Home/Shop/goodsOrder.html
INFO: [ app_init ] --START--
INFO: Run Behavior\BuildLiteBehavior [ RunTime:0.000007s ]
INFO: [ app_init ] --END-- [ RunTime:0.000238s ]

[ 2017-06-07T17:17:36+08:00 ] 127.0.0.1 /index.php/Home/shop/viewCart.html
INFO: [ app_init ] --START--
INFO: Run Behavior\BuildLiteBehavior [ RunTime:0.000009s ]
INFO: [ app_init ] --END-- [ RunTime:0.000541s ]

[ 2017-06-07T17:17:43+08:00 ] 127.0.0.1 /index.php/Home/Shop/goodsOrder.html
INFO: [ app_init ] --START--
INFO: Run Behavior\BuildLiteBehavior [ RunTime:0.000007s ]
INFO: [ app_init ] --END-- [ RunTime:0.000264s ]

[ 2017-06-07T18:55:24+08:00 ] 127.0.0.1 /index.php/Home/Shop/goodsOrder.html
INFO: [ app_init ] --START--
INFO: Run Behavior\BuildLiteBehavior [ RunTime:0.000008s ]
INFO: [ app_init ] --END-- [ RunTime:0.000365s ]

[ 2017-06-07T18:56:20+08:00 ] 127.0.0.1 /index.php/Home/Shop/goodsOrder.html
INFO: [ app_init ] --START--
INFO: Run Behavior\BuildLiteBehavior [ RunTime:0.000010s ]
INFO: [ app_init ] --END-- [ RunTime:0.000254s ]

[ 2017-06-07T18:59:06+08:00 ] 127.0.0.1 /index.php/Home/Shop/goodsOrder.html
INFO: [ app_init ] --START--
INFO: Run Behavior\BuildLiteBehavior [ RunTime:0.000015s ]
INFO: [ app_init ] --END-- [ RunTime:0.000593s ]

[ 2017-06-07T18:59:31+08:00 ] 127.0.0.1 /index.php/Home/Shop/goodsOrder.html
INFO: [ app_init ] --START--
INFO: Run Behavior\BuildLiteBehavior [ RunTime:0.000010s ]
INFO: [ app_init ] --END-- [ RunTime:0.000394s ]

[ 2017-06-07T18:59:35+08:00 ] 127.0.0.1 /index.php/Home/Shop/goodsOrder.html
INFO: [ app_init ] --START--
INFO: Run Behavior\BuildLiteBehavior [ RunTime:0.000007s ]
INFO: [ app_init ] --END-- [ RunTime:0.000275s ]

[ 2017-06-07T19:00:48+08:00 ] 127.0.0.1 /index.php/Home/Shop/goodsOrder.html
INFO: [ app_init ] --START--
INFO: Run Behavior\BuildLiteBehavior [ RunTime:0.000036s ]
INFO: [ app_init ] --END-- [ RunTime:0.002178s ]

[ 2017-06-07T19:01:19+08:00 ] 127.0.0.1 /index.php/Home/Shop/goodsOrder.html
INFO: [ app_init ] --START--
INFO: Run Behavior\BuildLiteBehavior [ RunTime:0.000010s ]
INFO: [ app_init ] --END-- [ RunTime:0.000441s ]

[ 2017-06-07T19:02:02+08:00 ] 127.0.0.1 /index.php/Home/Index/index.html
INFO: [ app_init ] --START--
INFO: Run Behavior\BuildLiteBehavior [ RunTime:0.000007s ]
INFO: [ app_init ] --END-- [ RunTime:0.000251s ]

[ 2017-06-07T19:02:05+08:00 ] 127.0.0.1 /index.php/Home/Goods/showlist.html
INFO: [ app_init ] --START--
INFO: Run Behavior\BuildLiteBehavior [ RunTime:0.000034s ]
INFO: [ app_init ] --END-- [ RunTime:0.000371s ]

[ 2017-06-07T19:02:07+08:00 ] 127.0.0.1 /index.php/Home/Goods/showlist.html
INFO: [ app_init ] --START--
INFO: Run Behavior\BuildLiteBehavior [ RunTime:0.000011s ]
INFO: [ app_init ] --END-- [ RunTime:0.000258s ]

[ 2017-06-07T19:02:12+08:00 ] 127.0.0.1 /index.php/Home/Goods/detail/goods_id/28.html
INFO: [ app_init ] --START--
INFO: Run Behavior\BuildLiteBehavior [ RunTime:0.000007s ]
INFO: [ app_init ] --END-- [ RunTime:0.000294s ]

[ 2017-06-07T19:02:18+08:00 ] 127.0.0.1 /index.php/Home/Shop/addCart
INFO: [ app_init ] --START--
INFO: Run Behavior\BuildLiteBehavior [ RunTime:0.000006s ]
INFO: [ app_init ] --END-- [ RunTime:0.000245s ]
INFO: [ app_begin ] --START--
INFO: Run Behavior\ReadHtmlCacheBehavior [ RunTime:0.000304s ]
INFO: [ app_begin ] --END-- [ RunTime:0.000328s ]
SQL: SHOW COLUMNS FROM `sp_goods` [ RunTime:0.0228s ]
SQL: SELECT * FROM `sp_goods` WHERE `goods_id` = 28 LIMIT 1   [ RunTime:0.0005s ]
NOTIC: [8] A session had already been started - ignoring session_start() D:\web\tpshop\App\Home\Common\Cart.class.php 第 23 行.

[ 2017-06-07T19:02:21+08:00 ] 127.0.0.1 /index.php/Home/Shop/viewCart.html
INFO: [ app_init ] --START--
INFO: Run Behavior\BuildLiteBehavior [ RunTime:0.000008s ]
INFO: [ app_init ] --END-- [ RunTime:0.000297s ]

[ 2017-06-07T19:02:25+08:00 ] 127.0.0.1 /index.php/Home/Shop/goodsOrder.html
INFO: [ app_init ] --START--
INFO: Run Behavior\BuildLiteBehavior [ RunTime:0.000007s ]
INFO: [ app_init ] --END-- [ RunTime:0.000255s ]

[ 2017-06-07T19:03:15+08:00 ] 127.0.0.1 /index.php/Home/Shop/goodsOrder.html
INFO: [ app_init ] --START--
INFO: Run Behavior\BuildLiteBehavior [ RunTime:0.000010s ]
INFO: [ app_init ] --END-- [ RunTime:0.000365s ]

[ 2017-06-07T19:03:33+08:00 ] 127.0.0.1 /index.php/Home/Shop/goodsOrder.html
INFO: [ app_init ] --START--
INFO: Run Behavior\BuildLiteBehavior [ RunTime:0.000006s ]
INFO: [ app_init ] --END-- [ RunTime:0.000324s ]

[ 2017-06-07T19:03:42+08:00 ] 127.0.0.1 /index.php/Home/Shop/goodsOrder.html
INFO: [ app_init ] --START--
INFO: Run Behavior\BuildLiteBehavior [ RunTime:0.000010s ]
INFO: [ app_init ] --END-- [ RunTime:0.000454s ]

[ 2017-06-07T19:03:50+08:00 ] 127.0.0.1 /index.php/Home/Shop/goodsOrder.html
INFO: [ app_init ] --START--
INFO: Run Behavior\BuildLiteBehavior [ RunTime:0.000006s ]
INFO: [ app_init ] --END-- [ RunTime:0.000256s ]

[ 2017-06-07T19:03:59+08:00 ] 127.0.0.1 /index.php/Home/Shop/goodsOrder.html
INFO: [ app_init ] --START--
INFO: Run Behavior\BuildLiteBehavior [ RunTime:0.000006s ]
INFO: [ app_init ] --END-- [ RunTime:0.000244s ]

[ 2017-06-07T19:16:20+08:00 ] 127.0.0.1 /index.php/Home/Shop/goodsOrder.html
INFO: [ app_init ] --START--
INFO: Run Behavior\BuildLiteBehavior [ RunTime:0.000020s ]
INFO: [ app_init ] --END-- [ RunTime:0.000655s ]

[ 2017-06-07T19:20:56+08:00 ] 127.0.0.1 /index.php/Home/Shop/goodsOrder.html
INFO: [ app_init ] --START--
INFO: Run Behavior\BuildLiteBehavior [ RunTime:0.000039s ]
INFO: [ app_init ] --END-- [ RunTime:0.000842s ]

[ 2017-06-07T19:21:00+08:00 ] 127.0.0.1 /index.php/Home/Shop/goodsOrder.html
INFO: [ app_init ] --START--
INFO: Run Behavior\BuildLiteBehavior [ RunTime:0.000007s ]
INFO: [ app_init ] --END-- [ RunTime:0.000254s ]

[ 2017-06-07T19:21:01+08:00 ] 127.0.0.1 /index.php/Home/Shop/goodsOrder.html
INFO: [ app_init ] --START--
INFO: Run Behavior\BuildLiteBehavior [ RunTime:0.000007s ]
INFO: [ app_init ] --END-- [ RunTime:0.000276s ]

[ 2017-06-07T19:25:45+08:00 ] 127.0.0.1 /index.php/Home/Shop/goodsOrder.html
INFO: [ app_init ] --START--
INFO: Run Behavior\BuildLiteBehavior [ RunTime:0.000008s ]
INFO: [ app_init ] --END-- [ RunTime:0.000343s ]

[ 2017-06-07T19:25:45+08:00 ] 127.0.0.1 /index.php/Home/Shop/fillin.css
INFO: [ app_init ] --START--
INFO: Run Behavior\BuildLiteBehavior [ RunTime:0.000011s ]
INFO: [ app_init ] --END-- [ RunTime:0.000395s ]
ERR: 非法操作:fillin.css

[ 2017-06-07T19:25:45+08:00 ] 127.0.0.1 /index.php/Home/Shop/cart2.js
INFO: [ app_init ] --START--
INFO: Run Behavior\BuildLiteBehavior [ RunTime:0.000011s ]
INFO: [ app_init ] --END-- [ RunTime:0.000494s ]
ERR: 非法操作:cart2.js

[ 2017-06-07T19:25:45+08:00 ] 127.0.0.1 /index.php/Home/Shop/Public/upload/logo/2017-06-04/small_5933c8cb79899.png
INFO: [ app_init ] --START--
INFO: Run Behavior\BuildLiteBehavior [ RunTime:0.000021s ]
INFO: [ app_init ] --END-- [ RunTime:0.000739s ]

[ 2017-06-07T19:25:45+08:00 ] 127.0.0.1 /index.php/Home/Shop/Public/upload/logo/2017-06-04/small_5933c49d62e65.png
INFO: [ app_init ] --START--
INFO: Run Behavior\BuildLiteBehavior [ RunTime:0.000009s ]
INFO: [ app_init ] --END-- [ RunTime:0.000366s ]

[ 2017-06-07T19:25:45+08:00 ] 127.0.0.1 /index.php/Home/Shop/cart2.js
INFO: [ app_init ] --START--
INFO: Run Behavior\BuildLiteBehavior [ RunTime:0.000008s ]
INFO: [ app_init ] --END-- [ RunTime:0.000320s ]
ERR: 非法操作:cart2.js

[ 2017-06-07T19:25:45+08:00 ] 127.0.0.1 /index.php/Home/Shop/Public/upload/logo/2017-06-04/small_5933c8cb79899.png
INFO: [ app_init ] --START--
INFO: Run Behavior\BuildLiteBehavior [ RunTime:0.000011s ]
INFO: [ app_init ] --END-- [ RunTime:0.000418s ]

[ 2017-06-07T19:25:45+08:00 ] 127.0.0.1 /index.php/Home/Shop/Public/upload/logo/2017-06-04/small_5933c49d62e65.png
INFO: [ app_init ] --START--
INFO: Run Behavior\BuildLiteBehavior [ RunTime:0.000012s ]
INFO: [ app_init ] --END-- [ RunTime:0.000419s ]

[ 2017-06-07T19:26:53+08:00 ] 127.0.0.1 /index.php/Home/Shop/goodsOrder.html
INFO: [ app_init ] --START--
INFO: Run Behavior\BuildLiteBehavior [ RunTime:0.000008s ]
INFO: [ app_init ] --END-- [ RunTime:0.000300s ]

[ 2017-06-07T19:27:03+08:00 ] 127.0.0.1 /index.php/Home/Shop/goodsOrder.html
INFO: [ app_init ] --START--
INFO: Run Behavior\BuildLiteBehavior [ RunTime:0.000006s ]
INFO: [ app_init ] --END-- [ RunTime:0.000241s ]

[ 2017-06-07T19:30:29+08:00 ] 127.0.0.1 /index.php/Home/Shop/goodsOrder.html
INFO: [ app_init ] --START--
INFO: Run Behavior\BuildLiteBehavior [ RunTime:0.000006s ]
INFO: [ app_init ] --END-- [ RunTime:0.000312s ]

[ 2017-06-07T19:35:22+08:00 ] 127.0.0.1 /index.php/Home/Shop/goodsOrder.html
INFO: [ app_init ] --START--
INFO: Run Behavior\BuildLiteBehavior [ RunTime:0.000007s ]
INFO: [ app_init ] --END-- [ RunTime:0.000324s ]

[ 2017-06-07T19:53:03+08:00 ] 127.0.0.1 /index.php/Home/Shop/goodsOrder.html
INFO: [ app_init ] --START--
INFO: Run Behavior\BuildLiteBehavior [ RunTime:0.000041s ]
INFO: [ app_init ] --END-- [ RunTime:0.000516s ]

[ 2017-06-07T19:53:12+08:00 ] 127.0.0.1 /index.php/Home/
INFO: [ app_init ] --START--
INFO: Run Behavior\BuildLiteBehavior [ RunTime:0.000009s ]
INFO: [ app_init ] --END-- [ RunTime:0.000406s ]

[ 2017-06-07T19:53:13+08:00 ] 127.0.0.1 /index.php/Home/
INFO: [ app_init ] --START--
INFO: Run Behavior\BuildLiteBehavior [ RunTime:0.000006s ]
INFO: [ app_init ] --END-- [ RunTime:0.000245s ]

[ 2017-06-07T19:53:16+08:00 ] 127.0.0.1 /index.php/Home/
INFO: [ app_init ] --START--
INFO: Run Behavior\BuildLiteBehavior [ RunTime:0.000006s ]
INFO: [ app_init ] --END-- [ RunTime:0.000252s ]

[ 2017-06-07T19:53:17+08:00 ] 127.0.0.1 /index.php/Home/
INFO: [ app_init ] --START--
INFO: Run Behavior\BuildLiteBehavior [ RunTime:0.000007s ]
INFO: [ app_init ] --END-- [ RunTime:0.000271s ]

[ 2017-06-07T19:53:19+08:00 ] 127.0.0.1 /index.php/Home/Goods/showlist.html
INFO: [ app_init ] --START--
INFO: Run Behavior\BuildLiteBehavior [ RunTime:0.000022s ]
INFO: [ app_init ] --END-- [ RunTime:0.000644s ]

[ 2017-06-07T19:53:22+08:00 ] 127.0.0.1 /index.php/Home/Goods/detail/goods_id/27.html
INFO: [ app_init ] --START--
INFO: Run Behavior\BuildLiteBehavior [ RunTime:0.000007s ]
INFO: [ app_init ] --END-- [ RunTime:0.000253s ]

[ 2017-06-07T19:53:25+08:00 ] 127.0.0.1 /index.php/Home/Shop/addCart
INFO: [ app_init ] --START--
INFO: Run Behavior\BuildLiteBehavior [ RunTime:0.000006s ]
INFO: [ app_init ] --END-- [ RunTime:0.000237s ]
INFO: [ app_begin ] --START--
INFO: Run Behavior\ReadHtmlCacheBehavior [ RunTime:0.000288s ]
INFO: [ app_begin ] --END-- [ RunTime:0.000312s ]
SQL: SHOW COLUMNS FROM `sp_goods` [ RunTime:0.0284s ]
SQL: SELECT * FROM `sp_goods` WHERE `goods_id` = 27 LIMIT 1   [ RunTime:0.0005s ]
NOTIC: [8] A session had already been started - ignoring session_start() D:\web\tpshop\App\Home\Common\Cart.class.php 第 23 行.

[ 2017-06-07T19:53:27+08:00 ] 127.0.0.1 /index.php/Home/Shop/viewCart.html
INFO: [ app_init ] --START--
INFO: Run Behavior\BuildLiteBehavior [ RunTime:0.000006s ]
INFO: [ app_init ] --END-- [ RunTime:0.000257s ]

[ 2017-06-07T19:53:30+08:00 ] 127.0.0.1 /index.php/Home/Shop/goodsOrder.html
INFO: [ app_init ] --START--
INFO: Run Behavior\BuildLiteBehavior [ RunTime:0.000007s ]
INFO: [ app_init ] --END-- [ RunTime:0.000262s ]

[ 2017-06-07T19:54:31+08:00 ] 127.0.0.1 /index.php/Home/Shop/goodsOrder.html
INFO: [ app_init ] --START--
INFO: Run Behavior\BuildLiteBehavior [ RunTime:0.000007s ]
INFO: [ app_init ] --END-- [ RunTime:0.000245s ]
ERR: syntax error, unexpected ','

[ 2017-06-07T19:54:54+08:00 ] 127.0.0.1 /index.php/Home/Shop/goodsOrder.html
INFO: [ app_init ] --START--
INFO: Run Behavior\BuildLiteBehavior [ RunTime:0.000008s ]
INFO: [ app_init ] --END-- [ RunTime:0.000272s ]
ERR: syntax error, unexpected '}', expecting ',' or ';'

[ 2017-06-07T19:55:07+08:00 ] 127.0.0.1 /index.php/Home/Shop/goodsOrder.html
INFO: [ app_init ] --START--
INFO: Run Behavior\BuildLiteBehavior [ RunTime:0.000007s ]
INFO: [ app_init ] --END-- [ RunTime:0.000319s ]
ERR: Call to a member function delAll() on null

[ 2017-06-07T19:55:28+08:00 ] 127.0.0.1 /index.php/Home/Shop/goodsOrder.html
INFO: [ app_init ] --START--
INFO: Run Behavior\BuildLiteBehavior [ RunTime:0.000006s ]
INFO: [ app_init ] --END-- [ RunTime:0.000256s ]
ERR: Call to a member function delAll() on array

[ 2017-06-07T19:56:21+08:00 ] 127.0.0.1 /index.php/Home/Shop/goodsOrder.html
INFO: [ app_init ] --START--
INFO: Run Behavior\BuildLiteBehavior [ RunTime:0.000010s ]
INFO: [ app_init ] --END-- [ RunTime:0.000328s ]
ERR: syntax error, unexpected 'Home' (T_STRING)

[ 2017-06-07T19:56:42+08:00 ] 127.0.0.1 /index.php/Home/Shop/goodsOrder.html
INFO: [ app_init ] --START--
INFO: Run Behavior\BuildLiteBehavior [ RunTime:0.000006s ]
INFO: [ app_init ] --END-- [ RunTime:0.000240s ]

[ 2017-06-07T20:07:46+08:00 ] 127.0.0.1 /index.php/Home/Shop/goodsOrder.html
INFO: [ app_init ] --START--
INFO: Run Behavior\BuildLiteBehavior [ RunTime:0.000007s ]
INFO: [ app_init ] --END-- [ RunTime:0.000304s ]

[ 2017-06-07T20:09:16+08:00 ] 127.0.0.1 /index.php/Home/Shop/goodsOrder.html
INFO: [ app_init ] --START--
INFO: Run Behavior\BuildLiteBehavior [ RunTime:0.000006s ]
INFO: [ app_init ] --END-- [ RunTime:0.000274s ]

[ 2017-06-07T20:09:45+08:00 ] 127.0.0.1 /index.php/Home/Shop/goodsOrder.html
INFO: [ app_init ] --START--
INFO: Run Behavior\BuildLiteBehavior [ RunTime:0.000006s ]
INFO: [ app_init ] --END-- [ RunTime:0.000244s ]

[ 2017-06-07T20:12:17+08:00 ] 127.0.0.1 /index.php/Home/Shop/goodsOrder.html
INFO: [ app_init ] --START--
INFO: Run Behavior\BuildLiteBehavior [ RunTime:0.000026s ]
INFO: [ app_init ] --END-- [ RunTime:0.000938s ]

[ 2017-06-07T20:12:23+08:00 ] 127.0.0.1 /index.php/Home/Shop/goodsOrder.html
INFO: [ app_init ] --START--
INFO: Run Behavior\BuildLiteBehavior [ RunTime:0.000006s ]
INFO: [ app_init ] --END-- [ RunTime:0.000246s ]

[ 2017-06-07T20:12:27+08:00 ] 127.0.0.1 /index.php/Home/Shop/goodsOrder.html
INFO: [ app_init ] --START--
INFO: Run Behavior\BuildLiteBehavior [ RunTime:0.000010s ]
INFO: [ app_init ] --END-- [ RunTime:0.000247s ]

[ 2017-06-07T20:12:33+08:00 ] 127.0.0.1 /index.php/Home/
INFO: [ app_init ] --START--
INFO: Run Behavior\BuildLiteBehavior [ RunTime:0.000013s ]
INFO: [ app_init ] --END-- [ RunTime:0.000507s ]

[ 2017-06-07T20:12:39+08:00 ] 127.0.0.1 /index.php/Home/Goods/showlist.html
INFO: [ app_init ] --START--
INFO: Run Behavior\BuildLiteBehavior [ RunTime:0.000007s ]
INFO: [ app_init ] --END-- [ RunTime:0.000281s ]

[ 2017-06-07T20:12:42+08:00 ] 127.0.0.1 /index.php/Home/Goods/detail/goods_id/29.html
INFO: [ app_init ] --START--
INFO: Run Behavior\BuildLiteBehavior [ RunTime:0.000008s ]
INFO: [ app_init ] --END-- [ RunTime:0.000319s ]

[ 2017-06-07T20:12:45+08:00 ] 127.0.0.1 /index.php/Home/Shop/addCart
INFO: [ app_init ] --START--
INFO: Run Behavior\BuildLiteBehavior [ RunTime:0.000006s ]
INFO: [ app_init ] --END-- [ RunTime:0.000245s ]
INFO: [ app_begin ] --START--
INFO: Run Behavior\ReadHtmlCacheBehavior [ RunTime:0.000288s ]
INFO: [ app_begin ] --END-- [ RunTime:0.000311s ]
SQL: SHOW COLUMNS FROM `sp_goods` [ RunTime:0.0303s ]
SQL: SELECT * FROM `sp_goods` WHERE `goods_id` = 29 LIMIT 1   [ RunTime:0.0005s ]
NOTIC: [8] A session had already been started - ignoring session_start() D:\web\tpshop\App\Home\Common\Cart.class.php 第 23 行.

[ 2017-06-07T20:12:47+08:00 ] 127.0.0.1 /index.php/Home/Shop/viewCart.html
INFO: [ app_init ] --START--
INFO: Run Behavior\BuildLiteBehavior [ RunTime:0.000012s ]
INFO: [ app_init ] --END-- [ RunTime:0.000464s ]

[ 2017-06-07T20:12:49+08:00 ] 127.0.0.1 /index.php/Home/Shop/goodsOrder.html
INFO: [ app_init ] --START--
INFO: Run Behavior\BuildLiteBehavior [ RunTime:0.000008s ]
INFO: [ app_init ] --END-- [ RunTime:0.000297s ]

[ 2017-06-07T20:12:53+08:00 ] 127.0.0.1 /index.php/Home/Shop/goodsOrder.html
INFO: [ app_init ] --START--
INFO: Run Behavior\BuildLiteBehavior [ RunTime:0.000007s ]
INFO: [ app_init ] --END-- [ RunTime:0.000283s ]

[ 2017-06-07T20:13:09+08:00 ] 127.0.0.1 /index.php/Home/Shop/goodsOrder.html
INFO: [ app_init ] --START--
INFO: Run Behavior\BuildLiteBehavior [ RunTime:0.000007s ]
INFO: [ app_init ] --END-- [ RunTime:0.000244s ]

[ 2017-06-07T20:13:15+08:00 ] 127.0.0.1 /index.php/Home/Shop/addCart
INFO: [ app_init ] --START--
INFO: Run Behavior\BuildLiteBehavior [ RunTime:0.000007s ]
INFO: [ app_init ] --END-- [ RunTime:0.000298s ]
INFO: [ app_begin ] --START--
INFO: Run Behavior\ReadHtmlCacheBehavior [ RunTime:0.000415s ]
INFO: [ app_begin ] --END-- [ RunTime:0.000445s ]
SQL: SHOW COLUMNS FROM `sp_goods` [ RunTime:0.0179s ]
SQL: SELECT * FROM `sp_goods` WHERE `goods_id` = 29 LIMIT 1   [ RunTime:0.0003s ]
NOTIC: [8] A session had already been started - ignoring session_start() D:\web\tpshop\App\Home\Common\Cart.class.php 第 23 行.

[ 2017-06-07T20:13:17+08:00 ] 127.0.0.1 /index.php/Home/Shop/viewCart.html
INFO: [ app_init ] --START--
INFO: Run Behavior\BuildLiteBehavior [ RunTime:0.000007s ]
INFO: [ app_init ] --END-- [ RunTime:0.000292s ]

[ 2017-06-07T20:13:20+08:00 ] 127.0.0.1 /index.php/Home/Shop/goodsOrder.html
INFO: [ app_init ] --START--
INFO: Run Behavior\BuildLiteBehavior [ RunTime:0.000008s ]
INFO: [ app_init ] --END-- [ RunTime:0.000258s ]

[ 2017-06-07T20:13:24+08:00 ] 127.0.0.1 /index.php/Home/Shop/goodsOrder.html
INFO: [ app_init ] --START--
INFO: Run Behavior\BuildLiteBehavior [ RunTime:0.000006s ]
INFO: [ app_init ] --END-- [ RunTime:0.000238s ]

[ 2017-06-07T20:13:44+08:00 ] 127.0.0.1 /index.php/Home/Shop/addCart
INFO: [ app_init ] --START--
INFO: Run Behavior\BuildLiteBehavior [ RunTime:0.000006s ]
INFO: [ app_init ] --END-- [ RunTime:0.000239s ]
INFO: [ app_begin ] --START--
INFO: Run Behavior\ReadHtmlCacheBehavior [ RunTime:0.000290s ]
INFO: [ app_begin ] --END-- [ RunTime:0.000312s ]
SQL: SHOW COLUMNS FROM `sp_goods` [ RunTime:0.0339s ]
SQL: SELECT * FROM `sp_goods` WHERE `goods_id` = 29 LIMIT 1   [ RunTime:0.0007s ]
NOTIC: [8] A session had already been started - ignoring session_start() D:\web\tpshop\App\Home\Common\Cart.class.php 第 23 行.

[ 2017-06-07T20:13:46+08:00 ] 127.0.0.1 /index.php/Home/Shop/viewCart.html
INFO: [ app_init ] --START--
INFO: Run Behavior\BuildLiteBehavior [ RunTime:0.000010s ]
INFO: [ app_init ] --END-- [ RunTime:0.000338s ]

[ 2017-06-07T20:13:49+08:00 ] 127.0.0.1 /index.php/Home/Shop/goodsOrder.html
INFO: [ app_init ] --START--
INFO: Run Behavior\BuildLiteBehavior [ RunTime:0.000007s ]
INFO: [ app_init ] --END-- [ RunTime:0.000246s ]

[ 2017-06-07T20:13:54+08:00 ] 127.0.0.1 /index.php/Home/Shop/goodsOrder.html
INFO: [ app_init ] --START--
INFO: Run Behavior\BuildLiteBehavior [ RunTime:0.000006s ]
INFO: [ app_init ] --END-- [ RunTime:0.000253s ]

[ 2017-06-07T20:16:43+08:00 ] 127.0.0.1 /index.php/Home/Shop/addCart
INFO: [ app_init ] --START--
INFO: Run Behavior\BuildLiteBehavior [ RunTime:0.000009s ]
INFO: [ app_init ] --END-- [ RunTime:0.000356s ]
INFO: [ app_begin ] --START--
INFO: Run Behavior\ReadHtmlCacheBehavior [ RunTime:0.000388s ]
INFO: [ app_begin ] --END-- [ RunTime:0.000415s ]
SQL: SHOW COLUMNS FROM `sp_goods` [ RunTime:0.0188s ]
SQL: SELECT * FROM `sp_goods` WHERE `goods_id` = 29 LIMIT 1   [ RunTime:0.0004s ]
NOTIC: [8] A session had already been started - ignoring session_start() D:\web\tpshop\App\Home\Common\Cart.class.php 第 23 行.

[ 2017-06-07T20:16:46+08:00 ] 127.0.0.1 /index.php/Home/Shop/viewCart.html
INFO: [ app_init ] --START--
INFO: Run Behavior\BuildLiteBehavior [ RunTime:0.000009s ]
INFO: [ app_init ] --END-- [ RunTime:0.000287s ]

[ 2017-06-07T20:16:49+08:00 ] 127.0.0.1 /index.php/Home/Shop/goodsOrder.html
INFO: [ app_init ] --START--
INFO: Run Behavior\BuildLiteBehavior [ RunTime:0.000007s ]
INFO: [ app_init ] --END-- [ RunTime:0.000266s ]

[ 2017-06-07T20:16:51+08:00 ] 127.0.0.1 /index.php/Home/Shop/goodsOrder.html
INFO: [ app_init ] --START--
INFO: Run Behavior\BuildLiteBehavior [ RunTime:0.000006s ]
INFO: [ app_init ] --END-- [ RunTime:0.000250s ]
ERR: syntax error, unexpected '}', expecting ',' or ';'

[ 2017-06-07T20:17:04+08:00 ] 127.0.0.1 /index.php/Home/Shop/goodsOrder.html
INFO: [ app_init ] --START--
INFO: Run Behavior\BuildLiteBehavior [ RunTime:0.000007s ]
INFO: [ app_init ] --END-- [ RunTime:0.000259s ]

[ 2017-06-07T20:17:11+08:00 ] 127.0.0.1 /index.php/Home/Shop/goodsOrder.html
INFO: [ app_init ] --START--
INFO: Run Behavior\BuildLiteBehavior [ RunTime:0.000006s ]
INFO: [ app_init ] --END-- [ RunTime:0.000260s ]

[ 2017-06-07T20:17:15+08:00 ] 127.0.0.1 /index.php/Home/Shop/addCart
INFO: [ app_init ] --START--
INFO: Run Behavior\BuildLiteBehavior [ RunTime:0.000006s ]
INFO: [ app_init ] --END-- [ RunTime:0.000249s ]
INFO: [ app_begin ] --START--
INFO: Run Behavior\ReadHtmlCacheBehavior [ RunTime:0.000290s ]
INFO: [ app_begin ] --END-- [ RunTime:0.000312s ]
SQL: SHOW COLUMNS FROM `sp_goods` [ RunTime:0.0319s ]
SQL: SELECT * FROM `sp_goods` WHERE `goods_id` = 29 LIMIT 1   [ RunTime:0.0007s ]
NOTIC: [8] A session had already been started - ignoring session_start() D:\web\tpshop\App\Home\Common\Cart.class.php 第 23 行.

[ 2017-06-07T20:17:18+08:00 ] 127.0.0.1 /index.php/Home/Shop/viewCart.html
INFO: [ app_init ] --START--
INFO: Run Behavior\BuildLiteBehavior [ RunTime:0.000075s ]
INFO: [ app_init ] --END-- [ RunTime:0.001013s ]

[ 2017-06-07T20:17:23+08:00 ] 127.0.0.1 /index.php/Home/Goods/showlist.html
INFO: [ app_init ] --START--
INFO: Run Behavior\BuildLiteBehavior [ RunTime:0.000006s ]
INFO: [ app_init ] --END-- [ RunTime:0.000254s ]

[ 2017-06-07T20:17:29+08:00 ] 127.0.0.1 /index.php/Home/Goods/detail/goods_id/27.html
INFO: [ app_init ] --START--
INFO: Run Behavior\BuildLiteBehavior [ RunTime:0.000007s ]
INFO: [ app_init ] --END-- [ RunTime:0.000264s ]

[ 2017-06-07T20:17:31+08:00 ] 127.0.0.1 /index.php/Home/Shop/addCart
INFO: [ app_init ] --START--
INFO: Run Behavior\BuildLiteBehavior [ RunTime:0.000007s ]
INFO: [ app_init ] --END-- [ RunTime:0.000242s ]
INFO: [ app_begin ] --START--
INFO: Run Behavior\ReadHtmlCacheBehavior [ RunTime:0.000293s ]
INFO: [ app_begin ] --END-- [ RunTime:0.000315s ]
SQL: SHOW COLUMNS FROM `sp_goods` [ RunTime:0.0294s ]
SQL: SELECT * FROM `sp_goods` WHERE `goods_id` = 27 LIMIT 1   [ RunTime:0.0005s ]
NOTIC: [8] A session had already been started - ignoring session_start() D:\web\tpshop\App\Home\Common\Cart.class.php 第 23 行.

[ 2017-06-07T20:17:34+08:00 ] 127.0.0.1 /index.php/Home/Shop/viewCart.html
INFO: [ app_init ] --START--
INFO: Run Behavior\BuildLiteBehavior [ RunTime:0.000008s ]
INFO: [ app_init ] --END-- [ RunTime:0.000328s ]

[ 2017-06-07T20:17:38+08:00 ] 127.0.0.1 /index.php/Home/Shop/goodsOrder.html
INFO: [ app_init ] --START--
INFO: Run Behavior\BuildLiteBehavior [ RunTime:0.000007s ]
INFO: [ app_init ] --END-- [ RunTime:0.000262s ]

[ 2017-06-07T20:17:59+08:00 ] 127.0.0.1 /index.php/Home/Shop/goodsOrder.html
INFO: [ app_init ] --START--
INFO: Run Behavior\BuildLiteBehavior [ RunTime:0.000008s ]
INFO: [ app_init ] --END-- [ RunTime:0.000296s ]

[ 2017-06-07T20:20:32+08:00 ] 127.0.0.1 /index.php/Home/Shop/goodsOrder.html
INFO: [ app_init ] --START--
INFO: Run Behavior\BuildLiteBehavior [ RunTime:0.000014s ]
INFO: [ app_init ] --END-- [ RunTime:0.000508s ]

[ 2017-06-07T20:20:42+08:00 ] 127.0.0.1 /index.php/Home/Goods/showlist.html
INFO: [ app_init ] --START--
INFO: Run Behavior\BuildLiteBehavior [ RunTime:0.000031s ]
INFO: [ app_init ] --END-- [ RunTime:0.000904s ]

[ 2017-06-07T20:20:45+08:00 ] 127.0.0.1 /index.php/Home/Goods/detail/goods_id/29.html
INFO: [ app_init ] --START--
INFO: Run Behavior\BuildLiteBehavior [ RunTime:0.000006s ]
INFO: [ app_init ] --END-- [ RunTime:0.000245s ]

[ 2017-06-07T20:20:47+08:00 ] 127.0.0.1 /index.php/Home/Shop/addCart
INFO: [ app_init ] --START--
INFO: Run Behavior\BuildLiteBehavior [ RunTime:0.000010s ]
INFO: [ app_init ] --END-- [ RunTime:0.000344s ]
INFO: [ app_begin ] --START--
INFO: Run Behavior\ReadHtmlCacheBehavior [ RunTime:0.000390s ]
INFO: [ app_begin ] --END-- [ RunTime:0.000418s ]
SQL: SHOW COLUMNS FROM `sp_goods` [ RunTime:0.0336s ]
SQL: SELECT * FROM `sp_goods` WHERE `goods_id` = 29 LIMIT 1   [ RunTime:0.0006s ]
NOTIC: [8] A session had already been started - ignoring session_start() D:\web\tpshop\App\Home\Common\Cart.class.php 第 23 行.

[ 2017-06-07T20:20:51+08:00 ] 127.0.0.1 /index.php/Home/Goods/detail/goods_id/28.html
INFO: [ app_init ] --START--
INFO: Run Behavior\BuildLiteBehavior [ RunTime:0.000006s ]
INFO: [ app_init ] --END-- [ RunTime:0.000272s ]

[ 2017-06-07T20:21:00+08:00 ] 127.0.0.1 /index.php/Home/Shop/addCart
INFO: [ app_init ] --START--
INFO: Run Behavior\BuildLiteBehavior [ RunTime:0.000007s ]
INFO: [ app_init ] --END-- [ RunTime:0.000262s ]
INFO: [ app_begin ] --START--
INFO: Run Behavior\ReadHtmlCacheBehavior [ RunTime:0.000307s ]
INFO: [ app_begin ] --END-- [ RunTime:0.000331s ]
SQL: SHOW COLUMNS FROM `sp_goods` [ RunTime:0.0331s ]
SQL: SELECT * FROM `sp_goods` WHERE `goods_id` = 28 LIMIT 1   [ RunTime:0.0005s ]
NOTIC: [8] A session had already been started - ignoring session_start() D:\web\tpshop\App\Home\Common\Cart.class.php 第 23 行.

[ 2017-06-07T20:21:06+08:00 ] 127.0.0.1 /index.php/Home/Shop/viewCart.html
INFO: [ app_init ] --START--
INFO: Run Behavior\BuildLiteBehavior [ RunTime:0.000008s ]
INFO: [ app_init ] --END-- [ RunTime:0.000336s ]

[ 2017-06-07T20:21:08+08:00 ] 127.0.0.1 /index.php/Home/Shop/changeNumber
INFO: [ app_init ] --START--
INFO: Run Behavior\BuildLiteBehavior [ RunTime:0.000006s ]
INFO: [ app_init ] --END-- [ RunTime:0.000256s ]
INFO: [ app_begin ] --START--
INFO: Run Behavior\ReadHtmlCacheBehavior [ RunTime:0.000312s ]
INFO: [ app_begin ] --END-- [ RunTime:0.000338s ]
NOTIC: [8] A session had already been started - ignoring session_start() D:\web\tpshop\App\Home\Common\Cart.class.php 第 23 行.

[ 2017-06-07T20:21:16+08:00 ] 127.0.0.1 /index.php/Home/Shop/changeNumber
INFO: [ app_init ] --START--
INFO: Run Behavior\BuildLiteBehavior [ RunTime:0.000007s ]
INFO: [ app_init ] --END-- [ RunTime:0.000300s ]
INFO: [ app_begin ] --START--
INFO: Run Behavior\ReadHtmlCacheBehavior [ RunTime:0.000387s ]
INFO: [ app_begin ] --END-- [ RunTime:0.000417s ]
NOTIC: [8] A session had already been started - ignoring session_start() D:\web\tpshop\App\Home\Common\Cart.class.php 第 23 行.

[ 2017-06-07T20:21:17+08:00 ] 127.0.0.1 /index.php/Home/Shop/changeNumber
INFO: [ app_init ] --START--
INFO: Run Behavior\BuildLiteBehavior [ RunTime:0.000006s ]
INFO: [ app_init ] --END-- [ RunTime:0.000240s ]
INFO: [ app_begin ] --START--
INFO: Run Behavior\ReadHtmlCacheBehavior [ RunTime:0.000298s ]
INFO: [ app_begin ] --END-- [ RunTime:0.000319s ]
NOTIC: [8] A session had already been started - ignoring session_start() D:\web\tpshop\App\Home\Common\Cart.class.php 第 23 行.

[ 2017-06-07T20:21:18+08:00 ] 127.0.0.1 /index.php/Home/Shop/changeNumber
INFO: [ app_init ] --START--
INFO: Run Behavior\BuildLiteBehavior [ RunTime:0.000007s ]
INFO: [ app_init ] --END-- [ RunTime:0.000256s ]
INFO: [ app_begin ] --START--
INFO: Run Behavior\ReadHtmlCacheBehavior [ RunTime:0.000311s ]
INFO: [ app_begin ] --END-- [ RunTime:0.000336s ]
NOTIC: [8] A session had already been started - ignoring session_start() D:\web\tpshop\App\Home\Common\Cart.class.php 第 23 行.

[ 2017-06-07T20:21:21+08:00 ] 127.0.0.1 /index.php/Home/Shop/goodsOrder.html
INFO: [ app_init ] --START--
INFO: Run Behavior\BuildLiteBehavior [ RunTime:0.000006s ]
INFO: [ app_init ] --END-- [ RunTime:0.000254s ]

[ 2017-06-07T20:21:26+08:00 ] 127.0.0.1 /index.php/Home/Shop/goodsOrder.html
INFO: [ app_init ] --START--
INFO: Run Behavior\BuildLiteBehavior [ RunTime:0.000007s ]
INFO: [ app_init ] --END-- [ RunTime:0.000261s ]
ERR: syntax error, unexpected 'foreach' (T_FOREACH)

[ 2017-06-07T20:21:55+08:00 ] 127.0.0.1 /index.php/Home/Shop/goodsOrder.html
INFO: [ app_init ] --START--
INFO: Run Behavior\BuildLiteBehavior [ RunTime:0.000008s ]
INFO: [ app_init ] --END-- [ RunTime:0.000321s ]

[ 2017-06-07T20:22:32+08:00 ] 127.0.0.1 /index.php/Home/Shop/goodsOrder.html
INFO: [ app_init ] --START--
INFO: Run Behavior\BuildLiteBehavior [ RunTime:0.000007s ]
INFO: [ app_init ] --END-- [ RunTime:0.000267s ]

[ 2017-06-07T20:22:36+08:00 ] 127.0.0.1 /index.php/Home/Shop/goodsOrder.html
INFO: [ app_init ] --START--
INFO: Run Behavior\BuildLiteBehavior [ RunTime:0.000006s ]
INFO: [ app_init ] --END-- [ RunTime:0.000299s ]

[ 2017-06-07T20:22:42+08:00 ] 127.0.0.1 /index.php/Home/Shop/addCart
INFO: [ app_init ] --START--
INFO: Run Behavior\BuildLiteBehavior [ RunTime:0.000006s ]
INFO: [ app_init ] --END-- [ RunTime:0.000237s ]
INFO: [ app_begin ] --START--
INFO: Run Behavior\ReadHtmlCacheBehavior [ RunTime:0.000288s ]
INFO: [ app_begin ] --END-- [ RunTime:0.000311s ]
SQL: SHOW COLUMNS FROM `sp_goods` [ RunTime:0.0351s ]
SQL: SELECT * FROM `sp_goods` WHERE `goods_id` = 28 LIMIT 1   [ RunTime:0.0006s ]
NOTIC: [8] A session had already been started - ignoring session_start() D:\web\tpshop\App\Home\Common\Cart.class.php 第 23 行.

[ 2017-06-07T20:22:46+08:00 ] 127.0.0.1 /index.php/Home/Shop/addCart
INFO: [ app_init ] --START--
INFO: Run Behavior\BuildLiteBehavior [ RunTime:0.000008s ]
INFO: [ app_init ] --END-- [ RunTime:0.000313s ]
INFO: [ app_begin ] --START--
INFO: Run Behavior\ReadHtmlCacheBehavior [ RunTime:0.000325s ]
INFO: [ app_begin ] --END-- [ RunTime:0.000350s ]
SQL: SHOW COLUMNS FROM `sp_goods` [ RunTime:0.0333s ]
SQL: SELECT * FROM `sp_goods` WHERE `goods_id` = 27 LIMIT 1   [ RunTime:0.0005s ]
NOTIC: [8] A session had already been started - ignoring session_start() D:\web\tpshop\App\Home\Common\Cart.class.php 第 23 行.

[ 2017-06-07T20:22:48+08:00 ] 127.0.0.1 /index.php/Home/Shop/viewCart.html
INFO: [ app_init ] --START--
INFO: Run Behavior\BuildLiteBehavior [ RunTime:0.000011s ]
INFO: [ app_init ] --END-- [ RunTime:0.000424s ]

[ 2017-06-07T20:22:51+08:00 ] 127.0.0.1 /index.php/Home/Shop/goodsOrder.html
INFO: [ app_init ] --START--
INFO: Run Behavior\BuildLiteBehavior [ RunTime:0.000007s ]
INFO: [ app_init ] --END-- [ RunTime:0.000262s ]

[ 2017-06-07T20:22:55+08:00 ] 127.0.0.1 /index.php/Home/Shop/goodsOrder.html
INFO: [ app_init ] --START--
INFO: Run Behavior\BuildLiteBehavior [ RunTime:0.000009s ]
INFO: [ app_init ] --END-- [ RunTime:0.000309s ]

[ 2017-06-07T20:25:32+08:00 ] 127.0.0.1 /index.php/Home/Shop/goodsOrder.html
INFO: [ app_init ] --START--
INFO: Run Behavior\BuildLiteBehavior [ RunTime:0.000007s ]
INFO: [ app_init ] --END-- [ RunTime:0.000337s ]

[ 2017-06-07T20:25:34+08:00 ] 127.0.0.1 /index.php/Home/Shop/goodsOrder.html
INFO: [ app_init ] --START--
INFO: Run Behavior\BuildLiteBehavior [ RunTime:0.000009s ]
INFO: [ app_init ] --END-- [ RunTime:0.000306s ]

[ 2017-06-07T20:25:38+08:00 ] 127.0.0.1 /index.php/Home/Shop/goodsOrder.html
INFO: [ app_init ] --START--
INFO: Run Behavior\BuildLiteBehavior [ RunTime:0.000007s ]
INFO: [ app_init ] --END-- [ RunTime:0.000257s ]

[ 2017-06-07T20:26:12+08:00 ] 127.0.0.1 /index.php/Home/Shop/goodsOrder.html
INFO: [ app_init ] --START--
INFO: Run Behavior\BuildLiteBehavior [ RunTime:0.000012s ]
INFO: [ app_init ] --END-- [ RunTime:0.000486s ]

[ 2017-06-07T20:26:25+08:00 ] 127.0.0.1 /index.php/Home/Goods/showlist.html
INFO: [ app_init ] --START--
INFO: Run Behavior\BuildLiteBehavior [ RunTime:0.000007s ]
INFO: [ app_init ] --END-- [ RunTime:0.000288s ]

[ 2017-06-07T20:26:27+08:00 ] 127.0.0.1 /index.php/Home/shop/viewCart.html
INFO: [ app_init ] --START--
INFO: Run Behavior\BuildLiteBehavior [ RunTime:0.000007s ]
INFO: [ app_init ] --END-- [ RunTime:0.000241s ]

[ 2017-06-07T20:26:33+08:00 ] 127.0.0.1 /index.php/Home/Goods/showlist.html
INFO: [ app_init ] --START--
INFO: Run Behavior\BuildLiteBehavior [ RunTime:0.000006s ]
INFO: [ app_init ] --END-- [ RunTime:0.000249s ]

[ 2017-06-07T20:26:36+08:00 ] 127.0.0.1 /index.php/Home/Goods/detail/goods_id/29.html
INFO: [ app_init ] --START--
INFO: Run Behavior\BuildLiteBehavior [ RunTime:0.000006s ]
INFO: [ app_init ] --END-- [ RunTime:0.000263s ]

[ 2017-06-07T20:26:38+08:00 ] 127.0.0.1 /index.php/Home/Shop/addCart
INFO: [ app_init ] --START--
INFO: Run Behavior\BuildLiteBehavior [ RunTime:0.000006s ]
INFO: [ app_init ] --END-- [ RunTime:0.000241s ]
INFO: [ app_begin ] --START--
INFO: Run Behavior\ReadHtmlCacheBehavior [ RunTime:0.000289s ]
INFO: [ app_begin ] --END-- [ RunTime:0.000312s ]
SQL: SHOW COLUMNS FROM `sp_goods` [ RunTime:0.0308s ]
SQL: SELECT * FROM `sp_goods` WHERE `goods_id` = 29 LIMIT 1   [ RunTime:0.0004s ]
NOTIC: [8] A session had already been started - ignoring session_start() D:\web\tpshop\App\Home\Common\Cart.class.php 第 23 行.

[ 2017-06-07T20:26:42+08:00 ] 127.0.0.1 /index.php/Home/Goods/detail/goods_id/28.html
INFO: [ app_init ] --START--
INFO: Run Behavior\BuildLiteBehavior [ RunTime:0.000007s ]
INFO: [ app_init ] --END-- [ RunTime:0.000248s ]

[ 2017-06-07T20:26:50+08:00 ] 127.0.0.1 /index.php/Home/Shop/addCart
INFO: [ app_init ] --START--
INFO: Run Behavior\BuildLiteBehavior [ RunTime:0.000005s ]
INFO: [ app_init ] --END-- [ RunTime:0.000238s ]
INFO: [ app_begin ] --START--
INFO: Run Behavior\ReadHtmlCacheBehavior [ RunTime:0.000288s ]
INFO: [ app_begin ] --END-- [ RunTime:0.000310s ]
SQL: SHOW COLUMNS FROM `sp_goods` [ RunTime:0.0261s ]
SQL: SELECT * FROM `sp_goods` WHERE `goods_id` = 28 LIMIT 1   [ RunTime:0.0007s ]
NOTIC: [8] A session had already been started - ignoring session_start() D:\web\tpshop\App\Home\Common\Cart.class.php 第 23 行.

[ 2017-06-07T20:26:53+08:00 ] 127.0.0.1 /index.php/Home/Goods/detail/goods_id/27.html
INFO: [ app_init ] --START--
INFO: Run Behavior\BuildLiteBehavior [ RunTime:0.000008s ]
INFO: [ app_init ] --END-- [ RunTime:0.000288s ]

[ 2017-06-07T20:26:55+08:00 ] 127.0.0.1 /index.php/Home/Shop/addCart
INFO: [ app_init ] --START--
INFO: Run Behavior\BuildLiteBehavior [ RunTime:0.000007s ]
INFO: [ app_init ] --END-- [ RunTime:0.000250s ]
INFO: [ app_begin ] --START--
INFO: Run Behavior\ReadHtmlCacheBehavior [ RunTime:0.000294s ]
INFO: [ app_begin ] --END-- [ RunTime:0.000315s ]
SQL: SHOW COLUMNS FROM `sp_goods` [ RunTime:0.0270s ]
SQL: SELECT * FROM `sp_goods` WHERE `goods_id` = 27 LIMIT 1   [ RunTime:0.0006s ]
NOTIC: [8] A session had already been started - ignoring session_start() D:\web\tpshop\App\Home\Common\Cart.class.php 第 23 行.

[ 2017-06-07T20:27:00+08:00 ] 127.0.0.1 /index.php/Home/shop/viewCart.html
INFO: [ app_init ] --START--
INFO: Run Behavior\BuildLiteBehavior [ RunTime:0.000007s ]
INFO: [ app_init ] --END-- [ RunTime:0.000297s ]

[ 2017-06-07T20:27:03+08:00 ] 127.0.0.1 /index.php/Home/Shop/goodsOrder.html
INFO: [ app_init ] --START--
INFO: Run Behavior\BuildLiteBehavior [ RunTime:0.000007s ]
INFO: [ app_init ] --END-- [ RunTime:0.000369s ]

[ 2017-06-07T20:27:07+08:00 ] 127.0.0.1 /index.php/Home/Shop/goodsOrder.html
INFO: [ app_init ] --START--
INFO: Run Behavior\BuildLiteBehavior [ RunTime:0.000006s ]
INFO: [ app_init ] --END-- [ RunTime:0.000249s ]

[ 2017-06-07T20:27:10+08:00 ] 127.0.0.1 /index.php/Home/Shop/goodsOrder.html
INFO: [ app_init ] --START--
INFO: Run Behavior\BuildLiteBehavior [ RunTime:0.000009s ]
INFO: [ app_init ] --END-- [ RunTime:0.000345s ]

[ 2017-06-07T20:28:54+08:00 ] 127.0.0.1 /index.php/Home/Shop/goodsOrder.html
INFO: [ app_init ] --START--
INFO: Run Behavior\BuildLiteBehavior [ RunTime:0.000008s ]
INFO: [ app_init ] --END-- [ RunTime:0.000363s ]

[ 2017-06-07T20:29:15+08:00 ] 127.0.0.1 /index.php/Home/Shop/goodsOrder.html
INFO: [ app_init ] --START--
INFO: Run Behavior\BuildLiteBehavior [ RunTime:0.000016s ]
INFO: [ app_init ] --END-- [ RunTime:0.000306s ]

[ 2017-06-07T20:29:52+08:00 ] 127.0.0.1 /index.php/Home/Shop/goodsOrder.html
INFO: [ app_init ] --START--
INFO: Run Behavior\BuildLiteBehavior [ RunTime:0.000011s ]
INFO: [ app_init ] --END-- [ RunTime:0.000452s ]

[ 2017-06-07T20:29:54+08:00 ] 127.0.0.1 /index.php/Home/Shop/Goods/showlist
INFO: [ app_init ] --START--
INFO: Run Behavior\BuildLiteBehavior [ RunTime:0.000008s ]
INFO: [ app_init ] --END-- [ RunTime:0.000277s ]
ERR: 非法操作:Goods

[ 2017-06-07T20:30:12+08:00 ] 127.0.0.1 /index.php/Home/Goods/showlist.html
INFO: [ app_init ] --START--
INFO: Run Behavior\BuildLiteBehavior [ RunTime:0.000007s ]
INFO: [ app_init ] --END-- [ RunTime:0.000273s ]

[ 2017-06-07T20:30:30+08:00 ] 127.0.0.1 /index.php/Home/shop/viewCart.html
INFO: [ app_init ] --START--
INFO: Run Behavior\BuildLiteBehavior [ RunTime:0.000007s ]
INFO: [ app_init ] --END-- [ RunTime:0.000275s ]

[ 2017-06-07T20:30:33+08:00 ] 127.0.0.1 /index.php/Home/Shop/goodsOrder.html
INFO: [ app_init ] --START--
INFO: Run Behavior\BuildLiteBehavior [ RunTime:0.000007s ]
INFO: [ app_init ] --END-- [ RunTime:0.000252s ]

[ 2017-06-07T20:30:35+08:00 ] 127.0.0.1 /index.php/Home/Shop/Goods/showlist
INFO: [ app_init ] --START--
INFO: Run Behavior\BuildLiteBehavior [ RunTime:0.000007s ]
INFO: [ app_init ] --END-- [ RunTime:0.000320s ]
ERR: 非法操作:Goods

[ 2017-06-07T20:31:00+08:00 ] 127.0.0.1 /index.php/Home/Shop/goodsOrder.html
INFO: [ app_init ] --START--
INFO: Run Behavior\BuildLiteBehavior [ RunTime:0.000011s ]
INFO: [ app_init ] --END-- [ RunTime:0.000317s ]

[ 2017-06-07T20:31:03+08:00 ] 127.0.0.1 /index.php/Home/Goods/showlist.html
INFO: [ app_init ] --START--
INFO: Run Behavior\BuildLiteBehavior [ RunTime:0.000008s ]
INFO: [ app_init ] --END-- [ RunTime:0.000306s ]

[ 2017-06-07T20:35:13+08:00 ] 127.0.0.1 /index.php/Home/Goods/detail/goods_id/28.html
INFO: [ app_init ] --START--
INFO: Run Behavior\BuildLiteBehavior [ RunTime:0.000010s ]
INFO: [ app_init ] --END-- [ RunTime:0.000440s ]

[ 2017-06-07T20:35:21+08:00 ] 127.0.0.1 /index.php/Home/Goods/detail/goods_id/29.html
INFO: [ app_init ] --START--
INFO: Run Behavior\BuildLiteBehavior [ RunTime:0.000007s ]
INFO: [ app_init ] --END-- [ RunTime:0.000265s ]

[ 2017-06-07T20:35:24+08:00 ] 127.0.0.1 /index.php/Home/Shop/addCart
INFO: [ app_init ] --START--
INFO: Run Behavior\BuildLiteBehavior [ RunTime:0.000009s ]
INFO: [ app_init ] --END-- [ RunTime:0.000350s ]
INFO: [ app_begin ] --START--
INFO: Run Behavior\ReadHtmlCacheBehavior [ RunTime:0.000355s ]
INFO: [ app_begin ] --END-- [ RunTime:0.000385s ]
SQL: SHOW COLUMNS FROM `sp_goods` [ RunTime:0.0322s ]
SQL: SELECT * FROM `sp_goods` WHERE `goods_id` = 29 LIMIT 1   [ RunTime:0.0004s ]
NOTIC: [8] A session had already been started - ignoring session_start() D:\web\tpshop\App\Home\Common\Cart.class.php 第 23 行.

[ 2017-06-07T20:35:27+08:00 ] 127.0.0.1 /index.php/Home/Shop/viewCart.html
INFO: [ app_init ] --START--
INFO: Run Behavior\BuildLiteBehavior [ RunTime:0.000023s ]
INFO: [ app_init ] --END-- [ RunTime:0.000831s ]

[ 2017-06-07T20:35:29+08:00 ] 127.0.0.1 /index.php/Home/Shop/goodsOrder.html
INFO: [ app_init ] --START--
INFO: Run Behavior\BuildLiteBehavior [ RunTime:0.000007s ]
INFO: [ app_init ] --END-- [ RunTime:0.000273s ]

[ 2017-06-07T20:35:33+08:00 ] 127.0.0.1 /index.php/Home/Shop/goodsOrder.html
INFO: [ app_init ] --START--
INFO: Run Behavior\BuildLiteBehavior [ RunTime:0.000007s ]
INFO: [ app_init ] --END-- [ RunTime:0.000258s ]

[ 2017-06-07T20:35:33+08:00 ] 127.0.0.1 /index.php/Home/Shop/style/base.css
INFO: [ app_init ] --START--
INFO: Run Behavior\BuildLiteBehavior [ RunTime:0.000013s ]
INFO: [ app_init ] --END-- [ RunTime:0.000419s ]
ERR: 非法操作:style

[ 2017-06-07T20:35:33+08:00 ] 127.0.0.1 /index.php/Home/Shop/style/global.css
INFO: [ app_init ] --START--
INFO: Run Behavior\BuildLiteBehavior [ RunTime:0.000008s ]
INFO: [ app_init ] --END-- [ RunTime:0.000348s ]
ERR: 非法操作:style

[ 2017-06-07T20:35:33+08:00 ] 127.0.0.1 /index.php/Home/Shop/style/header.css
INFO: [ app_init ] --START--
INFO: Run Behavior\BuildLiteBehavior [ RunTime:0.000009s ]
INFO: [ app_init ] --END-- [ RunTime:0.000361s ]
ERR: 非法操作:style

[ 2017-06-07T20:35:33+08:00 ] 127.0.0.1 /index.php/Home/Shop/style/success.css
INFO: [ app_init ] --START--
INFO: Run Behavior\BuildLiteBehavior [ RunTime:0.000008s ]
INFO: [ app_init ] --END-- [ RunTime:0.000361s ]
ERR: 非法操作:style

[ 2017-06-07T20:35:33+08:00 ] 127.0.0.1 /index.php/Home/Shop/style/footer.css
INFO: [ app_init ] --START--
INFO: Run Behavior\BuildLiteBehavior [ RunTime:0.000020s ]
INFO: [ app_init ] --END-- [ RunTime:0.000419s ]
ERR: 非法操作:style

[ 2017-06-07T20:35:33+08:00 ] 127.0.0.1 /index.php/Home/Shop/images/logo.png
INFO: [ app_init ] --START--
INFO: Run Behavior\BuildLiteBehavior [ RunTime:0.000008s ]
INFO: [ app_init ] --END-- [ RunTime:0.000351s ]

[ 2017-06-07T20:35:33+08:00 ] 127.0.0.1 /index.php/Home/Shop/images/xin.png
INFO: [ app_init ] --START--
INFO: Run Behavior\BuildLiteBehavior [ RunTime:0.000012s ]
INFO: [ app_init ] --END-- [ RunTime:0.000506s ]

[ 2017-06-07T20:35:33+08:00 ] 127.0.0.1 /index.php/Home/Shop/images/kexin.jpg
INFO: [ app_init ] --START--
INFO: Run Behavior\BuildLiteBehavior [ RunTime:0.000009s ]
INFO: [ app_init ] --END-- [ RunTime:0.000387s ]

[ 2017-06-07T20:35:33+08:00 ] 127.0.0.1 /index.php/Home/Shop/images/police.jpg
INFO: [ app_init ] --START--
INFO: Run Behavior\BuildLiteBehavior [ RunTime:0.000012s ]
INFO: [ app_init ] --END-- [ RunTime:0.002326s ]

[ 2017-06-07T20:35:33+08:00 ] 127.0.0.1 /index.php/Home/Shop/images/beian.gif
INFO: [ app_init ] --START--
INFO: Run Behavior\BuildLiteBehavior [ RunTime:0.000029s ]
INFO: [ app_init ] --END-- [ RunTime:0.000851s ]

[ 2017-06-07T20:42:08+08:00 ] 127.0.0.1 /index.php/Home/Shop/goodsOrder.html
INFO: [ app_init ] --START--
INFO: Run Behavior\BuildLiteBehavior [ RunTime:0.000009s ]
INFO: [ app_init ] --END-- [ RunTime:0.000429s ]

[ 2017-06-07T20:42:08+08:00 ] 127.0.0.1 /index.php/Home/Shop/images/logo.png
INFO: [ app_init ] --START--
INFO: Run Behavior\BuildLiteBehavior [ RunTime:0.000011s ]
INFO: [ app_init ] --END-- [ RunTime:0.000438s ]

[ 2017-06-07T20:44:59+08:00 ] 127.0.0.1 /index.php/Home/Shop/goodsOrder.html
INFO: [ app_init ] --START--
INFO: Run Behavior\BuildLiteBehavior [ RunTime:0.000007s ]
INFO: [ app_init ] --END-- [ RunTime:0.000307s ]

[ 2017-06-07T20:45:00+08:00 ] 127.0.0.1 /index.php/Home/Shop/images/logo.png
INFO: [ app_init ] --START--
INFO: Run Behavior\BuildLiteBehavior [ RunTime:0.000011s ]
INFO: [ app_init ] --END-- [ RunTime:0.000466s ]

[ 2017-06-07T20:45:28+08:00 ] 127.0.0.1 /index.php/Home/Shop/goodsOrder.html
INFO: [ app_init ] --START--
INFO: Run Behavior\BuildLiteBehavior [ RunTime:0.000007s ]
INFO: [ app_init ] --END-- [ RunTime:0.000256s ]

[ 2017-06-07T20:49:03+08:00 ] 127.0.0.1 /index.php/Home/Shop/goodsOrder.html
INFO: [ app_init ] --START--
INFO: Run Behavior\BuildLiteBehavior [ RunTime:0.000006s ]
INFO: [ app_init ] --END-- [ RunTime:0.000308s ]

[ 2017-06-07T21:19:03+08:00 ] 127.0.0.1 /index.php/Home/Goods/detail/goods_id/29.html
INFO: [ app_init ] --START--
INFO: Run Behavior\BuildLiteBehavior [ RunTime:0.000007s ]
INFO: [ app_init ] --END-- [ RunTime:0.000304s ]

[ 2017-06-07T21:19:06+08:00 ] 127.0.0.1 /index.php/Home/Shop/addCart
INFO: [ app_init ] --START--
INFO: Run Behavior\BuildLiteBehavior [ RunTime:0.000007s ]
INFO: [ app_init ] --END-- [ RunTime:0.000239s ]
INFO: [ app_begin ] --START--
INFO: Run Behavior\ReadHtmlCacheBehavior [ RunTime:0.000288s ]
INFO: [ app_begin ] --END-- [ RunTime:0.000310s ]
SQL: SHOW COLUMNS FROM `sp_goods` [ RunTime:0.0277s ]
SQL: SELECT * FROM `sp_goods` WHERE `goods_id` = 29 LIMIT 1   [ RunTime:0.0006s ]
NOTIC: [8] A session had already been started - ignoring session_start() D:\web\tpshop\App\Home\Common\Cart.class.php 第 23 行.

[ 2017-06-07T21:19:08+08:00 ] 127.0.0.1 /index.php/Home/Shop/viewCart.html
INFO: [ app_init ] --START--
INFO: Run Behavior\BuildLiteBehavior [ RunTime:0.000012s ]
INFO: [ app_init ] --END-- [ RunTime:0.000755s ]

[ 2017-06-07T21:19:10+08:00 ] 127.0.0.1 /index.php/Home/Shop/goodsOrder.html
INFO: [ app_init ] --START--
INFO: Run Behavior\BuildLiteBehavior [ RunTime:0.000007s ]
INFO: [ app_init ] --END-- [ RunTime:0.000334s ]

[ 2017-06-07T21:19:14+08:00 ] 127.0.0.1 /index.php/Home/Shop/goodsOrder.html
INFO: [ app_init ] --START--
INFO: Run Behavior\BuildLiteBehavior [ RunTime:0.000007s ]
INFO: [ app_init ] --END-- [ RunTime:0.000309s ]

[ 2017-06-07T21:19:37+08:00 ] 127.0.0.1 /
INFO: [ app_init ] --START--
INFO: Run Behavior\BuildLiteBehavior [ RunTime:0.000006s ]
INFO: [ app_init ] --END-- [ RunTime:0.000242s ]

[ 2017-06-07T21:40:52+08:00 ] 127.0.0.1 /index.php/Home/Goods/detail/goods_id/29.html
INFO: [ app_init ] --START--
INFO: Run Behavior\BuildLiteBehavior [ RunTime:0.000010s ]
INFO: [ app_init ] --END-- [ RunTime:0.000523s ]

[ 2017-06-07T21:41:11+08:00 ] 127.0.0.1 /index.php/Home/Goods/detail/goods_id/29.html
INFO: [ app_init ] --START--
INFO: Run Behavior\BuildLiteBehavior [ RunTime:0.000012s ]
INFO: [ app_init ] --END-- [ RunTime:0.000836s ]

[ 2017-06-07T21:41:16+08:00 ] 127.0.0.1 /index.php
INFO: [ app_init ] --START--
INFO: Run Behavior\BuildLiteBehavior [ RunTime:0.000011s ]
INFO: [ app_init ] --END-- [ RunTime:0.000443s ]

[ 2017-06-07T21:41:25+08:00 ] 127.0.0.1 /index.php/Home/Goods/showlist.html
INFO: [ app_init ] --START--
INFO: Run Behavior\BuildLiteBehavior [ RunTime:0.000012s ]
INFO: [ app_init ] --END-- [ RunTime:0.000612s ]

[ 2017-06-07T21:41:27+08:00 ] 127.0.0.1 /index.php/Home/Goods/detail/goods_id/29.html
INFO: [ app_init ] --START--
INFO: Run Behavior\BuildLiteBehavior [ RunTime:0.000007s ]
INFO: [ app_init ] --END-- [ RunTime:0.000267s ]

[ 2017-06-07T21:41:35+08:00 ] 127.0.0.1 /index.php/Home/Shop/addCart
INFO: [ app_init ] --START--
INFO: Run Behavior\BuildLiteBehavior [ RunTime:0.000009s ]
INFO: [ app_init ] --END-- [ RunTime:0.000352s ]
INFO: [ app_begin ] --START--
INFO: Run Behavior\ReadHtmlCacheBehavior [ RunTime:0.000433s ]
INFO: [ app_begin ] --END-- [ RunTime:0.000472s ]
SQL: SHOW COLUMNS FROM `sp_goods` [ RunTime:0.0194s ]
SQL: SELECT * FROM `sp_goods` WHERE `goods_id` = 29 LIMIT 1   [ RunTime:0.0004s ]
NOTIC: [8] A session had already been started - ignoring session_start() D:\web\tpshop\App\Home\Common\Cart.class.php 第 23 行.

[ 2017-06-07T21:41:38+08:00 ] 127.0.0.1 /index.php/Home/Shop/viewCart.html
INFO: [ app_init ] --START--
INFO: Run Behavior\BuildLiteBehavior [ RunTime:0.000010s ]
INFO: [ app_init ] --END-- [ RunTime:0.000503s ]

[ 2017-06-07T21:41:43+08:00 ] 127.0.0.1 /index.php/Home/Shop/goodsOrder.html
INFO: [ app_init ] --START--
INFO: Run Behavior\BuildLiteBehavior [ RunTime:0.000010s ]
INFO: [ app_init ] --END-- [ RunTime:0.000450s ]

[ 2017-06-07T21:42:09+08:00 ] 127.0.0.1 /index.php/Home/Shop/goodsOrder.html
INFO: [ app_init ] --START--
INFO: Run Behavior\BuildLiteBehavior [ RunTime:0.000012s ]
INFO: [ app_init ] --END-- [ RunTime:0.000454s ]

[ 2017-06-07T21:49:17+08:00 ] 127.0.0.1 /index.php/Home/Goods/showlist.html
INFO: [ app_init ] --START--
INFO: Run Behavior\BuildLiteBehavior [ RunTime:0.000013s ]
INFO: [ app_init ] --END-- [ RunTime:0.001125s ]

[ 2017-06-07T21:49:20+08:00 ] 127.0.0.1 /index.php/Home/Goods/detail/goods_id/29.html
INFO: [ app_init ] --START--
INFO: Run Behavior\BuildLiteBehavior [ RunTime:0.000010s ]
INFO: [ app_init ] --END-- [ RunTime:0.000420s ]

