[ 2017-06-20T10:11:03+08:00 ] 127.0.0.1 /index.php/admin
INFO: [ app_init ] --START--
INFO: Run Behavior\BuildLiteBehavior [ RunTime:0.000012s ]
INFO: [ app_init ] --END-- [ RunTime:0.001562s ]

[ 2017-06-20T10:11:04+08:00 ] 127.0.0.1 /index.php/admin/manager/login
INFO: [ app_init ] --START--
INFO: Run Behavior\BuildLiteBehavior [ RunTime:0.000011s ]
INFO: [ app_init ] --END-- [ RunTime:0.000553s ]

[ 2017-06-20T10:11:04+08:00 ] 127.0.0.1 /index.php/Admin/Manager/verifyImg.html
INFO: [ app_init ] --START--
INFO: Run Behavior\BuildLiteBehavior [ RunTime:0.000008s ]
INFO: [ app_init ] --END-- [ RunTime:0.000367s ]

[ 2017-06-20T10:11:15+08:00 ] 127.0.0.1 /index.php/Admin/Manager/checkVerifyCode.html
INFO: [ app_init ] --START--
INFO: Run Behavior\BuildLiteBehavior [ RunTime:0.000007s ]
INFO: [ app_init ] --END-- [ RunTime:0.000271s ]
INFO: [ app_begin ] --START--
INFO: Run Behavior\ReadHtmlCacheBehavior [ RunTime:0.000322s ]
INFO: [ app_begin ] --END-- [ RunTime:0.000348s ]

[ 2017-06-20T10:11:16+08:00 ] 127.0.0.1 /index.php/admin/manager/login
INFO: [ app_init ] --START--
INFO: Run Behavior\BuildLiteBehavior [ RunTime:0.000007s ]
INFO: [ app_init ] --END-- [ RunTime:0.000256s ]

[ 2017-06-20T10:11:17+08:00 ] 127.0.0.1 /index.php/Admin/index/index.html
INFO: [ app_init ] --START--
INFO: Run Behavior\BuildLiteBehavior [ RunTime:0.000008s ]
INFO: [ app_init ] --END-- [ RunTime:0.000337s ]

[ 2017-06-20T10:11:18+08:00 ] 127.0.0.1 /index.php/Admin/Index/top.html
INFO: [ app_init ] --START--
INFO: Run Behavior\BuildLiteBehavior [ RunTime:0.000012s ]
INFO: [ app_init ] --END-- [ RunTime:0.000486s ]

[ 2017-06-20T10:11:19+08:00 ] 127.0.0.1 /index.php/Admin/Index/center.html
INFO: [ app_init ] --START--
INFO: Run Behavior\BuildLiteBehavior [ RunTime:0.000012s ]
INFO: [ app_init ] --END-- [ RunTime:0.000454s ]

[ 2017-06-20T10:11:20+08:00 ] 127.0.0.1 /index.php/Admin/Index/down.html
INFO: [ app_init ] --START--
INFO: Run Behavior\BuildLiteBehavior [ RunTime:0.000018s ]
INFO: [ app_init ] --END-- [ RunTime:0.000370s ]

[ 2017-06-20T10:11:21+08:00 ] 127.0.0.1 /index.php/Admin/Index/left.html
INFO: [ app_init ] --START--
INFO: Run Behavior\BuildLiteBehavior [ RunTime:0.000011s ]
INFO: [ app_init ] --END-- [ RunTime:0.000444s ]

[ 2017-06-20T10:11:22+08:00 ] 127.0.0.1 /index.php/Admin/Index/right.html
INFO: [ app_init ] --START--
INFO: Run Behavior\BuildLiteBehavior [ RunTime:0.000012s ]
INFO: [ app_init ] --END-- [ RunTime:0.000499s ]

[ 2017-06-20T10:11:25+08:00 ] 127.0.0.1 /index.php/Admin/User/showlist
INFO: [ app_init ] --START--
INFO: Run Behavior\BuildLiteBehavior [ RunTime:0.000008s ]
INFO: [ app_init ] --END-- [ RunTime:0.000265s ]
ERR: syntax error, unexpected ')', expecting ';'

[ 2017-06-20T10:11:48+08:00 ] 127.0.0.1 /index.php/Admin/User/showlist
INFO: [ app_init ] --START--
INFO: Run Behavior\BuildLiteBehavior [ RunTime:0.000012s ]
INFO: [ app_init ] --END-- [ RunTime:0.000553s ]

[ 2017-06-20T10:12:22+08:00 ] 127.0.0.1 /index.php/Admin/User/insterUser
INFO: [ app_init ] --START--
INFO: Run Behavior\BuildLiteBehavior [ RunTime:0.000009s ]
INFO: [ app_init ] --END-- [ RunTime:0.000437s ]

[ 2017-06-20T10:14:44+08:00 ] 127.0.0.1 /index.php/Admin/User/insterUser
INFO: [ app_init ] --START--
INFO: Run Behavior\BuildLiteBehavior [ RunTime:0.000007s ]
INFO: [ app_init ] --END-- [ RunTime:0.000341s ]

[ 2017-06-20T10:16:17+08:00 ] 127.0.0.1 /index.php/Admin/User/insterUser
INFO: [ app_init ] --START--
INFO: Run Behavior\BuildLiteBehavior [ RunTime:0.000007s ]
INFO: [ app_init ] --END-- [ RunTime:0.000274s ]

[ 2017-06-20T10:17:34+08:00 ] 127.0.0.1 /index.php/Admin/User/insterUser
INFO: [ app_init ] --START--
INFO: Run Behavior\BuildLiteBehavior [ RunTime:0.000008s ]
INFO: [ app_init ] --END-- [ RunTime:0.000349s ]

[ 2017-06-20T10:21:00+08:00 ] 127.0.0.1 /index.php/Admin/User/insterUser
INFO: [ app_init ] --START--
INFO: Run Behavior\BuildLiteBehavior [ RunTime:0.000010s ]
INFO: [ app_init ] --END-- [ RunTime:0.000611s ]

[ 2017-06-20T10:27:49+08:00 ] 127.0.0.1 /index.php/Admin/User/insterUser
INFO: [ app_init ] --START--
INFO: Run Behavior\BuildLiteBehavior [ RunTime:0.000011s ]
INFO: [ app_init ] --END-- [ RunTime:0.000407s ]

[ 2017-06-20T15:33:55+08:00 ] 127.0.0.1 /index.php/Admin/User/
INFO: [ app_init ] --START--
INFO: Run Behavior\BuildLiteBehavior [ RunTime:0.000009s ]
INFO: [ app_init ] --END-- [ RunTime:0.000628s ]
ERR: 非法操作:index

[ 2017-06-20T15:33:58+08:00 ] 127.0.0.1 /index.php/Admin/
INFO: [ app_init ] --START--
INFO: Run Behavior\BuildLiteBehavior [ RunTime:0.000007s ]
INFO: [ app_init ] --END-- [ RunTime:0.000279s ]

[ 2017-06-20T15:33:59+08:00 ] 127.0.0.1 /index.php/Admin/Index/top.html
INFO: [ app_init ] --START--
INFO: Run Behavior\BuildLiteBehavior [ RunTime:0.000010s ]
INFO: [ app_init ] --END-- [ RunTime:0.000415s ]

[ 2017-06-20T15:34:00+08:00 ] 127.0.0.1 /index.php/Admin/Index/down.html
INFO: [ app_init ] --START--
INFO: Run Behavior\BuildLiteBehavior [ RunTime:0.000010s ]
INFO: [ app_init ] --END-- [ RunTime:0.000433s ]

[ 2017-06-20T15:34:01+08:00 ] 127.0.0.1 /index.php/Admin/Index/center.html
INFO: [ app_init ] --START--
INFO: Run Behavior\BuildLiteBehavior [ RunTime:0.000010s ]
INFO: [ app_init ] --END-- [ RunTime:0.000447s ]

[ 2017-06-20T15:34:02+08:00 ] 127.0.0.1 /index.php/Admin/Index/left.html
INFO: [ app_init ] --START--
INFO: Run Behavior\BuildLiteBehavior [ RunTime:0.000010s ]
INFO: [ app_init ] --END-- [ RunTime:0.000305s ]

[ 2017-06-20T15:34:03+08:00 ] 127.0.0.1 /index.php/Admin/Index/right.html
INFO: [ app_init ] --START--
INFO: Run Behavior\BuildLiteBehavior [ RunTime:0.000011s ]
INFO: [ app_init ] --END-- [ RunTime:0.000482s ]

[ 2017-06-20T15:34:06+08:00 ] 127.0.0.1 /index.php/Admin/User/showlist
INFO: [ app_init ] --START--
INFO: Run Behavior\BuildLiteBehavior [ RunTime:0.000007s ]
INFO: [ app_init ] --END-- [ RunTime:0.000261s ]

[ 2017-06-20T15:34:10+08:00 ] 127.0.0.1 /index.php/Admin/User/showlist/p/3813.html
INFO: [ app_init ] --START--
INFO: Run Behavior\BuildLiteBehavior [ RunTime:0.000007s ]
INFO: [ app_init ] --END-- [ RunTime:0.000244s ]

[ 2017-06-20T15:34:15+08:00 ] 127.0.0.1 /index.php/Admin/User/showlist/p/3812.html
INFO: [ app_init ] --START--
INFO: Run Behavior\BuildLiteBehavior [ RunTime:0.000012s ]
INFO: [ app_init ] --END-- [ RunTime:0.000378s ]

[ 2017-06-20T15:34:23+08:00 ] 127.0.0.1 /index.php/Admin/User/blocked.html
INFO: [ app_init ] --START--
INFO: Run Behavior\BuildLiteBehavior [ RunTime:0.000009s ]
INFO: [ app_init ] --END-- [ RunTime:0.000419s ]
INFO: [ app_begin ] --START--
INFO: Run Behavior\ReadHtmlCacheBehavior [ RunTime:0.000462s ]
INFO: [ app_begin ] --END-- [ RunTime:0.000500s ]
SQL: SHOW COLUMNS FROM `sp_manager` [ RunTime:0.0043s ]
NOTIC: [8] Use of undefined constant man - assumed 'man' D:\web\tpshop\App\Admin\Common\AdminController.class.php 第 28 行.
SQL: SELECT role.role_auth_ac FROM sp_manager man INNER JOIN sp_role as role on man.role_id = role.role_id  WHERE `mg_id` = '502' LIMIT 1   [ RunTime:0.0003s ]
NOTIC: [8] Use of undefined constant admin - assumed 'admin' D:\web\tpshop\App\Admin\Common\AdminController.class.php 第 35 行.
SQL: SHOW COLUMNS FROM `sp_user` [ RunTime:0.0042s ]
SQL: SELECT * FROM `sp_user` WHERE `user_id` = 229 LIMIT 1   [ RunTime:0.0003s ]
SQL: UPDATE `sp_user` SET `flag`='2',`blocked_time`='1506584063' WHERE `user_id` = 229 [ RunTime:0.0088s ]

[ 2017-06-20T15:34:24+08:00 ] 127.0.0.1 /index.php/Admin/User/showlist/p/3812.html
INFO: [ app_init ] --START--
INFO: Run Behavior\BuildLiteBehavior [ RunTime:0.000011s ]
INFO: [ app_init ] --END-- [ RunTime:0.000354s ]

[ 2017-06-20T15:34:38+08:00 ] 127.0.0.1 /index.php/Admin/User/showlist/p/3803.html
INFO: [ app_init ] --START--
INFO: Run Behavior\BuildLiteBehavior [ RunTime:0.000008s ]
INFO: [ app_init ] --END-- [ RunTime:0.000301s ]

[ 2017-06-20T15:34:41+08:00 ] 127.0.0.1 /index.php/Admin/User/showlist/p/1.html
INFO: [ app_init ] --START--
INFO: Run Behavior\BuildLiteBehavior [ RunTime:0.000008s ]
INFO: [ app_init ] --END-- [ RunTime:0.000297s ]

[ 2017-06-20T15:34:47+08:00 ] 127.0.0.1 /index.php/Admin/User/blocked.html
INFO: [ app_init ] --START--
INFO: Run Behavior\BuildLiteBehavior [ RunTime:0.000010s ]
INFO: [ app_init ] --END-- [ RunTime:0.000324s ]
INFO: [ app_begin ] --START--
INFO: Run Behavior\ReadHtmlCacheBehavior [ RunTime:0.000569s ]
INFO: [ app_begin ] --END-- [ RunTime:0.000623s ]
SQL: SHOW COLUMNS FROM `sp_manager` [ RunTime:0.0045s ]
NOTIC: [8] Use of undefined constant man - assumed 'man' D:\web\tpshop\App\Admin\Common\AdminController.class.php 第 28 行.
SQL: SELECT role.role_auth_ac FROM sp_manager man INNER JOIN sp_role as role on man.role_id = role.role_id  WHERE `mg_id` = '502' LIMIT 1   [ RunTime:0.0002s ]
NOTIC: [8] Use of undefined constant admin - assumed 'admin' D:\web\tpshop\App\Admin\Common\AdminController.class.php 第 35 行.
SQL: SHOW COLUMNS FROM `sp_user` [ RunTime:0.0041s ]
SQL: SELECT * FROM `sp_user` WHERE `user_id` = 57414 LIMIT 1   [ RunTime:0.0003s ]
SQL: UPDATE `sp_user` SET `flag`='2',`blocked_time`='1506584087' WHERE `user_id` = 57414 [ RunTime:0.0039s ]

[ 2017-06-20T15:34:48+08:00 ] 127.0.0.1 /index.php/Admin/User/showlist/p/1.html
INFO: [ app_init ] --START--
INFO: Run Behavior\BuildLiteBehavior [ RunTime:0.000040s ]
INFO: [ app_init ] --END-- [ RunTime:0.001188s ]

[ 2017-06-20T15:40:22+08:00 ] 127.0.0.1 /index.php/Admin/User/exportUser.html
INFO: [ app_init ] --START--
INFO: Run Behavior\BuildLiteBehavior [ RunTime:0.000007s ]
INFO: [ app_init ] --END-- [ RunTime:0.000380s ]
INFO: [ app_begin ] --START--
INFO: Run Behavior\ReadHtmlCacheBehavior [ RunTime:0.000488s ]
INFO: [ app_begin ] --END-- [ RunTime:0.000516s ]
SQL: SHOW COLUMNS FROM `sp_manager` [ RunTime:0.0157s ]
NOTIC: [8] Use of undefined constant man - assumed 'man' D:\web\tpshop\App\Admin\Common\AdminController.class.php 第 28 行.
SQL: SELECT role.role_auth_ac FROM sp_manager man INNER JOIN sp_role as role on man.role_id = role.role_id  WHERE `mg_id` = '502' LIMIT 1   [ RunTime:0.0018s ]
NOTIC: [8] Use of undefined constant admin - assumed 'admin' D:\web\tpshop\App\Admin\Common\AdminController.class.php 第 35 行.
SQL: SHOW COLUMNS FROM `sp_user` [ RunTime:0.0072s ]
SQL: SELECT * FROM `sp_user`  [ RunTime:0.2828s ]
NOTIC: [2] Missing argument 2 for Admin\Controller\UserController::export_execl(), called in D:\web\tpshop\App\Admin\Controller\UserController.class.php on line 35 and defined D:\web\tpshop\App\Admin\Controller\UserController.class.php 第 41 行.
ERR: Class 'Admin\Controller\PHPExcel' not found

[ 2017-06-20T15:40:27+08:00 ] 127.0.0.1 /index.php/Admin/User/showlist
INFO: [ app_init ] --START--
INFO: Run Behavior\BuildLiteBehavior [ RunTime:0.000011s ]
INFO: [ app_init ] --END-- [ RunTime:0.000979s ]

[ 2017-06-20T15:40:43+08:00 ] 127.0.0.1 /index.php/Admin/User/exportUser.html
INFO: [ app_init ] --START--
INFO: Run Behavior\BuildLiteBehavior [ RunTime:0.000009s ]
INFO: [ app_init ] --END-- [ RunTime:0.000575s ]
INFO: [ app_begin ] --START--
INFO: Run Behavior\ReadHtmlCacheBehavior [ RunTime:0.000545s ]
INFO: [ app_begin ] --END-- [ RunTime:0.000590s ]
SQL: SHOW COLUMNS FROM `sp_manager` [ RunTime:0.0136s ]
NOTIC: [8] Use of undefined constant man - assumed 'man' D:\web\tpshop\App\Admin\Common\AdminController.class.php 第 28 行.
SQL: SELECT role.role_auth_ac FROM sp_manager man INNER JOIN sp_role as role on man.role_id = role.role_id  WHERE `mg_id` = '502' LIMIT 1   [ RunTime:0.0008s ]
NOTIC: [8] Use of undefined constant admin - assumed 'admin' D:\web\tpshop\App\Admin\Common\AdminController.class.php 第 35 行.
SQL: SHOW COLUMNS FROM `sp_user` [ RunTime:0.0077s ]
SQL: SELECT * FROM `sp_user`  [ RunTime:0.3355s ]
NOTIC: [2] Missing argument 2 for Admin\Controller\UserController::export_execl(), called in D:\web\tpshop\App\Admin\Controller\UserController.class.php on line 35 and defined D:\web\tpshop\App\Admin\Controller\UserController.class.php 第 41 行.
ERR: Class 'Admin\Controller\PHPExcel' not found

[ 2017-06-20T15:41:01+08:00 ] 127.0.0.1 /index.php/Admin/User/exportUser.html
INFO: [ app_init ] --START--
INFO: Run Behavior\BuildLiteBehavior [ RunTime:0.000007s ]
INFO: [ app_init ] --END-- [ RunTime:0.000426s ]
INFO: [ app_begin ] --START--
INFO: Run Behavior\ReadHtmlCacheBehavior [ RunTime:0.000586s ]
INFO: [ app_begin ] --END-- [ RunTime:0.000633s ]
SQL: SHOW COLUMNS FROM `sp_manager` [ RunTime:0.0131s ]
NOTIC: [8] Use of undefined constant man - assumed 'man' D:\web\tpshop\App\Admin\Common\AdminController.class.php 第 28 行.
SQL: SELECT role.role_auth_ac FROM sp_manager man INNER JOIN sp_role as role on man.role_id = role.role_id  WHERE `mg_id` = '502' LIMIT 1   [ RunTime:0.0005s ]
NOTIC: [8] Use of undefined constant admin - assumed 'admin' D:\web\tpshop\App\Admin\Common\AdminController.class.php 第 35 行.
SQL: SHOW COLUMNS FROM `sp_user` [ RunTime:0.0083s ]
SQL: SELECT * FROM `sp_user`  [ RunTime:0.2922s ]
NOTIC: [2] Missing argument 2 for Admin\Controller\UserController::export_execl(), called in D:\web\tpshop\App\Admin\Controller\UserController.class.php on line 35 and defined D:\web\tpshop\App\Admin\Controller\UserController.class.php 第 41 行.
NOTIC: [8] Undefined variable: data D:\web\tpshop\App\Admin\Controller\UserController.class.php 第 64 行.
NOTIC: [2] Invalid argument supplied for foreach() D:\web\tpshop\App\Admin\Controller\UserController.class.php 第 64 行.

[ 2017-06-20T15:42:05+08:00 ] 127.0.0.1 /index.php/Admin/User/exportUser.html
INFO: [ app_init ] --START--
INFO: Run Behavior\BuildLiteBehavior [ RunTime:0.000007s ]
INFO: [ app_init ] --END-- [ RunTime:0.000411s ]
INFO: [ app_begin ] --START--
INFO: Run Behavior\ReadHtmlCacheBehavior [ RunTime:0.000755s ]
INFO: [ app_begin ] --END-- [ RunTime:0.000874s ]
SQL: SHOW COLUMNS FROM `sp_manager` [ RunTime:0.0042s ]
NOTIC: [8] Use of undefined constant man - assumed 'man' D:\web\tpshop\App\Admin\Common\AdminController.class.php 第 28 行.
SQL: SELECT role.role_auth_ac FROM sp_manager man INNER JOIN sp_role as role on man.role_id = role.role_id  WHERE `mg_id` = '502' LIMIT 1   [ RunTime:0.0002s ]
NOTIC: [8] Use of undefined constant admin - assumed 'admin' D:\web\tpshop\App\Admin\Common\AdminController.class.php 第 35 行.
SQL: SHOW COLUMNS FROM `sp_user` [ RunTime:0.0041s ]
SQL: SELECT * FROM `sp_user`  [ RunTime:0.2747s ]
NOTIC: [2] Missing argument 2 for Admin\Controller\UserController::export_execl(), called in D:\web\tpshop\App\Admin\Controller\UserController.class.php on line 35 and defined D:\web\tpshop\App\Admin\Controller\UserController.class.php 第 41 行.
NOTIC: [8] Undefined variable: data D:\web\tpshop\App\Admin\Controller\UserController.class.php 第 64 行.
NOTIC: [2] Invalid argument supplied for foreach() D:\web\tpshop\App\Admin\Controller\UserController.class.php 第 64 行.

[ 2017-06-20T15:43:00+08:00 ] 127.0.0.1 /index.php/Admin/User/exportUser.html
INFO: [ app_init ] --START--
INFO: Run Behavior\BuildLiteBehavior [ RunTime:0.000009s ]
INFO: [ app_init ] --END-- [ RunTime:0.000469s ]
INFO: [ app_begin ] --START--
INFO: Run Behavior\ReadHtmlCacheBehavior [ RunTime:0.000500s ]
INFO: [ app_begin ] --END-- [ RunTime:0.000534s ]
SQL: SHOW COLUMNS FROM `sp_manager` [ RunTime:0.0055s ]
NOTIC: [8] Use of undefined constant man - assumed 'man' D:\web\tpshop\App\Admin\Common\AdminController.class.php 第 28 行.
SQL: SELECT role.role_auth_ac FROM sp_manager man INNER JOIN sp_role as role on man.role_id = role.role_id  WHERE `mg_id` = '502' LIMIT 1   [ RunTime:0.0003s ]
NOTIC: [8] Use of undefined constant admin - assumed 'admin' D:\web\tpshop\App\Admin\Common\AdminController.class.php 第 35 行.
SQL: SHOW COLUMNS FROM `sp_user` [ RunTime:0.0043s ]
SQL: SELECT * FROM `sp_user`  [ RunTime:0.2912s ]

[ 2017-06-20T15:43:03+08:00 ] 127.0.0.1 /index.php/Admin/User/showlist
INFO: [ app_init ] --START--
INFO: Run Behavior\BuildLiteBehavior [ RunTime:0.000010s ]
INFO: [ app_init ] --END-- [ RunTime:0.000462s ]

[ 2017-06-20T15:43:10+08:00 ] 127.0.0.1 /index.php/Admin/User/exportUser.html
INFO: [ app_init ] --START--
INFO: Run Behavior\BuildLiteBehavior [ RunTime:0.000008s ]
INFO: [ app_init ] --END-- [ RunTime:0.000348s ]
INFO: [ app_begin ] --START--
INFO: Run Behavior\ReadHtmlCacheBehavior [ RunTime:0.000495s ]
INFO: [ app_begin ] --END-- [ RunTime:0.000529s ]
SQL: SHOW COLUMNS FROM `sp_manager` [ RunTime:0.0052s ]
NOTIC: [8] Use of undefined constant man - assumed 'man' D:\web\tpshop\App\Admin\Common\AdminController.class.php 第 28 行.
SQL: SELECT role.role_auth_ac FROM sp_manager man INNER JOIN sp_role as role on man.role_id = role.role_id  WHERE `mg_id` = '502' LIMIT 1   [ RunTime:0.0003s ]
NOTIC: [8] Use of undefined constant admin - assumed 'admin' D:\web\tpshop\App\Admin\Common\AdminController.class.php 第 35 行.
SQL: SHOW COLUMNS FROM `sp_user` [ RunTime:0.0042s ]
SQL: SELECT * FROM `sp_user`  [ RunTime:0.2894s ]

[ 2017-06-20T15:43:34+08:00 ] 127.0.0.1 /index.php/Admin/User/exportUser.html
INFO: [ app_init ] --START--
INFO: Run Behavior\BuildLiteBehavior [ RunTime:0.000023s ]
INFO: [ app_init ] --END-- [ RunTime:0.000815s ]
INFO: [ app_begin ] --START--
INFO: Run Behavior\ReadHtmlCacheBehavior [ RunTime:0.001011s ]
INFO: [ app_begin ] --END-- [ RunTime:0.001066s ]
SQL: SHOW COLUMNS FROM `sp_manager` [ RunTime:0.0064s ]
NOTIC: [8] Use of undefined constant man - assumed 'man' D:\web\tpshop\App\Admin\Common\AdminController.class.php 第 28 行.
SQL: SELECT role.role_auth_ac FROM sp_manager man INNER JOIN sp_role as role on man.role_id = role.role_id  WHERE `mg_id` = '502' LIMIT 1   [ RunTime:0.0007s ]
NOTIC: [8] Use of undefined constant admin - assumed 'admin' D:\web\tpshop\App\Admin\Common\AdminController.class.php 第 35 行.
SQL: SHOW COLUMNS FROM `sp_user` [ RunTime:0.0044s ]
SQL: SELECT * FROM `sp_user`  [ RunTime:0.3078s ]

[ 2017-06-20T15:44:02+08:00 ] 127.0.0.1 /index.php/Admin/User/
INFO: [ app_init ] --START--
INFO: Run Behavior\BuildLiteBehavior [ RunTime:0.000011s ]
INFO: [ app_init ] --END-- [ RunTime:0.000579s ]
ERR: 非法操作:index

[ 2017-06-20T15:44:07+08:00 ] 127.0.0.1 /index.php/Admin/User/exportUser
INFO: [ app_init ] --START--
INFO: Run Behavior\BuildLiteBehavior [ RunTime:0.000011s ]
INFO: [ app_init ] --END-- [ RunTime:0.000625s ]

[ 2017-06-20T15:50:55+08:00 ] 127.0.0.1 /index.php/Admin/User/exportUser
INFO: [ app_init ] --START--
INFO: Run Behavior\BuildLiteBehavior [ RunTime:0.000016s ]
INFO: [ app_init ] --END-- [ RunTime:0.000447s ]
ERR: Could not close zip file ./Public/upload/execl/2017-06_tpshop用户表.xlsx.

[ 2017-06-20T15:51:04+08:00 ] 127.0.0.1 /index.php/Admin/User/exportUser
INFO: [ app_init ] --START--
INFO: Run Behavior\BuildLiteBehavior [ RunTime:0.000008s ]
INFO: [ app_init ] --END-- [ RunTime:0.000416s ]

[ 2017-06-20T15:56:17+08:00 ] 127.0.0.1 /index.php/Admin/User/exportUser
INFO: [ app_init ] --START--
INFO: Run Behavior\BuildLiteBehavior [ RunTime:0.000007s ]
INFO: [ app_init ] --END-- [ RunTime:0.000363s ]

[ 2017-06-20T15:57:08+08:00 ] 127.0.0.1 /index.php/Admin/User/exportUser
INFO: [ app_init ] --START--
INFO: Run Behavior\BuildLiteBehavior [ RunTime:0.000007s ]
INFO: [ app_init ] --END-- [ RunTime:0.000324s ]

[ 2017-06-20T16:06:26+08:00 ] 127.0.0.1 /index.php/Admin/User/exportUser
INFO: [ app_init ] --START--
INFO: Run Behavior\BuildLiteBehavior [ RunTime:0.000007s ]
INFO: [ app_init ] --END-- [ RunTime:0.000368s ]

[ 2017-06-20T16:07:02+08:00 ] 127.0.0.1 /index.php/Admin/User/exportUser
INFO: [ app_init ] --START--
INFO: Run Behavior\BuildLiteBehavior [ RunTime:0.000009s ]
INFO: [ app_init ] --END-- [ RunTime:0.000442s ]

[ 2017-06-20T16:07:08+08:00 ] 127.0.0.1 /index.php/Admin/User/exportUser
INFO: [ app_init ] --START--
INFO: Run Behavior\BuildLiteBehavior [ RunTime:0.000012s ]
INFO: [ app_init ] --END-- [ RunTime:0.000594s ]

[ 2017-06-20T16:07:47+08:00 ] 127.0.0.1 /index.php/Admin/User/exportUser
INFO: [ app_init ] --START--
INFO: Run Behavior\BuildLiteBehavior [ RunTime:0.000008s ]
INFO: [ app_init ] --END-- [ RunTime:0.000443s ]

[ 2017-06-20T16:08:09+08:00 ] 127.0.0.1 /index.php/Admin/User/exportUser
INFO: [ app_init ] --START--
INFO: Run Behavior\BuildLiteBehavior [ RunTime:0.000011s ]
INFO: [ app_init ] --END-- [ RunTime:0.000493s ]

[ 2017-06-20T16:08:52+08:00 ] 127.0.0.1 /index.php/Admin/User/exportUser
INFO: [ app_init ] --START--
INFO: Run Behavior\BuildLiteBehavior [ RunTime:0.000008s ]
INFO: [ app_init ] --END-- [ RunTime:0.000388s ]
ERR: Could not close zip file ./Public/upload/execl/2017-06_tpshop用户表.xlsx.

[ 2017-06-20T16:09:01+08:00 ] 127.0.0.1 /index.php/Admin/User/exportUser
INFO: [ app_init ] --START--
INFO: Run Behavior\BuildLiteBehavior [ RunTime:0.000009s ]
INFO: [ app_init ] --END-- [ RunTime:0.000438s ]

[ 2017-06-20T16:12:43+08:00 ] 127.0.0.1 /index.php/Admin/User/exportUser
INFO: [ app_init ] --START--
INFO: Run Behavior\BuildLiteBehavior [ RunTime:0.000011s ]
INFO: [ app_init ] --END-- [ RunTime:0.000710s ]

[ 2017-06-20T16:28:15+08:00 ] 127.0.0.1 /index.php/Admin/User/exportUser
INFO: [ app_init ] --START--
INFO: Run Behavior\BuildLiteBehavior [ RunTime:0.000008s ]
INFO: [ app_init ] --END-- [ RunTime:0.000406s ]
ERR: syntax error, unexpected 'foreach' (T_FOREACH)

[ 2017-06-20T16:29:08+08:00 ] 127.0.0.1 /index.php/Admin/User/exportUser
INFO: [ app_init ] --START--
INFO: Run Behavior\BuildLiteBehavior [ RunTime:0.000006s ]
INFO: [ app_init ] --END-- [ RunTime:0.000326s ]

[ 2017-06-20T16:39:46+08:00 ] 127.0.0.1 /index.php/Admin/User/exportUser
INFO: [ app_init ] --START--
INFO: Run Behavior\BuildLiteBehavior [ RunTime:0.000010s ]
INFO: [ app_init ] --END-- [ RunTime:0.000364s ]

[ 2017-06-20T16:48:45+08:00 ] 127.0.0.1 /index.php/Admin/User/exportUser
INFO: [ app_init ] --START--
INFO: Run Behavior\BuildLiteBehavior [ RunTime:0.000006s ]
INFO: [ app_init ] --END-- [ RunTime:0.000326s ]
ERR: syntax error, unexpected '>'

[ 2017-06-20T16:49:03+08:00 ] 127.0.0.1 /index.php/Admin/User/exportUser
INFO: [ app_init ] --START--
INFO: Run Behavior\BuildLiteBehavior [ RunTime:0.000016s ]
INFO: [ app_init ] --END-- [ RunTime:0.000719s ]
ERR: syntax error, unexpected 'public' (T_PUBLIC), expecting end of file

[ 2017-06-20T16:49:49+08:00 ] 127.0.0.1 /index.php/Admin/User/exportUser
INFO: [ app_init ] --START--
INFO: Run Behavior\BuildLiteBehavior [ RunTime:0.000008s ]
INFO: [ app_init ] --END-- [ RunTime:0.000356s ]

[ 2017-06-20T16:58:18+08:00 ] 127.0.0.1 /index.php/Admin/User/exportUser
INFO: [ app_init ] --START--
INFO: Run Behavior\BuildLiteBehavior [ RunTime:0.000011s ]
INFO: [ app_init ] --END-- [ RunTime:0.000352s ]
ERR: syntax error, unexpected '".xls"' (T_CONSTANT_ENCAPSED_STRING), expecting ',' or ')'

[ 2017-06-20T16:58:35+08:00 ] 127.0.0.1 /index.php/Admin/User/exportUser
INFO: [ app_init ] --START--
INFO: Run Behavior\BuildLiteBehavior [ RunTime:0.000007s ]
INFO: [ app_init ] --END-- [ RunTime:0.000367s ]

[ 2017-06-20T17:08:19+08:00 ] 127.0.0.1 /index.php/Admin/User/exportUser
INFO: [ app_init ] --START--
INFO: Run Behavior\BuildLiteBehavior [ RunTime:0.000012s ]
INFO: [ app_init ] --END-- [ RunTime:0.000595s ]

[ 2017-06-20T17:14:52+08:00 ] 127.0.0.1 /index.php/Admin/User/exportUser
INFO: [ app_init ] --START--
INFO: Run Behavior\BuildLiteBehavior [ RunTime:0.000007s ]
INFO: [ app_init ] --END-- [ RunTime:0.000338s ]
ERR: syntax error, unexpected '".xls"' (T_CONSTANT_ENCAPSED_STRING), expecting ',' or ')'

[ 2017-06-20T17:14:56+08:00 ] 127.0.0.1 /index.php/Admin/User/exportUser
INFO: [ app_init ] --START--
INFO: Run Behavior\BuildLiteBehavior [ RunTime:0.000011s ]
INFO: [ app_init ] --END-- [ RunTime:0.000571s ]
ERR: syntax error, unexpected '".xls"' (T_CONSTANT_ENCAPSED_STRING), expecting ',' or ')'

[ 2017-06-20T17:14:59+08:00 ] 127.0.0.1 /index.php/Admin/User/exportUser
INFO: [ app_init ] --START--
INFO: Run Behavior\BuildLiteBehavior [ RunTime:0.000006s ]
INFO: [ app_init ] --END-- [ RunTime:0.000333s ]
ERR: syntax error, unexpected '".xls"' (T_CONSTANT_ENCAPSED_STRING), expecting ',' or ')'

[ 2017-06-20T17:15:06+08:00 ] 127.0.0.1 /index.php/Admin/User/exportUser
INFO: [ app_init ] --START--
INFO: Run Behavior\BuildLiteBehavior [ RunTime:0.000007s ]
INFO: [ app_init ] --END-- [ RunTime:0.000328s ]
ERR: syntax error, unexpected '".xls"' (T_CONSTANT_ENCAPSED_STRING), expecting ',' or ')'

[ 2017-06-20T17:15:23+08:00 ] 127.0.0.1 /index.php/Admin/User/exportUser
INFO: [ app_init ] --START--
INFO: Run Behavior\BuildLiteBehavior [ RunTime:0.000007s ]
INFO: [ app_init ] --END-- [ RunTime:0.000352s ]

[ 2017-06-20T17:18:16+08:00 ] 127.0.0.1 /index.php/Admin/User/exportUser
INFO: [ app_init ] --START--
INFO: Run Behavior\BuildLiteBehavior [ RunTime:0.000007s ]
INFO: [ app_init ] --END-- [ RunTime:0.000356s ]

[ 2017-06-20T17:18:43+08:00 ] 127.0.0.1 /index.php/Admin/User/exportUser
INFO: [ app_init ] --START--
INFO: Run Behavior\BuildLiteBehavior [ RunTime:0.000006s ]
INFO: [ app_init ] --END-- [ RunTime:0.000324s ]

[ 2017-06-20T17:20:15+08:00 ] 127.0.0.1 /index.php/Admin/User/exportUser
INFO: [ app_init ] --START--
INFO: Run Behavior\BuildLiteBehavior [ RunTime:0.000007s ]
INFO: [ app_init ] --END-- [ RunTime:0.000325s ]

[ 2017-06-20T17:21:14+08:00 ] 127.0.0.1 /index.php/Admin/User/exportUser
INFO: [ app_init ] --START--
INFO: Run Behavior\BuildLiteBehavior [ RunTime:0.000009s ]
INFO: [ app_init ] --END-- [ RunTime:0.000421s ]

[ 2017-06-20T19:10:32+08:00 ] 127.0.0.1 /index.php/Admin/User/exportUser
INFO: [ app_init ] --START--
INFO: Run Behavior\BuildLiteBehavior [ RunTime:0.000029s ]
INFO: [ app_init ] --END-- [ RunTime:0.000575s ]

