[ 2017-08-05T00:09:28+08:00 ] 127.0.0.1 /index.php/admin
INFO: [ app_init ] --START--
INFO: Run Behavior\BuildLiteBehavior [ RunTime:0.000015s ]
INFO: [ app_init ] --END-- [ RunTime:0.000339s ]

[ 2017-08-05T00:09:29+08:00 ] 127.0.0.1 /index.php/admin/manager/login
INFO: [ app_init ] --START--
INFO: Run Behavior\BuildLiteBehavior [ RunTime:0.000029s ]
INFO: [ app_init ] --END-- [ RunTime:0.000625s ]

[ 2017-08-05T00:09:29+08:00 ] 127.0.0.1 /index.php/Admin/Manager/verifyImg.html
INFO: [ app_init ] --START--
INFO: Run Behavior\BuildLiteBehavior [ RunTime:0.000014s ]
INFO: [ app_init ] --END-- [ RunTime:0.000344s ]

[ 2017-08-05T00:09:41+08:00 ] 127.0.0.1 /index.php/Admin/Manager/checkVerifyCode.html
INFO: [ app_init ] --START--
INFO: Run Behavior\BuildLiteBehavior [ RunTime:0.000014s ]
INFO: [ app_init ] --END-- [ RunTime:0.000316s ]
INFO: [ app_begin ] --START--
INFO: Run Behavior\ReadHtmlCacheBehavior [ RunTime:0.000363s ]
INFO: [ app_begin ] --END-- [ RunTime:0.000418s ]

[ 2017-08-05T00:09:42+08:00 ] 127.0.0.1 /index.php/admin/manager/login
INFO: [ app_init ] --START--
INFO: Run Behavior\BuildLiteBehavior [ RunTime:0.000013s ]
INFO: [ app_init ] --END-- [ RunTime:0.000319s ]

[ 2017-08-05T00:09:43+08:00 ] 127.0.0.1 /index.php/Admin/index/index.html
INFO: [ app_init ] --START--
INFO: Run Behavior\BuildLiteBehavior [ RunTime:0.000014s ]
INFO: [ app_init ] --END-- [ RunTime:0.000319s ]

[ 2017-08-05T00:09:44+08:00 ] 127.0.0.1 /index.php/Admin/Index/top.html
INFO: [ app_init ] --START--
INFO: Run Behavior\BuildLiteBehavior [ RunTime:0.000020s ]
INFO: [ app_init ] --END-- [ RunTime:0.000437s ]

[ 2017-08-05T00:09:45+08:00 ] 127.0.0.1 /index.php/Admin/Index/center.html
INFO: [ app_init ] --START--
INFO: Run Behavior\BuildLiteBehavior [ RunTime:0.000021s ]
INFO: [ app_init ] --END-- [ RunTime:0.000549s ]

[ 2017-08-05T00:09:46+08:00 ] 127.0.0.1 /index.php/Admin/Index/down.html
INFO: [ app_init ] --START--
INFO: Run Behavior\BuildLiteBehavior [ RunTime:0.000018s ]
INFO: [ app_init ] --END-- [ RunTime:0.000438s ]

[ 2017-08-05T00:09:47+08:00 ] 127.0.0.1 /index.php/Admin/Index/left.html
INFO: [ app_init ] --START--
INFO: Run Behavior\BuildLiteBehavior [ RunTime:0.000023s ]
INFO: [ app_init ] --END-- [ RunTime:0.000555s ]

[ 2017-08-05T00:09:48+08:00 ] 127.0.0.1 /index.php/Admin/Index/right.html
INFO: [ app_init ] --START--
INFO: Run Behavior\BuildLiteBehavior [ RunTime:0.000021s ]
INFO: [ app_init ] --END-- [ RunTime:0.000504s ]

[ 2017-08-05T00:10:04+08:00 ] 127.0.0.1 /index.php/Admin/User/membersLevel
INFO: [ app_init ] --START--
INFO: Run Behavior\BuildLiteBehavior [ RunTime:0.000015s ]
INFO: [ app_init ] --END-- [ RunTime:0.000350s ]

[ 2017-08-05T00:10:04+08:00 ] 127.0.0.1 /index.php/Admin/User/tb.gif
INFO: [ app_init ] --START--
INFO: Run Behavior\BuildLiteBehavior [ RunTime:0.000016s ]
INFO: [ app_init ] --END-- [ RunTime:0.000426s ]

[ 2017-08-05T00:10:07+08:00 ] 127.0.0.1 /index.php/Admin/User/memberList
INFO: [ app_init ] --START--
INFO: Run Behavior\BuildLiteBehavior [ RunTime:0.000014s ]
INFO: [ app_init ] --END-- [ RunTime:0.000314s ]

[ 2017-08-05T00:10:08+08:00 ] 127.0.0.1 /index.php/Admin/Members/showlist
INFO: [ app_init ] --START--
INFO: Run Behavior\BuildLiteBehavior [ RunTime:0.000019s ]
INFO: [ app_init ] --END-- [ RunTime:0.000603s ]
ERR: 无法加载控制器:Members

[ 2017-08-05T00:10:09+08:00 ] 127.0.0.1 /index.php/Admin/Members/addMembers
INFO: [ app_init ] --START--
INFO: Run Behavior\BuildLiteBehavior [ RunTime:0.000016s ]
INFO: [ app_init ] --END-- [ RunTime:0.000379s ]
ERR: 无法加载控制器:Members

[ 2017-08-05T00:10:15+08:00 ] 127.0.0.1 /index.php/Admin/Auth/showlist
INFO: [ app_init ] --START--
INFO: Run Behavior\BuildLiteBehavior [ RunTime:0.000013s ]
INFO: [ app_init ] --END-- [ RunTime:0.000290s ]

[ 2017-08-05T00:10:21+08:00 ] 127.0.0.1 /index.php/Admin/Auth/delAuth.html
INFO: [ app_init ] --START--
INFO: Run Behavior\BuildLiteBehavior [ RunTime:0.000014s ]
INFO: [ app_init ] --END-- [ RunTime:0.000384s ]
INFO: [ app_begin ] --START--
INFO: Run Behavior\ReadHtmlCacheBehavior [ RunTime:0.000421s ]
INFO: [ app_begin ] --END-- [ RunTime:0.000480s ]
SQL: SHOW COLUMNS FROM `sp_manager` [ RunTime:0.0174s ]
NOTIC: [8] Use of undefined constant man - assumed 'man' D:\web\tpshop\App\Admin\Common\AdminController.class.php 第 29 行.
SQL: SELECT role.role_auth_ac FROM sp_manager man INNER JOIN sp_role as role on man.role_id = role.role_id  WHERE `mg_id` = '502' LIMIT 1   [ RunTime:0.0005s ]
NOTIC: [8] Use of undefined constant admin - assumed 'admin' D:\web\tpshop\App\Admin\Common\AdminController.class.php 第 36 行.
SQL: SHOW COLUMNS FROM `sp_auth` [ RunTime:0.0081s ]
SQL: UPDATE `sp_auth` SET `falg`='0' WHERE `auth_id` = 140 [ RunTime:0.0188s ]

[ 2017-08-05T00:10:22+08:00 ] 127.0.0.1 /index.php/Admin/Auth/showlist
INFO: [ app_init ] --START--
INFO: Run Behavior\BuildLiteBehavior [ RunTime:0.000012s ]
INFO: [ app_init ] --END-- [ RunTime:0.000290s ]

[ 2017-08-05T00:10:26+08:00 ] 127.0.0.1 /index.php/Admin/Auth/delAuth.html
INFO: [ app_init ] --START--
INFO: Run Behavior\BuildLiteBehavior [ RunTime:0.000015s ]
INFO: [ app_init ] --END-- [ RunTime:0.000352s ]
INFO: [ app_begin ] --START--
INFO: Run Behavior\ReadHtmlCacheBehavior [ RunTime:0.000388s ]
INFO: [ app_begin ] --END-- [ RunTime:0.000449s ]
SQL: SHOW COLUMNS FROM `sp_manager` [ RunTime:0.0061s ]
NOTIC: [8] Use of undefined constant man - assumed 'man' D:\web\tpshop\App\Admin\Common\AdminController.class.php 第 29 行.
SQL: SELECT role.role_auth_ac FROM sp_manager man INNER JOIN sp_role as role on man.role_id = role.role_id  WHERE `mg_id` = '502' LIMIT 1   [ RunTime:0.0003s ]
NOTIC: [8] Use of undefined constant admin - assumed 'admin' D:\web\tpshop\App\Admin\Common\AdminController.class.php 第 36 行.
SQL: SHOW COLUMNS FROM `sp_auth` [ RunTime:0.0060s ]
SQL: UPDATE `sp_auth` SET `falg`='0' WHERE `auth_id` = 141 [ RunTime:0.0080s ]

[ 2017-08-05T00:10:27+08:00 ] 127.0.0.1 /index.php/Admin/Auth/showlist
INFO: [ app_init ] --START--
INFO: Run Behavior\BuildLiteBehavior [ RunTime:0.000013s ]
INFO: [ app_init ] --END-- [ RunTime:0.000298s ]

[ 2017-08-05T00:10:31+08:00 ] 127.0.0.1 /index.php/Admin/Auth/delAuth.html
INFO: [ app_init ] --START--
INFO: Run Behavior\BuildLiteBehavior [ RunTime:0.000015s ]
INFO: [ app_init ] --END-- [ RunTime:0.000307s ]
INFO: [ app_begin ] --START--
INFO: Run Behavior\ReadHtmlCacheBehavior [ RunTime:0.000342s ]
INFO: [ app_begin ] --END-- [ RunTime:0.000394s ]
SQL: SHOW COLUMNS FROM `sp_manager` [ RunTime:0.0149s ]
NOTIC: [8] Use of undefined constant man - assumed 'man' D:\web\tpshop\App\Admin\Common\AdminController.class.php 第 29 行.
SQL: SELECT role.role_auth_ac FROM sp_manager man INNER JOIN sp_role as role on man.role_id = role.role_id  WHERE `mg_id` = '502' LIMIT 1   [ RunTime:0.0003s ]
NOTIC: [8] Use of undefined constant admin - assumed 'admin' D:\web\tpshop\App\Admin\Common\AdminController.class.php 第 36 行.
SQL: SHOW COLUMNS FROM `sp_auth` [ RunTime:0.0043s ]
SQL: UPDATE `sp_auth` SET `falg`='0' WHERE `auth_id` = 142 [ RunTime:0.0073s ]

[ 2017-08-05T00:10:32+08:00 ] 127.0.0.1 /index.php/Admin/Auth/showlist
INFO: [ app_init ] --START--
INFO: Run Behavior\BuildLiteBehavior [ RunTime:0.000023s ]
INFO: [ app_init ] --END-- [ RunTime:0.000689s ]

[ 2017-08-05T00:10:36+08:00 ] 127.0.0.1 /index.php/Admin/index/index.html
INFO: [ app_init ] --START--
INFO: Run Behavior\BuildLiteBehavior [ RunTime:0.000018s ]
INFO: [ app_init ] --END-- [ RunTime:0.000381s ]

[ 2017-08-05T00:10:37+08:00 ] 127.0.0.1 /index.php/Admin/Index/top.html
INFO: [ app_init ] --START--
INFO: Run Behavior\BuildLiteBehavior [ RunTime:0.000019s ]
INFO: [ app_init ] --END-- [ RunTime:0.000420s ]

[ 2017-08-05T00:10:38+08:00 ] 127.0.0.1 /index.php/Admin/Index/center.html
INFO: [ app_init ] --START--
INFO: Run Behavior\BuildLiteBehavior [ RunTime:0.000019s ]
INFO: [ app_init ] --END-- [ RunTime:0.000419s ]

[ 2017-08-05T00:10:39+08:00 ] 127.0.0.1 /index.php/Admin/Index/down.html
INFO: [ app_init ] --START--
INFO: Run Behavior\BuildLiteBehavior [ RunTime:0.000017s ]
INFO: [ app_init ] --END-- [ RunTime:0.000453s ]

[ 2017-08-05T00:10:40+08:00 ] 127.0.0.1 /index.php/Admin/Index/left.html
INFO: [ app_init ] --START--
INFO: Run Behavior\BuildLiteBehavior [ RunTime:0.000019s ]
INFO: [ app_init ] --END-- [ RunTime:0.000425s ]

[ 2017-08-05T00:10:41+08:00 ] 127.0.0.1 /index.php/Admin/Index/right.html
INFO: [ app_init ] --START--
INFO: Run Behavior\BuildLiteBehavior [ RunTime:0.000016s ]
INFO: [ app_init ] --END-- [ RunTime:0.000339s ]

[ 2017-08-05T00:11:13+08:00 ] 127.0.0.1 /index.php/Admin/Auth/showlist
INFO: [ app_init ] --START--
INFO: Run Behavior\BuildLiteBehavior [ RunTime:0.000017s ]
INFO: [ app_init ] --END-- [ RunTime:0.000459s ]

[ 2017-08-05T00:11:16+08:00 ] 127.0.0.1 /index.php/Admin/Auth/addAuth.html
INFO: [ app_init ] --START--
INFO: Run Behavior\BuildLiteBehavior [ RunTime:0.000016s ]
INFO: [ app_init ] --END-- [ RunTime:0.000354s ]

[ 2017-08-05T00:11:16+08:00 ] 127.0.0.1 /index.php/Admin/Auth/tb.gif
INFO: [ app_init ] --START--
INFO: Run Behavior\BuildLiteBehavior [ RunTime:0.000021s ]
INFO: [ app_init ] --END-- [ RunTime:0.000550s ]

[ 2017-08-05T00:11:40+08:00 ] 127.0.0.1 /index.php/Admin/Auth/addAuth.html
INFO: [ app_init ] --START--
INFO: Run Behavior\BuildLiteBehavior [ RunTime:0.000014s ]
INFO: [ app_init ] --END-- [ RunTime:0.000322s ]
INFO: [ app_begin ] --START--
INFO: Run Behavior\ReadHtmlCacheBehavior [ RunTime:0.000328s ]
INFO: [ app_begin ] --END-- [ RunTime:0.000376s ]
SQL: SHOW COLUMNS FROM `sp_manager` [ RunTime:0.0085s ]
NOTIC: [8] Use of undefined constant man - assumed 'man' D:\web\tpshop\App\Admin\Common\AdminController.class.php 第 29 行.
SQL: SELECT role.role_auth_ac FROM sp_manager man INNER JOIN sp_role as role on man.role_id = role.role_id  WHERE `mg_id` = '502' LIMIT 1   [ RunTime:0.0002s ]
NOTIC: [8] Use of undefined constant admin - assumed 'admin' D:\web\tpshop\App\Admin\Common\AdminController.class.php 第 36 行.
SQL: SHOW COLUMNS FROM `sp_auth` [ RunTime:0.0044s ]
SQL: INSERT INTO `sp_auth` (`auth_name`,`auth_pid`,`auth_c`,`auth_a`,`auth_level`) VALUES ('微信平台','0','','','0') [ RunTime:0.0092s ]

[ 2017-08-05T00:11:44+08:00 ] 127.0.0.1 /index.php/Admin/Auth/showlist.html
INFO: [ app_init ] --START--
INFO: Run Behavior\BuildLiteBehavior [ RunTime:0.000015s ]
INFO: [ app_init ] --END-- [ RunTime:0.000393s ]

[ 2017-08-05T00:11:48+08:00 ] 127.0.0.1 /index.php/Admin/index/index.html
INFO: [ app_init ] --START--
INFO: Run Behavior\BuildLiteBehavior [ RunTime:0.000015s ]
INFO: [ app_init ] --END-- [ RunTime:0.000394s ]

[ 2017-08-05T00:11:49+08:00 ] 127.0.0.1 /index.php/Admin/Index/top.html
INFO: [ app_init ] --START--
INFO: Run Behavior\BuildLiteBehavior [ RunTime:0.000020s ]
INFO: [ app_init ] --END-- [ RunTime:0.000445s ]

[ 2017-08-05T00:11:50+08:00 ] 127.0.0.1 /index.php/Admin/Index/center.html
INFO: [ app_init ] --START--
INFO: Run Behavior\BuildLiteBehavior [ RunTime:0.000022s ]
INFO: [ app_init ] --END-- [ RunTime:0.000506s ]

[ 2017-08-05T00:11:51+08:00 ] 127.0.0.1 /index.php/Admin/Index/down.html
INFO: [ app_init ] --START--
INFO: Run Behavior\BuildLiteBehavior [ RunTime:0.000022s ]
INFO: [ app_init ] --END-- [ RunTime:0.000458s ]

[ 2017-08-05T00:11:52+08:00 ] 127.0.0.1 /index.php/Admin/Index/left.html
INFO: [ app_init ] --START--
INFO: Run Behavior\BuildLiteBehavior [ RunTime:0.000020s ]
INFO: [ app_init ] --END-- [ RunTime:0.000333s ]

[ 2017-08-05T00:11:53+08:00 ] 127.0.0.1 /index.php/Admin/Index/right.html
INFO: [ app_init ] --START--
INFO: Run Behavior\BuildLiteBehavior [ RunTime:0.000022s ]
INFO: [ app_init ] --END-- [ RunTime:0.000570s ]

[ 2017-08-05T00:13:43+08:00 ] 127.0.0.1 /index.php/Admin/Auth/showlist
INFO: [ app_init ] --START--
INFO: Run Behavior\BuildLiteBehavior [ RunTime:0.000014s ]
INFO: [ app_init ] --END-- [ RunTime:0.000364s ]

[ 2017-08-05T00:13:48+08:00 ] 127.0.0.1 /index.php/Admin/Auth/addAuth.html
INFO: [ app_init ] --START--
INFO: Run Behavior\BuildLiteBehavior [ RunTime:0.000013s ]
INFO: [ app_init ] --END-- [ RunTime:0.000311s ]

[ 2017-08-05T00:13:48+08:00 ] 127.0.0.1 /index.php/Admin/Auth/tb.gif
INFO: [ app_init ] --START--
INFO: Run Behavior\BuildLiteBehavior [ RunTime:0.000043s ]
INFO: [ app_init ] --END-- [ RunTime:0.001185s ]

[ 2017-08-05T00:14:42+08:00 ] 127.0.0.1 /index.php/Admin/Auth/addAuth.html
INFO: [ app_init ] --START--
INFO: Run Behavior\BuildLiteBehavior [ RunTime:0.000013s ]
INFO: [ app_init ] --END-- [ RunTime:0.000294s ]
INFO: [ app_begin ] --START--
INFO: Run Behavior\ReadHtmlCacheBehavior [ RunTime:0.000391s ]
INFO: [ app_begin ] --END-- [ RunTime:0.000447s ]
SQL: SHOW COLUMNS FROM `sp_manager` [ RunTime:0.0145s ]
NOTIC: [8] Use of undefined constant man - assumed 'man' D:\web\tpshop\App\Admin\Common\AdminController.class.php 第 29 行.
SQL: SELECT role.role_auth_ac FROM sp_manager man INNER JOIN sp_role as role on man.role_id = role.role_id  WHERE `mg_id` = '502' LIMIT 1   [ RunTime:0.0006s ]
NOTIC: [8] Use of undefined constant admin - assumed 'admin' D:\web\tpshop\App\Admin\Common\AdminController.class.php 第 36 行.
SQL: SHOW COLUMNS FROM `sp_auth` [ RunTime:0.0094s ]
SQL: INSERT INTO `sp_auth` (`auth_name`,`auth_pid`,`auth_c`,`auth_a`,`auth_level`) VALUES ('今日秒杀','143','WechatSeckillController','showlist','1') [ RunTime:0.0084s ]

[ 2017-08-05T00:14:46+08:00 ] 127.0.0.1 /index.php/Admin/Auth/showlist.html
INFO: [ app_init ] --START--
INFO: Run Behavior\BuildLiteBehavior [ RunTime:0.000026s ]
INFO: [ app_init ] --END-- [ RunTime:0.000800s ]

[ 2017-08-05T00:14:53+08:00 ] 127.0.0.1 /index.php/Admin/Auth/updAuth/auth_id/144.html
INFO: [ app_init ] --START--
INFO: Run Behavior\BuildLiteBehavior [ RunTime:0.000022s ]
INFO: [ app_init ] --END-- [ RunTime:0.000461s ]

[ 2017-08-05T00:14:53+08:00 ] 127.0.0.1 /index.php/Admin/Auth/updAuth/auth_id/tb.gif
INFO: [ app_init ] --START--
INFO: Run Behavior\BuildLiteBehavior [ RunTime:0.000024s ]
INFO: [ app_init ] --END-- [ RunTime:0.000588s ]

[ 2017-08-05T00:14:57+08:00 ] 127.0.0.1 /index.php/Admin/Auth/updAuth.html
INFO: [ app_init ] --START--
INFO: Run Behavior\BuildLiteBehavior [ RunTime:0.000017s ]
INFO: [ app_init ] --END-- [ RunTime:0.000373s ]
INFO: [ app_begin ] --START--
INFO: Run Behavior\ReadHtmlCacheBehavior [ RunTime:0.000344s ]
INFO: [ app_begin ] --END-- [ RunTime:0.000395s ]
SQL: SHOW COLUMNS FROM `sp_manager` [ RunTime:0.0049s ]
NOTIC: [8] Use of undefined constant man - assumed 'man' D:\web\tpshop\App\Admin\Common\AdminController.class.php 第 29 行.
SQL: SELECT role.role_auth_ac FROM sp_manager man INNER JOIN sp_role as role on man.role_id = role.role_id  WHERE `mg_id` = '502' LIMIT 1   [ RunTime:0.0003s ]
NOTIC: [8] Use of undefined constant admin - assumed 'admin' D:\web\tpshop\App\Admin\Common\AdminController.class.php 第 36 行.
SQL: SHOW COLUMNS FROM `sp_auth` [ RunTime:0.0044s ]
SQL: UPDATE `sp_auth` SET `auth_name`='今日秒杀',`auth_pid`='143',`auth_c`='WechatSeckill',`auth_a`='showlist' WHERE `auth_id` = 144 [ RunTime:0.0077s ]

[ 2017-08-05T00:15:02+08:00 ] 127.0.0.1 /index.php/Admin/Auth/showlist.html
INFO: [ app_init ] --START--
INFO: Run Behavior\BuildLiteBehavior [ RunTime:0.000016s ]
INFO: [ app_init ] --END-- [ RunTime:0.000387s ]

[ 2017-08-05T00:15:13+08:00 ] 127.0.0.1 /index.php/Admin/Auth/showlist
INFO: [ app_init ] --START--
INFO: Run Behavior\BuildLiteBehavior [ RunTime:0.000012s ]
INFO: [ app_init ] --END-- [ RunTime:0.000281s ]

[ 2017-08-05T00:15:16+08:00 ] 127.0.0.1 /index.php/Admin/Auth/addAuth.html
INFO: [ app_init ] --START--
INFO: Run Behavior\BuildLiteBehavior [ RunTime:0.000019s ]
INFO: [ app_init ] --END-- [ RunTime:0.000427s ]

[ 2017-08-05T00:15:16+08:00 ] 127.0.0.1 /index.php/Admin/Auth/tb.gif
INFO: [ app_init ] --START--
INFO: Run Behavior\BuildLiteBehavior [ RunTime:0.000018s ]
INFO: [ app_init ] --END-- [ RunTime:0.000481s ]

[ 2017-08-05T00:15:58+08:00 ] 127.0.0.1 /index.php/Admin/Auth/addAuth.html
INFO: [ app_init ] --START--
INFO: Run Behavior\BuildLiteBehavior [ RunTime:0.000013s ]
INFO: [ app_init ] --END-- [ RunTime:0.000357s ]
INFO: [ app_begin ] --START--
INFO: Run Behavior\ReadHtmlCacheBehavior [ RunTime:0.000380s ]
INFO: [ app_begin ] --END-- [ RunTime:0.000430s ]
SQL: SHOW COLUMNS FROM `sp_manager` [ RunTime:0.0139s ]
NOTIC: [8] Use of undefined constant man - assumed 'man' D:\web\tpshop\App\Admin\Common\AdminController.class.php 第 29 行.
SQL: SELECT role.role_auth_ac FROM sp_manager man INNER JOIN sp_role as role on man.role_id = role.role_id  WHERE `mg_id` = '502' LIMIT 1   [ RunTime:0.0002s ]
NOTIC: [8] Use of undefined constant admin - assumed 'admin' D:\web\tpshop\App\Admin\Common\AdminController.class.php 第 36 行.
SQL: SHOW COLUMNS FROM `sp_auth` [ RunTime:0.0044s ]
SQL: INSERT INTO `sp_auth` (`auth_name`,`auth_pid`,`auth_c`,`auth_a`,`auth_level`) VALUES ('今日新增','143','WechatNewGoods','showlist','1') [ RunTime:0.0072s ]

[ 2017-08-05T00:16:02+08:00 ] 127.0.0.1 /index.php/Admin/Auth/showlist.html
INFO: [ app_init ] --START--
INFO: Run Behavior\BuildLiteBehavior [ RunTime:0.000015s ]
INFO: [ app_init ] --END-- [ RunTime:0.000341s ]

[ 2017-08-05T00:16:36+08:00 ] 127.0.0.1 /index.php/Admin/Auth/addAuth.html
INFO: [ app_init ] --START--
INFO: Run Behavior\BuildLiteBehavior [ RunTime:0.000019s ]
INFO: [ app_init ] --END-- [ RunTime:0.000417s ]

[ 2017-08-05T00:16:36+08:00 ] 127.0.0.1 /index.php/Admin/Auth/tb.gif
INFO: [ app_init ] --START--
INFO: Run Behavior\BuildLiteBehavior [ RunTime:0.000013s ]
INFO: [ app_init ] --END-- [ RunTime:0.000305s ]

[ 2017-08-05T00:16:54+08:00 ] 127.0.0.1 /index.php/Admin/index/index.html
INFO: [ app_init ] --START--
INFO: Run Behavior\BuildLiteBehavior [ RunTime:0.000016s ]
INFO: [ app_init ] --END-- [ RunTime:0.000442s ]

[ 2017-08-05T00:16:56+08:00 ] 127.0.0.1 /index.php/Admin/Index/top.html
INFO: [ app_init ] --START--
INFO: Run Behavior\BuildLiteBehavior [ RunTime:0.000019s ]
INFO: [ app_init ] --END-- [ RunTime:0.000528s ]

[ 2017-08-05T00:16:57+08:00 ] 127.0.0.1 /index.php/Admin/Index/center.html
INFO: [ app_init ] --START--
INFO: Run Behavior\BuildLiteBehavior [ RunTime:0.000023s ]
INFO: [ app_init ] --END-- [ RunTime:0.000543s ]

[ 2017-08-05T00:16:58+08:00 ] 127.0.0.1 /index.php/Admin/Index/down.html
INFO: [ app_init ] --START--
INFO: Run Behavior\BuildLiteBehavior [ RunTime:0.000021s ]
INFO: [ app_init ] --END-- [ RunTime:0.000494s ]

[ 2017-08-05T00:16:59+08:00 ] 127.0.0.1 /index.php/Admin/Index/left.html
INFO: [ app_init ] --START--
INFO: Run Behavior\BuildLiteBehavior [ RunTime:0.000019s ]
INFO: [ app_init ] --END-- [ RunTime:0.000426s ]

[ 2017-08-05T00:17:00+08:00 ] 127.0.0.1 /index.php/Admin/Index/right.html
INFO: [ app_init ] --START--
INFO: Run Behavior\BuildLiteBehavior [ RunTime:0.000017s ]
INFO: [ app_init ] --END-- [ RunTime:0.000438s ]

[ 2017-08-05T14:08:44+08:00 ] 127.0.0.1 /index.php/admin/manager/login
INFO: [ app_init ] --START--
INFO: Run Behavior\BuildLiteBehavior [ RunTime:0.000017s ]
INFO: [ app_init ] --END-- [ RunTime:0.000398s ]

[ 2017-08-05T14:08:45+08:00 ] 127.0.0.1 /index.php/Admin/Manager/verifyImg.html
INFO: [ app_init ] --START--
INFO: Run Behavior\BuildLiteBehavior [ RunTime:0.000025s ]
INFO: [ app_init ] --END-- [ RunTime:0.000570s ]

[ 2017-08-05T14:09:03+08:00 ] 127.0.0.1 /index.php/Admin/Manager/verifyImg.html
INFO: [ app_init ] --START--
INFO: Run Behavior\BuildLiteBehavior [ RunTime:0.000021s ]
INFO: [ app_init ] --END-- [ RunTime:0.000466s ]

[ 2017-08-05T14:09:05+08:00 ] 127.0.0.1 /index.php/admin/WechatManagementPlatform/login
INFO: [ app_init ] --START--
INFO: Run Behavior\BuildLiteBehavior [ RunTime:0.000020s ]
INFO: [ app_init ] --END-- [ RunTime:0.000464s ]
ERR: 无法加载控制器:WechatManagementPlatform

[ 2017-08-05T14:10:23+08:00 ] 127.0.0.1 /index.php/Admin/Manager/verifyImg.html
INFO: [ app_init ] --START--
INFO: Run Behavior\BuildLiteBehavior [ RunTime:0.000025s ]
INFO: [ app_init ] --END-- [ RunTime:0.000512s ]

[ 2017-08-05T14:10:24+08:00 ] 127.0.0.1 /index.php/admin/WechatManagementPlatform/login
INFO: [ app_init ] --START--
INFO: Run Behavior\BuildLiteBehavior [ RunTime:0.000021s ]
INFO: [ app_init ] --END-- [ RunTime:0.000514s ]
ERR: 无法加载控制器:WechatManagementPlatform

[ 2017-08-05T14:10:27+08:00 ] 127.0.0.1 /index.php/admin/WechatManagementPlatform/login
INFO: [ app_init ] --START--
INFO: Run Behavior\BuildLiteBehavior [ RunTime:0.000030s ]
INFO: [ app_init ] --END-- [ RunTime:0.000410s ]
ERR: 无法加载控制器:WechatManagementPlatform

[ 2017-08-05T14:14:04+08:00 ] 127.0.0.1 /index.php/admin/WechatManagementPlatform/login
INFO: [ app_init ] --START--
INFO: Run Behavior\BuildLiteBehavior [ RunTime:0.000014s ]
INFO: [ app_init ] --END-- [ RunTime:0.000317s ]
ERR: 无法加载控制器:WechatManagementPlatform

[ 2017-08-05T14:14:05+08:00 ] 127.0.0.1 /index.php/Admin/Manager/verifyImg.html
INFO: [ app_init ] --START--
INFO: Run Behavior\BuildLiteBehavior [ RunTime:0.000019s ]
INFO: [ app_init ] --END-- [ RunTime:0.000449s ]

[ 2017-08-05T14:14:06+08:00 ] 127.0.0.1 /index.php/admin/WechatManagementPlatform/login
INFO: [ app_init ] --START--
INFO: Run Behavior\BuildLiteBehavior [ RunTime:0.000013s ]
INFO: [ app_init ] --END-- [ RunTime:0.000288s ]
ERR: 无法加载控制器:WechatManagementPlatform

[ 2017-08-05T14:23:09+08:00 ] 127.0.0.1 /index.php/admin/WechatManagementPlatform/login
INFO: [ app_init ] --START--
INFO: Run Behavior\BuildLiteBehavior [ RunTime:0.000016s ]
INFO: [ app_init ] --END-- [ RunTime:0.000364s ]
ERR: 无法加载控制器:WechatManagementPlatform

[ 2017-08-05T14:23:10+08:00 ] 127.0.0.1 /index.php/Admin/Manager/verifyImg.html
INFO: [ app_init ] --START--
INFO: Run Behavior\BuildLiteBehavior [ RunTime:0.000015s ]
INFO: [ app_init ] --END-- [ RunTime:0.000319s ]

[ 2017-08-05T14:24:32+08:00 ] 127.0.0.1 /index.php/Admin/Manager/verifyImg.html
INFO: [ app_init ] --START--
INFO: Run Behavior\BuildLiteBehavior [ RunTime:0.000019s ]
INFO: [ app_init ] --END-- [ RunTime:0.000392s ]
INFO: [ app_begin ] --START--
INFO: Run Behavior\ReadHtmlCacheBehavior [ RunTime:0.000601s ]
INFO: [ app_begin ] --END-- [ RunTime:0.000702s ]
INFO: [ app_end ] --START--
INFO: Run Behavior\ShowPageTraceBehavior [ RunTime:0.000528s ]
INFO: [ app_end ] --END-- [ RunTime:0.000615s ]

