[ 2017-06-29T08:52:16+08:00 ] 127.0.0.1 /index.php/Admin/manager/verifyImg.html
INFO: [ app_init ] --START--
INFO: Run Behavior\BuildLiteBehavior [ RunTime:0.000010s ]
INFO: [ app_init ] --END-- [ RunTime:0.000383s ]

[ 2017-06-29T09:16:53+08:00 ] 127.0.0.1 /index.php/Admin/User/showlist
INFO: [ app_init ] --START--
INFO: Run Behavior\BuildLiteBehavior [ RunTime:0.000007s ]
INFO: [ app_init ] --END-- [ RunTime:0.000351s ]

[ 2017-06-29T09:16:53+08:00 ] 127.0.0.1 /index.php/admin/manager/login
INFO: [ app_init ] --START--
INFO: Run Behavior\BuildLiteBehavior [ RunTime:0.000008s ]
INFO: [ app_init ] --END-- [ RunTime:0.000301s ]

[ 2017-06-29T09:16:54+08:00 ] 127.0.0.1 /index.php/Admin/Manager/verifyImg.html
INFO: [ app_init ] --START--
INFO: Run Behavior\BuildLiteBehavior [ RunTime:0.000010s ]
INFO: [ app_init ] --END-- [ RunTime:0.000397s ]

[ 2017-06-29T09:16:57+08:00 ] 127.0.0.1 /index.php/Admin/Manager/checkVerifyCode.html
INFO: [ app_init ] --START--
INFO: Run Behavior\BuildLiteBehavior [ RunTime:0.000007s ]
INFO: [ app_init ] --END-- [ RunTime:0.000261s ]
INFO: [ app_begin ] --START--
INFO: Run Behavior\ReadHtmlCacheBehavior [ RunTime:0.000323s ]
INFO: [ app_begin ] --END-- [ RunTime:0.000351s ]

[ 2017-06-29T09:16:57+08:00 ] 127.0.0.1 /index.php/Admin/Manager/verifyImg/0.0982607186905089
INFO: [ app_init ] --START--
INFO: Run Behavior\BuildLiteBehavior [ RunTime:0.000007s ]
INFO: [ app_init ] --END-- [ RunTime:0.000266s ]

[ 2017-06-29T09:16:58+08:00 ] 127.0.0.1 /index.php/Admin/Manager/checkVerifyCode.html
INFO: [ app_init ] --START--
INFO: Run Behavior\BuildLiteBehavior [ RunTime:0.000009s ]
INFO: [ app_init ] --END-- [ RunTime:0.000369s ]
INFO: [ app_begin ] --START--
INFO: Run Behavior\ReadHtmlCacheBehavior [ RunTime:0.000569s ]
INFO: [ app_begin ] --END-- [ RunTime:0.000619s ]

[ 2017-06-29T09:16:58+08:00 ] 127.0.0.1 /index.php/Admin/Manager/verifyImg/0.8649396413131194
INFO: [ app_init ] --START--
INFO: Run Behavior\BuildLiteBehavior [ RunTime:0.000007s ]
INFO: [ app_init ] --END-- [ RunTime:0.000266s ]

[ 2017-06-29T09:16:59+08:00 ] 127.0.0.1 /index.php/Admin/Manager/checkVerifyCode.html
INFO: [ app_init ] --START--
INFO: Run Behavior\BuildLiteBehavior [ RunTime:0.000007s ]
INFO: [ app_init ] --END-- [ RunTime:0.000272s ]
INFO: [ app_begin ] --START--
INFO: Run Behavior\ReadHtmlCacheBehavior [ RunTime:0.000569s ]
INFO: [ app_begin ] --END-- [ RunTime:0.000606s ]

[ 2017-06-29T09:16:59+08:00 ] 127.0.0.1 /index.php/Admin/Manager/verifyImg/0.15818317381681846
INFO: [ app_init ] --START--
INFO: Run Behavior\BuildLiteBehavior [ RunTime:0.000008s ]
INFO: [ app_init ] --END-- [ RunTime:0.000340s ]

[ 2017-06-29T09:17:01+08:00 ] 127.0.0.1 /index.php/Admin/Manager/checkVerifyCode.html
INFO: [ app_init ] --START--
INFO: Run Behavior\BuildLiteBehavior [ RunTime:0.000007s ]
INFO: [ app_init ] --END-- [ RunTime:0.000266s ]
INFO: [ app_begin ] --START--
INFO: Run Behavior\ReadHtmlCacheBehavior [ RunTime:0.000329s ]
INFO: [ app_begin ] --END-- [ RunTime:0.000358s ]

[ 2017-06-29T09:17:01+08:00 ] 127.0.0.1 /index.php/Admin/Manager/verifyImg/0.6336853745984474
INFO: [ app_init ] --START--
INFO: Run Behavior\BuildLiteBehavior [ RunTime:0.000013s ]
INFO: [ app_init ] --END-- [ RunTime:0.000277s ]

[ 2017-06-29T09:17:03+08:00 ] 127.0.0.1 /index.php/admin/manager/login
INFO: [ app_init ] --START--
INFO: Run Behavior\BuildLiteBehavior [ RunTime:0.000012s ]
INFO: [ app_init ] --END-- [ RunTime:0.000313s ]

[ 2017-06-29T09:17:03+08:00 ] 127.0.0.1 /index.php/Admin/Manager/verifyImg.html
INFO: [ app_init ] --START--
INFO: Run Behavior\BuildLiteBehavior [ RunTime:0.000011s ]
INFO: [ app_init ] --END-- [ RunTime:0.000488s ]

[ 2017-06-29T09:17:11+08:00 ] 127.0.0.1 /index.php/Admin/Manager/checkVerifyCode.html
INFO: [ app_init ] --START--
INFO: Run Behavior\BuildLiteBehavior [ RunTime:0.000009s ]
INFO: [ app_init ] --END-- [ RunTime:0.000387s ]
INFO: [ app_begin ] --START--
INFO: Run Behavior\ReadHtmlCacheBehavior [ RunTime:0.000496s ]
INFO: [ app_begin ] --END-- [ RunTime:0.000532s ]

[ 2017-06-29T09:17:11+08:00 ] 127.0.0.1 /index.php/Admin/Manager/verifyImg/0.46425714872015744
INFO: [ app_init ] --START--
INFO: Run Behavior\BuildLiteBehavior [ RunTime:0.000008s ]
INFO: [ app_init ] --END-- [ RunTime:0.000290s ]

[ 2017-06-29T09:17:17+08:00 ] 127.0.0.1 /index.php/Admin/Manager/checkVerifyCode.html
INFO: [ app_init ] --START--
INFO: Run Behavior\BuildLiteBehavior [ RunTime:0.000006s ]
INFO: [ app_init ] --END-- [ RunTime:0.000269s ]
INFO: [ app_begin ] --START--
INFO: Run Behavior\ReadHtmlCacheBehavior [ RunTime:0.000328s ]
INFO: [ app_begin ] --END-- [ RunTime:0.000355s ]

[ 2017-06-29T09:17:17+08:00 ] 127.0.0.1 /index.php/Admin/Manager/verifyImg/0.3934621520042081
INFO: [ app_init ] --START--
INFO: Run Behavior\BuildLiteBehavior [ RunTime:0.000007s ]
INFO: [ app_init ] --END-- [ RunTime:0.000267s ]

[ 2017-06-29T09:17:19+08:00 ] 127.0.0.1 /index.php/Admin/Manager/checkVerifyCode.html
INFO: [ app_init ] --START--
INFO: Run Behavior\BuildLiteBehavior [ RunTime:0.000007s ]
INFO: [ app_init ] --END-- [ RunTime:0.000272s ]
INFO: [ app_begin ] --START--
INFO: Run Behavior\ReadHtmlCacheBehavior [ RunTime:0.000356s ]
INFO: [ app_begin ] --END-- [ RunTime:0.000388s ]

[ 2017-06-29T09:17:19+08:00 ] 127.0.0.1 /index.php/Admin/Manager/verifyImg/0.9686208048863443
INFO: [ app_init ] --START--
INFO: Run Behavior\BuildLiteBehavior [ RunTime:0.000007s ]
INFO: [ app_init ] --END-- [ RunTime:0.000268s ]

[ 2017-06-29T09:17:20+08:00 ] 127.0.0.1 /index.php/Admin/Manager/checkVerifyCode.html
INFO: [ app_init ] --START--
INFO: Run Behavior\BuildLiteBehavior [ RunTime:0.000009s ]
INFO: [ app_init ] --END-- [ RunTime:0.000362s ]
INFO: [ app_begin ] --START--
INFO: Run Behavior\ReadHtmlCacheBehavior [ RunTime:0.000428s ]
INFO: [ app_begin ] --END-- [ RunTime:0.000463s ]

[ 2017-06-29T09:17:20+08:00 ] 127.0.0.1 /index.php/Admin/Manager/verifyImg/0.029899442024874157
INFO: [ app_init ] --START--
INFO: Run Behavior\BuildLiteBehavior [ RunTime:0.000007s ]
INFO: [ app_init ] --END-- [ RunTime:0.000264s ]

[ 2017-06-29T09:17:28+08:00 ] 127.0.0.1 /index.php/Admin/Manager/checkVerifyCode.html
INFO: [ app_init ] --START--
INFO: Run Behavior\BuildLiteBehavior [ RunTime:0.000007s ]
INFO: [ app_init ] --END-- [ RunTime:0.000264s ]
INFO: [ app_begin ] --START--
INFO: Run Behavior\ReadHtmlCacheBehavior [ RunTime:0.000319s ]
INFO: [ app_begin ] --END-- [ RunTime:0.000346s ]

[ 2017-06-29T09:17:28+08:00 ] 127.0.0.1 /index.php/Admin/Manager/verifyImg/0.8427690538129062
INFO: [ app_init ] --START--
INFO: Run Behavior\BuildLiteBehavior [ RunTime:0.000008s ]
INFO: [ app_init ] --END-- [ RunTime:0.000268s ]

[ 2017-06-29T09:17:33+08:00 ] 127.0.0.1 /index.php/Admin/Manager/checkVerifyCode.html
INFO: [ app_init ] --START--
INFO: Run Behavior\BuildLiteBehavior [ RunTime:0.000008s ]
INFO: [ app_init ] --END-- [ RunTime:0.000328s ]
INFO: [ app_begin ] --START--
INFO: Run Behavior\ReadHtmlCacheBehavior [ RunTime:0.000328s ]
INFO: [ app_begin ] --END-- [ RunTime:0.000356s ]

[ 2017-06-29T09:17:33+08:00 ] 127.0.0.1 /index.php/Admin/Manager/verifyImg/0.3391712303725434
INFO: [ app_init ] --START--
INFO: Run Behavior\BuildLiteBehavior [ RunTime:0.000008s ]
INFO: [ app_init ] --END-- [ RunTime:0.000273s ]

[ 2017-06-29T09:17:40+08:00 ] 127.0.0.1 /index.php/Admin/Manager/checkVerifyCode.html
INFO: [ app_init ] --START--
INFO: Run Behavior\BuildLiteBehavior [ RunTime:0.000009s ]
INFO: [ app_init ] --END-- [ RunTime:0.000407s ]
INFO: [ app_begin ] --START--
INFO: Run Behavior\ReadHtmlCacheBehavior [ RunTime:0.000469s ]
INFO: [ app_begin ] --END-- [ RunTime:0.000522s ]

[ 2017-06-29T09:17:48+08:00 ] 127.0.0.1 /index.php/admin/manager/login
INFO: [ app_init ] --START--
INFO: Run Behavior\BuildLiteBehavior [ RunTime:0.000008s ]
INFO: [ app_init ] --END-- [ RunTime:0.000305s ]

[ 2017-06-29T09:17:49+08:00 ] 127.0.0.1 /index.php/Admin/index/index.html
INFO: [ app_init ] --START--
INFO: Run Behavior\BuildLiteBehavior [ RunTime:0.000007s ]
INFO: [ app_init ] --END-- [ RunTime:0.000250s ]

[ 2017-06-29T09:17:50+08:00 ] 127.0.0.1 /index.php/Admin/Index/top.html
INFO: [ app_init ] --START--
INFO: Run Behavior\BuildLiteBehavior [ RunTime:0.000011s ]
INFO: [ app_init ] --END-- [ RunTime:0.002526s ]

[ 2017-06-29T09:17:51+08:00 ] 127.0.0.1 /index.php/Admin/Index/center.html
INFO: [ app_init ] --START--
INFO: Run Behavior\BuildLiteBehavior [ RunTime:0.000010s ]
INFO: [ app_init ] --END-- [ RunTime:0.000431s ]

[ 2017-06-29T09:17:52+08:00 ] 127.0.0.1 /index.php/Admin/Index/down.html
INFO: [ app_init ] --START--
INFO: Run Behavior\BuildLiteBehavior [ RunTime:0.000011s ]
INFO: [ app_init ] --END-- [ RunTime:0.000475s ]

[ 2017-06-29T09:17:53+08:00 ] 127.0.0.1 /index.php/Admin/Index/left.html
INFO: [ app_init ] --START--
INFO: Run Behavior\BuildLiteBehavior [ RunTime:0.000015s ]
INFO: [ app_init ] --END-- [ RunTime:0.000363s ]

[ 2017-06-29T09:17:54+08:00 ] 127.0.0.1 /index.php/Admin/Index/right.html
INFO: [ app_init ] --START--
INFO: Run Behavior\BuildLiteBehavior [ RunTime:0.000013s ]
INFO: [ app_init ] --END-- [ RunTime:0.000458s ]

[ 2017-06-29T09:18:12+08:00 ] 127.0.0.1 /index.php/Admin/User/showlist
INFO: [ app_init ] --START--
INFO: Run Behavior\BuildLiteBehavior [ RunTime:0.000006s ]
INFO: [ app_init ] --END-- [ RunTime:0.000245s ]

[ 2017-06-29T09:18:19+08:00 ] 127.0.0.1 /index.php/Admin/Manager/showlist
INFO: [ app_init ] --START--
INFO: Run Behavior\BuildLiteBehavior [ RunTime:0.000014s ]
INFO: [ app_init ] --END-- [ RunTime:0.000357s ]

[ 2017-06-29T09:18:21+08:00 ] 127.0.0.1 /index.php/Admin/Role/showlist
INFO: [ app_init ] --START--
INFO: Run Behavior\BuildLiteBehavior [ RunTime:0.000014s ]
INFO: [ app_init ] --END-- [ RunTime:0.000481s ]

[ 2017-06-29T09:18:23+08:00 ] 127.0.0.1 /index.php/Admin/Auth/showlist
INFO: [ app_init ] --START--
INFO: Run Behavior\BuildLiteBehavior [ RunTime:0.000006s ]
INFO: [ app_init ] --END-- [ RunTime:0.000249s ]

[ 2017-06-29T09:18:26+08:00 ] 127.0.0.1 /index.php/Admin/Role/showlist
INFO: [ app_init ] --START--
INFO: Run Behavior\BuildLiteBehavior [ RunTime:0.000006s ]
INFO: [ app_init ] --END-- [ RunTime:0.000244s ]

[ 2017-06-29T09:18:28+08:00 ] 127.0.0.1 /index.php/Admin/Role/showlist
INFO: [ app_init ] --START--
INFO: Run Behavior\BuildLiteBehavior [ RunTime:0.000007s ]
INFO: [ app_init ] --END-- [ RunTime:0.000299s ]

[ 2017-06-29T09:18:30+08:00 ] 127.0.0.1 /index.php/Admin/Role/addRole.html
INFO: [ app_init ] --START--
INFO: Run Behavior\BuildLiteBehavior [ RunTime:0.000007s ]
INFO: [ app_init ] --END-- [ RunTime:0.000258s ]

[ 2017-06-29T09:18:30+08:00 ] 127.0.0.1 /index.php/Admin/Role/tb.gif
INFO: [ app_init ] --START--
INFO: Run Behavior\BuildLiteBehavior [ RunTime:0.000007s ]
INFO: [ app_init ] --END-- [ RunTime:0.000250s ]

[ 2017-06-29T09:18:30+08:00 ] 127.0.0.1 /index.php/Admin/Role/tb.gif
INFO: [ app_init ] --START--
INFO: Run Behavior\BuildLiteBehavior [ RunTime:0.000007s ]
INFO: [ app_init ] --END-- [ RunTime:0.000353s ]

[ 2017-06-29T09:18:42+08:00 ] 127.0.0.1 /index.php/Admin/Role/addRole.html
INFO: [ app_init ] --START--
INFO: Run Behavior\BuildLiteBehavior [ RunTime:0.000007s ]
INFO: [ app_init ] --END-- [ RunTime:0.000298s ]
INFO: [ app_begin ] --START--
INFO: Run Behavior\ReadHtmlCacheBehavior [ RunTime:0.000373s ]
INFO: [ app_begin ] --END-- [ RunTime:0.000402s ]
SQL: SHOW COLUMNS FROM `sp_manager` [ RunTime:0.0082s ]
NOTIC: [8] Use of undefined constant man - assumed 'man' D:\web\tpshop\App\Admin\Common\AdminController.class.php 第 28 行.
SQL: SELECT role.role_auth_ac FROM sp_manager man INNER JOIN sp_role as role on man.role_id = role.role_id  WHERE `mg_id` = '502' LIMIT 1   [ RunTime:0.0002s ]
NOTIC: [8] Use of undefined constant admin - assumed 'admin' D:\web\tpshop\App\Admin\Common\AdminController.class.php 第 35 行.
SQL: SHOW COLUMNS FROM `sp_role` [ RunTime:0.0046s ]
SQL: INSERT INTO `sp_role` (`role_name`) VALUES ('汪洋') [ RunTime:0.0050s ]

[ 2017-06-29T09:18:46+08:00 ] 127.0.0.1 /index.php/Admin/Role/redirectUrl.html
INFO: [ app_init ] --START--
INFO: Run Behavior\BuildLiteBehavior [ RunTime:0.000009s ]
INFO: [ app_init ] --END-- [ RunTime:0.000314s ]

[ 2017-06-29T09:18:47+08:00 ] 127.0.0.1 /index.php/Admin/Role/distribute/role_id/122.html
INFO: [ app_init ] --START--
INFO: Run Behavior\BuildLiteBehavior [ RunTime:0.000006s ]
INFO: [ app_init ] --END-- [ RunTime:0.000262s ]

[ 2017-06-29T09:19:01+08:00 ] 127.0.0.1 /index.php/Admin/Role/distribute.html
INFO: [ app_init ] --START--
INFO: Run Behavior\BuildLiteBehavior [ RunTime:0.000008s ]
INFO: [ app_init ] --END-- [ RunTime:0.000384s ]
INFO: [ app_begin ] --START--
INFO: Run Behavior\ReadHtmlCacheBehavior [ RunTime:0.000377s ]
INFO: [ app_begin ] --END-- [ RunTime:0.000403s ]
SQL: SHOW COLUMNS FROM `sp_manager` [ RunTime:0.0077s ]
NOTIC: [8] Use of undefined constant man - assumed 'man' D:\web\tpshop\App\Admin\Common\AdminController.class.php 第 28 行.
SQL: SELECT role.role_auth_ac FROM sp_manager man INNER JOIN sp_role as role on man.role_id = role.role_id  WHERE `mg_id` = '502' LIMIT 1   [ RunTime:0.0002s ]
NOTIC: [8] Use of undefined constant admin - assumed 'admin' D:\web\tpshop\App\Admin\Common\AdminController.class.php 第 35 行.
SQL: SHOW COLUMNS FROM `sp_role` [ RunTime:0.0042s ]
SQL: SELECT * FROM `sp_role` WHERE `role_id` = 122 LIMIT 1   [ RunTime:0.0003s ]
SQL: SHOW COLUMNS FROM `sp_auth` [ RunTime:0.0043s ]
SQL: SELECT * FROM `sp_auth` WHERE `auth_level` > 0 AND `auth_id` IN ('101','104','105','106','102','107','108','109')  [ RunTime:0.0003s ]
SQL: UPDATE `sp_role` SET `role_auth_ids`='101,104,105,106,102,107,108,109',`role_auth_ac`='Goods-showlist,Goods-tianjia,Category-showlist,Order-showlist,Order-dayin,Order-tianjia' WHERE `role_id` = 122 [ RunTime:0.0049s ]

[ 2017-06-29T09:19:04+08:00 ] 127.0.0.1 /index.php/Admin/Role/showlist.html
INFO: [ app_init ] --START--
INFO: Run Behavior\BuildLiteBehavior [ RunTime:0.000008s ]
INFO: [ app_init ] --END-- [ RunTime:0.000355s ]

[ 2017-06-29T10:19:24+08:00 ] 127.0.0.1 /index.php/Admin/Manager/showlist
INFO: [ app_init ] --START--
INFO: Run Behavior\BuildLiteBehavior [ RunTime:0.000007s ]
INFO: [ app_init ] --END-- [ RunTime:0.000327s ]

[ 2017-06-29T10:19:26+08:00 ] 127.0.0.1 /index.php/Admin/Auth/showlist
INFO: [ app_init ] --START--
INFO: Run Behavior\BuildLiteBehavior [ RunTime:0.000007s ]
INFO: [ app_init ] --END-- [ RunTime:0.000270s ]

[ 2017-06-29T10:19:30+08:00 ] 127.0.0.1 /index.php/Admin/Category/showlist
INFO: [ app_init ] --START--
INFO: Run Behavior\BuildLiteBehavior [ RunTime:0.000007s ]
INFO: [ app_init ] --END-- [ RunTime:0.000246s ]
ERR: 无法加载控制器:Category

[ 2017-06-29T10:19:36+08:00 ] 127.0.0.1 /index.php/Admin/Type/showlist
INFO: [ app_init ] --START--
INFO: Run Behavior\BuildLiteBehavior [ RunTime:0.000006s ]
INFO: [ app_init ] --END-- [ RunTime:0.000246s ]

[ 2017-06-29T10:19:39+08:00 ] 127.0.0.1 /index.php/Admin/Attribute/showlist/type_id/8.html
INFO: [ app_init ] --START--
INFO: Run Behavior\BuildLiteBehavior [ RunTime:0.000009s ]
INFO: [ app_init ] --END-- [ RunTime:0.000331s ]

[ 2017-06-29T10:19:40+08:00 ] 127.0.0.1 /index.php/Admin/Attribute/getAttrByTypeInfo
INFO: [ app_init ] --START--
INFO: Run Behavior\BuildLiteBehavior [ RunTime:0.000007s ]
INFO: [ app_init ] --END-- [ RunTime:0.000248s ]
INFO: [ app_begin ] --START--
INFO: Run Behavior\ReadHtmlCacheBehavior [ RunTime:0.000316s ]
INFO: [ app_begin ] --END-- [ RunTime:0.000342s ]
SQL: SHOW COLUMNS FROM `sp_manager` [ RunTime:0.0132s ]
NOTIC: [8] Use of undefined constant man - assumed 'man' D:\web\tpshop\App\Admin\Common\AdminController.class.php 第 28 行.
SQL: SELECT role.role_auth_ac FROM sp_manager man INNER JOIN sp_role as role on man.role_id = role.role_id  WHERE `mg_id` = '502' LIMIT 1   [ RunTime:0.0006s ]
NOTIC: [8] Use of undefined constant admin - assumed 'admin' D:\web\tpshop\App\Admin\Common\AdminController.class.php 第 35 行.
SQL: SHOW COLUMNS FROM `sp_attribute` [ RunTime:0.0091s ]
SQL: SELECT attr.*,type.type_name FROM sp_attribute attr INNER JOIN sp_type as type on attr.type_id=type.type_id  WHERE `flag` = 0 AND type.type_id = '8'  [ RunTime:0.0006s ]

[ 2017-06-29T10:19:48+08:00 ] 127.0.0.1 /index.php/Admin/Attribute/getAttrByTypeInfo
INFO: [ app_init ] --START--
INFO: Run Behavior\BuildLiteBehavior [ RunTime:0.000007s ]
INFO: [ app_init ] --END-- [ RunTime:0.000271s ]
INFO: [ app_begin ] --START--
INFO: Run Behavior\ReadHtmlCacheBehavior [ RunTime:0.000331s ]
INFO: [ app_begin ] --END-- [ RunTime:0.000357s ]
SQL: SHOW COLUMNS FROM `sp_manager` [ RunTime:0.0136s ]
NOTIC: [8] Use of undefined constant man - assumed 'man' D:\web\tpshop\App\Admin\Common\AdminController.class.php 第 28 行.
SQL: SELECT role.role_auth_ac FROM sp_manager man INNER JOIN sp_role as role on man.role_id = role.role_id  WHERE `mg_id` = '502' LIMIT 1   [ RunTime:0.0005s ]
NOTIC: [8] Use of undefined constant admin - assumed 'admin' D:\web\tpshop\App\Admin\Common\AdminController.class.php 第 35 行.
SQL: SHOW COLUMNS FROM `sp_attribute` [ RunTime:0.0077s ]
SQL: SELECT attr.*,type.type_name FROM sp_attribute attr INNER JOIN sp_type as type on attr.type_id=type.type_id  WHERE `flag` = 0 AND type.type_id = '7'  [ RunTime:0.0005s ]

[ 2017-06-29T10:19:51+08:00 ] 127.0.0.1 /index.php/Admin/Attribute/getAttrByTypeInfo
INFO: [ app_init ] --START--
INFO: Run Behavior\BuildLiteBehavior [ RunTime:0.000006s ]
INFO: [ app_init ] --END-- [ RunTime:0.000248s ]
INFO: [ app_begin ] --START--
INFO: Run Behavior\ReadHtmlCacheBehavior [ RunTime:0.000296s ]
INFO: [ app_begin ] --END-- [ RunTime:0.000319s ]
SQL: SHOW COLUMNS FROM `sp_manager` [ RunTime:0.0084s ]
NOTIC: [8] Use of undefined constant man - assumed 'man' D:\web\tpshop\App\Admin\Common\AdminController.class.php 第 28 行.
SQL: SELECT role.role_auth_ac FROM sp_manager man INNER JOIN sp_role as role on man.role_id = role.role_id  WHERE `mg_id` = '502' LIMIT 1   [ RunTime:0.0003s ]
NOTIC: [8] Use of undefined constant admin - assumed 'admin' D:\web\tpshop\App\Admin\Common\AdminController.class.php 第 35 行.
SQL: SHOW COLUMNS FROM `sp_attribute` [ RunTime:0.0044s ]
SQL: SELECT attr.*,type.type_name FROM sp_attribute attr INNER JOIN sp_type as type on attr.type_id=type.type_id  WHERE `flag` = 0 AND type.type_id = '6'  [ RunTime:0.0003s ]

[ 2017-06-29T10:21:30+08:00 ] 127.0.0.1 /index.php/Admin/User/showlist
INFO: [ app_init ] --START--
INFO: Run Behavior\BuildLiteBehavior [ RunTime:0.000007s ]
INFO: [ app_init ] --END-- [ RunTime:0.000353s ]

[ 2017-06-29T10:21:56+08:00 ] 127.0.0.1 /index.php/Admin/User/blocked.html
INFO: [ app_init ] --START--
INFO: Run Behavior\BuildLiteBehavior [ RunTime:0.000007s ]
INFO: [ app_init ] --END-- [ RunTime:0.000303s ]
INFO: [ app_begin ] --START--
INFO: Run Behavior\ReadHtmlCacheBehavior [ RunTime:0.000305s ]
INFO: [ app_begin ] --END-- [ RunTime:0.000327s ]
SQL: SHOW COLUMNS FROM `sp_manager` [ RunTime:0.0150s ]
NOTIC: [8] Use of undefined constant man - assumed 'man' D:\web\tpshop\App\Admin\Common\AdminController.class.php 第 28 行.
SQL: SELECT role.role_auth_ac FROM sp_manager man INNER JOIN sp_role as role on man.role_id = role.role_id  WHERE `mg_id` = '502' LIMIT 1   [ RunTime:0.0007s ]
NOTIC: [8] Use of undefined constant admin - assumed 'admin' D:\web\tpshop\App\Admin\Common\AdminController.class.php 第 35 行.
SQL: SHOW COLUMNS FROM `sp_user` [ RunTime:0.0088s ]
SQL: SELECT * FROM `sp_user` WHERE `user_id` = 57423 LIMIT 1   [ RunTime:0.0005s ]
SQL: UPDATE `sp_user` SET `flag`='2',`blocked_time`='1499566916' WHERE `user_id` = 57423 [ RunTime:0.0037s ]

[ 2017-06-29T10:21:57+08:00 ] 127.0.0.1 /index.php/Admin/User/showlist
INFO: [ app_init ] --START--
INFO: Run Behavior\BuildLiteBehavior [ RunTime:0.000007s ]
INFO: [ app_init ] --END-- [ RunTime:0.000257s ]

[ 2017-06-29T10:26:20+08:00 ] 127.0.0.1 /index.php/admin
INFO: [ app_init ] --START--
INFO: Run Behavior\BuildLiteBehavior [ RunTime:0.000012s ]
INFO: [ app_init ] --END-- [ RunTime:0.000364s ]

[ 2017-06-29T10:26:20+08:00 ] 127.0.0.1 /index.php/admin/manager/login
INFO: [ app_init ] --START--
INFO: Run Behavior\BuildLiteBehavior [ RunTime:0.000009s ]
INFO: [ app_init ] --END-- [ RunTime:0.000376s ]

[ 2017-06-29T10:26:20+08:00 ] 127.0.0.1 /index.php/Admin/Manager/verifyImg.html
INFO: [ app_init ] --START--
INFO: Run Behavior\BuildLiteBehavior [ RunTime:0.000007s ]
INFO: [ app_init ] --END-- [ RunTime:0.000293s ]

[ 2017-06-29T10:26:33+08:00 ] 127.0.0.1 /index.php/Admin/Manager/checkVerifyCode.html
INFO: [ app_init ] --START--
INFO: Run Behavior\BuildLiteBehavior [ RunTime:0.000007s ]
INFO: [ app_init ] --END-- [ RunTime:0.000279s ]
INFO: [ app_begin ] --START--
INFO: Run Behavior\ReadHtmlCacheBehavior [ RunTime:0.000334s ]
INFO: [ app_begin ] --END-- [ RunTime:0.000361s ]

[ 2017-06-29T10:26:34+08:00 ] 127.0.0.1 /index.php/admin/manager/login
INFO: [ app_init ] --START--
INFO: Run Behavior\BuildLiteBehavior [ RunTime:0.000007s ]
INFO: [ app_init ] --END-- [ RunTime:0.000259s ]

[ 2017-06-29T10:26:35+08:00 ] 127.0.0.1 /index.php/Admin/index/index.html
INFO: [ app_init ] --START--
INFO: Run Behavior\BuildLiteBehavior [ RunTime:0.000007s ]
INFO: [ app_init ] --END-- [ RunTime:0.000307s ]

[ 2017-06-29T10:26:36+08:00 ] 127.0.0.1 /index.php/Admin/Index/top.html
INFO: [ app_init ] --START--
INFO: Run Behavior\BuildLiteBehavior [ RunTime:0.000008s ]
INFO: [ app_init ] --END-- [ RunTime:0.000339s ]

[ 2017-06-29T10:26:37+08:00 ] 127.0.0.1 /index.php/Admin/Index/center.html
INFO: [ app_init ] --START--
INFO: Run Behavior\BuildLiteBehavior [ RunTime:0.000013s ]
INFO: [ app_init ] --END-- [ RunTime:0.000472s ]

[ 2017-06-29T10:26:38+08:00 ] 127.0.0.1 /index.php/Admin/Index/down.html
INFO: [ app_init ] --START--
INFO: Run Behavior\BuildLiteBehavior [ RunTime:0.000011s ]
INFO: [ app_init ] --END-- [ RunTime:0.000470s ]

[ 2017-06-29T10:26:39+08:00 ] 127.0.0.1 /index.php/Admin/Index/left.html
INFO: [ app_init ] --START--
INFO: Run Behavior\BuildLiteBehavior [ RunTime:0.000011s ]
INFO: [ app_init ] --END-- [ RunTime:0.000382s ]

[ 2017-06-29T10:26:40+08:00 ] 127.0.0.1 /index.php/Admin/Index/right.html
INFO: [ app_init ] --START--
INFO: Run Behavior\BuildLiteBehavior [ RunTime:0.000011s ]
INFO: [ app_init ] --END-- [ RunTime:0.000467s ]

[ 2017-06-29T10:26:43+08:00 ] 127.0.0.1 /index.php/Admin/User/showlist
INFO: [ app_init ] --START--
INFO: Run Behavior\BuildLiteBehavior [ RunTime:0.000005s ]
INFO: [ app_init ] --END-- [ RunTime:0.000245s ]

[ 2017-06-29T15:51:52+08:00 ] 127.0.0.1 /index.php/Admin/User/showlist/p/3813.html
INFO: [ app_init ] --START--
INFO: Run Behavior\BuildLiteBehavior [ RunTime:0.000009s ]
INFO: [ app_init ] --END-- [ RunTime:0.000393s ]

[ 2017-06-29T15:51:52+08:00 ] 127.0.0.1 /index.php/admin/manager/login
INFO: [ app_init ] --START--
INFO: Run Behavior\BuildLiteBehavior [ RunTime:0.000007s ]
INFO: [ app_init ] --END-- [ RunTime:0.000272s ]

[ 2017-06-29T15:51:52+08:00 ] 127.0.0.1 /index.php/Admin/Manager/verifyImg.html
INFO: [ app_init ] --START--
INFO: Run Behavior\BuildLiteBehavior [ RunTime:0.000012s ]
INFO: [ app_init ] --END-- [ RunTime:0.000616s ]

[ 2017-06-29T15:52:05+08:00 ] 127.0.0.1 /index.php/Admin/Manager/checkVerifyCode.html
INFO: [ app_init ] --START--
INFO: Run Behavior\BuildLiteBehavior [ RunTime:0.000007s ]
INFO: [ app_init ] --END-- [ RunTime:0.000268s ]
INFO: [ app_begin ] --START--
INFO: Run Behavior\ReadHtmlCacheBehavior [ RunTime:0.000334s ]
INFO: [ app_begin ] --END-- [ RunTime:0.000362s ]

[ 2017-06-29T15:52:06+08:00 ] 127.0.0.1 /index.php/admin/manager/login
INFO: [ app_init ] --START--
INFO: Run Behavior\BuildLiteBehavior [ RunTime:0.000006s ]
INFO: [ app_init ] --END-- [ RunTime:0.000251s ]

[ 2017-06-29T15:52:07+08:00 ] 127.0.0.1 /index.php/Admin/index/index.html
INFO: [ app_init ] --START--
INFO: Run Behavior\BuildLiteBehavior [ RunTime:0.000007s ]
INFO: [ app_init ] --END-- [ RunTime:0.000267s ]

[ 2017-06-29T15:52:08+08:00 ] 127.0.0.1 /index.php/Admin/Index/top.html
INFO: [ app_init ] --START--
INFO: Run Behavior\BuildLiteBehavior [ RunTime:0.000008s ]
INFO: [ app_init ] --END-- [ RunTime:0.000334s ]

[ 2017-06-29T15:52:09+08:00 ] 127.0.0.1 /index.php/Admin/Index/center.html
INFO: [ app_init ] --START--
INFO: Run Behavior\BuildLiteBehavior [ RunTime:0.000011s ]
INFO: [ app_init ] --END-- [ RunTime:0.000470s ]

[ 2017-06-29T15:52:10+08:00 ] 127.0.0.1 /index.php/Admin/Index/down.html
INFO: [ app_init ] --START--
INFO: Run Behavior\BuildLiteBehavior [ RunTime:0.000010s ]
INFO: [ app_init ] --END-- [ RunTime:0.000393s ]

[ 2017-06-29T15:52:12+08:00 ] 127.0.0.1 /index.php/Admin/Index/left.html
INFO: [ app_init ] --START--
INFO: Run Behavior\BuildLiteBehavior [ RunTime:0.000011s ]
INFO: [ app_init ] --END-- [ RunTime:0.000331s ]

[ 2017-06-29T15:52:13+08:00 ] 127.0.0.1 /index.php/Admin/Index/right.html
INFO: [ app_init ] --START--
INFO: Run Behavior\BuildLiteBehavior [ RunTime:0.000011s ]
INFO: [ app_init ] --END-- [ RunTime:0.000463s ]

[ 2017-06-29T15:52:16+08:00 ] 127.0.0.1 /index.php/Admin/User/showlist
INFO: [ app_init ] --START--
INFO: Run Behavior\BuildLiteBehavior [ RunTime:0.000011s ]
INFO: [ app_init ] --END-- [ RunTime:0.000734s ]

[ 2017-06-29T15:52:17+08:00 ] 127.0.0.1 /index.php/Admin/User/showlist
INFO: [ app_init ] --START--
INFO: Run Behavior\BuildLiteBehavior [ RunTime:0.000008s ]
INFO: [ app_init ] --END-- [ RunTime:0.000310s ]

[ 2017-06-29T15:52:18+08:00 ] 127.0.0.1 /index.php/Admin/User/showlist/p/3813.html
INFO: [ app_init ] --START--
INFO: Run Behavior\BuildLiteBehavior [ RunTime:0.000007s ]
INFO: [ app_init ] --END-- [ RunTime:0.000259s ]

[ 2017-06-29T15:53:35+08:00 ] 127.0.0.1 /index.php/Admin/manager/verifyImg.html
INFO: [ app_init ] --START--
INFO: Run Behavior\BuildLiteBehavior [ RunTime:0.000010s ]
INFO: [ app_init ] --END-- [ RunTime:0.000472s ]

[ 2017-06-29T15:53:38+08:00 ] 127.0.0.1 /index.php/Admin/manager/checkVerifyCode.html
INFO: [ app_init ] --START--
INFO: Run Behavior\BuildLiteBehavior [ RunTime:0.000007s ]
INFO: [ app_init ] --END-- [ RunTime:0.000274s ]
INFO: [ app_begin ] --START--
INFO: Run Behavior\ReadHtmlCacheBehavior [ RunTime:0.000339s ]
INFO: [ app_begin ] --END-- [ RunTime:0.000366s ]
SQL: SHOW COLUMNS FROM `sp_manager` [ RunTime:0.0115s ]
NOTIC: [8] Use of undefined constant man - assumed 'man' D:\web\tpshop\App\Admin\Common\AdminController.class.php 第 28 行.
SQL: SELECT role.role_auth_ac FROM sp_manager man INNER JOIN sp_role as role on man.role_id = role.role_id  WHERE `mg_id` = '502' LIMIT 1   [ RunTime:0.0007s ]

[ 2017-06-29T15:53:39+08:00 ] 127.0.0.1 /index.php/Admin/manager/verifyImg.html
INFO: [ app_init ] --START--
INFO: Run Behavior\BuildLiteBehavior [ RunTime:0.000008s ]
INFO: [ app_init ] --END-- [ RunTime:0.000379s ]

[ 2017-06-29T15:53:40+08:00 ] 127.0.0.1 /index.php/Admin/manager/checkVerifyCode.html
INFO: [ app_init ] --START--
INFO: Run Behavior\BuildLiteBehavior [ RunTime:0.000006s ]
INFO: [ app_init ] --END-- [ RunTime:0.000249s ]
INFO: [ app_begin ] --START--
INFO: Run Behavior\ReadHtmlCacheBehavior [ RunTime:0.000306s ]
INFO: [ app_begin ] --END-- [ RunTime:0.000329s ]
SQL: SHOW COLUMNS FROM `sp_manager` [ RunTime:0.0138s ]
NOTIC: [8] Use of undefined constant man - assumed 'man' D:\web\tpshop\App\Admin\Common\AdminController.class.php 第 28 行.
SQL: SELECT role.role_auth_ac FROM sp_manager man INNER JOIN sp_role as role on man.role_id = role.role_id  WHERE `mg_id` = '502' LIMIT 1   [ RunTime:0.0005s ]

[ 2017-06-29T15:53:41+08:00 ] 127.0.0.1 /index.php/Admin/manager/checkVerifyCode.html
INFO: [ app_init ] --START--
INFO: Run Behavior\BuildLiteBehavior [ RunTime:0.000007s ]
INFO: [ app_init ] --END-- [ RunTime:0.000271s ]
INFO: [ app_begin ] --START--
INFO: Run Behavior\ReadHtmlCacheBehavior [ RunTime:0.000323s ]
INFO: [ app_begin ] --END-- [ RunTime:0.000348s ]
SQL: SHOW COLUMNS FROM `sp_manager` [ RunTime:0.0109s ]
NOTIC: [8] Use of undefined constant man - assumed 'man' D:\web\tpshop\App\Admin\Common\AdminController.class.php 第 28 行.
SQL: SELECT role.role_auth_ac FROM sp_manager man INNER JOIN sp_role as role on man.role_id = role.role_id  WHERE `mg_id` = '502' LIMIT 1   [ RunTime:0.0007s ]

[ 2017-06-29T15:53:42+08:00 ] 127.0.0.1 /index.php/Admin/manager/verifyImg.html
INFO: [ app_init ] --START--
INFO: Run Behavior\BuildLiteBehavior [ RunTime:0.000006s ]
INFO: [ app_init ] --END-- [ RunTime:0.000251s ]

[ 2017-06-29T15:53:43+08:00 ] 127.0.0.1 /index.php/Admin/manager/checkVerifyCode.html
INFO: [ app_init ] --START--
INFO: Run Behavior\BuildLiteBehavior [ RunTime:0.000017s ]
INFO: [ app_init ] --END-- [ RunTime:0.000411s ]
INFO: [ app_begin ] --START--
INFO: Run Behavior\ReadHtmlCacheBehavior [ RunTime:0.001560s ]
INFO: [ app_begin ] --END-- [ RunTime:0.001654s ]
SQL: SHOW COLUMNS FROM `sp_manager` [ RunTime:0.0109s ]
NOTIC: [8] Use of undefined constant man - assumed 'man' D:\web\tpshop\App\Admin\Common\AdminController.class.php 第 28 行.
SQL: SELECT role.role_auth_ac FROM sp_manager man INNER JOIN sp_role as role on man.role_id = role.role_id  WHERE `mg_id` = '502' LIMIT 1   [ RunTime:0.0004s ]

[ 2017-06-29T15:53:44+08:00 ] 127.0.0.1 /index.php/Admin/manager/verifyImg.html
INFO: [ app_init ] --START--
INFO: Run Behavior\BuildLiteBehavior [ RunTime:0.000009s ]
INFO: [ app_init ] --END-- [ RunTime:0.000403s ]

[ 2017-06-29T15:53:45+08:00 ] 127.0.0.1 /index.php/Admin/manager/verifyImg.html
INFO: [ app_init ] --START--
INFO: Run Behavior\BuildLiteBehavior [ RunTime:0.000007s ]
INFO: [ app_init ] --END-- [ RunTime:0.000287s ]

[ 2017-06-29T15:53:47+08:00 ] 127.0.0.1 /index.php/Admin/manager/checkVerifyCode.html
INFO: [ app_init ] --START--
INFO: Run Behavior\BuildLiteBehavior [ RunTime:0.000007s ]
INFO: [ app_init ] --END-- [ RunTime:0.000270s ]
INFO: [ app_begin ] --START--
INFO: Run Behavior\ReadHtmlCacheBehavior [ RunTime:0.000462s ]
INFO: [ app_begin ] --END-- [ RunTime:0.000502s ]
SQL: SHOW COLUMNS FROM `sp_manager` [ RunTime:0.0095s ]
NOTIC: [8] Use of undefined constant man - assumed 'man' D:\web\tpshop\App\Admin\Common\AdminController.class.php 第 28 行.
SQL: SELECT role.role_auth_ac FROM sp_manager man INNER JOIN sp_role as role on man.role_id = role.role_id  WHERE `mg_id` = '502' LIMIT 1   [ RunTime:0.0005s ]

[ 2017-06-29T15:53:48+08:00 ] 127.0.0.1 /index.php/Admin/manager/verifyImg.html
INFO: [ app_init ] --START--
INFO: Run Behavior\BuildLiteBehavior [ RunTime:0.000008s ]
INFO: [ app_init ] --END-- [ RunTime:0.000342s ]

[ 2017-06-29T15:53:51+08:00 ] 127.0.0.1 /index.php/Admin/manager/checkVerifyCode.html
INFO: [ app_init ] --START--
INFO: Run Behavior\BuildLiteBehavior [ RunTime:0.000011s ]
INFO: [ app_init ] --END-- [ RunTime:0.000468s ]
INFO: [ app_begin ] --START--
INFO: Run Behavior\ReadHtmlCacheBehavior [ RunTime:0.000518s ]
INFO: [ app_begin ] --END-- [ RunTime:0.000562s ]
SQL: SHOW COLUMNS FROM `sp_manager` [ RunTime:0.0107s ]
NOTIC: [8] Use of undefined constant man - assumed 'man' D:\web\tpshop\App\Admin\Common\AdminController.class.php 第 28 行.
SQL: SELECT role.role_auth_ac FROM sp_manager man INNER JOIN sp_role as role on man.role_id = role.role_id  WHERE `mg_id` = '502' LIMIT 1   [ RunTime:0.0005s ]

[ 2017-06-29T15:53:52+08:00 ] 127.0.0.1 /index.php/Admin/manager/verifyImg.html
INFO: [ app_init ] --START--
INFO: Run Behavior\BuildLiteBehavior [ RunTime:0.000007s ]
INFO: [ app_init ] --END-- [ RunTime:0.000280s ]

[ 2017-06-29T15:53:55+08:00 ] 127.0.0.1 /index.php/Admin/manager/checkVerifyCode.html
INFO: [ app_init ] --START--
INFO: Run Behavior\BuildLiteBehavior [ RunTime:0.000007s ]
INFO: [ app_init ] --END-- [ RunTime:0.000291s ]
INFO: [ app_begin ] --START--
INFO: Run Behavior\ReadHtmlCacheBehavior [ RunTime:0.000470s ]
INFO: [ app_begin ] --END-- [ RunTime:0.000510s ]
SQL: SHOW COLUMNS FROM `sp_manager` [ RunTime:0.0163s ]
NOTIC: [8] Use of undefined constant man - assumed 'man' D:\web\tpshop\App\Admin\Common\AdminController.class.php 第 28 行.
SQL: SELECT role.role_auth_ac FROM sp_manager man INNER JOIN sp_role as role on man.role_id = role.role_id  WHERE `mg_id` = '502' LIMIT 1   [ RunTime:0.0008s ]

[ 2017-06-29T15:53:56+08:00 ] 127.0.0.1 /index.php/Admin/manager/verifyImg.html
INFO: [ app_init ] --START--
INFO: Run Behavior\BuildLiteBehavior [ RunTime:0.000007s ]
INFO: [ app_init ] --END-- [ RunTime:0.000277s ]

[ 2017-06-29T15:54:05+08:00 ] 127.0.0.1 /index.php/Admin/manager/checkVerifyCode.html
INFO: [ app_init ] --START--
INFO: Run Behavior\BuildLiteBehavior [ RunTime:0.000011s ]
INFO: [ app_init ] --END-- [ RunTime:0.000394s ]
INFO: [ app_begin ] --START--
INFO: Run Behavior\ReadHtmlCacheBehavior [ RunTime:0.000413s ]
INFO: [ app_begin ] --END-- [ RunTime:0.000449s ]
SQL: SHOW COLUMNS FROM `sp_manager` [ RunTime:0.0129s ]
NOTIC: [8] Use of undefined constant man - assumed 'man' D:\web\tpshop\App\Admin\Common\AdminController.class.php 第 28 行.
SQL: SELECT role.role_auth_ac FROM sp_manager man INNER JOIN sp_role as role on man.role_id = role.role_id  WHERE `mg_id` = '502' LIMIT 1   [ RunTime:0.0004s ]

[ 2017-06-29T15:54:06+08:00 ] 127.0.0.1 /index.php/Admin/manager/verifyImg.html
INFO: [ app_init ] --START--
INFO: Run Behavior\BuildLiteBehavior [ RunTime:0.000007s ]
INFO: [ app_init ] --END-- [ RunTime:0.000269s ]

[ 2017-06-29T15:54:12+08:00 ] 127.0.0.1 /index.php/Admin/manager/verifyImg.html
INFO: [ app_init ] --START--
INFO: Run Behavior\BuildLiteBehavior [ RunTime:0.000009s ]
INFO: [ app_init ] --END-- [ RunTime:0.000445s ]

[ 2017-06-29T15:54:14+08:00 ] 127.0.0.1 /index.php/Admin/manager/verifyImg.html
INFO: [ app_init ] --START--
INFO: Run Behavior\BuildLiteBehavior [ RunTime:0.000007s ]
INFO: [ app_init ] --END-- [ RunTime:0.000268s ]

[ 2017-06-29T15:54:22+08:00 ] 127.0.0.1 /index.php/Admin/manager/checkVerifyCode.html
INFO: [ app_init ] --START--
INFO: Run Behavior\BuildLiteBehavior [ RunTime:0.000013s ]
INFO: [ app_init ] --END-- [ RunTime:0.000396s ]
INFO: [ app_begin ] --START--
INFO: Run Behavior\ReadHtmlCacheBehavior [ RunTime:0.000422s ]
INFO: [ app_begin ] --END-- [ RunTime:0.000457s ]
SQL: SHOW COLUMNS FROM `sp_manager` [ RunTime:0.0043s ]
NOTIC: [8] Use of undefined constant man - assumed 'man' D:\web\tpshop\App\Admin\Common\AdminController.class.php 第 28 行.
SQL: SELECT role.role_auth_ac FROM sp_manager man INNER JOIN sp_role as role on man.role_id = role.role_id  WHERE `mg_id` = '502' LIMIT 1   [ RunTime:0.0003s ]

[ 2017-06-29T15:54:23+08:00 ] 127.0.0.1 /index.php/Admin/manager/verifyImg.html
INFO: [ app_init ] --START--
INFO: Run Behavior\BuildLiteBehavior [ RunTime:0.000007s ]
INFO: [ app_init ] --END-- [ RunTime:0.000263s ]

[ 2017-06-29T15:54:36+08:00 ] 127.0.0.1 /index.php/Admin/manager/verifyImg.html
INFO: [ app_init ] --START--
INFO: Run Behavior\BuildLiteBehavior [ RunTime:0.000009s ]
INFO: [ app_init ] --END-- [ RunTime:0.000446s ]

