[ 2017-06-09T09:27:05+08:00 ] 127.0.0.1 /index.php/admin
INFO: [ app_init ] --START--
INFO: Run Behavior\BuildLiteBehavior [ RunTime:0.000010s ]
INFO: [ app_init ] --END-- [ RunTime:0.000506s ]

[ 2017-06-09T09:27:05+08:00 ] 127.0.0.1 /index.php/admin/manager/login
INFO: [ app_init ] --START--
INFO: Run Behavior\BuildLiteBehavior [ RunTime:0.000007s ]
INFO: [ app_init ] --END-- [ RunTime:0.000262s ]

[ 2017-06-09T09:27:06+08:00 ] 127.0.0.1 /index.php/Admin/Manager/verifyImg.html
INFO: [ app_init ] --START--
INFO: Run Behavior\BuildLiteBehavior [ RunTime:0.000008s ]
INFO: [ app_init ] --END-- [ RunTime:0.000265s ]

[ 2017-06-09T09:27:20+08:00 ] 127.0.0.1 /index.php/Admin/Manager/checkVerifyCode.html
INFO: [ app_init ] --START--
INFO: Run Behavior\BuildLiteBehavior [ RunTime:0.000017s ]
INFO: [ app_init ] --END-- [ RunTime:0.000291s ]
INFO: [ app_begin ] --START--
INFO: Run Behavior\ReadHtmlCacheBehavior [ RunTime:0.000341s ]
INFO: [ app_begin ] --END-- [ RunTime:0.000369s ]
INFO: [ app_end ] --START--
INFO: Run Behavior\ShowPageTraceBehavior [ RunTime:0.000358s ]
INFO: [ app_end ] --END-- [ RunTime:0.000387s ]

[ 2017-06-09T09:27:21+08:00 ] 127.0.0.1 /index.php/admin/manager/login
INFO: [ app_init ] --START--
INFO: Run Behavior\BuildLiteBehavior [ RunTime:0.000006s ]
INFO: [ app_init ] --END-- [ RunTime:0.000260s ]

[ 2017-06-09T09:27:22+08:00 ] 127.0.0.1 /index.php/Admin/index/index.html
INFO: [ app_init ] --START--
INFO: Run Behavior\BuildLiteBehavior [ RunTime:0.000007s ]
INFO: [ app_init ] --END-- [ RunTime:0.000239s ]

[ 2017-06-09T09:27:24+08:00 ] 127.0.0.1 /index.php/Admin/Index/top.html
INFO: [ app_init ] --START--
INFO: Run Behavior\BuildLiteBehavior [ RunTime:0.000018s ]
INFO: [ app_init ] --END-- [ RunTime:0.000585s ]

[ 2017-06-09T09:27:25+08:00 ] 127.0.0.1 /index.php/Admin/Index/down.html
INFO: [ app_init ] --START--
INFO: Run Behavior\BuildLiteBehavior [ RunTime:0.000012s ]
INFO: [ app_init ] --END-- [ RunTime:0.000439s ]

[ 2017-06-09T09:27:26+08:00 ] 127.0.0.1 /index.php/Admin/Index/center.html
INFO: [ app_init ] --START--
INFO: Run Behavior\BuildLiteBehavior [ RunTime:0.000018s ]
INFO: [ app_init ] --END-- [ RunTime:0.000480s ]

[ 2017-06-09T09:27:27+08:00 ] 127.0.0.1 /index.php/Admin/Index/left.html
INFO: [ app_init ] --START--
INFO: Run Behavior\BuildLiteBehavior [ RunTime:0.000007s ]
INFO: [ app_init ] --END-- [ RunTime:0.000273s ]

[ 2017-06-09T09:27:28+08:00 ] 127.0.0.1 /index.php/Admin/Index/right.html
INFO: [ app_init ] --START--
INFO: Run Behavior\BuildLiteBehavior [ RunTime:0.000012s ]
INFO: [ app_init ] --END-- [ RunTime:0.000643s ]

[ 2017-06-09T09:27:31+08:00 ] 127.0.0.1 /index.php/Admin/User/showlist
INFO: [ app_init ] --START--
INFO: Run Behavior\BuildLiteBehavior [ RunTime:0.000006s ]
INFO: [ app_init ] --END-- [ RunTime:0.000241s ]

[ 2017-06-09T09:28:03+08:00 ] 127.0.0.1 /index.php/Admin/User/showlist
INFO: [ app_init ] --START--
INFO: Run Behavior\BuildLiteBehavior [ RunTime:0.000006s ]
INFO: [ app_init ] --END-- [ RunTime:0.000241s ]

[ 2017-06-09T09:28:17+08:00 ] 127.0.0.1 /index.php/Admin/User/blocked.html
INFO: [ app_init ] --START--
INFO: Run Behavior\BuildLiteBehavior [ RunTime:0.000009s ]
INFO: [ app_init ] --END-- [ RunTime:0.000407s ]
INFO: [ app_begin ] --START--
INFO: Run Behavior\ReadHtmlCacheBehavior [ RunTime:0.000510s ]
INFO: [ app_begin ] --END-- [ RunTime:0.000556s ]
SQL: SHOW COLUMNS FROM `sp_manager` [ RunTime:0.0330s ]
NOTIC: [8] Use of undefined constant man - assumed 'man' D:\web\tpshop\App\Admin\Common\AdminController.class.php 第 27 行.
SQL: SELECT role.role_auth_ac FROM sp_manager man INNER JOIN sp_role as role on man.role_id = role.role_id  WHERE `mg_id` = '502' LIMIT 1   [ RunTime:0.0003s ]
NOTIC: [8] Use of undefined constant admin - assumed 'admin' D:\web\tpshop\App\Admin\Common\AdminController.class.php 第 34 行.
NOTIC: [2] Declaration of Admin\Model\UserModel::getAllData() should be compatible with Admin\Model\BaseModel::getAllData($param = '') D:\web\tpshop\App\Admin\Model\UserModel.class.php 第 4 行.
SQL: SHOW COLUMNS FROM `sp_user` [ RunTime:0.0233s ]
SQL: SELECT * FROM `sp_user` WHERE `user_id` = 228 LIMIT 1   [ RunTime:0.0003s ]
SQL: UPDATE `sp_user` SET `flag`='2',`blocked_time`='864000' WHERE `user_id` = 228 [ RunTime:0.0044s ]

[ 2017-06-09T09:29:29+08:00 ] 127.0.0.1 /index.php/Admin/index/index.html
INFO: [ app_init ] --START--
INFO: Run Behavior\BuildLiteBehavior [ RunTime:0.000006s ]
INFO: [ app_init ] --END-- [ RunTime:0.000329s ]

[ 2017-06-09T09:29:30+08:00 ] 127.0.0.1 /index.php/Admin/Index/top.html
INFO: [ app_init ] --START--
INFO: Run Behavior\BuildLiteBehavior [ RunTime:0.000007s ]
INFO: [ app_init ] --END-- [ RunTime:0.000284s ]

[ 2017-06-09T09:29:32+08:00 ] 127.0.0.1 /index.php/Admin/Index/center.html
INFO: [ app_init ] --START--
INFO: Run Behavior\BuildLiteBehavior [ RunTime:0.000008s ]
INFO: [ app_init ] --END-- [ RunTime:0.000492s ]

[ 2017-06-09T09:29:33+08:00 ] 127.0.0.1 /index.php/Admin/Index/down.html
INFO: [ app_init ] --START--
INFO: Run Behavior\BuildLiteBehavior [ RunTime:0.000009s ]
INFO: [ app_init ] --END-- [ RunTime:0.000418s ]

[ 2017-06-09T09:29:34+08:00 ] 127.0.0.1 /index.php/Admin/Index/left.html
INFO: [ app_init ] --START--
INFO: Run Behavior\BuildLiteBehavior [ RunTime:0.000009s ]
INFO: [ app_init ] --END-- [ RunTime:0.000350s ]

[ 2017-06-09T09:29:35+08:00 ] 127.0.0.1 /index.php/Admin/Index/right.html
INFO: [ app_init ] --START--
INFO: Run Behavior\BuildLiteBehavior [ RunTime:0.000006s ]
INFO: [ app_init ] --END-- [ RunTime:0.000268s ]

[ 2017-06-09T09:29:37+08:00 ] 127.0.0.1 /index.php/Admin/User/showlist
INFO: [ app_init ] --START--
INFO: Run Behavior\BuildLiteBehavior [ RunTime:0.000006s ]
INFO: [ app_init ] --END-- [ RunTime:0.000244s ]

[ 2017-06-09T09:29:46+08:00 ] 127.0.0.1 /index.php/Admin/User/blocked.html
INFO: [ app_init ] --START--
INFO: Run Behavior\BuildLiteBehavior [ RunTime:0.000011s ]
INFO: [ app_init ] --END-- [ RunTime:0.000411s ]
INFO: [ app_begin ] --START--
INFO: Run Behavior\ReadHtmlCacheBehavior [ RunTime:0.000442s ]
INFO: [ app_begin ] --END-- [ RunTime:0.000484s ]
SQL: SHOW COLUMNS FROM `sp_manager` [ RunTime:0.0226s ]
NOTIC: [8] Use of undefined constant man - assumed 'man' D:\web\tpshop\App\Admin\Common\AdminController.class.php 第 27 行.
SQL: SELECT role.role_auth_ac FROM sp_manager man INNER JOIN sp_role as role on man.role_id = role.role_id  WHERE `mg_id` = '502' LIMIT 1   [ RunTime:0.0002s ]
NOTIC: [8] Use of undefined constant admin - assumed 'admin' D:\web\tpshop\App\Admin\Common\AdminController.class.php 第 34 行.
NOTIC: [2] Declaration of Admin\Model\UserModel::getAllData() should be compatible with Admin\Model\BaseModel::getAllData($param = '') D:\web\tpshop\App\Admin\Model\UserModel.class.php 第 4 行.
SQL: SHOW COLUMNS FROM `sp_user` [ RunTime:0.0164s ]
SQL: SELECT * FROM `sp_user` WHERE `user_id` = 228 LIMIT 1   [ RunTime:0.0003s ]
SQL: UPDATE `sp_user` SET `flag`='2',`blocked_time`='1728000' WHERE `user_id` = 228 [ RunTime:0.0039s ]

[ 2017-06-09T09:30:04+08:00 ] 127.0.0.1 /index.php/Admin/User/showlist
INFO: [ app_init ] --START--
INFO: Run Behavior\BuildLiteBehavior [ RunTime:0.000006s ]
INFO: [ app_init ] --END-- [ RunTime:0.000244s ]

[ 2017-06-09T09:30:12+08:00 ] 127.0.0.1 /index.php/Admin/User/showlist
INFO: [ app_init ] --START--
INFO: Run Behavior\BuildLiteBehavior [ RunTime:0.000011s ]
INFO: [ app_init ] --END-- [ RunTime:0.000474s ]

[ 2017-06-09T09:30:21+08:00 ] 127.0.0.1 /index.php/Admin/User/blocked.html
INFO: [ app_init ] --START--
INFO: Run Behavior\BuildLiteBehavior [ RunTime:0.000006s ]
INFO: [ app_init ] --END-- [ RunTime:0.000244s ]
INFO: [ app_begin ] --START--
INFO: Run Behavior\ReadHtmlCacheBehavior [ RunTime:0.000304s ]
INFO: [ app_begin ] --END-- [ RunTime:0.000327s ]
SQL: SHOW COLUMNS FROM `sp_manager` [ RunTime:0.0119s ]
NOTIC: [8] Use of undefined constant man - assumed 'man' D:\web\tpshop\App\Admin\Common\AdminController.class.php 第 27 行.
SQL: SELECT role.role_auth_ac FROM sp_manager man INNER JOIN sp_role as role on man.role_id = role.role_id  WHERE `mg_id` = '502' LIMIT 1   [ RunTime:0.0003s ]
NOTIC: [8] Use of undefined constant admin - assumed 'admin' D:\web\tpshop\App\Admin\Common\AdminController.class.php 第 34 行.
NOTIC: [2] Declaration of Admin\Model\UserModel::getAllData() should be compatible with Admin\Model\BaseModel::getAllData($param = '') D:\web\tpshop\App\Admin\Model\UserModel.class.php 第 4 行.
SQL: SHOW COLUMNS FROM `sp_user` [ RunTime:0.0064s ]
SQL: SELECT * FROM `sp_user` WHERE `user_id` = 228 LIMIT 1   [ RunTime:0.0004s ]
SQL: UPDATE `sp_user` SET `flag`='2',`blocked_time`='2592000' WHERE `user_id` = 228 [ RunTime:0.0038s ]

[ 2017-06-09T09:30:29+08:00 ] 127.0.0.1 /index.php/Admin/User/blocked.html
INFO: [ app_init ] --START--
INFO: Run Behavior\BuildLiteBehavior [ RunTime:0.000009s ]
INFO: [ app_init ] --END-- [ RunTime:0.000315s ]
INFO: [ app_begin ] --START--
INFO: Run Behavior\ReadHtmlCacheBehavior [ RunTime:0.000556s ]
INFO: [ app_begin ] --END-- [ RunTime:0.000605s ]
SQL: SHOW COLUMNS FROM `sp_manager` [ RunTime:0.0146s ]
NOTIC: [8] Use of undefined constant man - assumed 'man' D:\web\tpshop\App\Admin\Common\AdminController.class.php 第 27 行.
SQL: SELECT role.role_auth_ac FROM sp_manager man INNER JOIN sp_role as role on man.role_id = role.role_id  WHERE `mg_id` = '502' LIMIT 1   [ RunTime:0.0005s ]
NOTIC: [8] Use of undefined constant admin - assumed 'admin' D:\web\tpshop\App\Admin\Common\AdminController.class.php 第 34 行.
NOTIC: [2] Declaration of Admin\Model\UserModel::getAllData() should be compatible with Admin\Model\BaseModel::getAllData($param = '') D:\web\tpshop\App\Admin\Model\UserModel.class.php 第 4 行.
SQL: SHOW COLUMNS FROM `sp_user` [ RunTime:0.0069s ]
SQL: UPDATE `sp_user` SET `flag`='3' WHERE `user_id` = 228 [ RunTime:0.0040s ]

[ 2017-06-09T09:31:28+08:00 ] 127.0.0.1 /index.php/Admin/User/blocked.html
INFO: [ app_init ] --START--
INFO: Run Behavior\BuildLiteBehavior [ RunTime:0.000007s ]
INFO: [ app_init ] --END-- [ RunTime:0.000263s ]
INFO: [ app_begin ] --START--
INFO: Run Behavior\ReadHtmlCacheBehavior [ RunTime:0.000317s ]
INFO: [ app_begin ] --END-- [ RunTime:0.000345s ]
SQL: SHOW COLUMNS FROM `sp_manager` [ RunTime:0.0137s ]
NOTIC: [8] Use of undefined constant man - assumed 'man' D:\web\tpshop\App\Admin\Common\AdminController.class.php 第 27 行.
SQL: SELECT role.role_auth_ac FROM sp_manager man INNER JOIN sp_role as role on man.role_id = role.role_id  WHERE `mg_id` = '502' LIMIT 1   [ RunTime:0.0005s ]
NOTIC: [8] Use of undefined constant admin - assumed 'admin' D:\web\tpshop\App\Admin\Common\AdminController.class.php 第 34 行.
NOTIC: [2] Declaration of Admin\Model\UserModel::getAllData() should be compatible with Admin\Model\BaseModel::getAllData($param = '') D:\web\tpshop\App\Admin\Model\UserModel.class.php 第 4 行.
SQL: SHOW COLUMNS FROM `sp_user` [ RunTime:0.0079s ]
SQL: UPDATE `sp_user` SET `flag`='3' WHERE `user_id` = 228 [ RunTime:0.0041s ]

[ 2017-06-09T09:31:38+08:00 ] 127.0.0.1 /index.php/Admin/User/blocked.html
INFO: [ app_init ] --START--
INFO: Run Behavior\BuildLiteBehavior [ RunTime:0.000009s ]
INFO: [ app_init ] --END-- [ RunTime:0.000466s ]
INFO: [ app_begin ] --START--
INFO: Run Behavior\ReadHtmlCacheBehavior [ RunTime:0.000438s ]
INFO: [ app_begin ] --END-- [ RunTime:0.000476s ]
SQL: SHOW COLUMNS FROM `sp_manager` [ RunTime:0.0156s ]
NOTIC: [8] Use of undefined constant man - assumed 'man' D:\web\tpshop\App\Admin\Common\AdminController.class.php 第 27 行.
SQL: SELECT role.role_auth_ac FROM sp_manager man INNER JOIN sp_role as role on man.role_id = role.role_id  WHERE `mg_id` = '502' LIMIT 1   [ RunTime:0.0005s ]
NOTIC: [8] Use of undefined constant admin - assumed 'admin' D:\web\tpshop\App\Admin\Common\AdminController.class.php 第 34 行.
NOTIC: [2] Declaration of Admin\Model\UserModel::getAllData() should be compatible with Admin\Model\BaseModel::getAllData($param = '') D:\web\tpshop\App\Admin\Model\UserModel.class.php 第 4 行.
SQL: SHOW COLUMNS FROM `sp_user` [ RunTime:0.0072s ]
SQL: UPDATE `sp_user` SET `flag`='3' WHERE `user_id` = 227 [ RunTime:0.0039s ]

[ 2017-06-09T09:32:54+08:00 ] 127.0.0.1 /index.php/Admin/User/blocked.html
INFO: [ app_init ] --START--
INFO: Run Behavior\BuildLiteBehavior [ RunTime:0.000008s ]
INFO: [ app_init ] --END-- [ RunTime:0.000316s ]
INFO: [ app_begin ] --START--
INFO: Run Behavior\ReadHtmlCacheBehavior [ RunTime:0.000313s ]
INFO: [ app_begin ] --END-- [ RunTime:0.000336s ]
SQL: SHOW COLUMNS FROM `sp_manager` [ RunTime:0.0149s ]
NOTIC: [8] Use of undefined constant man - assumed 'man' D:\web\tpshop\App\Admin\Common\AdminController.class.php 第 27 行.
SQL: SELECT role.role_auth_ac FROM sp_manager man INNER JOIN sp_role as role on man.role_id = role.role_id  WHERE `mg_id` = '502' LIMIT 1   [ RunTime:0.0004s ]
NOTIC: [8] Use of undefined constant admin - assumed 'admin' D:\web\tpshop\App\Admin\Common\AdminController.class.php 第 34 行.
NOTIC: [2] Declaration of Admin\Model\UserModel::getAllData() should be compatible with Admin\Model\BaseModel::getAllData($param = '') D:\web\tpshop\App\Admin\Model\UserModel.class.php 第 4 行.
SQL: SHOW COLUMNS FROM `sp_user` [ RunTime:0.0075s ]
SQL: UPDATE `sp_user` SET `flag`='3' WHERE `user_id` = 227 [ RunTime:0.0051s ]

[ 2017-06-09T09:35:41+08:00 ] 127.0.0.1 /index.php/Admin/User/showlist
INFO: [ app_init ] --START--
INFO: Run Behavior\BuildLiteBehavior [ RunTime:0.000023s ]
INFO: [ app_init ] --END-- [ RunTime:0.000580s ]

[ 2017-06-09T09:36:02+08:00 ] 127.0.0.1 /index.php/Admin/User/showlist
INFO: [ app_init ] --START--
INFO: Run Behavior\BuildLiteBehavior [ RunTime:0.000007s ]
INFO: [ app_init ] --END-- [ RunTime:0.000259s ]

[ 2017-06-09T09:36:09+08:00 ] 127.0.0.1 /index.php/Admin/User/blocked.html
INFO: [ app_init ] --START--
INFO: Run Behavior\BuildLiteBehavior [ RunTime:0.000007s ]
INFO: [ app_init ] --END-- [ RunTime:0.000263s ]
INFO: [ app_begin ] --START--
INFO: Run Behavior\ReadHtmlCacheBehavior [ RunTime:0.000298s ]
INFO: [ app_begin ] --END-- [ RunTime:0.000320s ]
SQL: SHOW COLUMNS FROM `sp_manager` [ RunTime:0.0110s ]
NOTIC: [8] Use of undefined constant man - assumed 'man' D:\web\tpshop\App\Admin\Common\AdminController.class.php 第 27 行.
SQL: SELECT role.role_auth_ac FROM sp_manager man INNER JOIN sp_role as role on man.role_id = role.role_id  WHERE `mg_id` = '502' LIMIT 1   [ RunTime:0.0003s ]
NOTIC: [8] Use of undefined constant admin - assumed 'admin' D:\web\tpshop\App\Admin\Common\AdminController.class.php 第 34 行.
NOTIC: [2] Declaration of Admin\Model\UserModel::getAllData() should be compatible with Admin\Model\BaseModel::getAllData($param = '') D:\web\tpshop\App\Admin\Model\UserModel.class.php 第 4 行.
SQL: SHOW COLUMNS FROM `sp_user` [ RunTime:0.0044s ]
SQL: UPDATE `sp_user` SET `flag`='3' WHERE `user_id` = 228 [ RunTime:0.0063s ]

[ 2017-06-09T09:36:10+08:00 ] 127.0.0.1 /index.php/Admin/User/showlist
INFO: [ app_init ] --START--
INFO: Run Behavior\BuildLiteBehavior [ RunTime:0.000007s ]
INFO: [ app_init ] --END-- [ RunTime:0.000261s ]

[ 2017-06-09T09:38:41+08:00 ] 127.0.0.1 /index.php/Admin/User/showlist
INFO: [ app_init ] --START--
INFO: Run Behavior\BuildLiteBehavior [ RunTime:0.000012s ]
INFO: [ app_init ] --END-- [ RunTime:0.000555s ]

[ 2017-06-09T10:15:51+08:00 ] 127.0.0.1 /index.php/Admin/User/showlist
INFO: [ app_init ] --START--
INFO: Run Behavior\BuildLiteBehavior [ RunTime:0.000009s ]
INFO: [ app_init ] --END-- [ RunTime:0.000409s ]

[ 2017-06-09T10:18:55+08:00 ] 127.0.0.1 /index.php/Admin/User/showlist
INFO: [ app_init ] --START--
INFO: Run Behavior\BuildLiteBehavior [ RunTime:0.000008s ]
INFO: [ app_init ] --END-- [ RunTime:0.000322s ]

[ 2017-06-09T10:33:42+08:00 ] 127.0.0.1 /index.php/Admin/User/showlist
INFO: [ app_init ] --START--
INFO: Run Behavior\BuildLiteBehavior [ RunTime:0.000008s ]
INFO: [ app_init ] --END-- [ RunTime:0.000359s ]
ERR: 1054:Unknown column 'status' in 'where clause'
 [ SQL语句 ] : SELECT * FROM `sp_user` WHERE ( status=1 ) ORDER BY create_time LIMIT 0,25  

[ 2017-06-09T10:35:02+08:00 ] 127.0.0.1 /index.php/Admin/User/showlist
INFO: [ app_init ] --START--
INFO: Run Behavior\BuildLiteBehavior [ RunTime:0.000008s ]
INFO: [ app_init ] --END-- [ RunTime:0.000267s ]
ERR: 1054:Unknown column 'status' in 'where clause'
 [ SQL语句 ] : SELECT * FROM `sp_user` WHERE ( status=1 ) ORDER BY create_time LIMIT 0,25  

[ 2017-06-09T10:35:06+08:00 ] 127.0.0.1 /index.php/Admin/User/showlist
INFO: [ app_init ] --START--
INFO: Run Behavior\BuildLiteBehavior [ RunTime:0.000014s ]
INFO: [ app_init ] --END-- [ RunTime:0.000546s ]
ERR: 1054:Unknown column 'status' in 'where clause'
 [ SQL语句 ] : SELECT * FROM `sp_user` WHERE ( status=1 ) ORDER BY create_time LIMIT 0,25  

[ 2017-06-09T10:38:07+08:00 ] 127.0.0.1 /index.php/Admin/User/showlist
INFO: [ app_init ] --START--
INFO: Run Behavior\BuildLiteBehavior [ RunTime:0.000006s ]
INFO: [ app_init ] --END-- [ RunTime:0.000307s ]
ERR: syntax error, unexpected '=', expecting ']'

[ 2017-06-09T10:38:49+08:00 ] 127.0.0.1 /index.php/Admin/User/showlist
INFO: [ app_init ] --START--
INFO: Run Behavior\BuildLiteBehavior [ RunTime:0.000011s ]
INFO: [ app_init ] --END-- [ RunTime:0.000473s ]

[ 2017-06-09T10:41:05+08:00 ] 127.0.0.1 /index.php/Admin/User/showlist
INFO: [ app_init ] --START--
INFO: Run Behavior\BuildLiteBehavior [ RunTime:0.000007s ]
INFO: [ app_init ] --END-- [ RunTime:0.000317s ]

[ 2017-06-09T10:43:02+08:00 ] 127.0.0.1 /index.php/Admin/User/showlist
INFO: [ app_init ] --START--
INFO: Run Behavior\BuildLiteBehavior [ RunTime:0.000006s ]
INFO: [ app_init ] --END-- [ RunTime:0.000245s ]

[ 2017-06-09T10:44:54+08:00 ] 127.0.0.1 /index.php/Admin/User/showlist
INFO: [ app_init ] --START--
INFO: Run Behavior\BuildLiteBehavior [ RunTime:0.000010s ]
INFO: [ app_init ] --END-- [ RunTime:0.000459s ]

[ 2017-06-09T10:45:00+08:00 ] 127.0.0.1 /index.php/Admin/User/showlist/p/2.html
INFO: [ app_init ] --START--
INFO: Run Behavior\BuildLiteBehavior [ RunTime:0.000007s ]
INFO: [ app_init ] --END-- [ RunTime:0.000338s ]

[ 2017-06-09T10:47:42+08:00 ] 127.0.0.1 /index.php/Admin/User/showlist/p/2.html
INFO: [ app_init ] --START--
INFO: Run Behavior\BuildLiteBehavior [ RunTime:0.000007s ]
INFO: [ app_init ] --END-- [ RunTime:0.000331s ]

[ 2017-06-09T10:48:09+08:00 ] 127.0.0.1 /index.php/Admin/User/showlist/p/2.html
INFO: [ app_init ] --START--
INFO: Run Behavior\BuildLiteBehavior [ RunTime:0.000006s ]
INFO: [ app_init ] --END-- [ RunTime:0.000260s ]

[ 2017-06-09T10:48:13+08:00 ] 127.0.0.1 /index.php/Admin/User/showlist/p/1.html
INFO: [ app_init ] --START--
INFO: Run Behavior\BuildLiteBehavior [ RunTime:0.000007s ]
INFO: [ app_init ] --END-- [ RunTime:0.000299s ]

[ 2017-06-09T10:48:16+08:00 ] 127.0.0.1 /index.php/Admin/User/showlist/p/2.html
INFO: [ app_init ] --START--
INFO: Run Behavior\BuildLiteBehavior [ RunTime:0.000007s ]
INFO: [ app_init ] --END-- [ RunTime:0.000295s ]

[ 2017-06-09T10:49:40+08:00 ] 127.0.0.1 /index.php/Admin/User/showlist/p/1.html
INFO: [ app_init ] --START--
INFO: Run Behavior\BuildLiteBehavior [ RunTime:0.000008s ]
INFO: [ app_init ] --END-- [ RunTime:0.000303s ]

[ 2017-06-09T10:50:22+08:00 ] 127.0.0.1 /index.php/Admin/User/showlist/p/1.html
INFO: [ app_init ] --START--
INFO: Run Behavior\BuildLiteBehavior [ RunTime:0.000006s ]
INFO: [ app_init ] --END-- [ RunTime:0.000307s ]

[ 2017-06-09T10:50:26+08:00 ] 127.0.0.1 /index.php/Admin/User/showlist/p/2.html
INFO: [ app_init ] --START--
INFO: Run Behavior\BuildLiteBehavior [ RunTime:0.000009s ]
INFO: [ app_init ] --END-- [ RunTime:0.000346s ]

[ 2017-06-09T10:50:28+08:00 ] 127.0.0.1 /index.php/Admin/User/showlist/p/1.html
INFO: [ app_init ] --START--
INFO: Run Behavior\BuildLiteBehavior [ RunTime:0.000008s ]
INFO: [ app_init ] --END-- [ RunTime:0.000301s ]

[ 2017-06-09T10:50:58+08:00 ] 127.0.0.1 /index.php/Admin/User/showlist/p/1.html
INFO: [ app_init ] --START--
INFO: Run Behavior\BuildLiteBehavior [ RunTime:0.000008s ]
INFO: [ app_init ] --END-- [ RunTime:0.000285s ]

[ 2017-06-09T10:51:29+08:00 ] 127.0.0.1 /index.php/Admin/User/showlist/p/1.html
INFO: [ app_init ] --START--
INFO: Run Behavior\BuildLiteBehavior [ RunTime:0.000008s ]
INFO: [ app_init ] --END-- [ RunTime:0.000330s ]

[ 2017-06-09T10:52:10+08:00 ] 127.0.0.1 /index.php/Admin/User/showlist/p/1.html
INFO: [ app_init ] --START--
INFO: Run Behavior\BuildLiteBehavior [ RunTime:0.000021s ]
INFO: [ app_init ] --END-- [ RunTime:0.000862s ]

[ 2017-06-09T10:52:35+08:00 ] 127.0.0.1 /index.php/Admin/User/showlist/p/1.html
INFO: [ app_init ] --START--
INFO: Run Behavior\BuildLiteBehavior [ RunTime:0.000007s ]
INFO: [ app_init ] --END-- [ RunTime:0.000311s ]

[ 2017-06-09T14:44:23+08:00 ] 127.0.0.1 /index.php/Admin/User/showlist/p/1.html
INFO: [ app_init ] --START--
INFO: Run Behavior\BuildLiteBehavior [ RunTime:0.000009s ]
INFO: [ app_init ] --END-- [ RunTime:0.000646s ]

[ 2017-06-09T14:44:41+08:00 ] 127.0.0.1 /index.php/Admin/User/showlist/p/1.html
INFO: [ app_init ] --START--
INFO: Run Behavior\BuildLiteBehavior [ RunTime:0.000013s ]
INFO: [ app_init ] --END-- [ RunTime:0.000394s ]

[ 2017-06-09T14:45:20+08:00 ] 127.0.0.1 /index.php/Admin/User/showlist/p/1.html
INFO: [ app_init ] --START--
INFO: Run Behavior\BuildLiteBehavior [ RunTime:0.000011s ]
INFO: [ app_init ] --END-- [ RunTime:0.000447s ]

[ 2017-06-09T14:47:59+08:00 ] 127.0.0.1 /index.php/Admin/User/showlist/p/1.html
INFO: [ app_init ] --START--
INFO: Run Behavior\BuildLiteBehavior [ RunTime:0.000008s ]
INFO: [ app_init ] --END-- [ RunTime:0.000364s ]
ERR: Call to a member function where() on null

[ 2017-06-09T14:48:22+08:00 ] 127.0.0.1 /index.php/Admin/User/showlist/p/1.html
INFO: [ app_init ] --START--
INFO: Run Behavior\BuildLiteBehavior [ RunTime:0.000011s ]
INFO: [ app_init ] --END-- [ RunTime:0.000503s ]
ERR: Call to a member function where() on null

[ 2017-06-09T14:48:51+08:00 ] 127.0.0.1 /index.php/Admin/User/showlist/p/1.html
INFO: [ app_init ] --START--
INFO: Run Behavior\BuildLiteBehavior [ RunTime:0.000007s ]
INFO: [ app_init ] --END-- [ RunTime:0.000287s ]

[ 2017-06-09T14:49:14+08:00 ] 127.0.0.1 /index.php/Admin/User/showlist/p/1.html
INFO: [ app_init ] --START--
INFO: Run Behavior\BuildLiteBehavior [ RunTime:0.000008s ]
INFO: [ app_init ] --END-- [ RunTime:0.000357s ]

[ 2017-06-09T14:49:21+08:00 ] 127.0.0.1 /index.php/Admin/User/showlist/p/2.html
INFO: [ app_init ] --START--
INFO: Run Behavior\BuildLiteBehavior [ RunTime:0.000011s ]
INFO: [ app_init ] --END-- [ RunTime:0.000430s ]

[ 2017-06-09T14:49:24+08:00 ] 127.0.0.1 /index.php/Admin/User/showlist/p/1.html
INFO: [ app_init ] --START--
INFO: Run Behavior\BuildLiteBehavior [ RunTime:0.000006s ]
INFO: [ app_init ] --END-- [ RunTime:0.000262s ]

[ 2017-06-09T14:50:26+08:00 ] 127.0.0.1 /index.php/Admin/User/showlist/p/2.html
INFO: [ app_init ] --START--
INFO: Run Behavior\BuildLiteBehavior [ RunTime:0.000007s ]
INFO: [ app_init ] --END-- [ RunTime:0.000312s ]

[ 2017-06-09T14:50:28+08:00 ] 127.0.0.1 /index.php/Admin/User/showlist/p/1.html
INFO: [ app_init ] --START--
INFO: Run Behavior\BuildLiteBehavior [ RunTime:0.000008s ]
INFO: [ app_init ] --END-- [ RunTime:0.000305s ]

[ 2017-06-09T14:50:51+08:00 ] 127.0.0.1 /index.php/Admin/User/blocked.html
INFO: [ app_init ] --START--
INFO: Run Behavior\BuildLiteBehavior [ RunTime:0.000007s ]
INFO: [ app_init ] --END-- [ RunTime:0.000278s ]
INFO: [ app_begin ] --START--
INFO: Run Behavior\ReadHtmlCacheBehavior [ RunTime:0.000304s ]
INFO: [ app_begin ] --END-- [ RunTime:0.000328s ]
SQL: SHOW COLUMNS FROM `sp_manager` [ RunTime:0.0136s ]
NOTIC: [8] Use of undefined constant man - assumed 'man' D:\web\tpshop\App\Admin\Common\AdminController.class.php 第 27 行.
SQL: SELECT role.role_auth_ac FROM sp_manager man INNER JOIN sp_role as role on man.role_id = role.role_id  WHERE `mg_id` = '502' LIMIT 1   [ RunTime:0.0005s ]
NOTIC: [8] Use of undefined constant admin - assumed 'admin' D:\web\tpshop\App\Admin\Common\AdminController.class.php 第 34 行.
SQL: SHOW COLUMNS FROM `sp_user` [ RunTime:0.0102s ]
SQL: SELECT * FROM `sp_user` WHERE `user_id` = 229 LIMIT 1   [ RunTime:0.0006s ]
SQL: UPDATE `sp_user` SET `flag`='2',`blocked_time`='864000' WHERE `user_id` = 229 [ RunTime:0.0041s ]

[ 2017-06-09T14:50:52+08:00 ] 127.0.0.1 /index.php/Admin/User/showlist/p/1.html
INFO: [ app_init ] --START--
INFO: Run Behavior\BuildLiteBehavior [ RunTime:0.000006s ]
INFO: [ app_init ] --END-- [ RunTime:0.000250s ]

[ 2017-06-09T14:51:10+08:00 ] 127.0.0.1 /index.php/Admin/User/showlist/p/1.html
INFO: [ app_init ] --START--
INFO: Run Behavior\BuildLiteBehavior [ RunTime:0.000006s ]
INFO: [ app_init ] --END-- [ RunTime:0.000249s ]

[ 2017-06-09T14:55:07+08:00 ] 127.0.0.1 /index.php/Admin/User/showlist/p/1.html
INFO: [ app_init ] --START--
INFO: Run Behavior\BuildLiteBehavior [ RunTime:0.000007s ]
INFO: [ app_init ] --END-- [ RunTime:0.000326s ]

[ 2017-06-09T14:55:10+08:00 ] 127.0.0.1 /index.php/Admin/User/showlist/p/2.html
INFO: [ app_init ] --START--
INFO: Run Behavior\BuildLiteBehavior [ RunTime:0.000007s ]
INFO: [ app_init ] --END-- [ RunTime:0.000263s ]

[ 2017-06-09T14:55:13+08:00 ] 127.0.0.1 /index.php/Admin/User/showlist/p/1.html
INFO: [ app_init ] --START--
INFO: Run Behavior\BuildLiteBehavior [ RunTime:0.000007s ]
INFO: [ app_init ] --END-- [ RunTime:0.000262s ]

[ 2017-06-09T14:55:15+08:00 ] 127.0.0.1 /index.php/Admin/User/showlist/p/2.html
INFO: [ app_init ] --START--
INFO: Run Behavior\BuildLiteBehavior [ RunTime:0.000007s ]
INFO: [ app_init ] --END-- [ RunTime:0.000263s ]

[ 2017-06-09T14:56:40+08:00 ] 127.0.0.1 /index.php/Admin/User/showlist/p/1.html
INFO: [ app_init ] --START--
INFO: Run Behavior\BuildLiteBehavior [ RunTime:0.000007s ]
INFO: [ app_init ] --END-- [ RunTime:0.000257s ]

[ 2017-06-09T14:56:48+08:00 ] 127.0.0.1 /index.php/Admin/
INFO: [ app_init ] --START--
INFO: Run Behavior\BuildLiteBehavior [ RunTime:0.000007s ]
INFO: [ app_init ] --END-- [ RunTime:0.000267s ]

[ 2017-06-09T14:56:49+08:00 ] 127.0.0.1 /index.php/Admin/Index/top.html
INFO: [ app_init ] --START--
INFO: Run Behavior\BuildLiteBehavior [ RunTime:0.000025s ]
INFO: [ app_init ] --END-- [ RunTime:0.002847s ]

[ 2017-06-09T14:56:50+08:00 ] 127.0.0.1 /index.php/Admin/Index/center.html
INFO: [ app_init ] --START--
INFO: Run Behavior\BuildLiteBehavior [ RunTime:0.000011s ]
INFO: [ app_init ] --END-- [ RunTime:0.000439s ]

[ 2017-06-09T14:56:51+08:00 ] 127.0.0.1 /index.php/Admin/Index/down.html
INFO: [ app_init ] --START--
INFO: Run Behavior\BuildLiteBehavior [ RunTime:0.000011s ]
INFO: [ app_init ] --END-- [ RunTime:0.000455s ]

[ 2017-06-09T14:56:52+08:00 ] 127.0.0.1 /index.php/Admin/Index/left.html
INFO: [ app_init ] --START--
INFO: Run Behavior\BuildLiteBehavior [ RunTime:0.000011s ]
INFO: [ app_init ] --END-- [ RunTime:0.000434s ]

[ 2017-06-09T14:56:53+08:00 ] 127.0.0.1 /index.php/Admin/Index/right.html
INFO: [ app_init ] --START--
INFO: Run Behavior\BuildLiteBehavior [ RunTime:0.000011s ]
INFO: [ app_init ] --END-- [ RunTime:0.000485s ]

[ 2017-06-09T14:59:51+08:00 ] 127.0.0.1 /index.php/Admin/User/showlist
INFO: [ app_init ] --START--
INFO: Run Behavior\BuildLiteBehavior [ RunTime:0.000006s ]
INFO: [ app_init ] --END-- [ RunTime:0.000305s ]

[ 2017-06-09T14:59:56+08:00 ] 127.0.0.1 /index.php/Admin/User/showlist
INFO: [ app_init ] --START--
INFO: Run Behavior\BuildLiteBehavior [ RunTime:0.000006s ]
INFO: [ app_init ] --END-- [ RunTime:0.000245s ]

[ 2017-06-09T15:00:10+08:00 ] 127.0.0.1 /index.php/Admin/User/showlist
INFO: [ app_init ] --START--
INFO: Run Behavior\BuildLiteBehavior [ RunTime:0.000006s ]
INFO: [ app_init ] --END-- [ RunTime:0.000244s ]

[ 2017-06-09T15:00:21+08:00 ] 127.0.0.1 /index.php/Admin/User/blocked.html
INFO: [ app_init ] --START--
INFO: Run Behavior\BuildLiteBehavior [ RunTime:0.000009s ]
INFO: [ app_init ] --END-- [ RunTime:0.000349s ]
INFO: [ app_begin ] --START--
INFO: Run Behavior\ReadHtmlCacheBehavior [ RunTime:0.000486s ]
INFO: [ app_begin ] --END-- [ RunTime:0.000525s ]
SQL: SHOW COLUMNS FROM `sp_manager` [ RunTime:0.0124s ]
NOTIC: [8] Use of undefined constant man - assumed 'man' D:\web\tpshop\App\Admin\Common\AdminController.class.php 第 27 行.
SQL: SELECT role.role_auth_ac FROM sp_manager man INNER JOIN sp_role as role on man.role_id = role.role_id  WHERE `mg_id` = '502' LIMIT 1   [ RunTime:0.0005s ]
NOTIC: [8] Use of undefined constant admin - assumed 'admin' D:\web\tpshop\App\Admin\Common\AdminController.class.php 第 34 行.
SQL: SHOW COLUMNS FROM `sp_user` [ RunTime:0.0108s ]
SQL: SELECT * FROM `sp_user` WHERE `user_id` = 228 LIMIT 1   [ RunTime:0.0006s ]
SQL: UPDATE `sp_user` SET `flag`='2',`blocked_time`='864000' WHERE `user_id` = 228 [ RunTime:0.0040s ]

[ 2017-06-09T15:00:22+08:00 ] 127.0.0.1 /index.php/Admin/User/showlist
INFO: [ app_init ] --START--
INFO: Run Behavior\BuildLiteBehavior [ RunTime:0.000010s ]
INFO: [ app_init ] --END-- [ RunTime:0.000272s ]

[ 2017-06-09T15:02:44+08:00 ] 127.0.0.1 /index.php/Admin/User/showlist
INFO: [ app_init ] --START--
INFO: Run Behavior\BuildLiteBehavior [ RunTime:0.000007s ]
INFO: [ app_init ] --END-- [ RunTime:0.000307s ]

[ 2017-06-09T15:02:57+08:00 ] 127.0.0.1 /index.php/Admin/User/blocked.html
INFO: [ app_init ] --START--
INFO: Run Behavior\BuildLiteBehavior [ RunTime:0.000013s ]
INFO: [ app_init ] --END-- [ RunTime:0.000401s ]
INFO: [ app_begin ] --START--
INFO: Run Behavior\ReadHtmlCacheBehavior [ RunTime:0.000451s ]
INFO: [ app_begin ] --END-- [ RunTime:0.000493s ]
SQL: SHOW COLUMNS FROM `sp_manager` [ RunTime:0.0145s ]
NOTIC: [8] Use of undefined constant man - assumed 'man' D:\web\tpshop\App\Admin\Common\AdminController.class.php 第 27 行.
SQL: SELECT role.role_auth_ac FROM sp_manager man INNER JOIN sp_role as role on man.role_id = role.role_id  WHERE `mg_id` = '502' LIMIT 1   [ RunTime:0.0006s ]
NOTIC: [8] Use of undefined constant admin - assumed 'admin' D:\web\tpshop\App\Admin\Common\AdminController.class.php 第 34 行.
SQL: SHOW COLUMNS FROM `sp_user` [ RunTime:0.0088s ]
SQL: SELECT * FROM `sp_user` WHERE `user_id` = 228 LIMIT 1   [ RunTime:0.0005s ]
SQL: UPDATE `sp_user` SET `flag`='2',`blocked_time`='1497855777' WHERE `user_id` = 228 [ RunTime:0.0040s ]

[ 2017-06-09T15:02:59+08:00 ] 127.0.0.1 /index.php/Admin/User/showlist
INFO: [ app_init ] --START--
INFO: Run Behavior\BuildLiteBehavior [ RunTime:0.000030s ]
INFO: [ app_init ] --END-- [ RunTime:0.000536s ]

[ 2017-06-09T15:03:21+08:00 ] 127.0.0.1 /index.php/Admin/User/showlist
INFO: [ app_init ] --START--
INFO: Run Behavior\BuildLiteBehavior [ RunTime:0.000007s ]
INFO: [ app_init ] --END-- [ RunTime:0.000248s ]

[ 2017-06-09T19:59:22+08:00 ] 127.0.0.1 /index.php/admin
INFO: [ app_init ] --START--
INFO: Run Behavior\BuildLiteBehavior [ RunTime:0.000014s ]
INFO: [ app_init ] --END-- [ RunTime:0.000467s ]

[ 2017-06-09T19:59:22+08:00 ] 127.0.0.1 /index.php/admin/manager/login
INFO: [ app_init ] --START--
INFO: Run Behavior\BuildLiteBehavior [ RunTime:0.000008s ]
INFO: [ app_init ] --END-- [ RunTime:0.000292s ]

[ 2017-06-09T19:59:23+08:00 ] 127.0.0.1 /index.php/Admin/Manager/verifyImg.html
INFO: [ app_init ] --START--
INFO: Run Behavior\BuildLiteBehavior [ RunTime:0.000007s ]
INFO: [ app_init ] --END-- [ RunTime:0.000274s ]

[ 2017-06-09T19:59:33+08:00 ] 127.0.0.1 /index.php/Admin/Manager/checkVerifyCode.html
INFO: [ app_init ] --START--
INFO: Run Behavior\BuildLiteBehavior [ RunTime:0.000008s ]
INFO: [ app_init ] --END-- [ RunTime:0.000405s ]
INFO: [ app_begin ] --START--
INFO: Run Behavior\ReadHtmlCacheBehavior [ RunTime:0.000410s ]
INFO: [ app_begin ] --END-- [ RunTime:0.000441s ]
INFO: [ app_end ] --START--
INFO: Run Behavior\ShowPageTraceBehavior [ RunTime:0.000427s ]
INFO: [ app_end ] --END-- [ RunTime:0.000471s ]

[ 2017-06-09T19:59:34+08:00 ] 127.0.0.1 /index.php/admin/manager/login
INFO: [ app_init ] --START--
INFO: Run Behavior\BuildLiteBehavior [ RunTime:0.000008s ]
INFO: [ app_init ] --END-- [ RunTime:0.000332s ]

[ 2017-06-09T19:59:35+08:00 ] 127.0.0.1 /index.php/Admin/index/index.html
INFO: [ app_init ] --START--
INFO: Run Behavior\BuildLiteBehavior [ RunTime:0.000008s ]
INFO: [ app_init ] --END-- [ RunTime:0.000296s ]

[ 2017-06-09T19:59:36+08:00 ] 127.0.0.1 /index.php/admin/manager/login
INFO: [ app_init ] --START--
INFO: Run Behavior\BuildLiteBehavior [ RunTime:0.000006s ]
INFO: [ app_init ] --END-- [ RunTime:0.000245s ]

[ 2017-06-09T19:59:37+08:00 ] 127.0.0.1 /index.php/Admin/Manager/verifyImg.html
INFO: [ app_init ] --START--
INFO: Run Behavior\BuildLiteBehavior [ RunTime:0.000010s ]
INFO: [ app_init ] --END-- [ RunTime:0.000395s ]

[ 2017-06-09T19:59:47+08:00 ] 127.0.0.1 /index.php/Admin/Manager/checkVerifyCode.html
INFO: [ app_init ] --START--
INFO: Run Behavior\BuildLiteBehavior [ RunTime:0.000007s ]
INFO: [ app_init ] --END-- [ RunTime:0.000295s ]
INFO: [ app_begin ] --START--
INFO: Run Behavior\ReadHtmlCacheBehavior [ RunTime:0.000352s ]
INFO: [ app_begin ] --END-- [ RunTime:0.000383s ]
SQL: SHOW COLUMNS FROM `sp_manager` [ RunTime:0.0042s ]
NOTIC: [8] Use of undefined constant man - assumed 'man' D:\web\tpshop\App\Admin\Common\AdminController.class.php 第 27 行.
SQL: SELECT role.role_auth_ac FROM sp_manager man INNER JOIN sp_role as role on man.role_id = role.role_id  WHERE `mg_id` = '502' LIMIT 1   [ RunTime:0.0002s ]
INFO: [ app_end ] --START--
INFO: Run Behavior\ShowPageTraceBehavior [ RunTime:0.000343s ]
INFO: [ app_end ] --END-- [ RunTime:0.000370s ]

[ 2017-06-09T19:59:48+08:00 ] 127.0.0.1 /index.php/admin/manager/login
INFO: [ app_init ] --START--
INFO: Run Behavior\BuildLiteBehavior [ RunTime:0.000007s ]
INFO: [ app_init ] --END-- [ RunTime:0.000260s ]

[ 2017-06-09T19:59:49+08:00 ] 127.0.0.1 /index.php/Admin/index/index.html
INFO: [ app_init ] --START--
INFO: Run Behavior\BuildLiteBehavior [ RunTime:0.000007s ]
INFO: [ app_init ] --END-- [ RunTime:0.000273s ]

[ 2017-06-09T19:59:50+08:00 ] 127.0.0.1 /index.php/Admin/Index/top.html
INFO: [ app_init ] --START--
INFO: Run Behavior\BuildLiteBehavior [ RunTime:0.000007s ]
INFO: [ app_init ] --END-- [ RunTime:0.000283s ]

[ 2017-06-09T19:59:51+08:00 ] 127.0.0.1 /index.php/Admin/Index/center.html
INFO: [ app_init ] --START--
INFO: Run Behavior\BuildLiteBehavior [ RunTime:0.000021s ]
INFO: [ app_init ] --END-- [ RunTime:0.000460s ]

[ 2017-06-09T19:59:52+08:00 ] 127.0.0.1 /index.php/Admin/Index/down.html
INFO: [ app_init ] --START--
INFO: Run Behavior\BuildLiteBehavior [ RunTime:0.000012s ]
INFO: [ app_init ] --END-- [ RunTime:0.000481s ]

[ 2017-06-09T19:59:53+08:00 ] 127.0.0.1 /index.php/Admin/Index/left.html
INFO: [ app_init ] --START--
INFO: Run Behavior\BuildLiteBehavior [ RunTime:0.000012s ]
INFO: [ app_init ] --END-- [ RunTime:0.000454s ]

[ 2017-06-09T19:59:55+08:00 ] 127.0.0.1 /index.php/Admin/Index/right.html
INFO: [ app_init ] --START--
INFO: Run Behavior\BuildLiteBehavior [ RunTime:0.000012s ]
INFO: [ app_init ] --END-- [ RunTime:0.000472s ]

[ 2017-06-09T19:59:58+08:00 ] 127.0.0.1 /index.php/Admin/User/showlist
INFO: [ app_init ] --START--
INFO: Run Behavior\BuildLiteBehavior [ RunTime:0.000007s ]
INFO: [ app_init ] --END-- [ RunTime:0.000259s ]

[ 2017-06-09T20:00:03+08:00 ] 127.0.0.1 /index.php/Admin/User/showlist/p/2.html
INFO: [ app_init ] --START--
INFO: Run Behavior\BuildLiteBehavior [ RunTime:0.000006s ]
INFO: [ app_init ] --END-- [ RunTime:0.000273s ]

[ 2017-06-09T20:07:24+08:00 ] 127.0.0.1 /index.php/Admin/User/showlist
INFO: [ app_init ] --START--
INFO: Run Behavior\BuildLiteBehavior [ RunTime:0.000006s ]
INFO: [ app_init ] --END-- [ RunTime:0.000251s ]

[ 2017-06-09T20:08:15+08:00 ] 127.0.0.1 /index.php/Admin/User/showlist
INFO: [ app_init ] --START--
INFO: Run Behavior\BuildLiteBehavior [ RunTime:0.000012s ]
INFO: [ app_init ] --END-- [ RunTime:0.000273s ]
ERR: syntax error, unexpected '->' (T_OBJECT_OPERATOR), expecting identifier (T_STRING) or variable (T_VARIABLE) or '{' or '$'

[ 2017-06-09T20:08:45+08:00 ] 127.0.0.1 /index.php/Admin/User/showlist
INFO: [ app_init ] --START--
INFO: Run Behavior\BuildLiteBehavior [ RunTime:0.000008s ]
INFO: [ app_init ] --END-- [ RunTime:0.000355s ]

