[ 2017-06-03T15:13:08+08:00 ] 127.0.0.1 /index.php/admin/manager/login.html
INFO: [ app_init ] --START--
INFO: Run Behavior\BuildLiteBehavior [ RunTime:0.000010s ]
INFO: [ app_init ] --END-- [ RunTime:0.008544s ]

[ 2017-06-03T15:13:08+08:00 ] 127.0.0.1 /index.php/Admin/Manager/verifyImg.html
INFO: [ app_init ] --START--
INFO: Run Behavior\BuildLiteBehavior [ RunTime:0.000011s ]
INFO: [ app_init ] --END-- [ RunTime:0.000388s ]

[ 2017-06-03T15:14:58+08:00 ] 127.0.0.1 /index.php/Admin/Manager/checkVerifyCode.html
INFO: [ app_init ] --START--
INFO: Run Behavior\BuildLiteBehavior [ RunTime:0.000007s ]
INFO: [ app_init ] --END-- [ RunTime:0.000270s ]
INFO: [ app_begin ] --START--
INFO: Run Behavior\ReadHtmlCacheBehavior [ RunTime:0.000334s ]
INFO: [ app_begin ] --END-- [ RunTime:0.000362s ]
INFO: [ app_end ] --START--
INFO: Run Behavior\ShowPageTraceBehavior [ RunTime:0.000451s ]
INFO: [ app_end ] --END-- [ RunTime:0.000494s ]

[ 2017-06-03T15:14:59+08:00 ] 127.0.0.1 /index.php/admin/manager/login.html
INFO: [ app_init ] --START--
INFO: Run Behavior\BuildLiteBehavior [ RunTime:0.000008s ]
INFO: [ app_init ] --END-- [ RunTime:0.000323s ]

[ 2017-06-03T15:15:00+08:00 ] 127.0.0.1 /index.php/admin/manager/login.html
INFO: [ app_init ] --START--
INFO: Run Behavior\BuildLiteBehavior [ RunTime:0.000007s ]
INFO: [ app_init ] --END-- [ RunTime:0.000269s ]

[ 2017-06-03T15:15:02+08:00 ] 127.0.0.1 /index.php/Admin/Manager/verifyImg.html
INFO: [ app_init ] --START--
INFO: Run Behavior\BuildLiteBehavior [ RunTime:0.000009s ]
INFO: [ app_init ] --END-- [ RunTime:0.000739s ]

[ 2017-06-03T15:15:10+08:00 ] 127.0.0.1 /index.php/Admin/Manager/checkVerifyCode.html
INFO: [ app_init ] --START--
INFO: Run Behavior\BuildLiteBehavior [ RunTime:0.000007s ]
INFO: [ app_init ] --END-- [ RunTime:0.000337s ]
INFO: [ app_begin ] --START--
INFO: Run Behavior\ReadHtmlCacheBehavior [ RunTime:0.000592s ]
INFO: [ app_begin ] --END-- [ RunTime:0.000676s ]
SQL: SHOW COLUMNS FROM `sp_manager` [ RunTime:0.0241s ]
NOTIC: [8] Use of undefined constant man - assumed 'man' D:\web\tpshop\App\Admin\Common\AdminController.class.php 第 27 行.
SQL: SELECT role.role_auth_ac FROM sp_manager man INNER JOIN sp_role as role on man.role_id = role.role_id  WHERE `mg_id` = '502' LIMIT 1   [ RunTime:0.0003s ]
INFO: [ app_end ] --START--
INFO: Run Behavior\ShowPageTraceBehavior [ RunTime:0.000589s ]
INFO: [ app_end ] --END-- [ RunTime:0.000629s ]

[ 2017-06-03T15:15:11+08:00 ] 127.0.0.1 /index.php/Admin/Manager/verifyImg/0.44429697879112484
INFO: [ app_init ] --START--
INFO: Run Behavior\BuildLiteBehavior [ RunTime:0.000007s ]
INFO: [ app_init ] --END-- [ RunTime:0.000250s ]

[ 2017-06-03T15:15:12+08:00 ] 127.0.0.1 /index.php/Admin/Manager/verifyImg/0.3277601199419833
INFO: [ app_init ] --START--
INFO: Run Behavior\BuildLiteBehavior [ RunTime:0.000009s ]
INFO: [ app_init ] --END-- [ RunTime:0.000311s ]

[ 2017-06-03T15:15:13+08:00 ] 127.0.0.1 /index.php/Admin/Manager/verifyImg/0.23785637608889032
INFO: [ app_init ] --START--
INFO: Run Behavior\BuildLiteBehavior [ RunTime:0.000007s ]
INFO: [ app_init ] --END-- [ RunTime:0.000250s ]

[ 2017-06-03T15:15:14+08:00 ] 127.0.0.1 /index.php/Admin/Manager/verifyImg/0.24988755347878833
INFO: [ app_init ] --START--
INFO: Run Behavior\BuildLiteBehavior [ RunTime:0.000007s ]
INFO: [ app_init ] --END-- [ RunTime:0.000242s ]

[ 2017-06-03T15:15:15+08:00 ] 127.0.0.1 /index.php/Admin/Manager/verifyImg/0.8691916659024064
INFO: [ app_init ] --START--
INFO: Run Behavior\BuildLiteBehavior [ RunTime:0.000006s ]
INFO: [ app_init ] --END-- [ RunTime:0.000246s ]

[ 2017-06-03T15:15:16+08:00 ] 127.0.0.1 /index.php/Admin/Manager/verifyImg/0.769714610331421
INFO: [ app_init ] --START--
INFO: Run Behavior\BuildLiteBehavior [ RunTime:0.000007s ]
INFO: [ app_init ] --END-- [ RunTime:0.000247s ]

[ 2017-06-03T15:15:17+08:00 ] 127.0.0.1 /index.php/Admin/Manager/verifyImg/0.12858227035580683
INFO: [ app_init ] --START--
INFO: Run Behavior\BuildLiteBehavior [ RunTime:0.000007s ]
INFO: [ app_init ] --END-- [ RunTime:0.000256s ]

[ 2017-06-03T15:15:18+08:00 ] 127.0.0.1 /index.php/Admin/Manager/verifyImg/0.7907778396617173
INFO: [ app_init ] --START--
INFO: Run Behavior\BuildLiteBehavior [ RunTime:0.000007s ]
INFO: [ app_init ] --END-- [ RunTime:0.000254s ]

[ 2017-06-03T15:15:19+08:00 ] 127.0.0.1 /index.php/Admin/Manager/verifyImg/0.13470821566600732
INFO: [ app_init ] --START--
INFO: Run Behavior\BuildLiteBehavior [ RunTime:0.000008s ]
INFO: [ app_init ] --END-- [ RunTime:0.000303s ]

[ 2017-06-03T15:15:24+08:00 ] 127.0.0.1 /index.php/Admin/Manager/verifyImg/0.5622542174125842
INFO: [ app_init ] --START--
INFO: Run Behavior\BuildLiteBehavior [ RunTime:0.000012s ]
INFO: [ app_init ] --END-- [ RunTime:0.000476s ]

[ 2017-06-03T15:15:29+08:00 ] 127.0.0.1 /index.php/admin/manager/login.html
INFO: [ app_init ] --START--
INFO: Run Behavior\BuildLiteBehavior [ RunTime:0.000011s ]
INFO: [ app_init ] --END-- [ RunTime:0.000430s ]

[ 2017-06-03T15:15:30+08:00 ] 127.0.0.1 /index.php/Admin/Manager/verifyImg.html
INFO: [ app_init ] --START--
INFO: Run Behavior\BuildLiteBehavior [ RunTime:0.000011s ]
INFO: [ app_init ] --END-- [ RunTime:0.000417s ]

[ 2017-06-03T15:15:44+08:00 ] 127.0.0.1 /index.php/Admin/Manager/checkVerifyCode.html
INFO: [ app_init ] --START--
INFO: Run Behavior\BuildLiteBehavior [ RunTime:0.000012s ]
INFO: [ app_init ] --END-- [ RunTime:0.000438s ]
INFO: [ app_begin ] --START--
INFO: Run Behavior\ReadHtmlCacheBehavior [ RunTime:0.000477s ]
INFO: [ app_begin ] --END-- [ RunTime:0.000523s ]
SQL: SHOW COLUMNS FROM `sp_manager` [ RunTime:0.0238s ]
NOTIC: [8] Use of undefined constant man - assumed 'man' D:\web\tpshop\App\Admin\Common\AdminController.class.php 第 27 行.
SQL: SELECT role.role_auth_ac FROM sp_manager man INNER JOIN sp_role as role on man.role_id = role.role_id  WHERE `mg_id` = '502' LIMIT 1   [ RunTime:0.0003s ]
INFO: [ app_end ] --START--
INFO: Run Behavior\ShowPageTraceBehavior [ RunTime:0.000744s ]
INFO: [ app_end ] --END-- [ RunTime:0.000799s ]

[ 2017-06-03T15:15:45+08:00 ] 127.0.0.1 /index.php/admin/manager/login.html
INFO: [ app_init ] --START--
INFO: Run Behavior\BuildLiteBehavior [ RunTime:0.000008s ]
INFO: [ app_init ] --END-- [ RunTime:0.000275s ]

[ 2017-06-03T15:15:46+08:00 ] 127.0.0.1 /index.php/Admin/index/index.html
INFO: [ app_init ] --START--
INFO: Run Behavior\BuildLiteBehavior [ RunTime:0.000011s ]
INFO: [ app_init ] --END-- [ RunTime:0.000398s ]

[ 2017-06-03T15:15:47+08:00 ] 127.0.0.1 /index.php/Admin/Index/top.html
INFO: [ app_init ] --START--
INFO: Run Behavior\BuildLiteBehavior [ RunTime:0.000011s ]
INFO: [ app_init ] --END-- [ RunTime:0.000473s ]

[ 2017-06-03T15:15:48+08:00 ] 127.0.0.1 /index.php/Admin/Index/center.html
INFO: [ app_init ] --START--
INFO: Run Behavior\BuildLiteBehavior [ RunTime:0.000011s ]
INFO: [ app_init ] --END-- [ RunTime:0.000430s ]

[ 2017-06-03T15:15:49+08:00 ] 127.0.0.1 /index.php/Admin/Index/down.html
INFO: [ app_init ] --START--
INFO: Run Behavior\BuildLiteBehavior [ RunTime:0.000040s ]
INFO: [ app_init ] --END-- [ RunTime:0.002181s ]

[ 2017-06-03T15:15:51+08:00 ] 127.0.0.1 /index.php/Admin/Index/left.html
INFO: [ app_init ] --START--
INFO: Run Behavior\BuildLiteBehavior [ RunTime:0.000010s ]
INFO: [ app_init ] --END-- [ RunTime:0.000418s ]

[ 2017-06-03T15:15:52+08:00 ] 127.0.0.1 /index.php/Admin/Index/right.html
INFO: [ app_init ] --START--
INFO: Run Behavior\BuildLiteBehavior [ RunTime:0.000013s ]
INFO: [ app_init ] --END-- [ RunTime:0.000486s ]

[ 2017-06-03T15:20:01+08:00 ] 127.0.0.1 /index.php/Admin/index/index.html
INFO: [ app_init ] --START--
INFO: Run Behavior\BuildLiteBehavior [ RunTime:0.000008s ]
INFO: [ app_init ] --END-- [ RunTime:0.000311s ]

[ 2017-06-03T15:20:02+08:00 ] 127.0.0.1 /index.php/Admin/Index/top.html
INFO: [ app_init ] --START--
INFO: Run Behavior\BuildLiteBehavior [ RunTime:0.000010s ]
INFO: [ app_init ] --END-- [ RunTime:0.000377s ]

[ 2017-06-03T15:20:03+08:00 ] 127.0.0.1 /index.php/Admin/Index/center.html
INFO: [ app_init ] --START--
INFO: Run Behavior\BuildLiteBehavior [ RunTime:0.000010s ]
INFO: [ app_init ] --END-- [ RunTime:0.000394s ]

[ 2017-06-03T15:20:04+08:00 ] 127.0.0.1 /index.php/Admin/Index/down.html
INFO: [ app_init ] --START--
INFO: Run Behavior\BuildLiteBehavior [ RunTime:0.000012s ]
INFO: [ app_init ] --END-- [ RunTime:0.000523s ]

[ 2017-06-03T15:20:05+08:00 ] 127.0.0.1 /index.php/Admin/Index/left.html
INFO: [ app_init ] --START--
INFO: Run Behavior\BuildLiteBehavior [ RunTime:0.000007s ]
INFO: [ app_init ] --END-- [ RunTime:0.000265s ]

[ 2017-06-03T15:20:06+08:00 ] 127.0.0.1 /index.php/Admin/Index/right.html
INFO: [ app_init ] --START--
INFO: Run Behavior\BuildLiteBehavior [ RunTime:0.000010s ]
INFO: [ app_init ] --END-- [ RunTime:0.000381s ]

[ 2017-06-03T15:20:49+08:00 ] 127.0.0.1 /index.php/Admin/index/index.html
INFO: [ app_init ] --START--
INFO: Run Behavior\BuildLiteBehavior [ RunTime:0.000007s ]
INFO: [ app_init ] --END-- [ RunTime:0.000316s ]

[ 2017-06-03T15:20:50+08:00 ] 127.0.0.1 /index.php/Admin/Index/top.html
INFO: [ app_init ] --START--
INFO: Run Behavior\BuildLiteBehavior [ RunTime:0.000009s ]
INFO: [ app_init ] --END-- [ RunTime:0.000356s ]

[ 2017-06-03T15:20:51+08:00 ] 127.0.0.1 /index.php/Admin/Index/center.html
INFO: [ app_init ] --START--
INFO: Run Behavior\BuildLiteBehavior [ RunTime:0.000011s ]
INFO: [ app_init ] --END-- [ RunTime:0.000394s ]

[ 2017-06-03T15:20:52+08:00 ] 127.0.0.1 /index.php/Admin/Index/down.html
INFO: [ app_init ] --START--
INFO: Run Behavior\BuildLiteBehavior [ RunTime:0.000012s ]
INFO: [ app_init ] --END-- [ RunTime:0.000461s ]

[ 2017-06-03T15:20:53+08:00 ] 127.0.0.1 /index.php/Admin/Index/left.html
INFO: [ app_init ] --START--
INFO: Run Behavior\BuildLiteBehavior [ RunTime:0.000011s ]
INFO: [ app_init ] --END-- [ RunTime:0.000387s ]

[ 2017-06-03T15:20:54+08:00 ] 127.0.0.1 /index.php/Admin/Index/right.html
INFO: [ app_init ] --START--
INFO: Run Behavior\BuildLiteBehavior [ RunTime:0.000011s ]
INFO: [ app_init ] --END-- [ RunTime:0.000451s ]

[ 2017-06-03T15:21:07+08:00 ] 127.0.0.1 /index.php/Admin/Goods/tianjia
INFO: [ app_init ] --START--
INFO: Run Behavior\BuildLiteBehavior [ RunTime:0.000010s ]
INFO: [ app_init ] --END-- [ RunTime:0.000403s ]

[ 2017-06-03T15:21:07+08:00 ] 127.0.0.1 /index.php/Admin/Goods/tb.gif
INFO: [ app_init ] --START--
INFO: Run Behavior\BuildLiteBehavior [ RunTime:0.000010s ]
INFO: [ app_init ] --END-- [ RunTime:0.000366s ]

[ 2017-06-03T15:21:12+08:00 ] 127.0.0.1 /index.php/Admin/Attribute/getAttrByTypeInfo
INFO: [ app_init ] --START--
INFO: Run Behavior\BuildLiteBehavior [ RunTime:0.000009s ]
INFO: [ app_init ] --END-- [ RunTime:0.000280s ]
INFO: [ app_begin ] --START--
INFO: Run Behavior\ReadHtmlCacheBehavior [ RunTime:0.000551s ]
INFO: [ app_begin ] --END-- [ RunTime:0.000603s ]
SQL: SHOW COLUMNS FROM `sp_manager` [ RunTime:0.0147s ]
NOTIC: [8] Use of undefined constant man - assumed 'man' D:\web\tpshop\App\Admin\Common\AdminController.class.php 第 27 行.
SQL: SELECT role.role_auth_ac FROM sp_manager man INNER JOIN sp_role as role on man.role_id = role.role_id  WHERE `mg_id` = '502' LIMIT 1   [ RunTime:0.0003s ]
NOTIC: [8] Use of undefined constant admin - assumed 'admin' D:\web\tpshop\App\Admin\Common\AdminController.class.php 第 34 行.
SQL: SHOW COLUMNS FROM `sp_attribute` [ RunTime:0.0108s ]
SQL: SELECT attr.*,type.type_name FROM sp_attribute attr INNER JOIN sp_type as type on attr.type_id=type.type_id  WHERE `flag` = 0 AND type.type_id = '6'  [ RunTime:0.0042s ]

[ 2017-06-03T16:04:38+08:00 ] 127.0.0.1 /index.php/Admin/Goods/showlist
INFO: [ app_init ] --START--
INFO: Run Behavior\BuildLiteBehavior [ RunTime:0.000008s ]
INFO: [ app_init ] --END-- [ RunTime:0.000345s ]

[ 2017-06-03T16:04:39+08:00 ] 127.0.0.1 /index.php/Admin/Goods/tianjia
INFO: [ app_init ] --START--
INFO: Run Behavior\BuildLiteBehavior [ RunTime:0.000008s ]
INFO: [ app_init ] --END-- [ RunTime:0.000268s ]

[ 2017-06-03T16:04:39+08:00 ] 127.0.0.1 /index.php/Admin/Goods/tb.gif
INFO: [ app_init ] --START--
INFO: Run Behavior\BuildLiteBehavior [ RunTime:0.000007s ]
INFO: [ app_init ] --END-- [ RunTime:0.000274s ]

[ 2017-06-03T16:26:46+08:00 ] 127.0.0.1 /index.php/Admin/Attribute/getAttrByTypeInfo
INFO: [ app_init ] --START--
INFO: Run Behavior\BuildLiteBehavior [ RunTime:0.000009s ]
INFO: [ app_init ] --END-- [ RunTime:0.000436s ]
INFO: [ app_begin ] --START--
INFO: Run Behavior\ReadHtmlCacheBehavior [ RunTime:0.000472s ]
INFO: [ app_begin ] --END-- [ RunTime:0.000516s ]
SQL: SHOW COLUMNS FROM `sp_manager` [ RunTime:0.0233s ]
NOTIC: [8] Use of undefined constant man - assumed 'man' D:\web\tpshop\App\Admin\Common\AdminController.class.php 第 27 行.
SQL: SELECT role.role_auth_ac FROM sp_manager man INNER JOIN sp_role as role on man.role_id = role.role_id  WHERE `mg_id` = '502' LIMIT 1   [ RunTime:0.0006s ]
NOTIC: [8] Use of undefined constant admin - assumed 'admin' D:\web\tpshop\App\Admin\Common\AdminController.class.php 第 34 行.
SQL: SHOW COLUMNS FROM `sp_attribute` [ RunTime:0.0107s ]
SQL: SELECT attr.*,type.type_name FROM sp_attribute attr INNER JOIN sp_type as type on attr.type_id=type.type_id  WHERE `flag` = 0 AND type.type_id = '6'  [ RunTime:0.0007s ]

[ 2017-06-03T16:27:04+08:00 ] 127.0.0.1 /index.php/Admin/Goods/tianjia
INFO: [ app_init ] --START--
INFO: Run Behavior\BuildLiteBehavior [ RunTime:0.000007s ]
INFO: [ app_init ] --END-- [ RunTime:0.000244s ]

[ 2017-06-03T16:27:07+08:00 ] 127.0.0.1 /index.php/Admin/Goods/showlist
INFO: [ app_init ] --START--
INFO: Run Behavior\BuildLiteBehavior [ RunTime:0.000006s ]
INFO: [ app_init ] --END-- [ RunTime:0.000323s ]

[ 2017-06-03T17:24:12+08:00 ] 127.0.0.1 /index.php/Admin/Goods/tianjia.html
INFO: [ app_init ] --START--
INFO: Run Behavior\BuildLiteBehavior [ RunTime:0.000007s ]
INFO: [ app_init ] --END-- [ RunTime:0.000413s ]

[ 2017-06-03T17:24:12+08:00 ] 127.0.0.1 /index.php/Admin/Goods/tb.gif
INFO: [ app_init ] --START--
INFO: Run Behavior\BuildLiteBehavior [ RunTime:0.000013s ]
INFO: [ app_init ] --END-- [ RunTime:0.000450s ]

[ 2017-06-03T17:24:32+08:00 ] 127.0.0.1 /index.php/Admin/Attribute/getAttrByTypeInfo
INFO: [ app_init ] --START--
INFO: Run Behavior\BuildLiteBehavior [ RunTime:0.000011s ]
INFO: [ app_init ] --END-- [ RunTime:0.000555s ]
INFO: [ app_begin ] --START--
INFO: Run Behavior\ReadHtmlCacheBehavior [ RunTime:0.000564s ]
INFO: [ app_begin ] --END-- [ RunTime:0.000605s ]
SQL: SHOW COLUMNS FROM `sp_manager` [ RunTime:0.0161s ]
NOTIC: [8] Use of undefined constant man - assumed 'man' D:\web\tpshop\App\Admin\Common\AdminController.class.php 第 27 行.
SQL: SELECT role.role_auth_ac FROM sp_manager man INNER JOIN sp_role as role on man.role_id = role.role_id  WHERE `mg_id` = '502' LIMIT 1   [ RunTime:0.0003s ]
NOTIC: [8] Use of undefined constant admin - assumed 'admin' D:\web\tpshop\App\Admin\Common\AdminController.class.php 第 34 行.
SQL: SHOW COLUMNS FROM `sp_attribute` [ RunTime:0.0106s ]
SQL: SELECT attr.*,type.type_name FROM sp_attribute attr INNER JOIN sp_type as type on attr.type_id=type.type_id  WHERE `flag` = 0 AND type.type_id = '7'  [ RunTime:0.0004s ]

[ 2017-06-03T17:24:47+08:00 ] 127.0.0.1 /index.php/Admin/Goods/tianjia.html
INFO: [ app_init ] --START--
INFO: Run Behavior\BuildLiteBehavior [ RunTime:0.000006s ]
INFO: [ app_init ] --END-- [ RunTime:0.000242s ]

[ 2017-06-03T17:24:51+08:00 ] 127.0.0.1 /index.php/Admin/Goods/showlist
INFO: [ app_init ] --START--
INFO: Run Behavior\BuildLiteBehavior [ RunTime:0.000018s ]
INFO: [ app_init ] --END-- [ RunTime:0.001016s ]

[ 2017-06-03T19:13:46+08:00 ] 127.0.0.1 /index.php/Admin/Goods/tianjia
INFO: [ app_init ] --START--
INFO: Run Behavior\BuildLiteBehavior [ RunTime:0.000008s ]
INFO: [ app_init ] --END-- [ RunTime:0.000384s ]

[ 2017-06-03T19:13:46+08:00 ] 127.0.0.1 /index.php/Admin/Goods/tb.gif
INFO: [ app_init ] --START--
INFO: Run Behavior\BuildLiteBehavior [ RunTime:0.000010s ]
INFO: [ app_init ] --END-- [ RunTime:0.000409s ]

[ 2017-06-03T19:13:52+08:00 ] 127.0.0.1 /index.php/Admin/Attribute/getAttrByTypeInfo
INFO: [ app_init ] --START--
INFO: Run Behavior\BuildLiteBehavior [ RunTime:0.000010s ]
INFO: [ app_init ] --END-- [ RunTime:0.000418s ]
INFO: [ app_begin ] --START--
INFO: Run Behavior\ReadHtmlCacheBehavior [ RunTime:0.000541s ]
INFO: [ app_begin ] --END-- [ RunTime:0.000588s ]
SQL: SHOW COLUMNS FROM `sp_manager` [ RunTime:0.0108s ]
NOTIC: [8] Use of undefined constant man - assumed 'man' D:\web\tpshop\App\Admin\Common\AdminController.class.php 第 27 行.
SQL: SELECT role.role_auth_ac FROM sp_manager man INNER JOIN sp_role as role on man.role_id = role.role_id  WHERE `mg_id` = '502' LIMIT 1   [ RunTime:0.0003s ]
NOTIC: [8] Use of undefined constant admin - assumed 'admin' D:\web\tpshop\App\Admin\Common\AdminController.class.php 第 34 行.
SQL: SHOW COLUMNS FROM `sp_attribute` [ RunTime:0.0082s ]
SQL: SELECT attr.*,type.type_name FROM sp_attribute attr INNER JOIN sp_type as type on attr.type_id=type.type_id  WHERE `flag` = 0 AND type.type_id = '6'  [ RunTime:0.0004s ]

[ 2017-06-03T19:19:46+08:00 ] 127.0.0.1 /index.php/Admin/Goods/tianjia
INFO: [ app_init ] --START--
INFO: Run Behavior\BuildLiteBehavior [ RunTime:0.000007s ]
INFO: [ app_init ] --END-- [ RunTime:0.000315s ]

[ 2017-06-03T19:19:51+08:00 ] 127.0.0.1 /index.php/Admin/Goods/tianjia
INFO: [ app_init ] --START--
INFO: Run Behavior\BuildLiteBehavior [ RunTime:0.000007s ]
INFO: [ app_init ] --END-- [ RunTime:0.000254s ]

[ 2017-06-03T19:20:00+08:00 ] 127.0.0.1 /index.php/Admin/Goods/tianjia
INFO: [ app_init ] --START--
INFO: Run Behavior\BuildLiteBehavior [ RunTime:0.000007s ]
INFO: [ app_init ] --END-- [ RunTime:0.000348s ]

[ 2017-06-03T19:20:07+08:00 ] 127.0.0.1 /index.php/Admin/Goods/tianjia
INFO: [ app_init ] --START--
INFO: Run Behavior\BuildLiteBehavior [ RunTime:0.000006s ]
INFO: [ app_init ] --END-- [ RunTime:0.000244s ]

[ 2017-06-03T19:20:07+08:00 ] 127.0.0.1 /index.php/Admin/Goods/tb.gif
INFO: [ app_init ] --START--
INFO: Run Behavior\BuildLiteBehavior [ RunTime:0.000012s ]
INFO: [ app_init ] --END-- [ RunTime:0.000432s ]

[ 2017-06-03T19:20:32+08:00 ] 127.0.0.1 /index.php/Admin/Attribute/getAttrByTypeInfo
INFO: [ app_init ] --START--
INFO: Run Behavior\BuildLiteBehavior [ RunTime:0.000010s ]
INFO: [ app_init ] --END-- [ RunTime:0.000395s ]
INFO: [ app_begin ] --START--
INFO: Run Behavior\ReadHtmlCacheBehavior [ RunTime:0.000490s ]
INFO: [ app_begin ] --END-- [ RunTime:0.000528s ]
SQL: SHOW COLUMNS FROM `sp_manager` [ RunTime:0.0103s ]
NOTIC: [8] Use of undefined constant man - assumed 'man' D:\web\tpshop\App\Admin\Common\AdminController.class.php 第 27 行.
SQL: SELECT role.role_auth_ac FROM sp_manager man INNER JOIN sp_role as role on man.role_id = role.role_id  WHERE `mg_id` = '502' LIMIT 1   [ RunTime:0.0002s ]
NOTIC: [8] Use of undefined constant admin - assumed 'admin' D:\web\tpshop\App\Admin\Common\AdminController.class.php 第 34 行.
SQL: SHOW COLUMNS FROM `sp_attribute` [ RunTime:0.0112s ]
SQL: SELECT attr.*,type.type_name FROM sp_attribute attr INNER JOIN sp_type as type on attr.type_id=type.type_id  WHERE `flag` = 0 AND type.type_id = '6'  [ RunTime:0.0003s ]

[ 2017-06-03T19:20:49+08:00 ] 127.0.0.1 /index.php/Admin/Goods/tianjia
INFO: [ app_init ] --START--
INFO: Run Behavior\BuildLiteBehavior [ RunTime:0.000007s ]
INFO: [ app_init ] --END-- [ RunTime:0.000251s ]

[ 2017-06-03T19:21:27+08:00 ] 127.0.0.1 /index.php/Admin/Goods/tianjia
INFO: [ app_init ] --START--
INFO: Run Behavior\BuildLiteBehavior [ RunTime:0.000011s ]
INFO: [ app_init ] --END-- [ RunTime:0.000352s ]

[ 2017-06-03T19:23:18+08:00 ] 127.0.0.1 /index.php/Admin/Goods/tianjia
INFO: [ app_init ] --START--
INFO: Run Behavior\BuildLiteBehavior [ RunTime:0.000006s ]
INFO: [ app_init ] --END-- [ RunTime:0.000327s ]

[ 2017-06-03T19:23:25+08:00 ] 127.0.0.1 /index.php/Admin/Goods/tianjia
INFO: [ app_init ] --START--
INFO: Run Behavior\BuildLiteBehavior [ RunTime:0.000013s ]
INFO: [ app_init ] --END-- [ RunTime:0.000649s ]

[ 2017-06-03T19:25:53+08:00 ] 127.0.0.1 /index.php/Admin/Goods/tianjia
INFO: [ app_init ] --START--
INFO: Run Behavior\BuildLiteBehavior [ RunTime:0.000006s ]
INFO: [ app_init ] --END-- [ RunTime:0.000325s ]

[ 2017-06-03T19:25:57+08:00 ] 127.0.0.1 /index.php/Admin/Goods/tianjia
INFO: [ app_init ] --START--
INFO: Run Behavior\BuildLiteBehavior [ RunTime:0.000008s ]
INFO: [ app_init ] --END-- [ RunTime:0.000342s ]

[ 2017-06-03T19:26:04+08:00 ] 127.0.0.1 /index.php/Admin/Goods/tianjia
INFO: [ app_init ] --START--
INFO: Run Behavior\BuildLiteBehavior [ RunTime:0.000009s ]
INFO: [ app_init ] --END-- [ RunTime:0.000309s ]

[ 2017-06-03T19:26:11+08:00 ] 127.0.0.1 /index.php/Admin/Attribute/getAttrByTypeInfo
INFO: [ app_init ] --START--
INFO: Run Behavior\BuildLiteBehavior [ RunTime:0.000008s ]
INFO: [ app_init ] --END-- [ RunTime:0.000361s ]
INFO: [ app_begin ] --START--
INFO: Run Behavior\ReadHtmlCacheBehavior [ RunTime:0.000430s ]
INFO: [ app_begin ] --END-- [ RunTime:0.000462s ]
SQL: SHOW COLUMNS FROM `sp_manager` [ RunTime:0.0168s ]
NOTIC: [8] Use of undefined constant man - assumed 'man' D:\web\tpshop\App\Admin\Common\AdminController.class.php 第 27 行.
SQL: SELECT role.role_auth_ac FROM sp_manager man INNER JOIN sp_role as role on man.role_id = role.role_id  WHERE `mg_id` = '502' LIMIT 1   [ RunTime:0.0003s ]
NOTIC: [8] Use of undefined constant admin - assumed 'admin' D:\web\tpshop\App\Admin\Common\AdminController.class.php 第 34 行.
SQL: SHOW COLUMNS FROM `sp_attribute` [ RunTime:0.0090s ]
SQL: SELECT attr.*,type.type_name FROM sp_attribute attr INNER JOIN sp_type as type on attr.type_id=type.type_id  WHERE `flag` = 0 AND type.type_id = '7'  [ RunTime:0.0003s ]

[ 2017-06-03T19:27:56+08:00 ] 127.0.0.1 /index.php/Admin/Goods/tianjia
INFO: [ app_init ] --START--
INFO: Run Behavior\BuildLiteBehavior [ RunTime:0.000007s ]
INFO: [ app_init ] --END-- [ RunTime:0.000326s ]

[ 2017-06-03T19:27:56+08:00 ] 127.0.0.1 /index.php/Admin/Goods/tb.gif
INFO: [ app_init ] --START--
INFO: Run Behavior\BuildLiteBehavior [ RunTime:0.000011s ]
INFO: [ app_init ] --END-- [ RunTime:0.000475s ]

[ 2017-06-03T19:28:17+08:00 ] 127.0.0.1 /index.php/Admin/Attribute/getAttrByTypeInfo
INFO: [ app_init ] --START--
INFO: Run Behavior\BuildLiteBehavior [ RunTime:0.000010s ]
INFO: [ app_init ] --END-- [ RunTime:0.000464s ]
INFO: [ app_begin ] --START--
INFO: Run Behavior\ReadHtmlCacheBehavior [ RunTime:0.000522s ]
INFO: [ app_begin ] --END-- [ RunTime:0.000569s ]
SQL: SHOW COLUMNS FROM `sp_manager` [ RunTime:0.0103s ]
NOTIC: [8] Use of undefined constant man - assumed 'man' D:\web\tpshop\App\Admin\Common\AdminController.class.php 第 27 行.
SQL: SELECT role.role_auth_ac FROM sp_manager man INNER JOIN sp_role as role on man.role_id = role.role_id  WHERE `mg_id` = '502' LIMIT 1   [ RunTime:0.0002s ]
NOTIC: [8] Use of undefined constant admin - assumed 'admin' D:\web\tpshop\App\Admin\Common\AdminController.class.php 第 34 行.
SQL: SHOW COLUMNS FROM `sp_attribute` [ RunTime:0.0078s ]
SQL: SELECT attr.*,type.type_name FROM sp_attribute attr INNER JOIN sp_type as type on attr.type_id=type.type_id  WHERE `flag` = 0 AND type.type_id = '6'  [ RunTime:0.0003s ]

[ 2017-06-03T19:28:39+08:00 ] 127.0.0.1 /index.php/Admin/Goods/tianjia
INFO: [ app_init ] --START--
INFO: Run Behavior\BuildLiteBehavior [ RunTime:0.000006s ]
INFO: [ app_init ] --END-- [ RunTime:0.000246s ]

[ 2017-06-03T19:29:44+08:00 ] 127.0.0.1 /index.php/Admin/Goods/tianjia
INFO: [ app_init ] --START--
INFO: Run Behavior\BuildLiteBehavior [ RunTime:0.000007s ]
INFO: [ app_init ] --END-- [ RunTime:0.000253s ]

[ 2017-06-03T19:32:42+08:00 ] 127.0.0.1 /index.php/Admin/Goods/tianjia
INFO: [ app_init ] --START--
INFO: Run Behavior\BuildLiteBehavior [ RunTime:0.000006s ]
INFO: [ app_init ] --END-- [ RunTime:0.000329s ]

[ 2017-06-03T19:33:02+08:00 ] 127.0.0.1 /index.php/Admin/Goods/tianjia
INFO: [ app_init ] --START--
INFO: Run Behavior\BuildLiteBehavior [ RunTime:0.000012s ]
INFO: [ app_init ] --END-- [ RunTime:0.000475s ]

[ 2017-06-03T19:33:02+08:00 ] 127.0.0.1 /index.php/Admin/Goods/tb.gif
INFO: [ app_init ] --START--
INFO: Run Behavior\BuildLiteBehavior [ RunTime:0.000030s ]
INFO: [ app_init ] --END-- [ RunTime:0.000506s ]

[ 2017-06-03T19:33:16+08:00 ] 127.0.0.1 /index.php/admin
INFO: [ app_init ] --START--
INFO: Run Behavior\BuildLiteBehavior [ RunTime:0.000006s ]
INFO: [ app_init ] --END-- [ RunTime:0.000255s ]

[ 2017-06-03T19:33:17+08:00 ] 127.0.0.1 /index.php/Admin/Index/top.html
INFO: [ app_init ] --START--
INFO: Run Behavior\BuildLiteBehavior [ RunTime:0.000009s ]
INFO: [ app_init ] --END-- [ RunTime:0.000393s ]

[ 2017-06-03T19:33:19+08:00 ] 127.0.0.1 /index.php/Admin/Index/center.html
INFO: [ app_init ] --START--
INFO: Run Behavior\BuildLiteBehavior [ RunTime:0.000009s ]
INFO: [ app_init ] --END-- [ RunTime:0.000369s ]

[ 2017-06-03T19:33:20+08:00 ] 127.0.0.1 /index.php/Admin/Index/down.html
INFO: [ app_init ] --START--
INFO: Run Behavior\BuildLiteBehavior [ RunTime:0.000010s ]
INFO: [ app_init ] --END-- [ RunTime:0.000438s ]

[ 2017-06-03T19:33:21+08:00 ] 127.0.0.1 /index.php/Admin/Index/left.html
INFO: [ app_init ] --START--
INFO: Run Behavior\BuildLiteBehavior [ RunTime:0.000015s ]
INFO: [ app_init ] --END-- [ RunTime:0.000475s ]

[ 2017-06-03T19:33:22+08:00 ] 127.0.0.1 /index.php/Admin/Index/right.html
INFO: [ app_init ] --START--
INFO: Run Behavior\BuildLiteBehavior [ RunTime:0.000010s ]
INFO: [ app_init ] --END-- [ RunTime:0.000423s ]

[ 2017-06-03T19:33:25+08:00 ] 127.0.0.1 /index.php/Admin/Category/showlist
INFO: [ app_init ] --START--
INFO: Run Behavior\BuildLiteBehavior [ RunTime:0.000006s ]
INFO: [ app_init ] --END-- [ RunTime:0.000257s ]
ERR: 无法加载控制器:Category

[ 2017-06-03T19:33:28+08:00 ] 127.0.0.1 /index.php/Admin/Type/showlist
INFO: [ app_init ] --START--
INFO: Run Behavior\BuildLiteBehavior [ RunTime:0.000012s ]
INFO: [ app_init ] --END-- [ RunTime:0.000282s ]

[ 2017-06-03T19:33:35+08:00 ] 127.0.0.1 /index.php/Admin/Attribute/showlist/type_id/6.html
INFO: [ app_init ] --START--
INFO: Run Behavior\BuildLiteBehavior [ RunTime:0.000006s ]
INFO: [ app_init ] --END-- [ RunTime:0.000244s ]

[ 2017-06-03T19:33:36+08:00 ] 127.0.0.1 /index.php/Admin/Attribute/getAttrByTypeInfo
INFO: [ app_init ] --START--
INFO: Run Behavior\BuildLiteBehavior [ RunTime:0.000007s ]
INFO: [ app_init ] --END-- [ RunTime:0.000324s ]
INFO: [ app_begin ] --START--
INFO: Run Behavior\ReadHtmlCacheBehavior [ RunTime:0.000325s ]
INFO: [ app_begin ] --END-- [ RunTime:0.000350s ]
SQL: SHOW COLUMNS FROM `sp_manager` [ RunTime:0.0111s ]
NOTIC: [8] Use of undefined constant man - assumed 'man' D:\web\tpshop\App\Admin\Common\AdminController.class.php 第 27 行.
SQL: SELECT role.role_auth_ac FROM sp_manager man INNER JOIN sp_role as role on man.role_id = role.role_id  WHERE `mg_id` = '502' LIMIT 1   [ RunTime:0.0002s ]
NOTIC: [8] Use of undefined constant admin - assumed 'admin' D:\web\tpshop\App\Admin\Common\AdminController.class.php 第 34 行.
SQL: SHOW COLUMNS FROM `sp_attribute` [ RunTime:0.0107s ]
SQL: SELECT attr.*,type.type_name FROM sp_attribute attr INNER JOIN sp_type as type on attr.type_id=type.type_id  WHERE `flag` = 0 AND type.type_id = '6'  [ RunTime:0.0003s ]

[ 2017-06-03T19:33:39+08:00 ] 127.0.0.1 /index.php/Admin/Attribute/addAttr.html
INFO: [ app_init ] --START--
INFO: Run Behavior\BuildLiteBehavior [ RunTime:0.000007s ]
INFO: [ app_init ] --END-- [ RunTime:0.000256s ]

[ 2017-06-03T19:33:39+08:00 ] 127.0.0.1 /index.php/Admin/Attribute/tb.gif
INFO: [ app_init ] --START--
INFO: Run Behavior\BuildLiteBehavior [ RunTime:0.000019s ]
INFO: [ app_init ] --END-- [ RunTime:0.000462s ]

[ 2017-06-03T19:34:01+08:00 ] 127.0.0.1 /index.php/Admin/Attribute/addAttr.html
INFO: [ app_init ] --START--
INFO: Run Behavior\BuildLiteBehavior [ RunTime:0.000006s ]
INFO: [ app_init ] --END-- [ RunTime:0.000248s ]

[ 2017-06-03T19:34:04+08:00 ] 127.0.0.1 /index.php/Admin/Attribute/showlist.html
INFO: [ app_init ] --START--
INFO: Run Behavior\BuildLiteBehavior [ RunTime:0.000008s ]
INFO: [ app_init ] --END-- [ RunTime:0.000313s ]

[ 2017-06-03T19:34:08+08:00 ] 127.0.0.1 /index.php/Admin/Attribute/getAttrByTypeInfo
INFO: [ app_init ] --START--
INFO: Run Behavior\BuildLiteBehavior [ RunTime:0.000008s ]
INFO: [ app_init ] --END-- [ RunTime:0.000341s ]
INFO: [ app_begin ] --START--
INFO: Run Behavior\ReadHtmlCacheBehavior [ RunTime:0.000404s ]
INFO: [ app_begin ] --END-- [ RunTime:0.000439s ]
SQL: SHOW COLUMNS FROM `sp_manager` [ RunTime:0.0242s ]
NOTIC: [8] Use of undefined constant man - assumed 'man' D:\web\tpshop\App\Admin\Common\AdminController.class.php 第 27 行.
SQL: SELECT role.role_auth_ac FROM sp_manager man INNER JOIN sp_role as role on man.role_id = role.role_id  WHERE `mg_id` = '502' LIMIT 1   [ RunTime:0.0003s ]
NOTIC: [8] Use of undefined constant admin - assumed 'admin' D:\web\tpshop\App\Admin\Common\AdminController.class.php 第 34 行.
SQL: SHOW COLUMNS FROM `sp_attribute` [ RunTime:0.0093s ]
SQL: SELECT attr.*,type.type_name FROM sp_attribute attr INNER JOIN sp_type as type on attr.type_id=type.type_id  WHERE `flag` = 0 AND type.type_id = '6'  [ RunTime:0.0003s ]

[ 2017-06-03T19:34:14+08:00 ] 127.0.0.1 /index.php/Admin/Attribute/addAttr.html
INFO: [ app_init ] --START--
INFO: Run Behavior\BuildLiteBehavior [ RunTime:0.000006s ]
INFO: [ app_init ] --END-- [ RunTime:0.000249s ]

[ 2017-06-03T19:34:14+08:00 ] 127.0.0.1 /index.php/Admin/Attribute/tb.gif
INFO: [ app_init ] --START--
INFO: Run Behavior\BuildLiteBehavior [ RunTime:0.000011s ]
INFO: [ app_init ] --END-- [ RunTime:0.000470s ]

[ 2017-06-03T19:34:29+08:00 ] 127.0.0.1 /index.php/Admin/Attribute/addAttr.html
INFO: [ app_init ] --START--
INFO: Run Behavior\BuildLiteBehavior [ RunTime:0.000006s ]
INFO: [ app_init ] --END-- [ RunTime:0.000253s ]

[ 2017-06-03T19:34:32+08:00 ] 127.0.0.1 /index.php/Admin/Attribute/showlist.html
INFO: [ app_init ] --START--
INFO: Run Behavior\BuildLiteBehavior [ RunTime:0.000015s ]
INFO: [ app_init ] --END-- [ RunTime:0.000263s ]

[ 2017-06-03T19:34:45+08:00 ] 127.0.0.1 /index.php/Admin/Goods/tianjia
INFO: [ app_init ] --START--
INFO: Run Behavior\BuildLiteBehavior [ RunTime:0.000007s ]
INFO: [ app_init ] --END-- [ RunTime:0.000321s ]

[ 2017-06-03T19:34:45+08:00 ] 127.0.0.1 /index.php/Admin/Goods/tb.gif
INFO: [ app_init ] --START--
INFO: Run Behavior\BuildLiteBehavior [ RunTime:0.000009s ]
INFO: [ app_init ] --END-- [ RunTime:0.000412s ]

[ 2017-06-03T19:35:06+08:00 ] 127.0.0.1 /index.php/Admin/Attribute/getAttrByTypeInfo
INFO: [ app_init ] --START--
INFO: Run Behavior\BuildLiteBehavior [ RunTime:0.000010s ]
INFO: [ app_init ] --END-- [ RunTime:0.000431s ]
INFO: [ app_begin ] --START--
INFO: Run Behavior\ReadHtmlCacheBehavior [ RunTime:0.000452s ]
INFO: [ app_begin ] --END-- [ RunTime:0.000497s ]
SQL: SHOW COLUMNS FROM `sp_manager` [ RunTime:0.0099s ]
NOTIC: [8] Use of undefined constant man - assumed 'man' D:\web\tpshop\App\Admin\Common\AdminController.class.php 第 27 行.
SQL: SELECT role.role_auth_ac FROM sp_manager man INNER JOIN sp_role as role on man.role_id = role.role_id  WHERE `mg_id` = '502' LIMIT 1   [ RunTime:0.0002s ]
NOTIC: [8] Use of undefined constant admin - assumed 'admin' D:\web\tpshop\App\Admin\Common\AdminController.class.php 第 34 行.
SQL: SHOW COLUMNS FROM `sp_attribute` [ RunTime:0.0097s ]
SQL: SELECT attr.*,type.type_name FROM sp_attribute attr INNER JOIN sp_type as type on attr.type_id=type.type_id  WHERE `flag` = 0 AND type.type_id = '6'  [ RunTime:0.0003s ]

[ 2017-06-03T19:35:34+08:00 ] 127.0.0.1 /index.php/Admin/Goods/tianjia
INFO: [ app_init ] --START--
INFO: Run Behavior\BuildLiteBehavior [ RunTime:0.000006s ]
INFO: [ app_init ] --END-- [ RunTime:0.000254s ]

[ 2017-06-03T19:35:45+08:00 ] 127.0.0.1 /index.php/Admin/Goods/tianjia
INFO: [ app_init ] --START--
INFO: Run Behavior\BuildLiteBehavior [ RunTime:0.000007s ]
INFO: [ app_init ] --END-- [ RunTime:0.000254s ]

[ 2017-06-03T19:41:10+08:00 ] 127.0.0.1 /index.php/Admin/Goods/tianjia
INFO: [ app_init ] --START--
INFO: Run Behavior\BuildLiteBehavior [ RunTime:0.000008s ]
INFO: [ app_init ] --END-- [ RunTime:0.000477s ]

[ 2017-06-03T19:41:30+08:00 ] 127.0.0.1 /index.php/Admin/Goods/tianjia
INFO: [ app_init ] --START--
INFO: Run Behavior\BuildLiteBehavior [ RunTime:0.000042s ]
INFO: [ app_init ] --END-- [ RunTime:0.000573s ]

[ 2017-06-03T19:41:36+08:00 ] 127.0.0.1 /index.php/Admin/Goods/tianjia
INFO: [ app_init ] --START--
INFO: Run Behavior\BuildLiteBehavior [ RunTime:0.000009s ]
INFO: [ app_init ] --END-- [ RunTime:0.000327s ]

[ 2017-06-03T19:45:59+08:00 ] 127.0.0.1 /index.php/Admin/Goods/tianjia
INFO: [ app_init ] --START--
INFO: Run Behavior\BuildLiteBehavior [ RunTime:0.000006s ]
INFO: [ app_init ] --END-- [ RunTime:0.000338s ]

[ 2017-06-03T19:54:05+08:00 ] 127.0.0.1 /index.php/Admin/Goods/tianjia
INFO: [ app_init ] --START--
INFO: Run Behavior\BuildLiteBehavior [ RunTime:0.000007s ]
INFO: [ app_init ] --END-- [ RunTime:0.000345s ]
ERR: syntax error, unexpected '}'

[ 2017-06-03T19:54:23+08:00 ] 127.0.0.1 /index.php/Admin/Goods/tianjia
INFO: [ app_init ] --START--
INFO: Run Behavior\BuildLiteBehavior [ RunTime:0.000006s ]
INFO: [ app_init ] --END-- [ RunTime:0.000244s ]
ERR: Call to a member function add() on null

[ 2017-06-03T19:54:42+08:00 ] 127.0.0.1 /index.php/Admin/Goods/tianjia
INFO: [ app_init ] --START--
INFO: Run Behavior\BuildLiteBehavior [ RunTime:0.000005s ]
INFO: [ app_init ] --END-- [ RunTime:0.000249s ]

[ 2017-06-03T19:55:00+08:00 ] 127.0.0.1 /index.php/Admin/Goods/tianjia
INFO: [ app_init ] --START--
INFO: Run Behavior\BuildLiteBehavior [ RunTime:0.000009s ]
INFO: [ app_init ] --END-- [ RunTime:0.000365s ]

[ 2017-06-03T19:55:06+08:00 ] 127.0.0.1 /index.php/Admin/Goods/tianjia
INFO: [ app_init ] --START--
INFO: Run Behavior\BuildLiteBehavior [ RunTime:0.000007s ]
INFO: [ app_init ] --END-- [ RunTime:0.000259s ]

[ 2017-06-03T19:55:07+08:00 ] 127.0.0.1 /index.php/Admin/Goods/tb.gif
INFO: [ app_init ] --START--
INFO: Run Behavior\BuildLiteBehavior [ RunTime:0.000012s ]
INFO: [ app_init ] --END-- [ RunTime:0.000461s ]

[ 2017-06-03T19:55:26+08:00 ] 127.0.0.1 /index.php/Admin/Attribute/getAttrByTypeInfo
INFO: [ app_init ] --START--
INFO: Run Behavior\BuildLiteBehavior [ RunTime:0.000007s ]
INFO: [ app_init ] --END-- [ RunTime:0.000297s ]
INFO: [ app_begin ] --START--
INFO: Run Behavior\ReadHtmlCacheBehavior [ RunTime:0.000478s ]
INFO: [ app_begin ] --END-- [ RunTime:0.000515s ]
SQL: SHOW COLUMNS FROM `sp_manager` [ RunTime:0.0188s ]
NOTIC: [8] Use of undefined constant man - assumed 'man' D:\web\tpshop\App\Admin\Common\AdminController.class.php 第 27 行.
SQL: SELECT role.role_auth_ac FROM sp_manager man INNER JOIN sp_role as role on man.role_id = role.role_id  WHERE `mg_id` = '502' LIMIT 1   [ RunTime:0.0003s ]
NOTIC: [8] Use of undefined constant admin - assumed 'admin' D:\web\tpshop\App\Admin\Common\AdminController.class.php 第 34 行.
SQL: SHOW COLUMNS FROM `sp_attribute` [ RunTime:0.0133s ]
SQL: SELECT attr.*,type.type_name FROM sp_attribute attr INNER JOIN sp_type as type on attr.type_id=type.type_id  WHERE `flag` = 0 AND type.type_id = '6'  [ RunTime:0.0003s ]

[ 2017-06-03T19:55:53+08:00 ] 127.0.0.1 /index.php/Admin/Goods/tianjia
INFO: [ app_init ] --START--
INFO: Run Behavior\BuildLiteBehavior [ RunTime:0.000006s ]
INFO: [ app_init ] --END-- [ RunTime:0.000252s ]

[ 2017-06-03T19:56:53+08:00 ] 127.0.0.1 /index.php/Admin/Goods/tianjia
INFO: [ app_init ] --START--
INFO: Run Behavior\BuildLiteBehavior [ RunTime:0.000010s ]
INFO: [ app_init ] --END-- [ RunTime:0.000419s ]
ERR: syntax error, unexpected 'foreach' (T_FOREACH)

[ 2017-06-03T19:57:08+08:00 ] 127.0.0.1 /index.php/Admin/Goods/tianjia
INFO: [ app_init ] --START--
INFO: Run Behavior\BuildLiteBehavior [ RunTime:0.000007s ]
INFO: [ app_init ] --END-- [ RunTime:0.000259s ]
ERR: 1062:Duplicate entry '测试4' for key 'goods_name'
 [ SQL语句 ] : INSERT INTO `sp_goods` (`goods_name`,`goods_price`,`goods_number`,`goods_weight`,`goods_introduce`,`type_id`,`add_time`,`upd_time`) VALUES ('测试4','111','11','1','单位的V发vb恩','6','1496491028','1496491028')

[ 2017-06-03T19:57:19+08:00 ] 127.0.0.1 /index.php/Admin/Goods/tianjia
INFO: [ app_init ] --START--
INFO: Run Behavior\BuildLiteBehavior [ RunTime:0.000008s ]
INFO: [ app_init ] --END-- [ RunTime:0.000348s ]

[ 2017-06-03T19:57:26+08:00 ] 127.0.0.1 /index.php/Admin/Attribute/getAttrByTypeInfo
INFO: [ app_init ] --START--
INFO: Run Behavior\BuildLiteBehavior [ RunTime:0.000011s ]
INFO: [ app_init ] --END-- [ RunTime:0.000455s ]
INFO: [ app_begin ] --START--
INFO: Run Behavior\ReadHtmlCacheBehavior [ RunTime:0.000552s ]
INFO: [ app_begin ] --END-- [ RunTime:0.000601s ]
SQL: SHOW COLUMNS FROM `sp_manager` [ RunTime:0.0249s ]
NOTIC: [8] Use of undefined constant man - assumed 'man' D:\web\tpshop\App\Admin\Common\AdminController.class.php 第 27 行.
SQL: SELECT role.role_auth_ac FROM sp_manager man INNER JOIN sp_role as role on man.role_id = role.role_id  WHERE `mg_id` = '502' LIMIT 1   [ RunTime:0.0003s ]
NOTIC: [8] Use of undefined constant admin - assumed 'admin' D:\web\tpshop\App\Admin\Common\AdminController.class.php 第 34 行.
SQL: SHOW COLUMNS FROM `sp_attribute` [ RunTime:0.0127s ]
SQL: SELECT attr.*,type.type_name FROM sp_attribute attr INNER JOIN sp_type as type on attr.type_id=type.type_id  WHERE `flag` = 0 AND type.type_id = '7'  [ RunTime:0.0003s ]

[ 2017-06-03T19:57:29+08:00 ] 127.0.0.1 /index.php/Admin/Attribute/getAttrByTypeInfo
INFO: [ app_init ] --START--
INFO: Run Behavior\BuildLiteBehavior [ RunTime:0.000007s ]
INFO: [ app_init ] --END-- [ RunTime:0.000284s ]
INFO: [ app_begin ] --START--
INFO: Run Behavior\ReadHtmlCacheBehavior [ RunTime:0.000327s ]
INFO: [ app_begin ] --END-- [ RunTime:0.000350s ]
SQL: SHOW COLUMNS FROM `sp_manager` [ RunTime:0.0102s ]
NOTIC: [8] Use of undefined constant man - assumed 'man' D:\web\tpshop\App\Admin\Common\AdminController.class.php 第 27 行.
SQL: SELECT role.role_auth_ac FROM sp_manager man INNER JOIN sp_role as role on man.role_id = role.role_id  WHERE `mg_id` = '502' LIMIT 1   [ RunTime:0.0003s ]
NOTIC: [8] Use of undefined constant admin - assumed 'admin' D:\web\tpshop\App\Admin\Common\AdminController.class.php 第 34 行.
SQL: SHOW COLUMNS FROM `sp_attribute` [ RunTime:0.0125s ]
SQL: SELECT attr.*,type.type_name FROM sp_attribute attr INNER JOIN sp_type as type on attr.type_id=type.type_id  WHERE `flag` = 0  [ RunTime:0.0008s ]

[ 2017-06-03T19:57:30+08:00 ] 127.0.0.1 /index.php/Admin/Attribute/getAttrByTypeInfo
INFO: [ app_init ] --START--
INFO: Run Behavior\BuildLiteBehavior [ RunTime:0.000008s ]
INFO: [ app_init ] --END-- [ RunTime:0.000360s ]
INFO: [ app_begin ] --START--
INFO: Run Behavior\ReadHtmlCacheBehavior [ RunTime:0.000313s ]
INFO: [ app_begin ] --END-- [ RunTime:0.000337s ]
SQL: SHOW COLUMNS FROM `sp_manager` [ RunTime:0.0122s ]
NOTIC: [8] Use of undefined constant man - assumed 'man' D:\web\tpshop\App\Admin\Common\AdminController.class.php 第 27 行.
SQL: SELECT role.role_auth_ac FROM sp_manager man INNER JOIN sp_role as role on man.role_id = role.role_id  WHERE `mg_id` = '502' LIMIT 1   [ RunTime:0.0003s ]
NOTIC: [8] Use of undefined constant admin - assumed 'admin' D:\web\tpshop\App\Admin\Common\AdminController.class.php 第 34 行.
SQL: SHOW COLUMNS FROM `sp_attribute` [ RunTime:0.0094s ]
SQL: SELECT attr.*,type.type_name FROM sp_attribute attr INNER JOIN sp_type as type on attr.type_id=type.type_id  WHERE `flag` = 0 AND type.type_id = '6'  [ RunTime:0.0003s ]

[ 2017-06-03T19:57:38+08:00 ] 127.0.0.1 /index.php/Admin/Goods/tianjia
INFO: [ app_init ] --START--
INFO: Run Behavior\BuildLiteBehavior [ RunTime:0.000007s ]
INFO: [ app_init ] --END-- [ RunTime:0.000265s ]

[ 2017-06-03T19:59:15+08:00 ] 127.0.0.1 /index.php/Admin/Goods/tianjia
INFO: [ app_init ] --START--
INFO: Run Behavior\BuildLiteBehavior [ RunTime:0.000008s ]
INFO: [ app_init ] --END-- [ RunTime:0.000365s ]
ERR: syntax error, unexpected ']', expecting ',' or ')'

[ 2017-06-03T19:59:30+08:00 ] 127.0.0.1 /index.php/Admin/Goods/tianjia
INFO: [ app_init ] --START--
INFO: Run Behavior\BuildLiteBehavior [ RunTime:0.000008s ]
INFO: [ app_init ] --END-- [ RunTime:0.000344s ]
ERR: 1062:Duplicate entry '测试5' for key 'goods_name'
 [ SQL语句 ] : INSERT INTO `sp_goods` (`goods_name`,`goods_price`,`goods_number`,`goods_weight`,`goods_introduce`,`type_id`,`add_time`,`upd_time`) VALUES ('测试5','111','11','1','单位的V发vb恩','6','1496491170','1496491170')

[ 2017-06-03T19:59:59+08:00 ] 127.0.0.1 /index.php/Admin/Goods/tianjia
INFO: [ app_init ] --START--
INFO: Run Behavior\BuildLiteBehavior [ RunTime:0.000008s ]
INFO: [ app_init ] --END-- [ RunTime:0.000316s ]

[ 2017-06-03T20:00:04+08:00 ] 127.0.0.1 /index.php/Admin/Goods/tianjia
INFO: [ app_init ] --START--
INFO: Run Behavior\BuildLiteBehavior [ RunTime:0.000007s ]
INFO: [ app_init ] --END-- [ RunTime:0.000252s ]

[ 2017-06-03T20:00:24+08:00 ] 127.0.0.1 /index.php/Admin/Goods/tianjia
INFO: [ app_init ] --START--
INFO: Run Behavior\BuildLiteBehavior [ RunTime:0.000007s ]
INFO: [ app_init ] --END-- [ RunTime:0.000250s ]
ERR: syntax error, unexpected 'as' (T_AS)

[ 2017-06-03T20:00:40+08:00 ] 127.0.0.1 /index.php/Admin/Goods/tianjia
INFO: [ app_init ] --START--
INFO: Run Behavior\BuildLiteBehavior [ RunTime:0.000007s ]
INFO: [ app_init ] --END-- [ RunTime:0.000250s ]
ERR: 1062:Duplicate entry '测试6' for key 'goods_name'
 [ SQL语句 ] : INSERT INTO `sp_goods` (`goods_name`,`goods_price`,`goods_number`,`goods_weight`,`goods_introduce`,`type_id`,`add_time`,`upd_time`) VALUES ('测试6','111','11','1','单位的V发vb恩','6','1496491240','1496491240')

[ 2017-06-03T20:00:44+08:00 ] 127.0.0.1 /index.php/Admin/Goods/tianjia
INFO: [ app_init ] --START--
INFO: Run Behavior\BuildLiteBehavior [ RunTime:0.000019s ]
INFO: [ app_init ] --END-- [ RunTime:0.001111s ]

[ 2017-06-03T20:00:50+08:00 ] 127.0.0.1 /index.php/Admin/Goods/tianjia
INFO: [ app_init ] --START--
INFO: Run Behavior\BuildLiteBehavior [ RunTime:0.000011s ]
INFO: [ app_init ] --END-- [ RunTime:0.000510s ]

[ 2017-06-03T20:01:33+08:00 ] 127.0.0.1 /index.php/Admin/Goods/tianjia
INFO: [ app_init ] --START--
INFO: Run Behavior\BuildLiteBehavior [ RunTime:0.000006s ]
INFO: [ app_init ] --END-- [ RunTime:0.000315s ]
ERR: 1062:Duplicate entry '测试7' for key 'goods_name'
 [ SQL语句 ] : INSERT INTO `sp_goods` (`goods_name`,`goods_price`,`goods_number`,`goods_weight`,`goods_introduce`,`type_id`,`add_time`,`upd_time`) VALUES ('测试7','111','11','1','单位的V发vb恩','6','1496491293','1496491293')

[ 2017-06-03T20:02:46+08:00 ] 127.0.0.1 /index.php/Admin/Goods/tianjia
INFO: [ app_init ] --START--
INFO: Run Behavior\BuildLiteBehavior [ RunTime:0.000007s ]
INFO: [ app_init ] --END-- [ RunTime:0.000264s ]

[ 2017-06-03T20:02:51+08:00 ] 127.0.0.1 /index.php/Admin/Goods/tianjia
INFO: [ app_init ] --START--
INFO: Run Behavior\BuildLiteBehavior [ RunTime:0.000006s ]
INFO: [ app_init ] --END-- [ RunTime:0.000256s ]

[ 2017-06-03T20:10:41+08:00 ] 127.0.0.1 /index.php/Admin/Goods/tianjia
INFO: [ app_init ] --START--
INFO: Run Behavior\BuildLiteBehavior [ RunTime:0.000006s ]
INFO: [ app_init ] --END-- [ RunTime:0.000312s ]
ERR: syntax error, unexpected 'return' (T_RETURN)

[ 2017-06-03T20:10:58+08:00 ] 127.0.0.1 /index.php/Admin/Goods/tianjia
INFO: [ app_init ] --START--
INFO: Run Behavior\BuildLiteBehavior [ RunTime:0.000007s ]
INFO: [ app_init ] --END-- [ RunTime:0.000267s ]
ERR: syntax error, unexpected '$attr' (T_VARIABLE)

[ 2017-06-03T20:11:01+08:00 ] 127.0.0.1 /index.php/Admin/Goods/tianjia
INFO: [ app_init ] --START--
INFO: Run Behavior\BuildLiteBehavior [ RunTime:0.000007s ]
INFO: [ app_init ] --END-- [ RunTime:0.000285s ]
ERR: syntax error, unexpected '$attr' (T_VARIABLE)

[ 2017-06-03T20:11:27+08:00 ] 127.0.0.1 /index.php/Admin/index/index.html
INFO: [ app_init ] --START--
INFO: Run Behavior\BuildLiteBehavior [ RunTime:0.000014s ]
INFO: [ app_init ] --END-- [ RunTime:0.000436s ]

[ 2017-06-03T20:11:28+08:00 ] 127.0.0.1 /index.php/Admin/Index/top.html
INFO: [ app_init ] --START--
INFO: Run Behavior\BuildLiteBehavior [ RunTime:0.000009s ]
INFO: [ app_init ] --END-- [ RunTime:0.000389s ]

[ 2017-06-03T20:11:29+08:00 ] 127.0.0.1 /index.php/Admin/Index/center.html
INFO: [ app_init ] --START--
INFO: Run Behavior\BuildLiteBehavior [ RunTime:0.000011s ]
INFO: [ app_init ] --END-- [ RunTime:0.000422s ]

[ 2017-06-03T20:11:30+08:00 ] 127.0.0.1 /index.php/Admin/Index/down.html
INFO: [ app_init ] --START--
INFO: Run Behavior\BuildLiteBehavior [ RunTime:0.000017s ]
INFO: [ app_init ] --END-- [ RunTime:0.000481s ]

[ 2017-06-03T20:11:32+08:00 ] 127.0.0.1 /index.php/Admin/Index/left.html
INFO: [ app_init ] --START--
INFO: Run Behavior\BuildLiteBehavior [ RunTime:0.000008s ]
INFO: [ app_init ] --END-- [ RunTime:0.000301s ]

[ 2017-06-03T20:11:33+08:00 ] 127.0.0.1 /index.php/Admin/Index/right.html
INFO: [ app_init ] --START--
INFO: Run Behavior\BuildLiteBehavior [ RunTime:0.000011s ]
INFO: [ app_init ] --END-- [ RunTime:0.000438s ]

[ 2017-06-03T20:11:37+08:00 ] 127.0.0.1 /index.php/Admin/Type/showlist
INFO: [ app_init ] --START--
INFO: Run Behavior\BuildLiteBehavior [ RunTime:0.000009s ]
INFO: [ app_init ] --END-- [ RunTime:0.000368s ]

[ 2017-06-03T20:11:42+08:00 ] 127.0.0.1 /index.php/Admin/Type/addType.html
INFO: [ app_init ] --START--
INFO: Run Behavior\BuildLiteBehavior [ RunTime:0.000008s ]
INFO: [ app_init ] --END-- [ RunTime:0.000340s ]

[ 2017-06-03T20:11:42+08:00 ] 127.0.0.1 /index.php/Admin/Type/tb.gif
INFO: [ app_init ] --START--
INFO: Run Behavior\BuildLiteBehavior [ RunTime:0.000010s ]
INFO: [ app_init ] --END-- [ RunTime:0.000450s ]

[ 2017-06-03T20:11:47+08:00 ] 127.0.0.1 /index.php/Admin/Goods/tianjia
INFO: [ app_init ] --START--
INFO: Run Behavior\BuildLiteBehavior [ RunTime:0.000007s ]
INFO: [ app_init ] --END-- [ RunTime:0.000285s ]

[ 2017-06-03T20:11:47+08:00 ] 127.0.0.1 /index.php/Admin/Goods/tb.gif
INFO: [ app_init ] --START--
INFO: Run Behavior\BuildLiteBehavior [ RunTime:0.000007s ]
INFO: [ app_init ] --END-- [ RunTime:0.000284s ]

[ 2017-06-03T20:12:07+08:00 ] 127.0.0.1 /index.php/Admin/Attribute/getAttrByTypeInfo
INFO: [ app_init ] --START--
INFO: Run Behavior\BuildLiteBehavior [ RunTime:0.000010s ]
INFO: [ app_init ] --END-- [ RunTime:0.000399s ]
INFO: [ app_begin ] --START--
INFO: Run Behavior\ReadHtmlCacheBehavior [ RunTime:0.000511s ]
INFO: [ app_begin ] --END-- [ RunTime:0.000559s ]
SQL: SHOW COLUMNS FROM `sp_manager` [ RunTime:0.0100s ]
NOTIC: [8] Use of undefined constant man - assumed 'man' D:\web\tpshop\App\Admin\Common\AdminController.class.php 第 27 行.
SQL: SELECT role.role_auth_ac FROM sp_manager man INNER JOIN sp_role as role on man.role_id = role.role_id  WHERE `mg_id` = '502' LIMIT 1   [ RunTime:0.0002s ]
NOTIC: [8] Use of undefined constant admin - assumed 'admin' D:\web\tpshop\App\Admin\Common\AdminController.class.php 第 34 行.
SQL: SHOW COLUMNS FROM `sp_attribute` [ RunTime:0.0099s ]
SQL: SELECT attr.*,type.type_name FROM sp_attribute attr INNER JOIN sp_type as type on attr.type_id=type.type_id  WHERE `flag` = 0 AND type.type_id = '6'  [ RunTime:0.0004s ]

[ 2017-06-03T20:12:18+08:00 ] 127.0.0.1 /index.php/Admin/Goods/tianjia
INFO: [ app_init ] --START--
INFO: Run Behavior\BuildLiteBehavior [ RunTime:0.000006s ]
INFO: [ app_init ] --END-- [ RunTime:0.000247s ]
ERR: 1062:Duplicate entry '测试8' for key 'goods_name'
 [ SQL语句 ] : INSERT INTO `sp_goods` (`goods_name`,`goods_price`,`goods_number`,`goods_weight`,`goods_introduce`,`type_id`,`add_time`,`upd_time`) VALUES ('测试8','111','11','1','这是一个测试','6','1496491938','1496491938')

[ 2017-06-03T20:12:45+08:00 ] 127.0.0.1 /index.php/Admin/index/index.html
INFO: [ app_init ] --START--
INFO: Run Behavior\BuildLiteBehavior [ RunTime:0.000007s ]
INFO: [ app_init ] --END-- [ RunTime:0.000317s ]

[ 2017-06-03T20:12:46+08:00 ] 127.0.0.1 /index.php/Admin/Index/top.html
INFO: [ app_init ] --START--
INFO: Run Behavior\BuildLiteBehavior [ RunTime:0.000016s ]
INFO: [ app_init ] --END-- [ RunTime:0.000384s ]

[ 2017-06-03T20:12:47+08:00 ] 127.0.0.1 /index.php/Admin/Index/center.html
INFO: [ app_init ] --START--
INFO: Run Behavior\BuildLiteBehavior [ RunTime:0.000019s ]
INFO: [ app_init ] --END-- [ RunTime:0.000574s ]

[ 2017-06-03T20:12:48+08:00 ] 127.0.0.1 /index.php/Admin/Index/down.html
INFO: [ app_init ] --START--
INFO: Run Behavior\BuildLiteBehavior [ RunTime:0.000012s ]
INFO: [ app_init ] --END-- [ RunTime:0.000462s ]

[ 2017-06-03T20:12:49+08:00 ] 127.0.0.1 /index.php/Admin/Index/left.html
INFO: [ app_init ] --START--
INFO: Run Behavior\BuildLiteBehavior [ RunTime:0.000009s ]
INFO: [ app_init ] --END-- [ RunTime:0.000409s ]

[ 2017-06-03T20:12:50+08:00 ] 127.0.0.1 /index.php/Admin/Index/right.html
INFO: [ app_init ] --START--
INFO: Run Behavior\BuildLiteBehavior [ RunTime:0.000009s ]
INFO: [ app_init ] --END-- [ RunTime:0.000375s ]

[ 2017-06-03T20:12:54+08:00 ] 127.0.0.1 /index.php/Admin/Goods/showlist
INFO: [ app_init ] --START--
INFO: Run Behavior\BuildLiteBehavior [ RunTime:0.000006s ]
INFO: [ app_init ] --END-- [ RunTime:0.000254s ]

[ 2017-06-03T20:13:03+08:00 ] 127.0.0.1 /index.php/Admin/Goods/tianjia.html
INFO: [ app_init ] --START--
INFO: Run Behavior\BuildLiteBehavior [ RunTime:0.000007s ]
INFO: [ app_init ] --END-- [ RunTime:0.000261s ]

[ 2017-06-03T20:13:03+08:00 ] 127.0.0.1 /index.php/Admin/Goods/tb.gif
INFO: [ app_init ] --START--
INFO: Run Behavior\BuildLiteBehavior [ RunTime:0.000008s ]
INFO: [ app_init ] --END-- [ RunTime:0.000292s ]

[ 2017-06-03T20:13:38+08:00 ] 127.0.0.1 /index.php/Admin/Attribute/getAttrByTypeInfo
INFO: [ app_init ] --START--
INFO: Run Behavior\BuildLiteBehavior [ RunTime:0.000011s ]
INFO: [ app_init ] --END-- [ RunTime:0.000433s ]
INFO: [ app_begin ] --START--
INFO: Run Behavior\ReadHtmlCacheBehavior [ RunTime:0.000488s ]
INFO: [ app_begin ] --END-- [ RunTime:0.000528s ]
SQL: SHOW COLUMNS FROM `sp_manager` [ RunTime:0.0102s ]
NOTIC: [8] Use of undefined constant man - assumed 'man' D:\web\tpshop\App\Admin\Common\AdminController.class.php 第 27 行.
SQL: SELECT role.role_auth_ac FROM sp_manager man INNER JOIN sp_role as role on man.role_id = role.role_id  WHERE `mg_id` = '502' LIMIT 1   [ RunTime:0.0002s ]
NOTIC: [8] Use of undefined constant admin - assumed 'admin' D:\web\tpshop\App\Admin\Common\AdminController.class.php 第 34 行.
SQL: SHOW COLUMNS FROM `sp_attribute` [ RunTime:0.0077s ]
SQL: SELECT attr.*,type.type_name FROM sp_attribute attr INNER JOIN sp_type as type on attr.type_id=type.type_id  WHERE `flag` = 0 AND type.type_id = '6'  [ RunTime:0.0003s ]

[ 2017-06-03T20:13:57+08:00 ] 127.0.0.1 /index.php/Admin/Goods/tianjia.html
INFO: [ app_init ] --START--
INFO: Run Behavior\BuildLiteBehavior [ RunTime:0.000007s ]
INFO: [ app_init ] --END-- [ RunTime:0.000245s ]
ERR: Think\Model:dealGoodsAttr方法不存在！

[ 2017-06-03T20:14:21+08:00 ] 127.0.0.1 /index.php/Admin/Goods/tianjia.html
INFO: [ app_init ] --START--
INFO: Run Behavior\BuildLiteBehavior [ RunTime:0.000022s ]
INFO: [ app_init ] --END-- [ RunTime:0.000568s ]

[ 2017-06-03T20:14:24+08:00 ] 127.0.0.1 /index.php/Admin/Goods/tianjia
INFO: [ app_init ] --START--
INFO: Run Behavior\BuildLiteBehavior [ RunTime:0.000008s ]
INFO: [ app_init ] --END-- [ RunTime:0.000324s ]

[ 2017-06-03T20:14:24+08:00 ] 127.0.0.1 /index.php/Admin/Goods/tb.gif
INFO: [ app_init ] --START--
INFO: Run Behavior\BuildLiteBehavior [ RunTime:0.000012s ]
INFO: [ app_init ] --END-- [ RunTime:0.000551s ]

[ 2017-06-03T20:17:42+08:00 ] 127.0.0.1 /index.php/Admin/Attribute/getAttrByTypeInfo
INFO: [ app_init ] --START--
INFO: Run Behavior\BuildLiteBehavior [ RunTime:0.000010s ]
INFO: [ app_init ] --END-- [ RunTime:0.000570s ]
INFO: [ app_begin ] --START--
INFO: Run Behavior\ReadHtmlCacheBehavior [ RunTime:0.000474s ]
INFO: [ app_begin ] --END-- [ RunTime:0.000513s ]
SQL: SHOW COLUMNS FROM `sp_manager` [ RunTime:0.0098s ]
NOTIC: [8] Use of undefined constant man - assumed 'man' D:\web\tpshop\App\Admin\Common\AdminController.class.php 第 27 行.
SQL: SELECT role.role_auth_ac FROM sp_manager man INNER JOIN sp_role as role on man.role_id = role.role_id  WHERE `mg_id` = '502' LIMIT 1   [ RunTime:0.0002s ]
NOTIC: [8] Use of undefined constant admin - assumed 'admin' D:\web\tpshop\App\Admin\Common\AdminController.class.php 第 34 行.
SQL: SHOW COLUMNS FROM `sp_attribute` [ RunTime:0.0096s ]
SQL: SELECT attr.*,type.type_name FROM sp_attribute attr INNER JOIN sp_type as type on attr.type_id=type.type_id  WHERE `flag` = 0 AND type.type_id = '6'  [ RunTime:0.0003s ]

[ 2017-06-03T20:18:14+08:00 ] 127.0.0.1 /index.php/Admin/Goods/tianjia
INFO: [ app_init ] --START--
INFO: Run Behavior\BuildLiteBehavior [ RunTime:0.000012s ]
INFO: [ app_init ] --END-- [ RunTime:0.000462s ]

[ 2017-06-03T20:18:17+08:00 ] 127.0.0.1 /index.php/Admin/Goods/showlist
INFO: [ app_init ] --START--
INFO: Run Behavior\BuildLiteBehavior [ RunTime:0.000006s ]
INFO: [ app_init ] --END-- [ RunTime:0.000338s ]

[ 2017-06-03T20:21:08+08:00 ] 127.0.0.1 /index.php/Admin/Goods/showlist
INFO: [ app_init ] --START--
INFO: Run Behavior\BuildLiteBehavior [ RunTime:0.000007s ]
INFO: [ app_init ] --END-- [ RunTime:0.000323s ]

[ 2017-06-03T20:21:11+08:00 ] 127.0.0.1 /index.php/Admin/Goods/tianjia.html
INFO: [ app_init ] --START--
INFO: Run Behavior\BuildLiteBehavior [ RunTime:0.000007s ]
INFO: [ app_init ] --END-- [ RunTime:0.000252s ]

[ 2017-06-03T20:21:11+08:00 ] 127.0.0.1 /index.php/Admin/Goods/tb.gif
INFO: [ app_init ] --START--
INFO: Run Behavior\BuildLiteBehavior [ RunTime:0.000012s ]
INFO: [ app_init ] --END-- [ RunTime:0.001423s ]

[ 2017-06-03T20:21:49+08:00 ] 127.0.0.1 /index.php/Admin/Attribute/getAttrByTypeInfo
INFO: [ app_init ] --START--
INFO: Run Behavior\BuildLiteBehavior [ RunTime:0.000007s ]
INFO: [ app_init ] --END-- [ RunTime:0.000275s ]
INFO: [ app_begin ] --START--
INFO: Run Behavior\ReadHtmlCacheBehavior [ RunTime:0.000324s ]
INFO: [ app_begin ] --END-- [ RunTime:0.000353s ]
SQL: SHOW COLUMNS FROM `sp_manager` [ RunTime:0.0244s ]
NOTIC: [8] Use of undefined constant man - assumed 'man' D:\web\tpshop\App\Admin\Common\AdminController.class.php 第 27 行.
SQL: SELECT role.role_auth_ac FROM sp_manager man INNER JOIN sp_role as role on man.role_id = role.role_id  WHERE `mg_id` = '502' LIMIT 1   [ RunTime:0.0004s ]
NOTIC: [8] Use of undefined constant admin - assumed 'admin' D:\web\tpshop\App\Admin\Common\AdminController.class.php 第 34 行.
SQL: SHOW COLUMNS FROM `sp_attribute` [ RunTime:0.0083s ]
SQL: SELECT attr.*,type.type_name FROM sp_attribute attr INNER JOIN sp_type as type on attr.type_id=type.type_id  WHERE `flag` = 0 AND type.type_id = '6'  [ RunTime:0.0003s ]

[ 2017-06-03T20:22:12+08:00 ] 127.0.0.1 /index.php/Admin/Goods/tianjia.html
INFO: [ app_init ] --START--
INFO: Run Behavior\BuildLiteBehavior [ RunTime:0.000008s ]
INFO: [ app_init ] --END-- [ RunTime:0.000352s ]

[ 2017-06-03T20:23:12+08:00 ] 127.0.0.1 /index.php/Admin/Goods/tianjia.html
INFO: [ app_init ] --START--
INFO: Run Behavior\BuildLiteBehavior [ RunTime:0.000007s ]
INFO: [ app_init ] --END-- [ RunTime:0.000308s ]
ERR: 1062:Duplicate entry '商品关联测试3' for key 'goods_name'
 [ SQL语句 ] : INSERT INTO `sp_goods` (`goods_name`,`goods_price`,`goods_number`,`goods_weight`,`goods_introduce`,`type_id`,`add_time`,`upd_time`) VALUES ('商品关联测试3','111','11','1','商品关联测试4','6','1496492592','1496492592')

[ 2017-06-03T20:23:16+08:00 ] 127.0.0.1 /index.php/Admin/Goods/tianjia.html
INFO: [ app_init ] --START--
INFO: Run Behavior\BuildLiteBehavior [ RunTime:0.000007s ]
INFO: [ app_init ] --END-- [ RunTime:0.000281s ]

[ 2017-06-03T20:23:23+08:00 ] 127.0.0.1 /index.php/Admin/Attribute/getAttrByTypeInfo
INFO: [ app_init ] --START--
INFO: Run Behavior\BuildLiteBehavior [ RunTime:0.000007s ]
INFO: [ app_init ] --END-- [ RunTime:0.000302s ]
INFO: [ app_begin ] --START--
INFO: Run Behavior\ReadHtmlCacheBehavior [ RunTime:0.000312s ]
INFO: [ app_begin ] --END-- [ RunTime:0.000335s ]
SQL: SHOW COLUMNS FROM `sp_manager` [ RunTime:0.0220s ]
NOTIC: [8] Use of undefined constant man - assumed 'man' D:\web\tpshop\App\Admin\Common\AdminController.class.php 第 27 行.
SQL: SELECT role.role_auth_ac FROM sp_manager man INNER JOIN sp_role as role on man.role_id = role.role_id  WHERE `mg_id` = '502' LIMIT 1   [ RunTime:0.0003s ]
NOTIC: [8] Use of undefined constant admin - assumed 'admin' D:\web\tpshop\App\Admin\Common\AdminController.class.php 第 34 行.
SQL: SHOW COLUMNS FROM `sp_attribute` [ RunTime:0.0087s ]
SQL: SELECT attr.*,type.type_name FROM sp_attribute attr INNER JOIN sp_type as type on attr.type_id=type.type_id  WHERE `flag` = 0 AND type.type_id = '7'  [ RunTime:0.0003s ]

[ 2017-06-03T20:23:24+08:00 ] 127.0.0.1 /index.php/Admin/Attribute/getAttrByTypeInfo
INFO: [ app_init ] --START--
INFO: Run Behavior\BuildLiteBehavior [ RunTime:0.000007s ]
INFO: [ app_init ] --END-- [ RunTime:0.000255s ]
INFO: [ app_begin ] --START--
INFO: Run Behavior\ReadHtmlCacheBehavior [ RunTime:0.000378s ]
INFO: [ app_begin ] --END-- [ RunTime:0.000406s ]
SQL: SHOW COLUMNS FROM `sp_manager` [ RunTime:0.0116s ]
NOTIC: [8] Use of undefined constant man - assumed 'man' D:\web\tpshop\App\Admin\Common\AdminController.class.php 第 27 行.
SQL: SELECT role.role_auth_ac FROM sp_manager man INNER JOIN sp_role as role on man.role_id = role.role_id  WHERE `mg_id` = '502' LIMIT 1   [ RunTime:0.0003s ]
NOTIC: [8] Use of undefined constant admin - assumed 'admin' D:\web\tpshop\App\Admin\Common\AdminController.class.php 第 34 行.
SQL: SHOW COLUMNS FROM `sp_attribute` [ RunTime:0.0088s ]
SQL: SELECT attr.*,type.type_name FROM sp_attribute attr INNER JOIN sp_type as type on attr.type_id=type.type_id  WHERE `flag` = 0 AND type.type_id = '6'  [ RunTime:0.0004s ]

[ 2017-06-03T20:23:52+08:00 ] 127.0.0.1 /index.php/Admin/Goods/tianjia.html
INFO: [ app_init ] --START--
INFO: Run Behavior\BuildLiteBehavior [ RunTime:0.000006s ]
INFO: [ app_init ] --END-- [ RunTime:0.000252s ]

[ 2017-06-03T20:25:17+08:00 ] 127.0.0.1 /index.php/Admin/Goods/tianjia.html
INFO: [ app_init ] --START--
INFO: Run Behavior\BuildLiteBehavior [ RunTime:0.000006s ]
INFO: [ app_init ] --END-- [ RunTime:0.000328s ]
ERR: 1062:Duplicate entry '商品关联测试4' for key 'goods_name'
 [ SQL语句 ] : INSERT INTO `sp_goods` (`goods_name`,`goods_price`,`goods_number`,`goods_weight`,`goods_introduce`,`type_id`,`add_time`,`upd_time`) VALUES ('商品关联测试4','111','11','1','商品关联测试4','6','1496492717','1496492717')

[ 2017-06-03T20:25:20+08:00 ] 127.0.0.1 /index.php/Admin/Goods/tianjia.html
INFO: [ app_init ] --START--
INFO: Run Behavior\BuildLiteBehavior [ RunTime:0.000008s ]
INFO: [ app_init ] --END-- [ RunTime:0.000338s ]

[ 2017-06-03T20:25:29+08:00 ] 127.0.0.1 /index.php/Admin/Attribute/getAttrByTypeInfo
INFO: [ app_init ] --START--
INFO: Run Behavior\BuildLiteBehavior [ RunTime:0.000013s ]
INFO: [ app_init ] --END-- [ RunTime:0.000529s ]
INFO: [ app_begin ] --START--
INFO: Run Behavior\ReadHtmlCacheBehavior [ RunTime:0.000401s ]
INFO: [ app_begin ] --END-- [ RunTime:0.000437s ]
SQL: SHOW COLUMNS FROM `sp_manager` [ RunTime:0.0237s ]
NOTIC: [8] Use of undefined constant man - assumed 'man' D:\web\tpshop\App\Admin\Common\AdminController.class.php 第 27 行.
SQL: SELECT role.role_auth_ac FROM sp_manager man INNER JOIN sp_role as role on man.role_id = role.role_id  WHERE `mg_id` = '502' LIMIT 1   [ RunTime:0.0003s ]
NOTIC: [8] Use of undefined constant admin - assumed 'admin' D:\web\tpshop\App\Admin\Common\AdminController.class.php 第 34 行.
SQL: SHOW COLUMNS FROM `sp_attribute` [ RunTime:0.0090s ]
SQL: SELECT attr.*,type.type_name FROM sp_attribute attr INNER JOIN sp_type as type on attr.type_id=type.type_id  WHERE `flag` = 0 AND type.type_id = '8'  [ RunTime:0.0004s ]

[ 2017-06-03T20:25:31+08:00 ] 127.0.0.1 /index.php/Admin/Attribute/getAttrByTypeInfo
INFO: [ app_init ] --START--
INFO: Run Behavior\BuildLiteBehavior [ RunTime:0.000017s ]
INFO: [ app_init ] --END-- [ RunTime:0.000534s ]
INFO: [ app_begin ] --START--
INFO: Run Behavior\ReadHtmlCacheBehavior [ RunTime:0.000840s ]
INFO: [ app_begin ] --END-- [ RunTime:0.000920s ]
SQL: SHOW COLUMNS FROM `sp_manager` [ RunTime:0.0101s ]
NOTIC: [8] Use of undefined constant man - assumed 'man' D:\web\tpshop\App\Admin\Common\AdminController.class.php 第 27 行.
SQL: SELECT role.role_auth_ac FROM sp_manager man INNER JOIN sp_role as role on man.role_id = role.role_id  WHERE `mg_id` = '502' LIMIT 1   [ RunTime:0.0002s ]
NOTIC: [8] Use of undefined constant admin - assumed 'admin' D:\web\tpshop\App\Admin\Common\AdminController.class.php 第 34 行.
SQL: SHOW COLUMNS FROM `sp_attribute` [ RunTime:0.0081s ]
SQL: SELECT attr.*,type.type_name FROM sp_attribute attr INNER JOIN sp_type as type on attr.type_id=type.type_id  WHERE `flag` = 0  [ RunTime:0.0003s ]

[ 2017-06-03T20:25:32+08:00 ] 127.0.0.1 /index.php/Admin/Attribute/getAttrByTypeInfo
INFO: [ app_init ] --START--
INFO: Run Behavior\BuildLiteBehavior [ RunTime:0.000007s ]
INFO: [ app_init ] --END-- [ RunTime:0.000255s ]
INFO: [ app_begin ] --START--
INFO: Run Behavior\ReadHtmlCacheBehavior [ RunTime:0.000323s ]
INFO: [ app_begin ] --END-- [ RunTime:0.000350s ]
SQL: SHOW COLUMNS FROM `sp_manager` [ RunTime:0.0099s ]
NOTIC: [8] Use of undefined constant man - assumed 'man' D:\web\tpshop\App\Admin\Common\AdminController.class.php 第 27 行.
SQL: SELECT role.role_auth_ac FROM sp_manager man INNER JOIN sp_role as role on man.role_id = role.role_id  WHERE `mg_id` = '502' LIMIT 1   [ RunTime:0.0003s ]
NOTIC: [8] Use of undefined constant admin - assumed 'admin' D:\web\tpshop\App\Admin\Common\AdminController.class.php 第 34 行.
SQL: SHOW COLUMNS FROM `sp_attribute` [ RunTime:0.0074s ]
SQL: SELECT attr.*,type.type_name FROM sp_attribute attr INNER JOIN sp_type as type on attr.type_id=type.type_id  WHERE `flag` = 0 AND type.type_id = '6'  [ RunTime:0.0004s ]

[ 2017-06-03T20:25:53+08:00 ] 127.0.0.1 /index.php/Admin/Goods/tianjia.html
INFO: [ app_init ] --START--
INFO: Run Behavior\BuildLiteBehavior [ RunTime:0.000006s ]
INFO: [ app_init ] --END-- [ RunTime:0.000262s ]

[ 2017-06-03T20:43:50+08:00 ] 127.0.0.1 /index.php/Admin/Goods/tianjia.html
INFO: [ app_init ] --START--
INFO: Run Behavior\BuildLiteBehavior [ RunTime:0.000007s ]
INFO: [ app_init ] --END-- [ RunTime:0.000327s ]
ERR: 1062:Duplicate entry '商品关联测试5' for key 'goods_name'
 [ SQL语句 ] : INSERT INTO `sp_goods` (`goods_name`,`goods_price`,`goods_number`,`goods_weight`,`goods_introduce`,`type_id`,`goods_big_logo`,`goods_small_logo`,`add_time`,`upd_time`) VALUES ('商品关联测试5','111','11','1','商品关联测试4','6','/Public/upload/logo/2017-06-03/5932af0679998.png','/Public/upload/logo/2017-06-03/small_5932af0679998.png','1496493830','1496493830')

[ 2017-06-03T20:43:53+08:00 ] 127.0.0.1 /index.php/Admin/Goods/tianjia.html
INFO: [ app_init ] --START--
INFO: Run Behavior\BuildLiteBehavior [ RunTime:0.000006s ]
INFO: [ app_init ] --END-- [ RunTime:0.000259s ]

[ 2017-06-03T20:43:56+08:00 ] 127.0.0.1 /index.php/Admin/Goods/showlist
INFO: [ app_init ] --START--
INFO: Run Behavior\BuildLiteBehavior [ RunTime:0.000006s ]
INFO: [ app_init ] --END-- [ RunTime:0.000253s ]

[ 2017-06-03T20:44:00+08:00 ] 127.0.0.1 /index.php/Admin/Goods/tianjia.html
INFO: [ app_init ] --START--
INFO: Run Behavior\BuildLiteBehavior [ RunTime:0.000006s ]
INFO: [ app_init ] --END-- [ RunTime:0.000250s ]

[ 2017-06-03T20:44:00+08:00 ] 127.0.0.1 /index.php/Admin/Goods/tb.gif
INFO: [ app_init ] --START--
INFO: Run Behavior\BuildLiteBehavior [ RunTime:0.000011s ]
INFO: [ app_init ] --END-- [ RunTime:0.000442s ]

[ 2017-06-03T20:44:36+08:00 ] 127.0.0.1 /index.php/Admin/Attribute/getAttrByTypeInfo
INFO: [ app_init ] --START--
INFO: Run Behavior\BuildLiteBehavior [ RunTime:0.000008s ]
INFO: [ app_init ] --END-- [ RunTime:0.000354s ]
INFO: [ app_begin ] --START--
INFO: Run Behavior\ReadHtmlCacheBehavior [ RunTime:0.000462s ]
INFO: [ app_begin ] --END-- [ RunTime:0.000499s ]
SQL: SHOW COLUMNS FROM `sp_manager` [ RunTime:0.0190s ]
NOTIC: [8] Use of undefined constant man - assumed 'man' D:\web\tpshop\App\Admin\Common\AdminController.class.php 第 27 行.
SQL: SELECT role.role_auth_ac FROM sp_manager man INNER JOIN sp_role as role on man.role_id = role.role_id  WHERE `mg_id` = '502' LIMIT 1   [ RunTime:0.0003s ]
NOTIC: [8] Use of undefined constant admin - assumed 'admin' D:\web\tpshop\App\Admin\Common\AdminController.class.php 第 34 行.
SQL: SHOW COLUMNS FROM `sp_attribute` [ RunTime:0.0112s ]
SQL: SELECT attr.*,type.type_name FROM sp_attribute attr INNER JOIN sp_type as type on attr.type_id=type.type_id  WHERE `flag` = 0 AND type.type_id = '7'  [ RunTime:0.0003s ]

[ 2017-06-03T20:44:37+08:00 ] 127.0.0.1 /index.php/Admin/Attribute/getAttrByTypeInfo
INFO: [ app_init ] --START--
INFO: Run Behavior\BuildLiteBehavior [ RunTime:0.000011s ]
INFO: [ app_init ] --END-- [ RunTime:0.000571s ]
INFO: [ app_begin ] --START--
INFO: Run Behavior\ReadHtmlCacheBehavior [ RunTime:0.000344s ]
INFO: [ app_begin ] --END-- [ RunTime:0.000371s ]
SQL: SHOW COLUMNS FROM `sp_manager` [ RunTime:0.0100s ]
NOTIC: [8] Use of undefined constant man - assumed 'man' D:\web\tpshop\App\Admin\Common\AdminController.class.php 第 27 行.
SQL: SELECT role.role_auth_ac FROM sp_manager man INNER JOIN sp_role as role on man.role_id = role.role_id  WHERE `mg_id` = '502' LIMIT 1   [ RunTime:0.0002s ]
NOTIC: [8] Use of undefined constant admin - assumed 'admin' D:\web\tpshop\App\Admin\Common\AdminController.class.php 第 34 行.
SQL: SHOW COLUMNS FROM `sp_attribute` [ RunTime:0.0075s ]
SQL: SELECT attr.*,type.type_name FROM sp_attribute attr INNER JOIN sp_type as type on attr.type_id=type.type_id  WHERE `flag` = 0 AND type.type_id = '6'  [ RunTime:0.0003s ]

[ 2017-06-03T20:44:55+08:00 ] 127.0.0.1 /index.php/Admin/Goods/tianjia.html
INFO: [ app_init ] --START--
INFO: Run Behavior\BuildLiteBehavior [ RunTime:0.000020s ]
INFO: [ app_init ] --END-- [ RunTime:0.000382s ]

[ 2017-06-03T20:44:58+08:00 ] 127.0.0.1 /index.php/Admin/Goods/showlist
INFO: [ app_init ] --START--
INFO: Run Behavior\BuildLiteBehavior [ RunTime:0.000007s ]
INFO: [ app_init ] --END-- [ RunTime:0.000322s ]

[ 2017-06-03T20:46:33+08:00 ] 127.0.0.1 /index.php/Admin/Goods/tianjia.html
INFO: [ app_init ] --START--
INFO: Run Behavior\BuildLiteBehavior [ RunTime:0.000006s ]
INFO: [ app_init ] --END-- [ RunTime:0.000259s ]

[ 2017-06-03T20:46:33+08:00 ] 127.0.0.1 /index.php/Admin/Goods/tb.gif
INFO: [ app_init ] --START--
INFO: Run Behavior\BuildLiteBehavior [ RunTime:0.000016s ]
INFO: [ app_init ] --END-- [ RunTime:0.000542s ]

[ 2017-06-03T20:46:58+08:00 ] 127.0.0.1 /index.php/Admin/Attribute/getAttrByTypeInfo
INFO: [ app_init ] --START--
INFO: Run Behavior\BuildLiteBehavior [ RunTime:0.000012s ]
INFO: [ app_init ] --END-- [ RunTime:0.000524s ]
INFO: [ app_begin ] --START--
INFO: Run Behavior\ReadHtmlCacheBehavior [ RunTime:0.001326s ]
INFO: [ app_begin ] --END-- [ RunTime:0.001440s ]
SQL: SHOW COLUMNS FROM `sp_manager` [ RunTime:0.0178s ]
NOTIC: [8] Use of undefined constant man - assumed 'man' D:\web\tpshop\App\Admin\Common\AdminController.class.php 第 27 行.
SQL: SELECT role.role_auth_ac FROM sp_manager man INNER JOIN sp_role as role on man.role_id = role.role_id  WHERE `mg_id` = '502' LIMIT 1   [ RunTime:0.0003s ]
NOTIC: [8] Use of undefined constant admin - assumed 'admin' D:\web\tpshop\App\Admin\Common\AdminController.class.php 第 34 行.
SQL: SHOW COLUMNS FROM `sp_attribute` [ RunTime:0.0088s ]
SQL: SELECT attr.*,type.type_name FROM sp_attribute attr INNER JOIN sp_type as type on attr.type_id=type.type_id  WHERE `flag` = 0 AND type.type_id = '6'  [ RunTime:0.0004s ]

[ 2017-06-03T20:47:17+08:00 ] 127.0.0.1 /index.php/Admin/Goods/tianjia.html
INFO: [ app_init ] --START--
INFO: Run Behavior\BuildLiteBehavior [ RunTime:0.000008s ]
INFO: [ app_init ] --END-- [ RunTime:0.000395s ]

[ 2017-06-03T20:47:20+08:00 ] 127.0.0.1 /index.php/Admin/Goods/showlist
INFO: [ app_init ] --START--
INFO: Run Behavior\BuildLiteBehavior [ RunTime:0.000007s ]
INFO: [ app_init ] --END-- [ RunTime:0.000320s ]

[ 2017-06-03T21:10:45+08:00 ] 127.0.0.1 /index.php/Admin/Goods/showlist
INFO: [ app_init ] --START--
INFO: Run Behavior\BuildLiteBehavior [ RunTime:0.000007s ]
INFO: [ app_init ] --END-- [ RunTime:0.000272s ]

