[ 2017-08-07T06:51:18+08:00 ] 127.0.0.1 /index.php/WeChat/wechatApi/testOauth
INFO: [ app_init ] --START--
INFO: Run Behavior\BuildLiteBehavior [ RunTime:0.000033s ]
INFO: [ app_init ] --END-- [ RunTime:0.000911s ]
ERR: Call to undefined function WeChat\Controller\sendMessage()

[ 2017-08-07T06:52:25+08:00 ] 127.0.0.1 /index.php/WeChat/wechatApi/testOauth
INFO: [ app_init ] --START--
INFO: Run Behavior\BuildLiteBehavior [ RunTime:0.000022s ]
INFO: [ app_init ] --END-- [ RunTime:0.000611s ]

[ 2017-08-07T07:02:03+08:00 ] 127.0.0.1 /index.php/WeChat/wechatApi/testOauth
INFO: [ app_init ] --START--
INFO: Run Behavior\BuildLiteBehavior [ RunTime:0.000014s ]
INFO: [ app_init ] --END-- [ RunTime:0.000431s ]

[ 2017-08-07T07:02:15+08:00 ] 127.0.0.1 /index.php/WeChat/wechatApi/testOauth
INFO: [ app_init ] --START--
INFO: Run Behavior\BuildLiteBehavior [ RunTime:0.000013s ]
INFO: [ app_init ] --END-- [ RunTime:0.000296s ]

[ 2017-08-07T07:02:39+08:00 ] 127.0.0.1 /index.php/WeChat/wechatApi/testOauth
INFO: [ app_init ] --START--
INFO: Run Behavior\BuildLiteBehavior [ RunTime:0.000015s ]
INFO: [ app_init ] --END-- [ RunTime:0.000332s ]

[ 2017-08-07T07:03:35+08:00 ] 127.0.0.1 /index.php/WeChat/wechatApi/testOauth
INFO: [ app_init ] --START--
INFO: Run Behavior\BuildLiteBehavior [ RunTime:0.000018s ]
INFO: [ app_init ] --END-- [ RunTime:0.000339s ]

[ 2017-08-07T07:03:39+08:00 ] 127.0.0.1 /index.php/WeChat/wechatApi/testOauth
INFO: [ app_init ] --START--
INFO: Run Behavior\BuildLiteBehavior [ RunTime:0.000019s ]
INFO: [ app_init ] --END-- [ RunTime:0.000526s ]

[ 2017-08-07T07:03:49+08:00 ] 127.0.0.1 /index.php/WeChat/wechatApi/testOauth
INFO: [ app_init ] --START--
INFO: Run Behavior\BuildLiteBehavior [ RunTime:0.000025s ]
INFO: [ app_init ] --END-- [ RunTime:0.000458s ]

[ 2017-08-07T07:03:52+08:00 ] 127.0.0.1 /index.php/WeChat/wechatApi/testOauth
INFO: [ app_init ] --START--
INFO: Run Behavior\BuildLiteBehavior [ RunTime:0.000013s ]
INFO: [ app_init ] --END-- [ RunTime:0.000316s ]

[ 2017-08-07T07:04:10+08:00 ] 127.0.0.1 /index.php/WeChat/wechatApi/testOauth
INFO: [ app_init ] --START--
INFO: Run Behavior\BuildLiteBehavior [ RunTime:0.000016s ]
INFO: [ app_init ] --END-- [ RunTime:0.000565s ]

[ 2017-08-07T07:05:13+08:00 ] 127.0.0.1 /index.php/WeChat/wechatApi/testOauth
INFO: [ app_init ] --START--
INFO: Run Behavior\BuildLiteBehavior [ RunTime:0.000016s ]
INFO: [ app_init ] --END-- [ RunTime:0.000323s ]

[ 2017-08-07T07:05:39+08:00 ] 127.0.0.1 /index.php/WeChat/wechatApi/testOauth
INFO: [ app_init ] --START--
INFO: Run Behavior\BuildLiteBehavior [ RunTime:0.000013s ]
INFO: [ app_init ] --END-- [ RunTime:0.000315s ]

[ 2017-08-07T07:06:27+08:00 ] 127.0.0.1 /index.php/WeChat/wechatApi/testOauth
INFO: [ app_init ] --START--
INFO: Run Behavior\BuildLiteBehavior [ RunTime:0.000017s ]
INFO: [ app_init ] --END-- [ RunTime:0.000419s ]

[ 2017-08-07T07:08:12+08:00 ] 127.0.0.1 /index.php/WeChat/wechatApi/testOauth
INFO: [ app_init ] --START--
INFO: Run Behavior\BuildLiteBehavior [ RunTime:0.000016s ]
INFO: [ app_init ] --END-- [ RunTime:0.000502s ]

[ 2017-08-07T07:13:52+08:00 ] 127.0.0.1 /index.php/WeChat/wechatApi/testOauth
INFO: [ app_init ] --START--
INFO: Run Behavior\BuildLiteBehavior [ RunTime:0.000014s ]
INFO: [ app_init ] --END-- [ RunTime:0.000363s ]

[ 2017-08-07T07:14:28+08:00 ] 127.0.0.1 /index.php/WeChat/wechatApi/testOauth
INFO: [ app_init ] --START--
INFO: Run Behavior\BuildLiteBehavior [ RunTime:0.000022s ]
INFO: [ app_init ] --END-- [ RunTime:0.000620s ]

[ 2017-08-07T07:17:54+08:00 ] 127.0.0.1 /index.php/WeChat/wechatApi/wechatOauthCallback
INFO: [ app_init ] --START--
INFO: Run Behavior\BuildLiteBehavior [ RunTime:0.000016s ]
INFO: [ app_init ] --END-- [ RunTime:0.000401s ]
ERR: Think\Controller:diaplay方法不存在！

[ 2017-08-07T07:18:59+08:00 ] 127.0.0.1 /index.php/WeChat/wechatApi/wechatOauthCallback
INFO: [ app_init ] --START--
INFO: Run Behavior\BuildLiteBehavior [ RunTime:0.000015s ]
INFO: [ app_init ] --END-- [ RunTime:0.000411s ]
ERR: Think\Controller:diaplay方法不存在！

[ 2017-08-07T07:19:02+08:00 ] 127.0.0.1 /index.php/WeChat/wechatApi/wechatOauthCallback
INFO: [ app_init ] --START--
INFO: Run Behavior\BuildLiteBehavior [ RunTime:0.000013s ]
INFO: [ app_init ] --END-- [ RunTime:0.000328s ]
ERR: Think\Controller:diaplay方法不存在！

[ 2017-08-07T07:19:12+08:00 ] 127.0.0.1 /index.php/WeChat/wechatApi/wechatOauthCallback
INFO: [ app_init ] --START--
INFO: Run Behavior\BuildLiteBehavior [ RunTime:0.000013s ]
INFO: [ app_init ] --END-- [ RunTime:0.000326s ]

[ 2017-08-07T07:20:13+08:00 ] 127.0.0.1 /index.php/WeChat/wechatApi/testOauth
INFO: [ app_init ] --START--
INFO: Run Behavior\BuildLiteBehavior [ RunTime:0.000015s ]
INFO: [ app_init ] --END-- [ RunTime:0.000386s ]

[ 2017-08-07T07:20:21+08:00 ] 127.0.0.1 /index.php/WeChat/wechatApi/testOauth
INFO: [ app_init ] --START--
INFO: Run Behavior\BuildLiteBehavior [ RunTime:0.000015s ]
INFO: [ app_init ] --END-- [ RunTime:0.000325s ]

[ 2017-08-07T07:20:38+08:00 ] 127.0.0.1 /index.php/WeChat/wechatApi/testOauth
INFO: [ app_init ] --START--
INFO: Run Behavior\BuildLiteBehavior [ RunTime:0.000014s ]
INFO: [ app_init ] --END-- [ RunTime:0.000335s ]

[ 2017-08-07T07:36:33+08:00 ] 127.0.0.1 /index.php/WeChat/wechatApi/testOauth
INFO: [ app_init ] --START--
INFO: Run Behavior\BuildLiteBehavior [ RunTime:0.000024s ]
INFO: [ app_init ] --END-- [ RunTime:0.000757s ]

[ 2017-08-07T07:36:42+08:00 ] 127.0.0.1 /index.php/WeChat/wechatApi/testOauth
INFO: [ app_init ] --START--
INFO: Run Behavior\BuildLiteBehavior [ RunTime:0.000021s ]
INFO: [ app_init ] --END-- [ RunTime:0.000567s ]

[ 2017-08-07T09:55:25+08:00 ] 127.0.0.1 /index.php/WeChat/wechatApi/testOauth
INFO: [ app_init ] --START--
INFO: Run Behavior\BuildLiteBehavior [ RunTime:0.000029s ]
INFO: [ app_init ] --END-- [ RunTime:0.001660s ]

[ 2017-08-07T09:55:35+08:00 ] 127.0.0.1 /index.php/WeChat/wechatApi/testOauth
INFO: [ app_init ] --START--
INFO: Run Behavior\BuildLiteBehavior [ RunTime:0.000015s ]
INFO: [ app_init ] --END-- [ RunTime:0.000303s ]

[ 2017-08-07T09:55:38+08:00 ] 127.0.0.1 /index.php/WeChat/wechatApi/testOauth
INFO: [ app_init ] --START--
INFO: Run Behavior\BuildLiteBehavior [ RunTime:0.000032s ]
INFO: [ app_init ] --END-- [ RunTime:0.000605s ]

[ 2017-08-07T09:56:00+08:00 ] 127.0.0.1 /index.php/WeChat/wechatApi/testOauth
INFO: [ app_init ] --START--
INFO: Run Behavior\BuildLiteBehavior [ RunTime:0.000014s ]
INFO: [ app_init ] --END-- [ RunTime:0.000372s ]
ERR: syntax error, unexpected 'var_dump' (T_STRING)

[ 2017-08-07T09:56:16+08:00 ] 127.0.0.1 /index.php/WeChat/wechatApi/testOauth
INFO: [ app_init ] --START--
INFO: Run Behavior\BuildLiteBehavior [ RunTime:0.000012s ]
INFO: [ app_init ] --END-- [ RunTime:0.000309s ]

[ 2017-08-07T09:56:21+08:00 ] 127.0.0.1 /index.php/WeChat/wechatApi/testOauth
INFO: [ app_init ] --START--
INFO: Run Behavior\BuildLiteBehavior [ RunTime:0.000037s ]
INFO: [ app_init ] --END-- [ RunTime:0.000672s ]

[ 2017-08-07T09:57:03+08:00 ] 127.0.0.1 /index.php/WeChat/wechatApi/testOauth
INFO: [ app_init ] --START--
INFO: Run Behavior\BuildLiteBehavior [ RunTime:0.000013s ]
INFO: [ app_init ] --END-- [ RunTime:0.000287s ]

[ 2017-08-07T09:57:28+08:00 ] 127.0.0.1 /index.php/WeChat/wechatApi/testOauth
INFO: [ app_init ] --START--
INFO: Run Behavior\BuildLiteBehavior [ RunTime:0.000069s ]
INFO: [ app_init ] --END-- [ RunTime:0.000839s ]

[ 2017-08-07T10:01:52+08:00 ] 127.0.0.1 /index.php/WeChat/wechatApi/testOauth
INFO: [ app_init ] --START--
INFO: Run Behavior\BuildLiteBehavior [ RunTime:0.000025s ]
INFO: [ app_init ] --END-- [ RunTime:0.001183s ]

[ 2017-08-07T10:02:05+08:00 ] 127.0.0.1 /index.php/WeChat/wechatApi/testOauth
INFO: [ app_init ] --START--
INFO: Run Behavior\BuildLiteBehavior [ RunTime:0.000018s ]
INFO: [ app_init ] --END-- [ RunTime:0.000416s ]

[ 2017-08-07T10:05:17+08:00 ] 127.0.0.1 /index.php/WeChat/wechatApi/testOauth
INFO: [ app_init ] --START--
INFO: Run Behavior\BuildLiteBehavior [ RunTime:0.000014s ]
INFO: [ app_init ] --END-- [ RunTime:0.000400s ]

[ 2017-08-07T10:05:42+08:00 ] 127.0.0.1 /index.php/WeChat/wechatApi/testOauth
INFO: [ app_init ] --START--
INFO: Run Behavior\BuildLiteBehavior [ RunTime:0.000023s ]
INFO: [ app_init ] --END-- [ RunTime:0.000494s ]

[ 2017-08-07T10:09:52+08:00 ] 127.0.0.1 /index.php/WeChat/wechatApi/testOauth
INFO: [ app_init ] --START--
INFO: Run Behavior\BuildLiteBehavior [ RunTime:0.000026s ]
INFO: [ app_init ] --END-- [ RunTime:0.000685s ]

[ 2017-08-07T10:10:28+08:00 ] 127.0.0.1 /index.php/WeChat/wechatApi/testOauth
INFO: [ app_init ] --START--
INFO: Run Behavior\BuildLiteBehavior [ RunTime:0.000025s ]
INFO: [ app_init ] --END-- [ RunTime:0.000950s ]

[ 2017-08-07T10:12:11+08:00 ] 127.0.0.1 /index.php/WeChat/wechatApi/testOauth
INFO: [ app_init ] --START--
INFO: Run Behavior\BuildLiteBehavior [ RunTime:0.000013s ]
INFO: [ app_init ] --END-- [ RunTime:0.000353s ]

[ 2017-08-07T10:12:14+08:00 ] 127.0.0.1 /index.php/WeChat/wechatApi/testOauth
INFO: [ app_init ] --START--
INFO: Run Behavior\BuildLiteBehavior [ RunTime:0.000013s ]
INFO: [ app_init ] --END-- [ RunTime:0.000293s ]

[ 2017-08-07T10:12:45+08:00 ] 127.0.0.1 /index.php/WeChat/wechatApi/testOauth
INFO: [ app_init ] --START--
INFO: Run Behavior\BuildLiteBehavior [ RunTime:0.000023s ]
INFO: [ app_init ] --END-- [ RunTime:0.000462s ]

[ 2017-08-07T10:14:46+08:00 ] 127.0.0.1 /index.php/WeChat/wechatApi/testOauth
INFO: [ app_init ] --START--
INFO: Run Behavior\BuildLiteBehavior [ RunTime:0.000013s ]
INFO: [ app_init ] --END-- [ RunTime:0.000364s ]

[ 2017-08-07T11:15:04+08:00 ] 127.0.0.1 /index.php/WeChat/wechatApi/testOauth
INFO: [ app_init ] --START--
INFO: Run Behavior\BuildLiteBehavior [ RunTime:0.000021s ]
INFO: [ app_init ] --END-- [ RunTime:0.001031s ]

[ 2017-08-07T11:15:21+08:00 ] 127.0.0.1 /index.php/WeChat/wechatApi/testOauth
INFO: [ app_init ] --START--
INFO: Run Behavior\BuildLiteBehavior [ RunTime:0.000017s ]
INFO: [ app_init ] --END-- [ RunTime:0.000382s ]

[ 2017-08-07T11:15:49+08:00 ] 127.0.0.1 /index.php/WeChat/wechatApi/testOauth
INFO: [ app_init ] --START--
INFO: Run Behavior\BuildLiteBehavior [ RunTime:0.000021s ]
INFO: [ app_init ] --END-- [ RunTime:0.000852s ]

[ 2017-08-07T11:26:03+08:00 ] 127.0.0.1 /index.php/WeChat/wechatApi/testOauth
INFO: [ app_init ] --START--
INFO: Run Behavior\BuildLiteBehavior [ RunTime:0.000023s ]
INFO: [ app_init ] --END-- [ RunTime:0.000650s ]

[ 2017-08-07T11:26:21+08:00 ] 127.0.0.1 /index.php/WeChat/wechatApi/testOauth
INFO: [ app_init ] --START--
INFO: Run Behavior\BuildLiteBehavior [ RunTime:0.000013s ]
INFO: [ app_init ] --END-- [ RunTime:0.000320s ]

